# vsim work.top -l run.log 
# Start time: 10:06:20 on Feb 21,2023
# ** Note: (vsim-3812) Design is being optimized...
# Loading sv_std.std
# Loading work._00top_sv_unit(fast)
# Loading work.top(fast)
# a=100,b=1,sel=1,out=0
# a=11,b=1101,sel=1,out=0
# a=101,b=10,sel=1,out=0
# a=1101,b=110,sel=1,out=0
# a=1101,b=1100,sel=1,out=0
do 00toprun.do
# ** Warning: (vlib-34) Library already exists at "work".
# QuestaSim-64 vlog 10.7c Compiler 2018.08 Aug 18 2018
# Start time: 10:07:41 on Feb 21,2023
# vlog -reportprogress 300 00top.sv 
# -- Compiling package _00top_sv_unit
# -- Compiling module top
# 
# Top level modules:
# 	top
# End time: 10:07:41 on Feb 21,2023, Elapsed time: 0:00:00
# Errors: 0, Warnings: 0
# End time: 10:07:43 on Feb 21,2023, Elapsed time: 0:01:23
# Errors: 0, Warnings: 0
# vsim work.top -l run.log 
# Start time: 10:07:43 on Feb 21,2023
# ** Note: (vsim-3813) Design is being optimized due to module recompilation...
# Loading sv_std.std
# Loading work._00top_sv_unit(fast)
# Loading work.top(fast)
# a=4,b=1,sel=1,out=0
# a=3,b=13,sel=1,out=0
# a=5,b=2,sel=1,out=0
# a=13,b=6,sel=1,out=0
# a=13,b=12,sel=1,out=0
cd {D:\Obsi\systemverilog_nitindinnu\04_control_flow}
# Cannot change directory while a simulation is in progress.
# Use the "quit -sim" command to unload the design first.
quit -sim
# End time: 11:42:21 on Feb 21,2023, Elapsed time: 1:34:38
# Errors: 1, Warnings: 0
cd {D:\Obsi\systemverilog_nitindinnu\04_control_flow}
do 06_namedblock.do
# ** Warning: (vlib-34) Library already exists at "work".
# QuestaSim-64 vlog 10.7c Compiler 2018.08 Aug 18 2018
# Start time: 11:42:32 on Feb 21,2023
# vlog -reportprogress 300 06_named_blocks_and_stmnt_labels.sv 
# -- Compiling module named_blocks_and_statement_labels
# 
# Top level modules:
# 	named_blocks_and_statement_labels
# End time: 11:42:32 on Feb 21,2023, Elapsed time: 0:00:00
# Errors: 0, Warnings: 0
# vsim work.named_blocks_and_statement_labels -l run.log 
# Start time: 11:42:33 on Feb 21,2023
# ** Note: (vsim-3812) Design is being optimized...
# ** Warning: 06_named_blocks_and_stmnt_labels.sv(16): (vopt-2250) Function "localfunc" has no return value assignment.
# Loading sv_std.std
# Loading work.named_blocks_and_statement_labels(fast)
# inside initial block A
# inside initial block B
cd {D:\Obsi\systemverilog_nitindinnu\06_process_and_process_control}
# Cannot change directory while a simulation is in progress.
# Use the "quit -sim" command to unload the design first.
quit -sim
# End time: 13:25:42 on Feb 21,2023, Elapsed time: 1:43:09
# Errors: 1, Warnings: 1
cd {D:\Obsi\systemverilog_nitindinnu\06_process_and_process_control}
cd {D:\Obsi\systemverilog_nitindinnu\06_process_and_process_control\00processes}
do 01_fork_join.do
# QuestaSim-64 vlog 10.7c Compiler 2018.08 Aug 18 2018
# Start time: 13:26:13 on Feb 21,2023
# vlog -reportprogress 300 01_fork_join.sv 
# -- Compiling module fork_joinn_01
# 
# Top level modules:
# 	fork_joinn_01
# End time: 13:26:13 on Feb 21,2023, Elapsed time: 0:00:00
# Errors: 0, Warnings: 0
# vsim work.fork_joinn_01 -l run.log 
# Start time: 13:26:14 on Feb 21,2023
# ** Note: (vsim-3812) Design is being optimized...
# Loading sv_std.std
# Loading work.fork_joinn_01(fast)
# stmnt 1 starts at 0
# stmnt 2 starts at 2
# stmnt 5 starts at 2
# stmnt 3 starts at 4
# stmnt 4 starts at 8
# stmnt 6 starts at 8
do 01_fork_join.do
# ** Warning: (vlib-34) Library already exists at "work".
# QuestaSim-64 vlog 10.7c Compiler 2018.08 Aug 18 2018
# Start time: 13:27:40 on Feb 21,2023
# vlog -reportprogress 300 01_fork_join.sv 
# -- Compiling module fork_joinn_01
# 
# Top level modules:
# 	fork_joinn_01
# End time: 13:27:40 on Feb 21,2023, Elapsed time: 0:00:00
# Errors: 0, Warnings: 0
# End time: 13:27:41 on Feb 21,2023, Elapsed time: 0:01:27
# Errors: 0, Warnings: 0
# vsim work.fork_joinn_01 -l run.log 
# Start time: 13:27:41 on Feb 21,2023
# ** Note: (vsim-3813) Design is being optimized due to module recompilation...
# Loading sv_std.std
# Loading work.fork_joinn_01(fast)
# stmnt 1 starts at 0
# stmnt 2 starts at 2
# -----entering fork join in next block--------
# stmnt 5 starts at 2
# stmnt 3 starts at 4
# stmnt 4 starts at 8
# -----exiting fork join --------
# stmnt 6 starts at 8
do 01_fork_join.do
# ** Warning: (vlib-34) Library already exists at "work".
# QuestaSim-64 vlog 10.7c Compiler 2018.08 Aug 18 2018
# Start time: 13:28:36 on Feb 21,2023
# vlog -reportprogress 300 01_fork_join.sv 
# -- Compiling module fork_joinn_01
# 
# Top level modules:
# 	fork_joinn_01
# End time: 13:28:36 on Feb 21,2023, Elapsed time: 0:00:00
# Errors: 0, Warnings: 0
# End time: 13:28:37 on Feb 21,2023, Elapsed time: 0:00:56
# Errors: 0, Warnings: 0
# vsim work.fork_joinn_01 -l run.log 
# Start time: 13:28:37 on Feb 21,2023
# ** Note: (vsim-3813) Design is being optimized due to module recompilation...
# Loading sv_std.std
# Loading work.fork_joinn_01(fast)
# stmnt 1 starts at 0
# stmnt 2 starts at 2
# -----entering fork join in next line--------
# stmnt 5 starts at 2
# stmnt 3 starts at 4
# stmnt 4 starts at 8
# -----exiting fork join from previous line--------
# stmnt 6 starts at 8
do 01_fork_join.do
# ** Warning: (vlib-34) Library already exists at "work".
# QuestaSim-64 vlog 10.7c Compiler 2018.08 Aug 18 2018
# Start time: 13:29:31 on Feb 21,2023
# vlog -reportprogress 300 01_fork_join.sv 
# -- Compiling module fork_joinn_01
# 
# Top level modules:
# 	fork_joinn_01
# End time: 13:29:31 on Feb 21,2023, Elapsed time: 0:00:00
# Errors: 0, Warnings: 0
# End time: 13:29:32 on Feb 21,2023, Elapsed time: 0:00:55
# Errors: 0, Warnings: 0
# vsim work.fork_joinn_01 -l run.log 
# Start time: 13:29:32 on Feb 21,2023
# ** Note: (vsim-3813) Design is being optimized due to module recompilation...
# Loading sv_std.std
# Loading work.fork_joinn_01(fast)
# stmnt 1 starts at 0
# stmnt 2 starts at 2
# -----entering fork join in next line--------
# p2 stmnt 5 starts at 2
# p1 stmnt 3 starts at 4
# p1 stmnt 4 starts at 8
# -----exiting fork join from previous line--------
# stmnt 6 starts at 8
do 01_fork_join.do
# ** Warning: (vlib-34) Library already exists at "work".
# QuestaSim-64 vlog 10.7c Compiler 2018.08 Aug 18 2018
# Start time: 13:30:56 on Feb 21,2023
# vlog -reportprogress 300 01_fork_join.sv 
# -- Compiling module fork_joinn_01
# 
# Top level modules:
# 	fork_joinn_01
# End time: 13:30:56 on Feb 21,2023, Elapsed time: 0:00:00
# Errors: 0, Warnings: 0
# End time: 13:30:57 on Feb 21,2023, Elapsed time: 0:01:25
# Errors: 0, Warnings: 0
# vsim work.fork_joinn_01 -l run.log 
# Start time: 13:30:57 on Feb 21,2023
# ** Note: (vsim-3813) Design is being optimized due to module recompilation...
# Loading sv_std.std
# Loading work.fork_joinn_01(fast)
# stmnt 1 starts at 0 th unit time
# stmnt 2 starts at 2 th unit time
# -----entering fork join in next line--------
# p2 stmnt 5 starts at 2 th unit time
# p1 stmnt 3 starts at 4 th unit time
# p1 stmnt 4 starts at 8 th unit time
# -----exiting fork join from previous line--------
# stmnt 6 starts at 8 th unit time
do 02_fork_join_any.do
# ** Warning: (vlib-34) Library already exists at "work".
# QuestaSim-64 vlog 10.7c Compiler 2018.08 Aug 18 2018
# Start time: 14:58:19 on Feb 21,2023
# vlog -reportprogress 300 02_fork_join_any.sv 
# -- Compiling module fork_joinn_any
# ** Error: 02_fork_join_any.sv(17): (vlog-2730) Undefined variable: 'any'.
# ** Error: (vlog-13069) 02_fork_join_any.sv(18): near "$display": syntax error, unexpected SYSTEM_IDENTIFIER.
# End time: 14:58:19 on Feb 21,2023, Elapsed time: 0:00:00
# Errors: 2, Warnings: 0
# ** Error: C:/questasim64_10.7c/win64/vlog failed.
# Error in macro ./02_fork_join_any.do line 2
# C:/questasim64_10.7c/win64/vlog failed.
#     while executing
# "vlog 02_fork_join_any.sv"
do 02_fork_join_any.do
# ** Warning: (vlib-34) Library already exists at "work".
# QuestaSim-64 vlog 10.7c Compiler 2018.08 Aug 18 2018
# Start time: 15:01:36 on Feb 21,2023
# vlog -reportprogress 300 02_fork_join_any.sv 
# -- Compiling module fork_joinn_any
# 
# Top level modules:
# 	fork_joinn_any
# End time: 15:01:36 on Feb 21,2023, Elapsed time: 0:00:00
# Errors: 0, Warnings: 0
# End time: 15:01:38 on Feb 21,2023, Elapsed time: 1:30:41
# Errors: 5, Warnings: 0
# vsim work.fork_joinn_any -l run.log 
# Start time: 15:01:38 on Feb 21,2023
# ** Note: (vsim-3812) Design is being optimized...
# Loading sv_std.std
# Loading work.fork_joinn_any(fast)
# stmnt 1 starts at 0 th unit time
# stmnt 2 starts at 2 th unit time
# -----entering fork join in next line--------
# p2 stmnt 5 starts at 2 th unit time
# -----exiting fork join from previous line--------
# stmnt 6 starts at 2 th unit time
# p1 stmnt 3 starts at 4 th unit time
# p1 stmnt 4 starts at 8 th unit time
do 02_fork_join_any.do
# ** Warning: (vlib-34) Library already exists at "work".
# QuestaSim-64 vlog 10.7c Compiler 2018.08 Aug 18 2018
# Start time: 15:02:41 on Feb 21,2023
# vlog -reportprogress 300 02_fork_join_any.sv 
# -- Compiling module fork_joinn_any
# 
# Top level modules:
# 	fork_joinn_any
# End time: 15:02:41 on Feb 21,2023, Elapsed time: 0:00:00
# Errors: 0, Warnings: 0
# End time: 15:02:43 on Feb 21,2023, Elapsed time: 0:01:05
# Errors: 0, Warnings: 0
# vsim work.fork_joinn_any -l run.log 
# Start time: 15:02:43 on Feb 21,2023
# ** Note: (vsim-3813) Design is being optimized due to module recompilation...
# Loading sv_std.std
# Loading work.fork_joinn_any(fast)
# stmnt 1 starts at 0 th unit time
# stmnt 2 starts at 2 th unit time
# -----entering fork join_any in next line--------
# p2 stmnt 5 starts at 2 th unit time
# -----exiting fork join_any from previous line--------
# stmnt 6 starts at 2 th unit time
# p1 stmnt 3 starts at 4 th unit time
# p1 stmnt 4 starts at 8 th unit time
03_fork_join_none.do
# couldn't execute ".\03_fork_join_none.do": no such file or directory
do 03_fork_join_none.do
# ** Warning: (vlib-34) Library already exists at "work".
# QuestaSim-64 vlog 10.7c Compiler 2018.08 Aug 18 2018
# Start time: 15:10:18 on Feb 21,2023
# vlog -reportprogress 300 03_fork_join_none.sv 
# -- Compiling module fork_joinn_none01
# 
# Top level modules:
# 	fork_joinn_none01
# End time: 15:10:18 on Feb 21,2023, Elapsed time: 0:00:00
# Errors: 0, Warnings: 0
# End time: 15:10:19 on Feb 21,2023, Elapsed time: 0:07:36
# Errors: 1, Warnings: 0
# vsim work.fork_joinn_none01 -l run.log 
# Start time: 15:10:19 on Feb 21,2023
# ** Note: (vsim-3812) Design is being optimized...
# Loading sv_std.std
# Loading work.fork_joinn_none01(fast)
# stmnt 1 starts at 0 th unit time
# stmnt 2 starts at 2 th unit time
# -----entering fork join_any in next line--------
# -----exiting fork join_any from previous line--------
# stmnt 6 starts at 2 th unit time
# p2 stmnt 5 starts at 2 th unit time
# p1 stmnt 3 starts at 4 th unit time
# p1 stmnt 4 starts at 8 th unit time
