# vsim work.top -l 41top_module_ternary_dut.log 
# Start time: 17:05:10 on Mar 13,2023
# ** Note: (vsim-3812) Design is being optimized...
# ** Warning: 01generator.sv(14): (vopt-2240) Treating stand-alone use of function 'randomize' as an implicit VOID cast.
# Loading sv_std.std
# Loading work._41top_module_sv_unit(fast)
# Loading work.top(fast)
# Loading work.mux_tb(fast)
# Loading work.mux2x1_dut(fast)
# Loading work.mux_2x1_intf(fast)
# >>> DUT <<<
# 
#  [DUT] output for 2x1mux inter.out=[x]
# ------------------------------------------------------
# 
#  >>>TRANSACTION CLASS<<<
# 
# [transaction]: randomized input values of 2x1mux are i0=[12], i1=[3], sel=[1]
# [transaction]:default output value of 2x1mux is out=[0]
# ------------------------------------------------------------
# >>>GENERATOR CLASS<<<
# 
#  [generator]:input values are randomized and sent to mailbox
# [generator to mail box] data stored inside mailbox is i[0]=12,i[1]=3,sel=1
# >>>DRIVER CLASS<<<
# 
#  [driver] : Data sent from mailbox to driver
# [mailbox to driver]: Data collected by driver is i[0]=12,i[1]=3,sel=1,out=0
# [driver interface]: Data collected by driver is i[0]=12,i[1]=3,sel=1,out=x
# ----------------------------------------------------------------------------------------------
# >>> INPUT MONITOR<<<
# [i/p monitor]: stored data in i/p monitor as packet data is  i0=[12],i1=[3],sel=[1]
# [BFM]:trnx.out=[3]
# [i/p monitor to mailbox] data sent from i/p monitor to mailbox is pkt.out=[3]
# ----------------------------------------------------------------------------------------------
# >>> DUT <<<
# 
#  [DUT] output for 2x1mux inter.out=[3]
# ------------------------------------------------------
# >>> OUTPUT MONITOR<<<
# [O/P monitor] :stored data in o/p monitor as packet data  = [3]
# [O/P monitor to mail box] :data sent from o/p monitor to mailbox  = [3]
# ----------------------------------------------------------------------------------------------
# >>> SCOREBOARD <<<
# 
# [scoreboard] ref_pkt.out=[3] 
# [scoreboard] dut_pkt.out=[3] 
# ----------------------------- TEST PASSED--[at time=1ns] -------------------------------------------
# [scoreboard] ref_pkt.out=[3] , dut_pkt.out=[3] 
# 
#  >>>TRANSACTION CLASS<<<
# 
# [transaction]: randomized input values of 2x1mux are i0=[0], i1=[10], sel=[0]
# [transaction]:default output value of 2x1mux is out=[0]
# ------------------------------------------------------------
# >>>GENERATOR CLASS<<<
# 
#  [generator]:input values are randomized and sent to mailbox
# [generator to mail box] data stored inside mailbox is i[0]=0,i[1]=10,sel=0
# >>>DRIVER CLASS<<<
# 
#  [driver] : Data sent from mailbox to driver
# [mailbox to driver]: Data collected by driver is i[0]=0,i[1]=10,sel=0,out=0
# [driver interface]: Data collected by driver is i[0]=0,i[1]=10,sel=0,out=3
# ----------------------------------------------------------------------------------------------
# >>> INPUT MONITOR<<<
# [i/p monitor]: stored data in i/p monitor as packet data is  i0=[0],i1=[10],sel=[0]
# [BFM]:trnx.out=[0]
# [i/p monitor to mailbox] data sent from i/p monitor to mailbox is pkt.out=[0]
# ----------------------------------------------------------------------------------------------
# >>> DUT <<<
# 
#  [DUT] output for 2x1mux inter.out=[0]
# ------------------------------------------------------
# >>> OUTPUT MONITOR<<<
# [O/P monitor] :stored data in o/p monitor as packet data  = [0]
# [O/P monitor to mail box] :data sent from o/p monitor to mailbox  = [0]
# ----------------------------------------------------------------------------------------------
# >>> SCOREBOARD <<<
# 
# [scoreboard] ref_pkt.out=[0] 
# [scoreboard] dut_pkt.out=[0] 
# ----------------------------- TEST PASSED--[at time=2ns] -------------------------------------------
# [scoreboard] ref_pkt.out=[0] , dut_pkt.out=[0] 
# 
#  >>>TRANSACTION CLASS<<<
# 
# [transaction]: randomized input values of 2x1mux are i0=[4], i1=[13], sel=[0]
# [transaction]:default output value of 2x1mux is out=[0]
# ------------------------------------------------------------
# >>>GENERATOR CLASS<<<
# 
#  [generator]:input values are randomized and sent to mailbox
# [generator to mail box] data stored inside mailbox is i[0]=4,i[1]=13,sel=0
# >>>DRIVER CLASS<<<
# 
#  [driver] : Data sent from mailbox to driver
# [mailbox to driver]: Data collected by driver is i[0]=4,i[1]=13,sel=0,out=0
# [driver interface]: Data collected by driver is i[0]=4,i[1]=13,sel=0,out=0
# ----------------------------------------------------------------------------------------------
# >>> INPUT MONITOR<<<
# [i/p monitor]: stored data in i/p monitor as packet data is  i0=[4],i1=[13],sel=[0]
# [BFM]:trnx.out=[4]
# [i/p monitor to mailbox] data sent from i/p monitor to mailbox is pkt.out=[4]
# ----------------------------------------------------------------------------------------------
# >>> DUT <<<
# 
#  [DUT] output for 2x1mux inter.out=[4]
# ------------------------------------------------------
# >>> OUTPUT MONITOR<<<
# [O/P monitor] :stored data in o/p monitor as packet data  = [4]
# [O/P monitor to mail box] :data sent from o/p monitor to mailbox  = [4]
# ----------------------------------------------------------------------------------------------
# >>> SCOREBOARD <<<
# 
# [scoreboard] ref_pkt.out=[4] 
# [scoreboard] dut_pkt.out=[4] 
# ----------------------------- TEST PASSED--[at time=3ns] -------------------------------------------
# [scoreboard] ref_pkt.out=[4] , dut_pkt.out=[4] 
# 
#  >>>TRANSACTION CLASS<<<
# 
# [transaction]: randomized input values of 2x1mux are i0=[11], i1=[4], sel=[1]
# [transaction]:default output value of 2x1mux is out=[0]
# ------------------------------------------------------------
# >>>GENERATOR CLASS<<<
# 
#  [generator]:input values are randomized and sent to mailbox
# [generator to mail box] data stored inside mailbox is i[0]=11,i[1]=4,sel=1
# >>>DRIVER CLASS<<<
# 
#  [driver] : Data sent from mailbox to driver
# [mailbox to driver]: Data collected by driver is i[0]=11,i[1]=4,sel=1,out=0
# [driver interface]: Data collected by driver is i[0]=11,i[1]=4,sel=1,out=4
# ----------------------------------------------------------------------------------------------
# >>> INPUT MONITOR<<<
# [i/p monitor]: stored data in i/p monitor as packet data is  i0=[11],i1=[4],sel=[1]
# [BFM]:trnx.out=[4]
# [i/p monitor to mailbox] data sent from i/p monitor to mailbox is pkt.out=[4]
# ----------------------------------------------------------------------------------------------
# >>> DUT <<<
# 
#  [DUT] output for 2x1mux inter.out=[4]
# ------------------------------------------------------
# 
#  >>>TRANSACTION CLASS<<<
# 
# [transaction]: randomized input values of 2x1mux are i0=[15], i1=[15], sel=[1]
# [transaction]:default output value of 2x1mux is out=[0]
# ------------------------------------------------------------
# >>>GENERATOR CLASS<<<
# 
#  [generator]:input values are randomized and sent to mailbox
# [generator to mail box] data stored inside mailbox is i[0]=15,i[1]=15,sel=1
# >>>DRIVER CLASS<<<
# 
#  [driver] : Data sent from mailbox to driver
# [mailbox to driver]: Data collected by driver is i[0]=15,i[1]=15,sel=1,out=0
# [driver interface]: Data collected by driver is i[0]=15,i[1]=15,sel=1,out=4
# ----------------------------------------------------------------------------------------------
# >>> DUT <<<
# 
#  [DUT] output for 2x1mux inter.out=[15]
# ------------------------------------------------------
# >>> OUTPUT MONITOR<<<
# [O/P monitor] :stored data in o/p monitor as packet data  = [15]
# [O/P monitor to mail box] :data sent from o/p monitor to mailbox  = [15]
# ----------------------------------------------------------------------------------------------
# >>> SCOREBOARD <<<
# 
# [scoreboard] ref_pkt.out=[4] 
# [scoreboard] dut_pkt.out=[15] 
# ----------------------------- TEST FAILED--[at time=5ns] --------------------------------------------
# [scoreboard] ref_pkt.out=[4] ,  dut_pkt.out=[15]
# ----------------------------------------------------------------------------------------------
# 
#  >>>TRANSACTION CLASS<<<
# 
# [transaction]: randomized input values of 2x1mux are i0=[3], i1=[6], sel=[0]
# [transaction]:default output value of 2x1mux is out=[0]
# ------------------------------------------------------------
# >>>GENERATOR CLASS<<<
# 
#  [generator]:input values are randomized and sent to mailbox
# [generator to mail box] data stored inside mailbox is i[0]=3,i[1]=6,sel=0
# >>>DRIVER CLASS<<<
# 
#  [driver] : Data sent from mailbox to driver
# [mailbox to driver]: Data collected by driver is i[0]=3,i[1]=6,sel=0,out=0
# [driver interface]: Data collected by driver is i[0]=3,i[1]=6,sel=0,out=15
# ----------------------------------------------------------------------------------------------
# >>> INPUT MONITOR<<<
# [i/p monitor]: stored data in i/p monitor as packet data is  i0=[3],i1=[6],sel=[0]
# [BFM]:trnx.out=[3]
# [i/p monitor to mailbox] data sent from i/p monitor to mailbox is pkt.out=[3]
# ----------------------------------------------------------------------------------------------
# >>> DUT <<<
# 
#  [DUT] output for 2x1mux inter.out=[3]
# ------------------------------------------------------
# >>> OUTPUT MONITOR<<<
# [O/P monitor] :stored data in o/p monitor as packet data  = [3]
# [O/P monitor to mail box] :data sent from o/p monitor to mailbox  = [3]
# ----------------------------------------------------------------------------------------------
# >>> SCOREBOARD <<<
# 
# [scoreboard] ref_pkt.out=[3] 
# [scoreboard] dut_pkt.out=[3] 
# ----------------------------- TEST PASSED--[at time=6ns] -------------------------------------------
# [scoreboard] ref_pkt.out=[3] , dut_pkt.out=[3] 
# 
#  >>>TRANSACTION CLASS<<<
# 
# [transaction]: randomized input values of 2x1mux are i0=[7], i1=[9], sel=[1]
# [transaction]:default output value of 2x1mux is out=[0]
# ------------------------------------------------------------
# >>>GENERATOR CLASS<<<
# 
#  [generator]:input values are randomized and sent to mailbox
# [generator to mail box] data stored inside mailbox is i[0]=7,i[1]=9,sel=1
# >>>DRIVER CLASS<<<
# 
#  [driver] : Data sent from mailbox to driver
# [mailbox to driver]: Data collected by driver is i[0]=7,i[1]=9,sel=1,out=0
# [driver interface]: Data collected by driver is i[0]=7,i[1]=9,sel=1,out=3
# ----------------------------------------------------------------------------------------------
# >>> INPUT MONITOR<<<
# [i/p monitor]: stored data in i/p monitor as packet data is  i0=[7],i1=[9],sel=[1]
# [BFM]:trnx.out=[9]
# [i/p monitor to mailbox] data sent from i/p monitor to mailbox is pkt.out=[9]
# ----------------------------------------------------------------------------------------------
# >>> DUT <<<
# 
#  [DUT] output for 2x1mux inter.out=[9]
# ------------------------------------------------------
# >>> OUTPUT MONITOR<<<
# [O/P monitor] :stored data in o/p monitor as packet data  = [9]
# [O/P monitor to mail box] :data sent from o/p monitor to mailbox  = [9]
# ----------------------------------------------------------------------------------------------
# >>> SCOREBOARD <<<
# 
# [scoreboard] ref_pkt.out=[9] 
# [scoreboard] dut_pkt.out=[9] 
# ----------------------------- TEST PASSED--[at time=7ns] -------------------------------------------
# [scoreboard] ref_pkt.out=[9] , dut_pkt.out=[9] 
# 
#  >>>TRANSACTION CLASS<<<
# 
# [transaction]: randomized input values of 2x1mux are i0=[10], i1=[0], sel=[0]
# [transaction]:default output value of 2x1mux is out=[0]
# ------------------------------------------------------------
# >>>GENERATOR CLASS<<<
# 
#  [generator]:input values are randomized and sent to mailbox
# [generator to mail box] data stored inside mailbox is i[0]=10,i[1]=0,sel=0
# >>>DRIVER CLASS<<<
# 
#  [driver] : Data sent from mailbox to driver
# [mailbox to driver]: Data collected by driver is i[0]=10,i[1]=0,sel=0,out=0
# [driver interface]: Data collected by driver is i[0]=10,i[1]=0,sel=0,out=9
# ----------------------------------------------------------------------------------------------
# >>> INPUT MONITOR<<<
# [i/p monitor]: stored data in i/p monitor as packet data is  i0=[10],i1=[0],sel=[0]
# [BFM]:trnx.out=[10]
# [i/p monitor to mailbox] data sent from i/p monitor to mailbox is pkt.out=[10]
# ----------------------------------------------------------------------------------------------
# >>> DUT <<<
# 
#  [DUT] output for 2x1mux inter.out=[10]
# ------------------------------------------------------
# >>> OUTPUT MONITOR<<<
# [O/P monitor] :stored data in o/p monitor as packet data  = [10]
# [O/P monitor to mail box] :data sent from o/p monitor to mailbox  = [10]
# ----------------------------------------------------------------------------------------------
# >>> SCOREBOARD <<<
# 
# [scoreboard] ref_pkt.out=[10] 
# [scoreboard] dut_pkt.out=[10] 
# ----------------------------- TEST PASSED--[at time=8ns] -------------------------------------------
# [scoreboard] ref_pkt.out=[10] , dut_pkt.out=[10] 
# 
#  >>>TRANSACTION CLASS<<<
# 
# [transaction]: randomized input values of 2x1mux are i0=[14], i1=[11], sel=[1]
# [transaction]:default output value of 2x1mux is out=[0]
# ------------------------------------------------------------
# >>>GENERATOR CLASS<<<
# 
#  [generator]:input values are randomized and sent to mailbox
# [generator to mail box] data stored inside mailbox is i[0]=14,i[1]=11,sel=1
# >>>DRIVER CLASS<<<
# 
#  [driver] : Data sent from mailbox to driver
# [mailbox to driver]: Data collected by driver is i[0]=14,i[1]=11,sel=1,out=0
# [driver interface]: Data collected by driver is i[0]=14,i[1]=11,sel=1,out=10
# ----------------------------------------------------------------------------------------------
# >>> INPUT MONITOR<<<
# [i/p monitor]: stored data in i/p monitor as packet data is  i0=[14],i1=[11],sel=[1]
# [BFM]:trnx.out=[11]
# [i/p monitor to mailbox] data sent from i/p monitor to mailbox is pkt.out=[11]
# ----------------------------------------------------------------------------------------------
# >>> DUT <<<
# 
#  [DUT] output for 2x1mux inter.out=[11]
# ------------------------------------------------------
# >>> OUTPUT MONITOR<<<
# [O/P monitor] :stored data in o/p monitor as packet data  = [11]
# [O/P monitor to mail box] :data sent from o/p monitor to mailbox  = [11]
# ----------------------------------------------------------------------------------------------
# >>> SCOREBOARD <<<
# 
# [scoreboard] ref_pkt.out=[11] 
# [scoreboard] dut_pkt.out=[11] 
# ----------------------------- TEST PASSED--[at time=9ns] -------------------------------------------
# [scoreboard] ref_pkt.out=[11] , dut_pkt.out=[11] 
# 
#  >>>TRANSACTION CLASS<<<
# 
# [transaction]: randomized input values of 2x1mux are i0=[2], i1=[2], sel=[0]
# [transaction]:default output value of 2x1mux is out=[0]
# ------------------------------------------------------------
# >>>GENERATOR CLASS<<<
# 
#  [generator]:input values are randomized and sent to mailbox
# [generator to mail box] data stored inside mailbox is i[0]=2,i[1]=2,sel=0
# >>>DRIVER CLASS<<<
# 
#  [driver] : Data sent from mailbox to driver
# [mailbox to driver]: Data collected by driver is i[0]=2,i[1]=2,sel=0,out=0
# [driver interface]: Data collected by driver is i[0]=2,i[1]=2,sel=0,out=11
# ----------------------------------------------------------------------------------------------
# >>> INPUT MONITOR<<<
# [i/p monitor]: stored data in i/p monitor as packet data is  i0=[2],i1=[2],sel=[0]
# [BFM]:trnx.out=[2]
# [i/p monitor to mailbox] data sent from i/p monitor to mailbox is pkt.out=[2]
# ----------------------------------------------------------------------------------------------
# >>> DUT <<<
# 
#  [DUT] output for 2x1mux inter.out=[2]
# ------------------------------------------------------
# >>> OUTPUT MONITOR<<<
# [O/P monitor] :stored data in o/p monitor as packet data  = [2]
# [O/P monitor to mail box] :data sent from o/p monitor to mailbox  = [2]
# ----------------------------------------------------------------------------------------------
# >>> SCOREBOARD <<<
# 
# [scoreboard] ref_pkt.out=[2] 
# [scoreboard] dut_pkt.out=[2] 
# ----------------------------- TEST PASSED--[at time=10ns] -------------------------------------------
# [scoreboard] ref_pkt.out=[2] , dut_pkt.out=[2] 
# ** Note: implicit $finish from program    : 05scoreboard.sv(21)
#    Time: 11 ns  Iteration: 0  Instance: /top/tb
# 1
# Simulation stop requested.
.main clear
cd {D:\Obsi\systemverilog_nitindinnu\08_creating_TB_environments\03_full_adder}
# Cannot change directory while a simulation is in progress.
# Use the "quit -sim" command to unload the design first.
q -sim
# End time: 17:28:42 on Mar 13,2023, Elapsed time: 0:23:32
# Errors: 1, Warnings: 1
q -sim
cd {D:\Obsi\systemverilog_nitindinnu\08_creating_TB_environments\03_full_adder}
do run.do
# QuestaSim-64 vlog 10.7c Compiler 2018.08 Aug 18 2018
# Start time: 17:29:09 on Mar 13,2023
# vlog -reportprogress 300 30top.sv 
# -- Compiling module fa_dut
# ** Error: ** while parsing file included at 30top.sv(1)
# ** at 20dut_fa.sv(6): (vlog-13161) unexpected '$display', expecting elaboration system task $fatal/$error/$warning/$info.
# ** Error: (vlog-13053) ** while parsing file included at 30top.sv(2)
# ** at 21program_block.sv(1): near "'i": Illegal base specifier in numeric constant.
# ** Error: (vlog-13069) ** while parsing file included at 30top.sv(2)
# ** at 21program_block.sv(1): near "'i": syntax error, unexpected BASE, expecting class.
# End time: 17:29:10 on Mar 13,2023, Elapsed time: 0:00:01
# Errors: 3, Warnings: 0
# ** Error: C:/questasim64_10.7c/win64/vlog failed.
# Error in macro ./run.do line 5
# C:/questasim64_10.7c/win64/vlog failed.
#     while executing
# "vlog 30top.sv "
do run.do
# ** Warning: (vlib-34) Library already exists at "work".
# QuestaSim-64 vlog 10.7c Compiler 2018.08 Aug 18 2018
# Start time: 17:30:21 on Mar 13,2023
# vlog -reportprogress 300 30top.sv 
# -- Compiling module fa_dut
# ** Error: ** while parsing file included at 30top.sv(2)
# ** while parsing file included at 21program_block.sv(1)
# ** while parsing file included at 11test.sv(1)
# ** while parsing file included at 10environment.sv(1)
# ** at 02generator.sv(2): Invalid type 'transaction_fa'. Please check the type of the variable 'tranxfa'.
# ** Error: ** while parsing file included at 30top.sv(2)
# ** while parsing file included at 21program_block.sv(1)
# ** while parsing file included at 11test.sv(1)
# ** while parsing file included at 10environment.sv(1)
# ** at 02generator.sv(3): (vlog-2730) Undefined variable: 'transaction_fa'.
# ** Error: ** while parsing file included at 30top.sv(2)
# ** while parsing file included at 21program_block.sv(1)
# ** while parsing file included at 11test.sv(1)
# ** while parsing file included at 10environment.sv(2)
# ** at 03driver.sv(2): Invalid type 'transaction_fa'. Please check the type of the variable 'tranxfa'.
# ** Error: ** while parsing file included at 30top.sv(2)
# ** while parsing file included at 21program_block.sv(1)
# ** while parsing file included at 11test.sv(1)
# ** while parsing file included at 10environment.sv(2)
# ** at 03driver.sv(3): (vlog-2730) Undefined variable: 'transaction_fa'.
# ** Error: (vlog-13069) ** while parsing file included at 30top.sv(2)
# ** while parsing file included at 21program_block.sv(1)
# ** while parsing file included at 11test.sv(1)
# ** while parsing file included at 10environment.sv(2)
# ** at 03driver.sv(14): near "g2d": syntax error, unexpected IDENTIFIER, expecting ')' or ','.
# ** Error: ** while parsing file included at 30top.sv(2)
# ** while parsing file included at 21program_block.sv(1)
# ** while parsing file included at 11test.sv(1)
# ** while parsing file included at 10environment.sv(3)
# ** at 04ipmonitor.sv(2): Invalid type 'transaction_fa'. Please check the type of the variable 'tranxfa'.
# ** Error: ** while parsing file included at 30top.sv(2)
# ** while parsing file included at 21program_block.sv(1)
# ** while parsing file included at 11test.sv(1)
# ** while parsing file included at 10environment.sv(3)
# ** at 04ipmonitor.sv(3): (vlog-2730) Undefined variable: 'transaction_fa'.
# ** Error: ** while parsing file included at 30top.sv(2)
# ** while parsing file included at 21program_block.sv(1)
# ** while parsing file included at 11test.sv(1)
# ** while parsing file included at 10environment.sv(4)
# ** at 05opmonitor.sv(2): Invalid type 'transaction_fa'. Please check the type of the variable 'tranxfa'.
# ** Error: ** while parsing file included at 30top.sv(2)
# ** while parsing file included at 21program_block.sv(1)
# ** while parsing file included at 11test.sv(1)
# ** while parsing file included at 10environment.sv(4)
# ** at 05opmonitor.sv(3): (vlog-2730) Undefined variable: 'transaction_fa'.
# ** Error: ** while parsing file included at 30top.sv(2)
# ** while parsing file included at 21program_block.sv(1)
# ** while parsing file included at 11test.sv(1)
# ** while parsing file included at 10environment.sv(5)
# ** at 06scoreboard.sv(2): Invalid type 'transaction_fa'. Please check the type of the variable 'ref_out'.
# ** Error: (vlog-13069) ** while parsing file included at 30top.sv(2)
# ** while parsing file included at 21program_block.sv(1)
# ** while parsing file included at 11test.sv(1)
# ** while parsing file included at 10environment.sv(5)
# ** at 06scoreboard.sv(2): near ",": syntax error, unexpected ',', expecting function or task or "SystemVerilog keyword 'pure'".
# End time: 17:30:21 on Mar 13,2023, Elapsed time: 0:00:00
# Errors: 11, Warnings: 0
# ** Error: C:/questasim64_10.7c/win64/vlog failed.
# Error in macro ./run.do line 5
# C:/questasim64_10.7c/win64/vlog failed.
#     while executing
# "vlog 30top.sv "
do run.do
# ** Warning: (vlib-34) Library already exists at "work".
# QuestaSim-64 vlog 10.7c Compiler 2018.08 Aug 18 2018
# Start time: 17:31:20 on Mar 13,2023
# vlog -reportprogress 300 30top.sv 
# -- Compiling module fa_dut
# ** Error: ** while parsing file included at 30top.sv(2)
# ** while parsing file included at 21program_block.sv(1)
# ** while parsing file included at 11test.sv(1)
# ** while parsing file included at 10environment.sv(1)
# ** at 02generator.sv(2): Invalid type 'transaction_fa'. Please check the type of the variable 'tranxfa'.
# ** Error: ** while parsing file included at 30top.sv(2)
# ** while parsing file included at 21program_block.sv(1)
# ** while parsing file included at 11test.sv(1)
# ** while parsing file included at 10environment.sv(1)
# ** at 02generator.sv(3): (vlog-2730) Undefined variable: 'transaction_fa'.
# ** Error: ** while parsing file included at 30top.sv(2)
# ** while parsing file included at 21program_block.sv(1)
# ** while parsing file included at 11test.sv(1)
# ** while parsing file included at 10environment.sv(2)
# ** at 03driver.sv(2): Invalid type 'transaction_fa'. Please check the type of the variable 'tranxfa'.
# ** Error: ** while parsing file included at 30top.sv(2)
# ** while parsing file included at 21program_block.sv(1)
# ** while parsing file included at 11test.sv(1)
# ** while parsing file included at 10environment.sv(2)
# ** at 03driver.sv(3): (vlog-2730) Undefined variable: 'transaction_fa'.
# ** Error: (vlog-13069) ** while parsing file included at 30top.sv(2)
# ** while parsing file included at 21program_block.sv(1)
# ** while parsing file included at 11test.sv(1)
# ** while parsing file included at 10environment.sv(2)
# ** at 03driver.sv(14): near "g2d": syntax error, unexpected IDENTIFIER, expecting ')' or ','.
# ** Error: ** while parsing file included at 30top.sv(2)
# ** while parsing file included at 21program_block.sv(1)
# ** while parsing file included at 11test.sv(1)
# ** while parsing file included at 10environment.sv(3)
# ** at 04ipmonitor.sv(2): Invalid type 'transaction_fa'. Please check the type of the variable 'tranxfa'.
# ** Error: ** while parsing file included at 30top.sv(2)
# ** while parsing file included at 21program_block.sv(1)
# ** while parsing file included at 11test.sv(1)
# ** while parsing file included at 10environment.sv(3)
# ** at 04ipmonitor.sv(3): (vlog-2730) Undefined variable: 'transaction_fa'.
# ** Error: ** while parsing file included at 30top.sv(2)
# ** while parsing file included at 21program_block.sv(1)
# ** while parsing file included at 11test.sv(1)
# ** while parsing file included at 10environment.sv(4)
# ** at 05opmonitor.sv(2): Invalid type 'transaction_fa'. Please check the type of the variable 'tranxfa'.
# ** Error: ** while parsing file included at 30top.sv(2)
# ** while parsing file included at 21program_block.sv(1)
# ** while parsing file included at 11test.sv(1)
# ** while parsing file included at 10environment.sv(4)
# ** at 05opmonitor.sv(3): (vlog-2730) Undefined variable: 'transaction_fa'.
# ** Error: ** while parsing file included at 30top.sv(2)
# ** while parsing file included at 21program_block.sv(1)
# ** while parsing file included at 11test.sv(1)
# ** while parsing file included at 10environment.sv(5)
# ** at 06scoreboard.sv(2): Invalid type 'transaction_fa'. Please check the type of the variable 'ref_out'.
# ** Error: (vlog-13069) ** while parsing file included at 30top.sv(2)
# ** while parsing file included at 21program_block.sv(1)
# ** while parsing file included at 11test.sv(1)
# ** while parsing file included at 10environment.sv(5)
# ** at 06scoreboard.sv(2): near ",": syntax error, unexpected ',', expecting function or task or "SystemVerilog keyword 'pure'".
# End time: 17:31:20 on Mar 13,2023, Elapsed time: 0:00:00
# Errors: 11, Warnings: 0
# ** Error: C:/questasim64_10.7c/win64/vlog failed.
# Error in macro ./run.do line 5
# C:/questasim64_10.7c/win64/vlog failed.
#     while executing
# "vlog 30top.sv "
q -sim
cd {D:\Obsi\systemverilog_nitindinnu\08_creating_TB_environments\03_full_adder}
do run.do
# ** Warning: (vlib-34) Library already exists at "work".
# QuestaSim-64 vlog 10.7c Compiler 2018.08 Aug 18 2018
# Start time: 17:36:35 on Mar 13,2023
# vlog -reportprogress 300 30top.sv 
# -- Compiling module fa_dut
# ** Error: ** while parsing file included at 30top.sv(2)
# ** while parsing file included at 21program_block.sv(1)
# ** while parsing file included at 11test.sv(1)
# ** while parsing file included at 10environment.sv(1)
# ** at 02generator.sv(3): Invalid type 'transaction_fa'. Please check the type of the variable 'tranxfa'.
# ** Error: ** while parsing file included at 30top.sv(2)
# ** while parsing file included at 21program_block.sv(1)
# ** while parsing file included at 11test.sv(1)
# ** while parsing file included at 10environment.sv(1)
# ** at 02generator.sv(4): (vlog-2730) Undefined variable: 'transaction_fa'.
# ** Error: ** while parsing file included at 30top.sv(2)
# ** while parsing file included at 21program_block.sv(1)
# ** while parsing file included at 11test.sv(1)
# ** while parsing file included at 10environment.sv(2)
# ** at 03driver.sv(2): Invalid type 'transaction_fa'. Please check the type of the variable 'tranxfa'.
# ** Error: ** while parsing file included at 30top.sv(2)
# ** while parsing file included at 21program_block.sv(1)
# ** while parsing file included at 11test.sv(1)
# ** while parsing file included at 10environment.sv(2)
# ** at 03driver.sv(3): (vlog-2730) Undefined variable: 'transaction_fa'.
# ** Error: (vlog-13069) ** while parsing file included at 30top.sv(2)
# ** while parsing file included at 21program_block.sv(1)
# ** while parsing file included at 11test.sv(1)
# ** while parsing file included at 10environment.sv(2)
# ** at 03driver.sv(14): near "g2d": syntax error, unexpected IDENTIFIER, expecting ')' or ','.
# ** Error: ** while parsing file included at 30top.sv(2)
# ** while parsing file included at 21program_block.sv(1)
# ** while parsing file included at 11test.sv(1)
# ** while parsing file included at 10environment.sv(3)
# ** at 04ipmonitor.sv(2): Invalid type 'transaction_fa'. Please check the type of the variable 'tranxfa'.
# ** Error: ** while parsing file included at 30top.sv(2)
# ** while parsing file included at 21program_block.sv(1)
# ** while parsing file included at 11test.sv(1)
# ** while parsing file included at 10environment.sv(3)
# ** at 04ipmonitor.sv(3): (vlog-2730) Undefined variable: 'transaction_fa'.
# ** Error: ** while parsing file included at 30top.sv(2)
# ** while parsing file included at 21program_block.sv(1)
# ** while parsing file included at 11test.sv(1)
# ** while parsing file included at 10environment.sv(4)
# ** at 05opmonitor.sv(2): Invalid type 'transaction_fa'. Please check the type of the variable 'tranxfa'.
# ** Error: ** while parsing file included at 30top.sv(2)
# ** while parsing file included at 21program_block.sv(1)
# ** while parsing file included at 11test.sv(1)
# ** while parsing file included at 10environment.sv(4)
# ** at 05opmonitor.sv(3): (vlog-2730) Undefined variable: 'transaction_fa'.
# ** Error: ** while parsing file included at 30top.sv(2)
# ** while parsing file included at 21program_block.sv(1)
# ** while parsing file included at 11test.sv(1)
# ** while parsing file included at 10environment.sv(5)
# ** at 06scoreboard.sv(2): Invalid type 'transaction_fa'. Please check the type of the variable 'ref_out'.
# ** Error: (vlog-13069) ** while parsing file included at 30top.sv(2)
# ** while parsing file included at 21program_block.sv(1)
# ** while parsing file included at 11test.sv(1)
# ** while parsing file included at 10environment.sv(5)
# ** at 06scoreboard.sv(2): near ",": syntax error, unexpected ',', expecting function or task or "SystemVerilog keyword 'pure'".
# End time: 17:36:35 on Mar 13,2023, Elapsed time: 0:00:00
# Errors: 11, Warnings: 0
# ** Error: C:/questasim64_10.7c/win64/vlog failed.
# Error in macro ./run.do line 5
# C:/questasim64_10.7c/win64/vlog failed.
#     while executing
# "vlog 30top.sv "
do run.do
# ** Warning: (vlib-34) Library already exists at "work".
# QuestaSim-64 vlog 10.7c Compiler 2018.08 Aug 18 2018
# Start time: 17:37:39 on Mar 13,2023
# vlog -reportprogress 300 30top.sv 
# -- Compiling module fa_dut
# ** Error: (vlog-13069) ** while parsing file included at 30top.sv(2)
# ** while parsing file included at 21program_block.sv(1)
# ** while parsing file included at 11test.sv(1)
# ** while parsing file included at 10environment.sv(3)
# ** at 03driver.sv(14): near "g2d": syntax error, unexpected IDENTIFIER, expecting ')' or ','.
# ** Error: (vlog-13069) ** while parsing file included at 30top.sv(2)
# ** while parsing file included at 21program_block.sv(1)
# ** while parsing file included at 11test.sv(1)
# ** while parsing file included at 10environment.sv(6)
# ** at 06scoreboard.sv(16): near "if": syntax error, unexpected if, expecting function or task or "SystemVerilog keyword 'pure'".
# End time: 17:37:39 on Mar 13,2023, Elapsed time: 0:00:00
# Errors: 2, Warnings: 0
# ** Error: C:/questasim64_10.7c/win64/vlog failed.
# Error in macro ./run.do line 5
# C:/questasim64_10.7c/win64/vlog failed.
#     while executing
# "vlog 30top.sv "
do run.do
# ** Warning: (vlib-34) Library already exists at "work".
# QuestaSim-64 vlog 10.7c Compiler 2018.08 Aug 18 2018
# Start time: 17:38:11 on Mar 13,2023
# vlog -reportprogress 300 30top.sv 
# -- Compiling module fa_dut
# ** Error: (vlog-13069) ** while parsing file included at 30top.sv(2)
# ** while parsing file included at 21program_block.sv(1)
# ** while parsing file included at 11test.sv(1)
# ** while parsing file included at 10environment.sv(3)
# ** at 03driver.sv(14): near "tranxfa": syntax error, unexpected IDENTIFIER, expecting ')' or ','.
# ** Error: (vlog-13069) ** while parsing file included at 30top.sv(2)
# ** while parsing file included at 21program_block.sv(1)
# ** while parsing file included at 11test.sv(1)
# ** while parsing file included at 10environment.sv(6)
# ** at 06scoreboard.sv(16): near "if": syntax error, unexpected if, expecting function or task or "SystemVerilog keyword 'pure'".
# End time: 17:38:11 on Mar 13,2023, Elapsed time: 0:00:00
# Errors: 2, Warnings: 0
# ** Error: C:/questasim64_10.7c/win64/vlog failed.
# Error in macro ./run.do line 5
# C:/questasim64_10.7c/win64/vlog failed.
#     while executing
# "vlog 30top.sv "
do run.do
# ** Warning: (vlib-34) Library already exists at "work".
# QuestaSim-64 vlog 10.7c Compiler 2018.08 Aug 18 2018
# Start time: 17:38:28 on Mar 13,2023
# vlog -reportprogress 300 30top.sv 
# -- Compiling module fa_dut
# ** Error: (vlog-13069) ** while parsing file included at 30top.sv(2)
# ** while parsing file included at 21program_block.sv(1)
# ** while parsing file included at 11test.sv(1)
# ** while parsing file included at 10environment.sv(6)
# ** at 06scoreboard.sv(16): near "if": syntax error, unexpected if, expecting function or task or "SystemVerilog keyword 'pure'".
# End time: 17:38:28 on Mar 13,2023, Elapsed time: 0:00:00
# Errors: 1, Warnings: 0
# ** Error: C:/questasim64_10.7c/win64/vlog failed.
# Error in macro ./run.do line 5
# C:/questasim64_10.7c/win64/vlog failed.
#     while executing
# "vlog 30top.sv "
do run.do
# ** Warning: (vlib-34) Library already exists at "work".
# QuestaSim-64 vlog 10.7c Compiler 2018.08 Aug 18 2018
# Start time: 17:40:22 on Mar 13,2023
# vlog -reportprogress 300 30top.sv 
# -- Compiling module fa_dut
# ** Error: ** while parsing file included at 30top.sv(2)
# ** while parsing file included at 21program_block.sv(1)
# ** while parsing file included at 11test.sv(1)
# ** at 10environment.sv(24): (vlog-2730) Undefined variable: 'om2s'.
# ** Error: ** while parsing file included at 30top.sv(2)
# ** while parsing file included at 21program_block.sv(1)
# ** at 11test.sv(7): Function 'new' is allowed only in context of class constructor.
# ** Error (suppressible): ** while parsing file included at 30top.sv(2)
# ** while parsing file included at 21program_block.sv(1)
# ** at 11test.sv(7): (vlog-2388) 'inter' already declared in this scope (test).
# End time: 17:40:22 on Mar 13,2023, Elapsed time: 0:00:00
# Errors: 3, Warnings: 0
# ** Error: C:/questasim64_10.7c/win64/vlog failed.
# Error in macro ./run.do line 5
# C:/questasim64_10.7c/win64/vlog failed.
#     while executing
# "vlog 30top.sv "
do run.do
# ** Warning: (vlib-34) Library already exists at "work".
# QuestaSim-64 vlog 10.7c Compiler 2018.08 Aug 18 2018
# Start time: 17:41:54 on Mar 13,2023
# vlog -reportprogress 300 30top.sv 
# -- Compiling module fa_dut
# ** Error: ** while parsing file included at 30top.sv(2)
# ** while parsing file included at 21program_block.sv(1)
# ** at 11test.sv(7): Function 'new' is allowed only in context of class constructor.
# ** Error (suppressible): ** while parsing file included at 30top.sv(2)
# ** while parsing file included at 21program_block.sv(1)
# ** at 11test.sv(7): (vlog-2388) 'inter' already declared in this scope (test).
# End time: 17:41:54 on Mar 13,2023, Elapsed time: 0:00:00
# Errors: 2, Warnings: 0
# ** Error: C:/questasim64_10.7c/win64/vlog failed.
# Error in macro ./run.do line 5
# C:/questasim64_10.7c/win64/vlog failed.
#     while executing
# "vlog 30top.sv "
do run.do
# ** Warning: (vlib-34) Library already exists at "work".
# QuestaSim-64 vlog 10.7c Compiler 2018.08 Aug 18 2018
# Start time: 17:42:12 on Mar 13,2023
# vlog -reportprogress 300 30top.sv 
# -- Compiling module fa_dut
# ** Error: ** while parsing file included at 30top.sv(2)
# ** while parsing file included at 21program_block.sv(1)
# ** at 11test.sv(7): Function 'new' is allowed only in context of class constructor.
# ** Error (suppressible): ** while parsing file included at 30top.sv(2)
# ** while parsing file included at 21program_block.sv(1)
# ** at 11test.sv(7): (vlog-2388) 'inter' already declared in this scope (test).
# End time: 17:42:12 on Mar 13,2023, Elapsed time: 0:00:00
# Errors: 2, Warnings: 0
# ** Error: C:/questasim64_10.7c/win64/vlog failed.
# Error in macro ./run.do line 5
# C:/questasim64_10.7c/win64/vlog failed.
#     while executing
# "vlog 30top.sv "
do run.do
# ** Warning: (vlib-34) Library already exists at "work".
# QuestaSim-64 vlog 10.7c Compiler 2018.08 Aug 18 2018
# Start time: 17:42:26 on Mar 13,2023
# vlog -reportprogress 300 30top.sv 
# -- Compiling module fa_dut
# ** Error: ** while parsing file included at 30top.sv(2)
# ** while parsing file included at 21program_block.sv(1)
# ** at 11test.sv(7): Function 'new' is allowed only in context of class constructor.
# ** Error (suppressible): ** while parsing file included at 30top.sv(2)
# ** while parsing file included at 21program_block.sv(1)
# ** at 11test.sv(7): (vlog-2388) 'inter' already declared in this scope (test).
# End time: 17:42:26 on Mar 13,2023, Elapsed time: 0:00:00
# Errors: 2, Warnings: 0
# ** Error: C:/questasim64_10.7c/win64/vlog failed.
# Error in macro ./run.do line 5
# C:/questasim64_10.7c/win64/vlog failed.
#     while executing
# "vlog 30top.sv "
do run.do
# ** Warning: (vlib-34) Library already exists at "work".
# QuestaSim-64 vlog 10.7c Compiler 2018.08 Aug 18 2018
# Start time: 17:42:38 on Mar 13,2023
# vlog -reportprogress 300 30top.sv 
# -- Compiling module fa_dut
# ** Error: ** while parsing file included at 30top.sv(2)
# ** while parsing file included at 21program_block.sv(1)
# ** at 11test.sv(7): Function 'new' is allowed only in context of class constructor.
# ** Error (suppressible): ** while parsing file included at 30top.sv(2)
# ** while parsing file included at 21program_block.sv(1)
# ** at 11test.sv(7): (vlog-2388) 'inter' already declared in this scope (test).
# End time: 17:42:38 on Mar 13,2023, Elapsed time: 0:00:00
# Errors: 2, Warnings: 0
# ** Error: C:/questasim64_10.7c/win64/vlog failed.
# Error in macro ./run.do line 5
# C:/questasim64_10.7c/win64/vlog failed.
#     while executing
# "vlog 30top.sv "
do run.do
# ** Warning: (vlib-34) Library already exists at "work".
# QuestaSim-64 vlog 10.7c Compiler 2018.08 Aug 18 2018
# Start time: 17:43:42 on Mar 13,2023
# vlog -reportprogress 300 30top.sv 
# -- Compiling module fa_dut
# ** Error: ** while parsing file included at 30top.sv(2)
# ** while parsing file included at 21program_block.sv(1)
# ** at 11test.sv(7): Function 'new' is allowed only in context of class constructor.
# ** Error (suppressible): ** while parsing file included at 30top.sv(2)
# ** while parsing file included at 21program_block.sv(1)
# ** at 11test.sv(7): (vlog-2388) 'inter' already declared in this scope (test).
# End time: 17:43:42 on Mar 13,2023, Elapsed time: 0:00:00
# Errors: 2, Warnings: 0
# ** Error: C:/questasim64_10.7c/win64/vlog failed.
# Error in macro ./run.do line 5
# C:/questasim64_10.7c/win64/vlog failed.
#     while executing
# "vlog 30top.sv "
do run.do
# ** Warning: (vlib-34) Library already exists at "work".
# QuestaSim-64 vlog 10.7c Compiler 2018.08 Aug 18 2018
# Start time: 17:44:56 on Mar 13,2023
# vlog -reportprogress 300 30top.sv 
# -- Compiling module fa_dut
# ** Error: ** while parsing file included at 30top.sv(2)
# ** while parsing file included at 21program_block.sv(1)
# ** at 11test.sv(7): Function 'new' is allowed only in context of class constructor.
# End time: 17:44:56 on Mar 13,2023, Elapsed time: 0:00:00
# Errors: 1, Warnings: 0
# ** Error: C:/questasim64_10.7c/win64/vlog failed.
# Error in macro ./run.do line 5
# C:/questasim64_10.7c/win64/vlog failed.
#     while executing
# "vlog 30top.sv "
do run.do
# ** Warning: (vlib-34) Library already exists at "work".
# QuestaSim-64 vlog 10.7c Compiler 2018.08 Aug 18 2018
# Start time: 17:45:21 on Mar 13,2023
# vlog -reportprogress 300 30top.sv 
# -- Compiling module fa_dut
# ** Error: ** while parsing file included at 30top.sv(2)
# ** while parsing file included at 21program_block.sv(1)
# ** at 11test.sv(7): Function 'new' is allowed only in context of class constructor.
# End time: 17:45:21 on Mar 13,2023, Elapsed time: 0:00:00
# Errors: 1, Warnings: 0
# ** Error: C:/questasim64_10.7c/win64/vlog failed.
# Error in macro ./run.do line 5
# C:/questasim64_10.7c/win64/vlog failed.
#     while executing
# "vlog 30top.sv "
do run.do
# ** Warning: (vlib-34) Library already exists at "work".
# QuestaSim-64 vlog 10.7c Compiler 2018.08 Aug 18 2018
# Start time: 17:45:56 on Mar 13,2023
# vlog -reportprogress 300 30top.sv 
# -- Compiling module fa_dut
# ** Error: ** while parsing file included at 30top.sv(2)
# ** while parsing file included at 21program_block.sv(1)
# ** at 11test.sv(7): Function 'new' is allowed only in context of class constructor.
# ** Error (suppressible): ** while parsing file included at 30top.sv(2)
# ** while parsing file included at 21program_block.sv(1)
# ** at 11test.sv(7): (vlog-2388) 'inter' already declared in this scope (test).
# End time: 17:45:56 on Mar 13,2023, Elapsed time: 0:00:00
# Errors: 2, Warnings: 0
# ** Error: C:/questasim64_10.7c/win64/vlog failed.
# Error in macro ./run.do line 5
# C:/questasim64_10.7c/win64/vlog failed.
#     while executing
# "vlog 30top.sv "
do run.do
# ** Warning: (vlib-34) Library already exists at "work".
# QuestaSim-64 vlog 10.7c Compiler 2018.08 Aug 18 2018
# Start time: 17:46:09 on Mar 13,2023
# vlog -reportprogress 300 30top.sv 
# -- Compiling module fa_dut
# ** Error: ** while parsing file included at 30top.sv(2)
# ** while parsing file included at 21program_block.sv(1)
# ** at 11test.sv(7): Function 'new' is allowed only in context of class constructor.
# ** Error (suppressible): ** while parsing file included at 30top.sv(2)
# ** while parsing file included at 21program_block.sv(1)
# ** at 11test.sv(7): (vlog-2388) 'inter' already declared in this scope (test).
# End time: 17:46:09 on Mar 13,2023, Elapsed time: 0:00:00
# Errors: 2, Warnings: 0
# ** Error: C:/questasim64_10.7c/win64/vlog failed.
# Error in macro ./run.do line 5
# C:/questasim64_10.7c/win64/vlog failed.
#     while executing
# "vlog 30top.sv "
do run.do
# QuestaSim-64 vlog 10.7c Compiler 2018.08 Aug 18 2018
# Start time: 17:46:26 on Mar 13,2023
# vlog -reportprogress 300 30top.sv 
# -- Compiling module fa_dut
# ** Error: ** while parsing file included at 30top.sv(2)
# ** while parsing file included at 21program_block.sv(1)
# ** at 11test.sv(7): Function 'new' is allowed only in context of class constructor.
# ** Error (suppressible): ** while parsing file included at 30top.sv(2)
# ** while parsing file included at 21program_block.sv(1)
# ** at 11test.sv(7): (vlog-2388) 'inter' already declared in this scope (test).
# End time: 17:46:26 on Mar 13,2023, Elapsed time: 0:00:00
# Errors: 2, Warnings: 0
# ** Error: C:/questasim64_10.7c/win64/vlog failed.
# Error in macro ./run.do line 5
# C:/questasim64_10.7c/win64/vlog failed.
#     while executing
# "vlog 30top.sv "
do run.do
# ** Warning: (vlib-34) Library already exists at "work".
# QuestaSim-64 vlog 10.7c Compiler 2018.08 Aug 18 2018
# Start time: 17:47:15 on Mar 13,2023
# vlog -reportprogress 300 30top.sv 
# -- Compiling module fa_dut
# ** Error: (vlog-13069) ** while parsing file included at 30top.sv(2)
# ** while parsing file included at 21program_block.sv(1)
# ** at 11test.sv(2): near "(": syntax error, unexpected '(', expecting implements or ';'.
# End time: 17:47:15 on Mar 13,2023, Elapsed time: 0:00:00
# Errors: 1, Warnings: 0
# ** Error: C:/questasim64_10.7c/win64/vlog failed.
# Error in macro ./run.do line 5
# C:/questasim64_10.7c/win64/vlog failed.
#     while executing
# "vlog 30top.sv "
do run.do
# ** Warning: (vlib-34) Library already exists at "work".
# QuestaSim-64 vlog 10.7c Compiler 2018.08 Aug 18 2018
# Start time: 17:47:35 on Mar 13,2023
# vlog -reportprogress 300 30top.sv 
# -- Compiling module fa_dut
# ** Error: ** while parsing file included at 30top.sv(2)
# ** while parsing file included at 21program_block.sv(1)
# ** at 11test.sv(3): Invalid type 'environment_fa'. Please check the type of the variable 'env'.
# ** Error: ** while parsing file included at 30top.sv(2)
# ** while parsing file included at 21program_block.sv(1)
# ** at 11test.sv(12): (vlog-2730) Undefined variable: 'env'.
# End time: 17:47:35 on Mar 13,2023, Elapsed time: 0:00:00
# Errors: 2, Warnings: 0
# ** Error: C:/questasim64_10.7c/win64/vlog failed.
# Error in macro ./run.do line 5
# C:/questasim64_10.7c/win64/vlog failed.
#     while executing
# "vlog 30top.sv "
do run.do
# ** Warning: (vlib-34) Library already exists at "work".
# QuestaSim-64 vlog 10.7c Compiler 2018.08 Aug 18 2018
# Start time: 17:48:31 on Mar 13,2023
# vlog -reportprogress 300 30top.sv 
# -- Compiling module fa_dut
# ** Error: (vlog-13069) ** while parsing file included at 30top.sv(2)
# ** while parsing file included at 21program_block.sv(1)
# ** while parsing file included at 11test.sv(1)
# ** at 10environment.sv(8): near "(": syntax error, unexpected '(', expecting implements or ';'.
# End time: 17:48:31 on Mar 13,2023, Elapsed time: 0:00:00
# Errors: 1, Warnings: 0
# ** Error: C:/questasim64_10.7c/win64/vlog failed.
# Error in macro ./run.do line 5
# C:/questasim64_10.7c/win64/vlog failed.
#     while executing
# "vlog 30top.sv "
do run.do
# ** Warning: (vlib-34) Library already exists at "work".
# QuestaSim-64 vlog 10.7c Compiler 2018.08 Aug 18 2018
# Start time: 17:48:48 on Mar 13,2023
# vlog -reportprogress 300 30top.sv 
# -- Compiling module fa_dut
# -- Compiling package _30top_sv_unit
# ** Warning: 02generator.sv(13): (vlog-2240) Treating stand-alone use of function 'randomize' as an implicit VOID cast.
# ** Warning: 02generator.sv(14): (vlog-2240) Treating stand-alone use of function 'fa_display' as an implicit VOID cast.
# ** Error (suppressible): 06scoreboard.sv(5): (vlog-2997) Cannot assign a packed type 'reg' to an unpacked type 'class handle (void)'.
# ** Error (suppressible): 10environment.sv(31): (vlog-13215) Arg. 'im2s' of 'new':  Cannot assign an unpacked type 'class handle (void)' to a packed type 'reg'.
# ** Error (suppressible): 10environment.sv(31): (vlog-13215) Arg. 'om2s' of 'new':  Cannot assign an unpacked type 'class handle (void)' to a packed type 'reg'.
# ** Warning: 10environment.sv(35): (vlog-2240) Treating stand-alone use of function 'build' as an implicit VOID cast.
# ** Error: 11test.sv(14): Number of actuals and formals does not match in function call.
# -- Compiling program fa_pb_block
# ** Error (suppressible): 06scoreboard.sv(5): (vlog-2997) Cannot assign a packed type 'reg' to an unpacked type 'class handle (void)'.
# ** Error (suppressible): 10environment.sv(31): (vlog-13215) Arg. 'im2s' of 'new':  Cannot assign an unpacked type 'class handle (void)' to a packed type 'reg'.
# ** Error (suppressible): 10environment.sv(31): (vlog-13215) Arg. 'om2s' of 'new':  Cannot assign an unpacked type 'class handle (void)' to a packed type 'reg'.
# ** Error: 11test.sv(14): Number of actuals and formals does not match in function call.
# -- Compiling interface fa_interface
# -- Compiling module top_fa
# End time: 17:48:48 on Mar 13,2023, Elapsed time: 0:00:00
# Errors: 8, Warnings: 3
# ** Error: C:/questasim64_10.7c/win64/vlog failed.
# Error in macro ./run.do line 5
# C:/questasim64_10.7c/win64/vlog failed.
#     while executing
# "vlog 30top.sv "
do run.do
# ** Warning: (vlib-34) Library already exists at "work".
# QuestaSim-64 vlog 10.7c Compiler 2018.08 Aug 18 2018
# Start time: 17:49:14 on Mar 13,2023
# vlog -reportprogress 300 30top.sv 
# -- Compiling module fa_dut
# -- Compiling package _30top_sv_unit
# ** Warning: 02generator.sv(13): (vlog-2240) Treating stand-alone use of function 'randomize' as an implicit VOID cast.
# ** Warning: 02generator.sv(14): (vlog-2240) Treating stand-alone use of function 'fa_display' as an implicit VOID cast.
# ** Error (suppressible): 06scoreboard.sv(5): (vlog-2997) Cannot assign a packed type 'reg' to an unpacked type 'class handle (void)'.
# ** Error (suppressible): 06scoreboard.sv(6): (vlog-2997) Cannot assign a packed type 'reg' to an unpacked type 'class handle (void)'.
# ** Error (suppressible): 10environment.sv(31): (vlog-13215) Arg. 'im2s' of 'new':  Cannot assign an unpacked type 'class handle (void)' to a packed type 'reg'.
# ** Error (suppressible): 10environment.sv(31): (vlog-13215) Arg. 'om2s' of 'new':  Cannot assign an unpacked type 'class handle (void)' to a packed type 'reg'.
# ** Warning: 10environment.sv(35): (vlog-2240) Treating stand-alone use of function 'build' as an implicit VOID cast.
# ** Error: 11test.sv(14): Number of actuals and formals does not match in function call.
# -- Compiling program fa_pb_block
# ** Error (suppressible): 06scoreboard.sv(5): (vlog-2997) Cannot assign a packed type 'reg' to an unpacked type 'class handle (void)'.
# ** Error (suppressible): 06scoreboard.sv(6): (vlog-2997) Cannot assign a packed type 'reg' to an unpacked type 'class handle (void)'.
# ** Error (suppressible): 10environment.sv(31): (vlog-13215) Arg. 'im2s' of 'new':  Cannot assign an unpacked type 'class handle (void)' to a packed type 'reg'.
# ** Error (suppressible): 10environment.sv(31): (vlog-13215) Arg. 'om2s' of 'new':  Cannot assign an unpacked type 'class handle (void)' to a packed type 'reg'.
# ** Error: 11test.sv(14): Number of actuals and formals does not match in function call.
# -- Compiling interface fa_interface
# -- Compiling module top_fa
# End time: 17:49:14 on Mar 13,2023, Elapsed time: 0:00:00
# Errors: 10, Warnings: 3
# ** Error: C:/questasim64_10.7c/win64/vlog failed.
# Error in macro ./run.do line 5
# C:/questasim64_10.7c/win64/vlog failed.
#     while executing
# "vlog 30top.sv "
do run.do
# ** Warning: (vlib-34) Library already exists at "work".
# QuestaSim-64 vlog 10.7c Compiler 2018.08 Aug 18 2018
# Start time: 17:50:03 on Mar 13,2023
# vlog -reportprogress 300 30top.sv 
# -- Compiling module fa_dut
# -- Compiling package _30top_sv_unit
# ** Warning: 02generator.sv(13): (vlog-2240) Treating stand-alone use of function 'randomize' as an implicit VOID cast.
# ** Warning: 02generator.sv(14): (vlog-2240) Treating stand-alone use of function 'fa_display' as an implicit VOID cast.
# ** Warning: 10environment.sv(35): (vlog-2240) Treating stand-alone use of function 'build' as an implicit VOID cast.
# ** Error: 11test.sv(14): Number of actuals and formals does not match in function call.
# -- Compiling program fa_pb_block
# ** Error: 11test.sv(14): Number of actuals and formals does not match in function call.
# -- Compiling interface fa_interface
# -- Compiling module top_fa
# End time: 17:50:03 on Mar 13,2023, Elapsed time: 0:00:00
# Errors: 2, Warnings: 3
# ** Error: C:/questasim64_10.7c/win64/vlog failed.
# Error in macro ./run.do line 5
# C:/questasim64_10.7c/win64/vlog failed.
#     while executing
# "vlog 30top.sv "
do run.do
# ** Warning: (vlib-34) Library already exists at "work".
# QuestaSim-64 vlog 10.7c Compiler 2018.08 Aug 18 2018
# Start time: 17:50:57 on Mar 13,2023
# vlog -reportprogress 300 30top.sv 
# -- Compiling module fa_dut
# ** Error: (vlog-13069) ** while parsing file included at 30top.sv(2)
# ** while parsing file included at 21program_block.sv(1)
# ** while parsing file included at 11test.sv(1)
# ** at 10environment.sv(8): near "(": syntax error, unexpected '(', expecting implements or ';'.
# End time: 17:50:57 on Mar 13,2023, Elapsed time: 0:00:00
# Errors: 1, Warnings: 0
# ** Error: C:/questasim64_10.7c/win64/vlog failed.
# Error in macro ./run.do line 5
# C:/questasim64_10.7c/win64/vlog failed.
#     while executing
# "vlog 30top.sv "
do run.do
# ** Warning: (vlib-34) Library already exists at "work".
# QuestaSim-64 vlog 10.7c Compiler 2018.08 Aug 18 2018
# Start time: 17:52:06 on Mar 13,2023
# vlog -reportprogress 300 30top.sv 
# -- Compiling module fa_dut
# ** Error: (vlog-13069) ** while parsing file included at 30top.sv(2)
# ** while parsing file included at 21program_block.sv(1)
# ** while parsing file included at 11test.sv(1)
# ** at 10environment.sv(8): near "(": syntax error, unexpected '(', expecting implements or ';'.
# End time: 17:52:06 on Mar 13,2023, Elapsed time: 0:00:00
# Errors: 1, Warnings: 0
# ** Error: C:/questasim64_10.7c/win64/vlog failed.
# Error in macro ./run.do line 5
# C:/questasim64_10.7c/win64/vlog failed.
#     while executing
# "vlog 30top.sv "
do run.do
# ** Warning: (vlib-34) Library already exists at "work".
# QuestaSim-64 vlog 10.7c Compiler 2018.08 Aug 18 2018
# Start time: 17:52:13 on Mar 13,2023
# vlog -reportprogress 300 30top.sv 
# -- Compiling module fa_dut
# ** Error: (vlog-13069) ** while parsing file included at 30top.sv(2)
# ** while parsing file included at 21program_block.sv(1)
# ** while parsing file included at 11test.sv(1)
# ** at 10environment.sv(20): near ";": syntax error, unexpected ';', expecting ')'.
# End time: 17:52:13 on Mar 13,2023, Elapsed time: 0:00:00
# Errors: 1, Warnings: 0
# ** Error: C:/questasim64_10.7c/win64/vlog failed.
# Error in macro ./run.do line 5
# C:/questasim64_10.7c/win64/vlog failed.
#     while executing
# "vlog 30top.sv "
do run.do
# ** Warning: (vlib-34) Library already exists at "work".
# QuestaSim-64 vlog 10.7c Compiler 2018.08 Aug 18 2018
# Start time: 17:52:20 on Mar 13,2023
# vlog -reportprogress 300 30top.sv 
# -- Compiling module fa_dut
# -- Compiling package _30top_sv_unit
# ** Warning: 02generator.sv(13): (vlog-2240) Treating stand-alone use of function 'randomize' as an implicit VOID cast.
# ** Warning: 02generator.sv(14): (vlog-2240) Treating stand-alone use of function 'fa_display' as an implicit VOID cast.
# ** Warning: 10environment.sv(39): (vlog-2240) Treating stand-alone use of function 'build' as an implicit VOID cast.
# -- Compiling program fa_pb_block
# -- Compiling interface fa_interface
# -- Compiling module top_fa
# 
# Top level modules:
# 	top_fa
# End time: 17:52:20 on Mar 13,2023, Elapsed time: 0:00:00
# Errors: 0, Warnings: 3
