# vsim work.constraint_iter -l 07constraint_iterative.log 
# Start time: 23:33:45 on Mar 03,2023
# ** Note: (vsim-3812) Design is being optimized...
# ** Warning: 07constraint_iterative.sv(41): (vopt-2244) Variable 'pkt' is implicitly static. You must either explicitly declare it as static or automatic
# or remove the initialization in the declaration of variable.
# ** Warning: 07constraint_iterative.sv(45): (vopt-2240) Treating stand-alone use of function 'randomize' as an implicit VOID cast.
# Loading sv_std.std
# Loading work._07constraint_iterative_sv_unit(fast)
# Loading work.constraint_iter(fast)
# ------------------------------------
# 	addr-size = 3 data-size = 3
# 	addr = 12 data = 1
# 	addr = 8 data = 22
# 	addr = 8 data = 51
# ------------------------------------
# 	addr-size = 3 data-size = 3
# 	addr = 12 data = 95
# 	addr = 16 data = 37
# 	addr = 4 data = 90
# ------------------------------------
do 07constraint_iterative.do
# ** Warning: (vlib-34) Library already exists at "work".
# QuestaSim-64 vlog 10.7c Compiler 2018.08 Aug 18 2018
# Start time: 23:34:47 on Mar 03,2023
# vlog -reportprogress 300 07constraint_iterative.sv 
# -- Compiling package _07constraint_iterative_sv_unit
# ** Error: 07constraint_iterative.sv(4): (vlog-2926) Invalid array variable 'addr' specified for iterative constraint.
# ** Error: 07constraint_iterative.sv(5): (vlog-2926) Invalid array variable 'data' specified for iterative constraint.
# ** Error (suppressible): (vlog-13276) 07constraint_iterative.sv(7): Could not find field/method name (size) in 'addr' of 'addr.size'.
# ** Error (suppressible): (vlog-13276) 07constraint_iterative.sv(8): Could not find field/method name (size) in 'data' of 'data.size'.
# ** Error (suppressible): (vlog-13276) 07constraint_iterative.sv(8): Could not find field/method name (size) in 'data' of 'data.size.$$'.
# ** Error (suppressible): (vlog-13276) 07constraint_iterative.sv(8): Could not find field/method name (size) in 'addr' of 'addr.size'.
# ** Error (suppressible): (vlog-13276) 07constraint_iterative.sv(8): Could not find field/method name (size) in 'addr' of 'addr.size.$$'.
# -- Compiling module constraint_iter
# ** Error: 07constraint_iterative.sv(4): (vlog-2926) Invalid array variable 'addr' specified for iterative constraint.
# ** Error: 07constraint_iterative.sv(5): (vlog-2926) Invalid array variable 'data' specified for iterative constraint.
# ** Error (suppressible): (vlog-13276) 07constraint_iterative.sv(7): Could not find field/method name (size) in 'addr' of 'addr.size'.
# ** Error (suppressible): (vlog-13276) 07constraint_iterative.sv(8): Could not find field/method name (size) in 'data' of 'data.size'.
# ** Error (suppressible): (vlog-13276) 07constraint_iterative.sv(8): Could not find field/method name (size) in 'data' of 'data.size.$$'.
# ** Error (suppressible): (vlog-13276) 07constraint_iterative.sv(8): Could not find field/method name (size) in 'addr' of 'addr.size'.
# ** Error (suppressible): (vlog-13276) 07constraint_iterative.sv(8): Could not find field/method name (size) in 'addr' of 'addr.size.$$'.
# ** Warning: 07constraint_iterative.sv(19): (vlog-2240) Treating stand-alone use of function 'randomize' as an implicit VOID cast.
# ** Error (suppressible): (vlog-13276) 07constraint_iterative.sv(20): Could not find field/method name (size) in 'addr' of 'ab.addr.size'.
# ** Error (suppressible): (vlog-13276) 07constraint_iterative.sv(20): Could not find field/method name (size) in 'addr' of 'ab.addr.size.$$'.
# ** Error (suppressible): (vlog-13276) 07constraint_iterative.sv(20): Could not find field/method name (size) in 'data' of 'ab.data.size'.
# ** Error (suppressible): (vlog-13276) 07constraint_iterative.sv(20): Could not find field/method name (size) in 'data' of 'ab.data.size.$$'.
# End time: 23:34:47 on Mar 03,2023, Elapsed time: 0:00:00
# Errors: 18, Warnings: 1
# ** Error: C:/questasim64_10.7c/win64/vlog failed.
# Error in macro ./07constraint_iterative.do line 2
# C:/questasim64_10.7c/win64/vlog failed.
#     while executing
# "vlog 07constraint_iterative.sv"
do 07constraint_iterative.do
# ** Warning: (vlib-34) Library already exists at "work".
# QuestaSim-64 vlog 10.7c Compiler 2018.08 Aug 18 2018
# Start time: 23:35:25 on Mar 03,2023
# vlog -reportprogress 300 07constraint_iterative.sv 
# ** Warning: 07constraint_iterative.sv(17): (vlog-2244) Variable 'ab' is implicitly static. You must either explicitly declare it as static or automatic
# or remove the initialization in the declaration of variable.
# -- Compiling package _07constraint_iterative_sv_unit
# ** Error: 07constraint_iterative.sv(4): (vlog-2926) Invalid array variable 'addr' specified for iterative constraint.
# ** Error: 07constraint_iterative.sv(5): (vlog-2926) Invalid array variable 'data' specified for iterative constraint.
# ** Error (suppressible): (vlog-13276) 07constraint_iterative.sv(7): Could not find field/method name (size) in 'addr' of 'addr.size'.
# ** Error (suppressible): (vlog-13276) 07constraint_iterative.sv(8): Could not find field/method name (size) in 'data' of 'data.size'.
# ** Error (suppressible): (vlog-13276) 07constraint_iterative.sv(8): Could not find field/method name (size) in 'data' of 'data.size.$$'.
# ** Error (suppressible): (vlog-13276) 07constraint_iterative.sv(8): Could not find field/method name (size) in 'addr' of 'addr.size'.
# ** Error (suppressible): (vlog-13276) 07constraint_iterative.sv(8): Could not find field/method name (size) in 'addr' of 'addr.size.$$'.
# -- Compiling module constraint_iter
# ** Warning: 07constraint_iterative.sv(17): (vlog-2244) Variable 'ab' is implicitly static. You must either explicitly declare it as static or automatic
# or remove the initialization in the declaration of variable.
# ** Error: 07constraint_iterative.sv(4): (vlog-2926) Invalid array variable 'addr' specified for iterative constraint.
# ** Error: 07constraint_iterative.sv(5): (vlog-2926) Invalid array variable 'data' specified for iterative constraint.
# ** Error (suppressible): (vlog-13276) 07constraint_iterative.sv(7): Could not find field/method name (size) in 'addr' of 'addr.size'.
# ** Error (suppressible): (vlog-13276) 07constraint_iterative.sv(8): Could not find field/method name (size) in 'data' of 'data.size'.
# ** Error (suppressible): (vlog-13276) 07constraint_iterative.sv(8): Could not find field/method name (size) in 'data' of 'data.size.$$'.
# ** Error (suppressible): (vlog-13276) 07constraint_iterative.sv(8): Could not find field/method name (size) in 'addr' of 'addr.size'.
# ** Error (suppressible): (vlog-13276) 07constraint_iterative.sv(8): Could not find field/method name (size) in 'addr' of 'addr.size.$$'.
# ** Warning: 07constraint_iterative.sv(20): (vlog-2240) Treating stand-alone use of function 'randomize' as an implicit VOID cast.
# ** Error (suppressible): (vlog-13276) 07constraint_iterative.sv(21): Could not find field/method name (size) in 'addr' of 'ab.addr.size'.
# ** Error (suppressible): (vlog-13276) 07constraint_iterative.sv(21): Could not find field/method name (size) in 'addr' of 'ab.addr.size.$$'.
# ** Error (suppressible): (vlog-13276) 07constraint_iterative.sv(21): Could not find field/method name (size) in 'data' of 'ab.data.size'.
# ** Error (suppressible): (vlog-13276) 07constraint_iterative.sv(21): Could not find field/method name (size) in 'data' of 'ab.data.size.$$'.
# End time: 23:35:25 on Mar 03,2023, Elapsed time: 0:00:00
# Errors: 18, Warnings: 3
# ** Error: C:/questasim64_10.7c/win64/vlog failed.
# Error in macro ./07constraint_iterative.do line 2
# C:/questasim64_10.7c/win64/vlog failed.
#     while executing
# "vlog 07constraint_iterative.sv"
do 07constraint_iterative.do
# ** Warning: (vlib-34) Library already exists at "work".
# QuestaSim-64 vlog 10.7c Compiler 2018.08 Aug 18 2018
# Start time: 23:36:21 on Mar 03,2023
# vlog -reportprogress 300 07constraint_iterative.sv 
# ** Warning: 07constraint_iterative.sv(17): (vlog-2244) Variable 'ab' is implicitly static. You must either explicitly declare it as static or automatic
# or remove the initialization in the declaration of variable.
# -- Compiling package _07constraint_iterative_sv_unit
# ** Error: 07constraint_iterative.sv(4): (vlog-2926) Invalid array variable 'addr' specified for iterative constraint.
# ** Error: 07constraint_iterative.sv(5): (vlog-2926) Invalid array variable 'data' specified for iterative constraint.
# ** Error (suppressible): (vlog-13276) 07constraint_iterative.sv(7): Could not find field/method name (size) in 'addr' of 'addr.size'.
# ** Error (suppressible): (vlog-13276) 07constraint_iterative.sv(8): Could not find field/method name (size) in 'data' of 'data.size'.
# ** Error (suppressible): (vlog-13276) 07constraint_iterative.sv(8): Could not find field/method name (size) in 'addr' of 'addr.size'.
# -- Compiling module constraint_iter
# ** Warning: 07constraint_iterative.sv(17): (vlog-2244) Variable 'ab' is implicitly static. You must either explicitly declare it as static or automatic
# or remove the initialization in the declaration of variable.
# ** Error: 07constraint_iterative.sv(4): (vlog-2926) Invalid array variable 'addr' specified for iterative constraint.
# ** Error: 07constraint_iterative.sv(5): (vlog-2926) Invalid array variable 'data' specified for iterative constraint.
# ** Error (suppressible): (vlog-13276) 07constraint_iterative.sv(7): Could not find field/method name (size) in 'addr' of 'addr.size'.
# ** Error (suppressible): (vlog-13276) 07constraint_iterative.sv(8): Could not find field/method name (size) in 'data' of 'data.size'.
# ** Error (suppressible): (vlog-13276) 07constraint_iterative.sv(8): Could not find field/method name (size) in 'addr' of 'addr.size'.
# ** Warning: 07constraint_iterative.sv(20): (vlog-2240) Treating stand-alone use of function 'randomize' as an implicit VOID cast.
# ** Error (suppressible): (vlog-13276) 07constraint_iterative.sv(21): Could not find field/method name (size) in 'addr' of 'ab.addr.size'.
# ** Error (suppressible): (vlog-13276) 07constraint_iterative.sv(21): Could not find field/method name (size) in 'addr' of 'ab.addr.size.$$'.
# ** Error (suppressible): (vlog-13276) 07constraint_iterative.sv(21): Could not find field/method name (size) in 'data' of 'ab.data.size'.
# ** Error (suppressible): (vlog-13276) 07constraint_iterative.sv(21): Could not find field/method name (size) in 'data' of 'ab.data.size.$$'.
# End time: 23:36:21 on Mar 03,2023, Elapsed time: 0:00:00
# Errors: 14, Warnings: 3
# ** Error: C:/questasim64_10.7c/win64/vlog failed.
# Error in macro ./07constraint_iterative.do line 2
# C:/questasim64_10.7c/win64/vlog failed.
#     while executing
# "vlog 07constraint_iterative.sv"
do 07constraint_iterative.do
# ** Warning: (vlib-34) Library already exists at "work".
# QuestaSim-64 vlog 10.7c Compiler 2018.08 Aug 18 2018
# Start time: 23:36:41 on Mar 03,2023
# vlog -reportprogress 300 07constraint_iterative.sv 
# ** Warning: 07constraint_iterative.sv(17): (vlog-2244) Variable 'ab' is implicitly static. You must either explicitly declare it as static or automatic
# or remove the initialization in the declaration of variable.
# -- Compiling package _07constraint_iterative_sv_unit
# -- Compiling module constraint_iter
# ** Warning: 07constraint_iterative.sv(17): (vlog-2244) Variable 'ab' is implicitly static. You must either explicitly declare it as static or automatic
# or remove the initialization in the declaration of variable.
# ** Warning: 07constraint_iterative.sv(20): (vlog-2240) Treating stand-alone use of function 'randomize' as an implicit VOID cast.
# 
# Top level modules:
# 	constraint_iter
# End time: 23:36:41 on Mar 03,2023, Elapsed time: 0:00:00
# Errors: 0, Warnings: 3
# End time: 23:36:43 on Mar 03,2023, Elapsed time: 0:02:58
# Errors: 21, Warnings: 12
# vsim work.constraint_iter -l 07constraint_iterative.log 
# Start time: 23:36:43 on Mar 03,2023
# ** Note: (vsim-3813) Design is being optimized due to module recompilation...
# ** Error (suppressible): 07constraint_iterative.sv(23): (vopt-7063) Failed to find 'pkt' in hierarchical name 'pkt.addr'.
#         Region: constraint_iter
# Optimization failed
# Error loading design
# Error: Error loading design
#        Pausing macro execution
# MACRO ./07constraint_iterative.do PAUSED at line 3
cd {D:\Obsi\systemverilog_nitindinnu\05_classes_in_sv\05randomization_nd_constraints\02constraints}
do 07constraint_iterative.do
# ** Warning: (vlib-34) Library already exists at "work".
# QuestaSim-64 vlog 10.7c Compiler 2018.08 Aug 18 2018
# Start time: 23:36:56 on Mar 03,2023
# vlog -reportprogress 300 07constraint_iterative.sv 
# ** Warning: 07constraint_iterative.sv(17): (vlog-2244) Variable 'ab' is implicitly static. You must either explicitly declare it as static or automatic
# or remove the initialization in the declaration of variable.
# -- Compiling package _07constraint_iterative_sv_unit
# -- Compiling module constraint_iter
# ** Warning: 07constraint_iterative.sv(17): (vlog-2244) Variable 'ab' is implicitly static. You must either explicitly declare it as static or automatic
# or remove the initialization in the declaration of variable.
# ** Warning: 07constraint_iterative.sv(20): (vlog-2240) Treating stand-alone use of function 'randomize' as an implicit VOID cast.
# 
# Top level modules:
# 	constraint_iter
# End time: 23:36:56 on Mar 03,2023, Elapsed time: 0:00:00
# Errors: 0, Warnings: 3
# vsim work.constraint_iter -l 07constraint_iterative.log 
# Start time: 23:36:43 on Mar 03,2023
# ** Note: (vsim-3812) Design is being optimized...
# ** Warning: 07constraint_iterative.sv(17): (vopt-2244) Variable 'ab' is implicitly static. You must either explicitly declare it as static or automatic
# or remove the initialization in the declaration of variable.
# ** Warning: 07constraint_iterative.sv(20): (vopt-2240) Treating stand-alone use of function 'randomize' as an implicit VOID cast.
# Loading sv_std.std
# Loading work._07constraint_iterative_sv_unit(fast)
# Loading work.constraint_iter(fast)
# ---------------------------
# 	addr-size = 3 data-size = 3
# 	addr = 12 data = 1
# 	addr = 8 data = 22
# 	addr = 8 data = 51
# ---------------------------
# 	addr-size = 3 data-size = 3
# 	addr = 12 data = 95
# 	addr = 14 data = 37
# 	addr = 4 data = 90
# ---------------------------
# 	addr-size = 2 data-size = 2
# 	addr = 4 data = 82
# 	addr = 14 data = 127
# ---------------------------
do 07constraint_iterative.do
# ** Warning: (vlib-34) Library already exists at "work".
# QuestaSim-64 vlog 10.7c Compiler 2018.08 Aug 18 2018
# Start time: 23:37:39 on Mar 03,2023
# vlog -reportprogress 300 07constraint_iterative.sv 
# ** Warning: 07constraint_iterative.sv(17): (vlog-2244) Variable 'ab' is implicitly static. You must either explicitly declare it as static or automatic
# or remove the initialization in the declaration of variable.
# -- Compiling package _07constraint_iterative_sv_unit
# -- Compiling module constraint_iter
# ** Warning: 07constraint_iterative.sv(17): (vlog-2244) Variable 'ab' is implicitly static. You must either explicitly declare it as static or automatic
# or remove the initialization in the declaration of variable.
# ** Warning: 07constraint_iterative.sv(20): (vlog-2240) Treating stand-alone use of function 'randomize' as an implicit VOID cast.
# 
# Top level modules:
# 	constraint_iter
# End time: 23:37:39 on Mar 03,2023, Elapsed time: 0:00:00
# Errors: 0, Warnings: 3
# End time: 23:37:41 on Mar 03,2023, Elapsed time: 0:00:58
# Errors: 1, Warnings: 5
# vsim work.constraint_iter -l 07constraint_iterative.log 
# Start time: 23:37:41 on Mar 03,2023
# ** Note: (vsim-3813) Design is being optimized due to module recompilation...
# ** Warning: 07constraint_iterative.sv(17): (vopt-2244) Variable 'ab' is implicitly static. You must either explicitly declare it as static or automatic
# or remove the initialization in the declaration of variable.
# ** Warning: 07constraint_iterative.sv(20): (vopt-2240) Treating stand-alone use of function 'randomize' as an implicit VOID cast.
# Loading sv_std.std
# Loading work._07constraint_iterative_sv_unit(fast)
# Loading work.constraint_iter(fast)
# ---------------------------
# 	addr-size = 3 data-size = 3
# 	addr = 12 data = 1
# 	addr = 8 data = 22
# 	addr = 8 data = 51
# ---------------------------
# 	addr-size = 3 data-size = 3
# 	addr = 12 data = 95
# 	addr = 14 data = 37
# 	addr = 4 data = 90
# ---------------------------
# 	addr-size = 2 data-size = 2
# 	addr = 4 data = 82
# 	addr = 14 data = 127
# ---------------------------
# 	addr-size = 3 data-size = 3
# 	addr = 14 data = 37
# 	addr = 12 data = 124
# 	addr = 12 data = 103
# ---------------------------
# 	addr-size = 0 data-size = 0
# ---------------------------
# End time: 23:41:06 on Mar 03,2023, Elapsed time: 0:03:25
# Errors: 0, Warnings: 2
