# vsim work.constraint_disable -l 08constraint_disabling.log 
# Start time: 23:09:04 on Mar 02,2023
# ** Note: (vsim-8009) Loading existing optimized design _opt
# Loading sv_std.std
# Loading work._08constraint_disabling_sv_unit(fast)
# Loading work.constraint_disable(fast)
# value of a=1	 b=0 	 c=1
# value of a=16	 b=11 	 c=5
# value of a=9	 b=7 	 c=2
# value of a=5	 b=2 	 c=3
# value of a=13	 b=9 	 c=4
# value of a=5	 b=5 	 c=0
# value of a=1	 b=0 	 c=1
# value of a=20	 b=15 	 c=5
# value of a=12	 b=10 	 c=2
# value of a=9	 b=6 	 c=3
# value of a=17	 b=13 	 c=4
# value of a=8	 b=8 	 c=0
# value of a=5	 b=4 	 c=1
# value of a=8	 b=3 	 c=5
# value of a=18	 b=14 	 c=4
# value of a=3	 b=1 	 c=2
# value of a=12	 b=12 	 c=0
# value of a=7	 b=4 	 c=3
# value of a=13	 b=9 	 c=4
# value of a=6	 b=3 	 c=3
do 09static_constraint.do
# ** Warning: (vlib-34) Library already exists at "work".
# QuestaSim-64 vlog 10.7c Compiler 2018.08 Aug 18 2018
# Start time: 23:10:04 on Mar 02,2023
# vlog -reportprogress 300 09static_constraint.sv 
# ** Warning: 09static_constraint.sv(9): (vlog-2244) Variable 'tt2' is implicitly static. You must either explicitly declare it as static or automatic
# or remove the initialization in the declaration of variable.
# -- Compiling package _09static_constraint_sv_unit
# -- Compiling module static_constraints
# ** Warning: 09static_constraint.sv(9): (vlog-2244) Variable 'tt2' is implicitly static. You must either explicitly declare it as static or automatic
# or remove the initialization in the declaration of variable.
# ** Warning: 09static_constraint.sv(13): (vlog-2240) Treating stand-alone use of function 'randomize' as an implicit VOID cast.
# ** Warning: 09static_constraint.sv(15): (vlog-2240) Treating stand-alone use of function 'randomize' as an implicit VOID cast.
# ** Warning: 09static_constraint.sv(20): (vlog-2240) Treating stand-alone use of function 'randomize' as an implicit VOID cast.
# ** Warning: 09static_constraint.sv(22): (vlog-2240) Treating stand-alone use of function 'randomize' as an implicit VOID cast.
# 
# Top level modules:
# 	static_constraints
# End time: 23:10:04 on Mar 02,2023, Elapsed time: 0:00:00
# Errors: 0, Warnings: 6
