# End time: 10:48:02 on Mar 03,2023, Elapsed time: 0:03:02
# Errors: 28, Warnings: 2
# vsim work.solve_befor -l 13constraint_solve_before.log 
# Start time: 10:48:02 on Mar 03,2023
# ** Note: (vsim-3812) Design is being optimized...
# ** Warning: 13constraint_solve_before.sv(12): (vopt-2240) Treating stand-alone use of function 'randomize' as an implicit VOID cast.
# Loading sv_std.std
# Loading work._13constraint_solve_before_sv_unit(fast)
# Loading work.solve_befor(fast)
# a=0,b=0
# a=0,b=3
# a=0,b=2
# a=1,b=3
# a=0,b=0
# a=1,b=3
# a=0,b=1
# a=0,b=0
do 13constraint_solve_before.do
# ** Warning: (vlib-34) Library already exists at "work".
# QuestaSim-64 vlog 10.7c Compiler 2018.08 Aug 18 2018
# Start time: 10:55:27 on Mar 03,2023
# vlog -reportprogress 300 13constraint_solve_before.sv 
# -- Compiling package _13constraint_solve_before_sv_unit
# -- Compiling module solve_befor
# ** Warning: 13constraint_solve_before.sv(12): (vlog-2240) Treating stand-alone use of function 'randomize' as an implicit VOID cast.
# 
# Top level modules:
# 	solve_befor
# End time: 10:55:27 on Mar 03,2023, Elapsed time: 0:00:00
# Errors: 0, Warnings: 1
# End time: 10:55:29 on Mar 03,2023, Elapsed time: 0:07:27
# Errors: 0, Warnings: 2
# vsim work.solve_befor -l 13constraint_solve_before.log 
# Start time: 10:55:29 on Mar 03,2023
# ** Note: (vsim-3813) Design is being optimized due to module recompilation...
# ** Warning: 13constraint_solve_before.sv(12): (vopt-2240) Treating stand-alone use of function 'randomize' as an implicit VOID cast.
# Loading sv_std.std
# Loading work._13constraint_solve_before_sv_unit(fast)
# Loading work.solve_befor(fast)
# [0],a=0,b=0
# [1],a=0,b=3
# [2],a=0,b=2
# [3],a=1,b=3
# [4],a=0,b=0
# [5],a=1,b=3
# [6],a=0,b=1
# [7],a=0,b=0
do 13constraint_solve_before.do
# ** Warning: (vlib-34) Library already exists at "work".
# QuestaSim-64 vlog 10.7c Compiler 2018.08 Aug 18 2018
# Start time: 10:56:16 on Mar 03,2023
# vlog -reportprogress 300 13constraint_solve_before.sv 
# -- Compiling package _13constraint_solve_before_sv_unit
# -- Compiling module solve_befor
# ** Warning: 13constraint_solve_before.sv(12): (vlog-2240) Treating stand-alone use of function 'randomize' as an implicit VOID cast.
# 
# Top level modules:
# 	solve_befor
# End time: 10:56:16 on Mar 03,2023, Elapsed time: 0:00:00
# Errors: 0, Warnings: 1
# End time: 10:56:18 on Mar 03,2023, Elapsed time: 0:00:49
# Errors: 0, Warnings: 2
# vsim work.solve_befor -l 13constraint_solve_before.log 
# Start time: 10:56:18 on Mar 03,2023
# ** Note: (vsim-3813) Design is being optimized due to module recompilation...
# ** Warning: 13constraint_solve_before.sv(12): (vopt-2240) Treating stand-alone use of function 'randomize' as an implicit VOID cast.
# Loading sv_std.std
# Loading work._13constraint_solve_before_sv_unit(fast)
# Loading work.solve_befor(fast)
# [0],a=0,b=0
# [1],a=0,b=3
# [2],a=0,b=2
# [3],a=1,b=3
# [4],a=0,b=0
# [5],a=1,b=3
# [6],a=0,b=1
# [7],a=0,b=0
