# vsim work1.struct_example1 -l run.log 
# Start time: 10:54:35 on Feb 16,2023
# ** Note: (vsim-3812) Design is being optimized...
# ** Error: (vopt-13130) Failed to find design unit struct_example1.
#         Searched libraries:
#             work
#             work1
# Optimization failed
# Error loading design
# Error: Error loading design
#        Pausing macro execution
# MACRO ./structexample1.do PAUSED at line 3
do structexample1.do
# ** Warning: (vlib-34) Library already exists at "work".
# QuestaSim-64 vlog 10.7c Compiler 2018.08 Aug 18 2018
# Start time: 10:55:09 on Feb 16,2023
# vlog -reportprogress 300 struct1.sv 
# -- Compiling module struct_example1
# 
# Top level modules:
# 	struct_example1
# End time: 10:55:09 on Feb 16,2023, Elapsed time: 0:00:00
# Errors: 0, Warnings: 0
# vsim work.struct_example1 -l run.log 
# Start time: 10:54:35 on Feb 16,2023
# ** Note: (vsim-3812) Design is being optimized...
# Loading sv_std.std
# Loading work.struct_example1(fast)
# default memory = 0 x
# default memory = 11 x
# default memory = 11 10
do structexample1.do
# ** Warning: (vlib-34) Library already exists at "work".
# QuestaSim-64 vlog 10.7c Compiler 2018.08 Aug 18 2018
# Start time: 10:56:12 on Feb 16,2023
# vlog -reportprogress 300 struct1.sv 
# -- Compiling module struct_example1
# 
# Top level modules:
# 	struct_example1
# End time: 10:56:12 on Feb 16,2023, Elapsed time: 0:00:00
# Errors: 0, Warnings: 0
# End time: 10:56:15 on Feb 16,2023, Elapsed time: 0:01:40
# Errors: 1, Warnings: 0
# vsim work.struct_example1 -l run.log 
# Start time: 10:56:15 on Feb 16,2023
# ** Note: (vsim-3813) Design is being optimized due to module recompilation...
# Loading sv_std.std
# Loading work.struct_example1(fast)
# default memory = 0 x
# default memory = 15 x
# default memory = 15 10
do structexample1.do
# ** Warning: (vlib-34) Library already exists at "work".
# QuestaSim-64 vlog 10.7c Compiler 2018.08 Aug 18 2018
# Start time: 11:10:25 on Feb 16,2023
# vlog -reportprogress 300 struct1.sv 
# -- Compiling module struct_example1
# -- Compiling module struct_packed
# 
# Top level modules:
# 	struct_example1
# 	struct_packed
# End time: 11:10:25 on Feb 16,2023, Elapsed time: 0:00:00
# Errors: 0, Warnings: 0
# End time: 11:10:26 on Feb 16,2023, Elapsed time: 0:14:11
# Errors: 0, Warnings: 0
# vsim work.struct_example1 -l run.log 
# Start time: 11:10:26 on Feb 16,2023
# ** Note: (vsim-3813) Design is being optimized due to module recompilation...
# Loading sv_std.std
# Loading work.struct_example1(fast)
# default memory = {} 0 x
# default memory = {} 15 x
# default memory = {} 15 10
# default memory = {nitin} 12 55
do structexample1.do
# ** Warning: (vlib-34) Library already exists at "work".
# QuestaSim-64 vlog 10.7c Compiler 2018.08 Aug 18 2018
# Start time: 11:10:55 on Feb 16,2023
# vlog -reportprogress 300 struct1.sv 
# -- Compiling module struct_example1
# ** Error (suppressible): struct1.sv(18): (vlog-2997) Cannot assign a packed type 'bit[75:0]' to an unpacked type 'struct_example1.struct'.
# -- Compiling module struct_packed
# End time: 11:10:55 on Feb 16,2023, Elapsed time: 0:00:00
# Errors: 1, Warnings: 0
# ** Error: C:/questasim64_10.7c/win64/vlog failed.
# Error in macro ./structexample1.do line 2
# C:/questasim64_10.7c/win64/vlog failed.
#     while executing
# "vlog struct1.sv"
do structexample1.do
# ** Warning: (vlib-34) Library already exists at "work".
# QuestaSim-64 vlog 10.7c Compiler 2018.08 Aug 18 2018
# Start time: 11:11:24 on Feb 16,2023
# vlog -reportprogress 300 struct1.sv 
# -- Compiling module struct_example1
# ** Error (suppressible): struct1.sv(18): (vlog-2997) Cannot assign a packed type 'bit[75:0]' to an unpacked type 'struct_example1.struct'.
# -- Compiling module struct_packed
# End time: 11:11:24 on Feb 16,2023, Elapsed time: 0:00:00
# Errors: 1, Warnings: 0
# ** Error: C:/questasim64_10.7c/win64/vlog failed.
# Error in macro ./structexample1.do line 2
# C:/questasim64_10.7c/win64/vlog failed.
#     while executing
# "vlog struct1.sv"
do structexample1.do
# ** Warning: (vlib-34) Library already exists at "work".
# QuestaSim-64 vlog 10.7c Compiler 2018.08 Aug 18 2018
# Start time: 11:11:48 on Feb 16,2023
# vlog -reportprogress 300 struct1.sv 
# -- Compiling module struct_example1
# -- Compiling module struct_packed
# 
# Top level modules:
# 	struct_example1
# 	struct_packed
# End time: 11:11:48 on Feb 16,2023, Elapsed time: 0:00:00
# Errors: 0, Warnings: 0
# End time: 11:11:49 on Feb 16,2023, Elapsed time: 0:01:23
# Errors: 6, Warnings: 0
# vsim work.struct_example1 -l run.log 
# Start time: 11:11:49 on Feb 16,2023
# ** Note: (vsim-3813) Design is being optimized due to module recompilation...
# Loading sv_std.std
# Loading work.struct_example1(fast)
# default memory = {} 0 x
# default memory = {} 15 x
# default memory = {} 15 10
# default memory = {nitin} 12 55
do structexample1.do
# ** Warning: (vlib-34) Library already exists at "work".
# QuestaSim-64 vlog 10.7c Compiler 2018.08 Aug 18 2018
# Start time: 11:11:57 on Feb 16,2023
# vlog -reportprogress 300 struct1.sv 
# -- Compiling module struct_example1
# ** Error (suppressible): struct1.sv(18): (vlog-2997) Cannot assign a packed type 'bit[75:0]' to an unpacked type 'struct_example1.struct'.
# -- Compiling module struct_packed
# End time: 11:11:57 on Feb 16,2023, Elapsed time: 0:00:00
# Errors: 1, Warnings: 0
# ** Error: C:/questasim64_10.7c/win64/vlog failed.
# Error in macro ./structexample1.do line 2
# C:/questasim64_10.7c/win64/vlog failed.
#     while executing
# "vlog struct1.sv"
do structexample1.do
# ** Warning: (vlib-34) Library already exists at "work".
# QuestaSim-64 vlog 10.7c Compiler 2018.08 Aug 18 2018
# Start time: 11:12:52 on Feb 16,2023
# vlog -reportprogress 300 struct1.sv 
# -- Compiling module struct_example1
# -- Compiling module struct_packed
# 
# Top level modules:
# 	struct_example1
# 	struct_packed
# End time: 11:12:52 on Feb 16,2023, Elapsed time: 0:00:00
# Errors: 0, Warnings: 0
# End time: 11:12:53 on Feb 16,2023, Elapsed time: 0:01:04
# Errors: 3, Warnings: 0
# vsim work.struct_example1 -l run.log 
# Start time: 11:12:53 on Feb 16,2023
# ** Note: (vsim-8009) Loading existing optimized design _opt
# Loading sv_std.std
# Loading work.struct_example1(fast)
# default memory = {} 0 x
# default memory = {} 15 x
# default memory = {} 15 10
# default memory = {nitin} 12 55
do structexample1.do
# ** Warning: (vlib-34) Library already exists at "work".
# QuestaSim-64 vlog 10.7c Compiler 2018.08 Aug 18 2018
# Start time: 11:13:49 on Feb 16,2023
# vlog -reportprogress 300 struct1.sv 
# -- Compiling module struct_example1
# -- Compiling module struct_packed
# 
# Top level modules:
# 	struct_example1
# 	struct_packed
# End time: 11:13:49 on Feb 16,2023, Elapsed time: 0:00:00
# Errors: 0, Warnings: 0
# End time: 11:13:50 on Feb 16,2023, Elapsed time: 0:00:57
# Errors: 0, Warnings: 0
# vsim work.struct_example1 -l run.log 
# Start time: 11:13:50 on Feb 16,2023
# ** Note: (vsim-3813) Design is being optimized due to module recompilation...
# Loading sv_std.std
# Loading work.struct_example1(fast)
# default memory = {} 0 x
# default memory = {} 15 x
# default memory = {} 15 10
# default memory = {nitin} 12 55
# default memory = {niti} 11 45
do enum_using_typedef.do
# Cannot open macro file: enum_using_typedef.do
cd {D:\Obsi\systemverilog_nitindinnu\00datatypes_sv\01enum_datatype}
# Cannot change directory while a simulation is in progress.
# Use the "quit -sim" command to unload the design first.
quit -sim
# End time: 11:24:04 on Feb 16,2023, Elapsed time: 0:10:14
# Errors: 2, Warnings: 0
cd {D:\Obsi\systemverilog_nitindinnu\00datatypes_sv\01enum_datatype}
do enum_using_typedef.do
# ** Warning: (vlib-34) Library already exists at "work".
# QuestaSim-64 vlog 10.7c Compiler 2018.08 Aug 18 2018
# Start time: 11:24:36 on Feb 16,2023
# vlog -reportprogress 300 enumdatatype1.sv 
# -- Compiling module enumdatatype_example1
# -- Compiling module enum_using_typedef
# ** Error: (vlog-13069) enumdatatype1.sv(19): near "1": syntax error, unexpected INTEGER NUMBER, expecting IDENTIFIER or TYPE_IDENTIFIER or NETTYPE_IDENTIFIER.
# ** Error: enumdatatype1.sv(25): (vlog-13161) unexpected '$display', expecting elaboration system task $fatal/$error/$warning/$info.
# ** Error: (vlog-13069) enumdatatype1.sv(25): near "randomnums": syntax error, unexpected IDENTIFIER, expecting ')' or ','.
# ** Error: enumdatatype1.sv(26): (vlog-13161) unexpected '$display', expecting elaboration system task $fatal/$error/$warning/$info.
# ** Error: (vlog-13069) enumdatatype1.sv(26): near "randomnums": syntax error, unexpected IDENTIFIER, expecting ')' or ','.
# End time: 11:24:36 on Feb 16,2023, Elapsed time: 0:00:00
# Errors: 5, Warnings: 0
# ** Error: C:/questasim64_10.7c/win64/vlog failed.
# Error in macro ./enum_using_typedef.do line 2
# C:/questasim64_10.7c/win64/vlog failed.
#     while executing
# "vlog enumdatatype1.sv"
