# vsim work.packed_array_1D -l run.log 
# Start time: 13:21:22 on Feb 17,2023
# ** Note: (vsim-3813) Design is being optimized due to module recompilation...
# Loading sv_std.std
# Loading work.packed_array_1D(fast)
# 162
# 162
# 162
do 02packed_array_1d.do
# ** Warning: (vlib-34) Library already exists at "work".
# QuestaSim-64 vlog 10.7c Compiler 2018.08 Aug 18 2018
# Start time: 13:21:45 on Feb 17,2023
# vlog -reportprogress 300 02packed_array.sv 
# -- Compiling module packed_array_1D
# -- Compiling module packed_array_2D
# -- Compiling module packed_array_3D
# ** Warning: 02packed_array.sv(69): (vlog-2897) Using non-standard foreach loop variable list syntax.
# 
# Top level modules:
# 	packed_array_1D
# 	packed_array_2D
# 	packed_array_3D
# End time: 13:21:45 on Feb 17,2023, Elapsed time: 0:00:00
# Errors: 0, Warnings: 1
# End time: 13:21:47 on Feb 17,2023, Elapsed time: 0:00:25
# Errors: 0, Warnings: 1
# vsim work.packed_array_1D -l run.log 
# Start time: 13:21:47 on Feb 17,2023
# ** Note: (vsim-3813) Design is being optimized due to module recompilation...
# Loading sv_std.std
# Loading work.packed_array_1D(fast)
# dd [1001]~[9] = 0
# dd [1000]~[8] = 0
# dd [111]~[7] = 1
# dd [110]~[6] = 0
# dd [101]~[5] = 1
# dd [100]~[4] = 0
# dd [11]~[3] = 0
# dd [10]~[2] = 0
# dd [1]~[1] = 1
# dd [0]~[0] = 0
# 162
# 162
do 02packed_array_1d.do
# ** Warning: (vlib-34) Library already exists at "work".
# QuestaSim-64 vlog 10.7c Compiler 2018.08 Aug 18 2018
# Start time: 13:22:45 on Feb 17,2023
# vlog -reportprogress 300 02packed_array.sv 
# -- Compiling module packed_array_1D
# -- Compiling module packed_array_2D
# -- Compiling module packed_array_3D
# ** Warning: 02packed_array.sv(76): (vlog-2897) Using non-standard foreach loop variable list syntax.
# 
# Top level modules:
# 	packed_array_1D
# 	packed_array_2D
# 	packed_array_3D
# End time: 13:22:45 on Feb 17,2023, Elapsed time: 0:00:00
# Errors: 0, Warnings: 1
# End time: 13:22:47 on Feb 17,2023, Elapsed time: 0:01:00
# Errors: 0, Warnings: 1
# vsim work.packed_array_1D -l run.log 
# Start time: 13:22:47 on Feb 17,2023
# ** Note: (vsim-3813) Design is being optimized due to module recompilation...
# Loading sv_std.std
# Loading work.packed_array_1D(fast)
# dd [1001]~[9] = 0
# dd [1000]~[8] = 0
# dd [111]~[7] = 1
# dd [110]~[6] = 0
# dd [101]~[5] = 1
# dd [100]~[4] = 0
# dd [11]~[3] = 0
# dd [10]~[2] = 0
# dd [1]~[1] = 1
# dd [0]~[0] = 0
# dd [1001]~[9] = 0
# dd [1000]~[8] = 0
# dd [111]~[7] = 1
# dd [110]~[6] = 0
# dd [101]~[5] = 1
# dd [100]~[4] = 0
# dd [11]~[3] = 0
# dd [10]~[2] = 0
# dd [1]~[1] = 1
# dd [0]~[0] = 0
# dd [1001]~[9] = 0
# dd [1000]~[8] = 0
# dd [111]~[7] = 1
# dd [110]~[6] = 0
# dd [101]~[5] = 1
# dd [100]~[4] = 0
# dd [11]~[3] = 0
# dd [10]~[2] = 0
# dd [1]~[1] = 1
# dd [0]~[0] = 0
do 06associative_array_methods.do
# ** Warning: (vlib-34) Library already exists at "work".
# QuestaSim-64 vlog 10.7c Compiler 2018.08 Aug 18 2018
# Start time: 14:25:40 on Feb 17,2023
# vlog -reportprogress 300 06associative_array.sv 
# -- Compiling module associate_array_01
# -- Compiling module associate_array_methods
# ** Error: (vlog-13069) 06associative_array.sv(30): near ";": syntax error, unexpected ';', expecting ',' or '}'.
# ** Error: (vlog-13069) 06associative_array.sv(30): near "2": syntax error, unexpected INTEGER NUMBER.
# End time: 14:25:40 on Feb 17,2023, Elapsed time: 0:00:00
# Errors: 2, Warnings: 0
# ** Error: C:/questasim64_10.7c/win64/vlog failed.
# Error in macro ./06associative_array_methods.do line 2
# C:/questasim64_10.7c/win64/vlog failed.
#     while executing
# "vlog 06associative_array.sv"
do 06associative_array_methods.do
# ** Warning: (vlib-34) Library already exists at "work".
# QuestaSim-64 vlog 10.7c Compiler 2018.08 Aug 18 2018
# Start time: 14:27:16 on Feb 17,2023
# vlog -reportprogress 300 06associative_array.sv 
# -- Compiling module associate_array_01
# -- Compiling module associate_array_methods
# ** Error: (vlog-13069) 06associative_array.sv(30): near ";": syntax error, unexpected ';', expecting ',' or '}'.
# End time: 14:27:16 on Feb 17,2023, Elapsed time: 0:00:00
# Errors: 1, Warnings: 0
# ** Error: C:/questasim64_10.7c/win64/vlog failed.
# Error in macro ./06associative_array_methods.do line 2
# C:/questasim64_10.7c/win64/vlog failed.
#     while executing
# "vlog 06associative_array.sv"
do 06associative_array_methods.do
# ** Warning: (vlib-34) Library already exists at "work".
# QuestaSim-64 vlog 10.7c Compiler 2018.08 Aug 18 2018
# Start time: 14:29:03 on Feb 17,2023
# vlog -reportprogress 300 06associative_array.sv 
# -- Compiling module associate_array_01
# -- Compiling module associate_array_methods
# 
# Top level modules:
# 	associate_array_01
# 	associate_array_methods
# End time: 14:29:03 on Feb 17,2023, Elapsed time: 0:00:00
# Errors: 0, Warnings: 0
# End time: 14:29:04 on Feb 17,2023, Elapsed time: 1:06:17
# Errors: 9, Warnings: 0
# vsim work.associate_array_methods -l run.log 
# Start time: 14:29:05 on Feb 17,2023
# ** Note: (vsim-3812) Design is being optimized...
# Loading sv_std.std
# Loading work.associate_array_methods(fast)
# {"apple":2} {"banana":1} {"orange":4} {"pineapple":3} {"strawberry":5} 
do 06associative_array_methods.do
# ** Warning: (vlib-34) Library already exists at "work".
# QuestaSim-64 vlog 10.7c Compiler 2018.08 Aug 18 2018
# Start time: 15:21:01 on Feb 17,2023
# vlog -reportprogress 300 06associative_array.sv 
# -- Compiling module associate_array_01
# -- Compiling module associate_array_methods
# ** Error (suppressible): 06associative_array.sv(45): (vlog-2388) 'f' already declared in this scope (#ublk#46302675#41).
# ** Error: 06associative_array.sv(46): Illegal declaration after the statement near line '44'.  Declarations must precede statements.  Look for stray semicolons.
# End time: 15:21:01 on Feb 17,2023, Elapsed time: 0:00:00
# Errors: 2, Warnings: 0
# ** Error: C:/questasim64_10.7c/win64/vlog failed.
# Error in macro ./06associative_array_methods.do line 2
# C:/questasim64_10.7c/win64/vlog failed.
#     while executing
# "vlog 06associative_array.sv"
do 06associative_array_methods.do
# ** Warning: (vlib-34) Library already exists at "work".
# QuestaSim-64 vlog 10.7c Compiler 2018.08 Aug 18 2018
# Start time: 15:44:11 on Feb 17,2023
# vlog -reportprogress 300 06associative_array.sv 
# -- Compiling module associate_array_01
# -- Compiling module associate_array_methods
# ** Warning: 06associative_array.sv(45): (vlog-2244) Variable 'f' is implicitly static. You must either explicitly declare it as static or automatic
# or remove the initialization in the declaration of variable.
# ** Error: 06associative_array.sv(46): Illegal declaration after the statement near line '44'.  Declarations must precede statements.  Look for stray semicolons.
# End time: 15:44:11 on Feb 17,2023, Elapsed time: 0:00:00
# Errors: 1, Warnings: 1
# ** Error: C:/questasim64_10.7c/win64/vlog failed.
# Error in macro ./06associative_array_methods.do line 2
# C:/questasim64_10.7c/win64/vlog failed.
#     while executing
# "vlog 06associative_array.sv"
do 06associative_array_methods.do
# ** Warning: (vlib-34) Library already exists at "work".
# QuestaSim-64 vlog 10.7c Compiler 2018.08 Aug 18 2018
# Start time: 15:44:28 on Feb 17,2023
# vlog -reportprogress 300 06associative_array.sv 
# -- Compiling module associate_array_01
# -- Compiling module associate_array_methods
# ** Error: (vlog-13069) 06associative_array.sv(41): near "initial": syntax error, unexpected initial.
# ** Warning: 06associative_array.sv(45): (vlog-2244) Variable 'f' is implicitly static. You must either explicitly declare it as static or automatic
# or remove the initialization in the declaration of variable.
# ** Error: 06associative_array.sv(46): Illegal declaration after the statement near line '44'.  Declarations must precede statements.  Look for stray semicolons.
# ** Error: (vlog-13069) 06associative_array.sv(49): near "end": syntax error, unexpected end.
# End time: 15:44:28 on Feb 17,2023, Elapsed time: 0:00:00
# Errors: 3, Warnings: 1
# ** Error: C:/questasim64_10.7c/win64/vlog failed.
# Error in macro ./06associative_array_methods.do line 2
# C:/questasim64_10.7c/win64/vlog failed.
#     while executing
# "vlog 06associative_array.sv"

do 06associative_array_methods.do
# ** Warning: (vlib-34) Library already exists at "work".
# QuestaSim-64 vlog 10.7c Compiler 2018.08 Aug 18 2018
# Start time: 15:44:55 on Feb 17,2023
# vlog -reportprogress 300 06associative_array.sv 
# -- Compiling module associate_array_01
# -- Compiling module associate_array_methods
# ** Warning: 06associative_array.sv(45): (vlog-2244) Variable 'f' is implicitly static. You must either explicitly declare it as static or automatic
# or remove the initialization in the declaration of variable.
# ** Error: 06associative_array.sv(46): Illegal declaration after the statement near line '44'.  Declarations must precede statements.  Look for stray semicolons.
# End time: 15:44:55 on Feb 17,2023, Elapsed time: 0:00:00
# Errors: 1, Warnings: 1
# ** Error: C:/questasim64_10.7c/win64/vlog failed.
# Error in macro ./06associative_array_methods.do line 2
# C:/questasim64_10.7c/win64/vlog failed.
#     while executing
# "vlog 06associative_array.sv"
do 06associative_array_methods.do
# ** Warning: (vlib-34) Library already exists at "work".
# QuestaSim-64 vlog 10.7c Compiler 2018.08 Aug 18 2018
# Start time: 15:46:57 on Feb 17,2023
# vlog -reportprogress 300 06associative_array.sv 
# -- Compiling module associate_array_01
# -- Compiling module associate_array_methods
# ** Warning: 06associative_array.sv(37): (vlog-2244) Variable 'f' is implicitly static. You must either explicitly declare it as static or automatic
# or remove the initialization in the declaration of variable.
# ** Error: 06associative_array.sv(38): Illegal declaration after the statement near line '36'.  Declarations must precede statements.  Look for stray semicolons.
# End time: 15:46:57 on Feb 17,2023, Elapsed time: 0:00:00
# Errors: 1, Warnings: 1
# ** Error: C:/questasim64_10.7c/win64/vlog failed.
# Error in macro ./06associative_array_methods.do line 2
# C:/questasim64_10.7c/win64/vlog failed.
#     while executing
# "vlog 06associative_array.sv"
do 06associative_array_methods.do
# ** Warning: (vlib-34) Library already exists at "work".
# QuestaSim-64 vlog 10.7c Compiler 2018.08 Aug 18 2018
# Start time: 15:47:27 on Feb 17,2023
# vlog -reportprogress 300 06associative_array.sv 
# -- Compiling module associate_array_01
# -- Compiling module associate_array_methods
# ** Warning: 06associative_array.sv(37): (vlog-2244) Variable 'f' is implicitly static. You must either explicitly declare it as static or automatic
# or remove the initialization in the declaration of variable.
# ** Error: 06associative_array.sv(38): Illegal declaration after the statement near line '36'.  Declarations must precede statements.  Look for stray semicolons.
# End time: 15:47:27 on Feb 17,2023, Elapsed time: 0:00:00
# Errors: 1, Warnings: 1
# ** Error: C:/questasim64_10.7c/win64/vlog failed.
# Error in macro ./06associative_array_methods.do line 2
# C:/questasim64_10.7c/win64/vlog failed.
#     while executing
# "vlog 06associative_array.sv"
do 06associative_array_methods.do
# ** Warning: (vlib-34) Library already exists at "work".
# QuestaSim-64 vlog 10.7c Compiler 2018.08 Aug 18 2018
# Start time: 18:50:30 on Feb 18,2023
# vlog -reportprogress 300 06associative_array.sv 
# -- Compiling module associate_array_01
# -- Compiling module associate_array_methods
# ** Warning: 06associative_array.sv(37): (vlog-2244) Variable 'f' is implicitly static. You must either explicitly declare it as static or automatic
# or remove the initialization in the declaration of variable.
# ** Error: 06associative_array.sv(38): Illegal declaration after the statement near line '36'.  Declarations must precede statements.  Look for stray semicolons.
# End time: 18:50:30 on Feb 18,2023, Elapsed time: 0:00:00
# Errors: 1, Warnings: 1
# ** Error: C:/questasim64_10.7c/win64/vlog failed.
# Error in macro ./06associative_array_methods.do line 2
# C:/questasim64_10.7c/win64/vlog failed.
#     while executing
# "vlog 06associative_array.sv"
do 06associative_array_methods.do
# ** Warning: (vlib-34) Library already exists at "work".
# QuestaSim-64 vlog 10.7c Compiler 2018.08 Aug 18 2018
# Start time: 18:50:54 on Feb 18,2023
# vlog -reportprogress 300 06associative_array.sv 
# -- Compiling module associate_array_01
# -- Compiling module associate_array_methods
# ** Warning: 06associative_array.sv(34): (vlog-2244) Variable 'f' is implicitly static. You must either explicitly declare it as static or automatic
# or remove the initialization in the declaration of variable.
# ** Error: 06associative_array.sv(35): Illegal declaration after the statement near line '33'.  Declarations must precede statements.  Look for stray semicolons.
# End time: 18:50:55 on Feb 18,2023, Elapsed time: 0:00:01
# Errors: 1, Warnings: 1
# ** Error: C:/questasim64_10.7c/win64/vlog failed.
# Error in macro ./06associative_array_methods.do line 2
# C:/questasim64_10.7c/win64/vlog failed.
#     while executing
# "vlog 06associative_array.sv"
do 06associative_array_methods.do
# ** Warning: (vlib-34) Library already exists at "work".
# QuestaSim-64 vlog 10.7c Compiler 2018.08 Aug 18 2018
# Start time: 18:52:51 on Feb 18,2023
# vlog -reportprogress 300 06associative_array.sv 
# -- Compiling module associate_array_01
# -- Compiling module associate_array_methods
# ** Warning: 06associative_array.sv(34): (vlog-2244) Variable 'f' is implicitly static. You must either explicitly declare it as static or automatic
# or remove the initialization in the declaration of variable.
# ** Error: 06associative_array.sv(35): Illegal declaration after the statement near line '33'.  Declarations must precede statements.  Look for stray semicolons.
# End time: 18:52:51 on Feb 18,2023, Elapsed time: 0:00:00
# Errors: 1, Warnings: 1
# ** Error: C:/questasim64_10.7c/win64/vlog failed.
# Error in macro ./06associative_array_methods.do line 2
# C:/questasim64_10.7c/win64/vlog failed.
#     while executing
# "vlog 06associative_array.sv"
do 06associative_array_methods.do
# ** Warning: (vlib-34) Library already exists at "work".
# QuestaSim-64 vlog 10.7c Compiler 2018.08 Aug 18 2018
# Start time: 18:56:32 on Feb 18,2023
# vlog -reportprogress 300 06associative_array.sv 
# -- Compiling module associate_array_01
# -- Compiling module associate_array_methods
# ** Warning: 06associative_array.sv(58): (vlog-2244) Variable 'f' is implicitly static. You must either explicitly declare it as static or automatic
# or remove the initialization in the declaration of variable.
# ** Warning: 06associative_array.sv(63): (vlog-2244) Variable 'f' is implicitly static. You must either explicitly declare it as static or automatic
# or remove the initialization in the declaration of variable.
# 
# Top level modules:
# 	associate_array_01
# 	associate_array_methods
# End time: 18:56:32 on Feb 18,2023, Elapsed time: 0:00:00
# Errors: 0, Warnings: 2
# End time: 18:56:33 on Feb 18,2023, Elapsed time: 28:27:28
# Errors: 38, Warnings: 10
# vsim work.associate_array_methods -l run.log 
# Start time: 18:56:33 on Feb 18,2023
# ** Note: (vsim-3813) Design is being optimized due to module recompilation...
# ** Error (suppressible): 06associative_array.sv(36): (vopt-7063) Failed to find 'f' in hierarchical name 'f'.
#         Region: associate_array_methods
# ** Error (suppressible): 06associative_array.sv(39): (vopt-7063) Failed to find 'fruita' in hierarchical name 'fruita.exists'.
#         Region: associate_array_methods
# ** Error (suppressible): 06associative_array.sv(39): (vopt-7063) Failed to find 'exists' in hierarchical name 'fruita.exists'.
#         Region: associate_array_methods
# ** Error (suppressible): 06associative_array.sv(54): (vopt-7063) Failed to find 'fruits_l0' in hierarchical name 'fruits_l0.last'.
#         Region: associate_array_methods
# ** Error (suppressible): 06associative_array.sv(54): (vopt-7063) Failed to find 'last' in hierarchical name 'fruits_l0.last'.
#         Region: associate_array_methods
# ** Error (suppressible): 06associative_array.sv(59): (vopt-7063) Failed to find 'fruits_l0' in hierarchical name 'fruits_l0.prev'.
#         Region: associate_array_methods
# ** Error (suppressible): 06associative_array.sv(59): (vopt-7063) Failed to find 'prev' in hierarchical name 'fruits_l0.prev'.
#         Region: associate_array_methods
# ** Error (suppressible): 06associative_array.sv(64): (vopt-7063) Failed to find 'fruits_l0' in hierarchical name 'fruits_l0.next'.
#         Region: associate_array_methods
# ** Error (suppressible): 06associative_array.sv(64): (vopt-7063) Failed to find 'next' in hierarchical name 'fruits_l0.next'.
#         Region: associate_array_methods
# Optimization failed
# Error loading design
# Error: Error loading design
#        Pausing macro execution
# MACRO ./06associative_array_methods.do PAUSED at line 3
do 02packed_array_1d.do
# ** Warning: (vlib-34) Library already exists at "work".
# QuestaSim-64 vlog 10.7c Compiler 2018.08 Aug 18 2018
# Start time: 18:57:43 on Feb 18,2023
# vlog -reportprogress 300 02packed_array.sv 
# -- Compiling module packed_array_1D
# -- Compiling module packed_array_2D
# -- Compiling module packed_array_3D
# ** Warning: 02packed_array.sv(76): (vlog-2897) Using non-standard foreach loop variable list syntax.
# 
# Top level modules:
# 	packed_array_1D
# 	packed_array_2D
# 	packed_array_3D
# End time: 18:57:43 on Feb 18,2023, Elapsed time: 0:00:00
# Errors: 0, Warnings: 1
# vsim work.packed_array_1D -l run.log 
# Start time: 18:56:33 on Feb 18,2023
# ** Note: (vsim-8009) Loading existing optimized design _opt2
# Loading sv_std.std
# Loading work.packed_array_1D(fast)
# dd [1001]~[9] = 0
# dd [1000]~[8] = 0
# dd [111]~[7] = 1
# dd [110]~[6] = 0
# dd [101]~[5] = 1
# dd [100]~[4] = 0
# dd [11]~[3] = 0
# dd [10]~[2] = 0
# dd [1]~[1] = 1
# dd [0]~[0] = 0
# dd [1001]~[9] = 0
# dd [1000]~[8] = 0
# dd [111]~[7] = 1
# dd [110]~[6] = 0
# dd [101]~[5] = 1
# dd [100]~[4] = 0
# dd [11]~[3] = 0
# dd [10]~[2] = 0
# dd [1]~[1] = 1
# dd [0]~[0] = 0
# dd [1001]~[9] = 0
# dd [1000]~[8] = 0
# dd [111]~[7] = 1
# dd [110]~[6] = 0
# dd [101]~[5] = 1
# dd [100]~[4] = 0
# dd [11]~[3] = 0
# dd [10]~[2] = 0
# dd [1]~[1] = 1
# dd [0]~[0] = 0
do 06associative_array_methods.do
# ** Warning: (vlib-34) Library already exists at "work".
# QuestaSim-64 vlog 10.7c Compiler 2018.08 Aug 18 2018
# Start time: 18:57:56 on Feb 18,2023
# vlog -reportprogress 300 06associative_array.sv 
# -- Compiling module associate_array_01
# -- Compiling module associate_array_methods
# ** Warning: 06associative_array.sv(53): (vlog-2244) Variable 'f' is implicitly static. You must either explicitly declare it as static or automatic
# or remove the initialization in the declaration of variable.
# ** Warning: 06associative_array.sv(58): (vlog-2244) Variable 'f' is implicitly static. You must either explicitly declare it as static or automatic
# or remove the initialization in the declaration of variable.
# 
# Top level modules:
# 	associate_array_01
# 	associate_array_methods
# End time: 18:57:56 on Feb 18,2023, Elapsed time: 0:00:00
# Errors: 0, Warnings: 2
# End time: 18:57:57 on Feb 18,2023, Elapsed time: 0:01:24
# Errors: 18, Warnings: 2
# vsim work.associate_array_methods -l run.log 
# Start time: 18:57:57 on Feb 18,2023
# ** Note: (vsim-3812) Design is being optimized...
# ** Warning: 06associative_array.sv(53): (vopt-2244) Variable 'f' is implicitly static. You must either explicitly declare it as static or automatic
# or remove the initialization in the declaration of variable.
# ** Warning: 06associative_array.sv(58): (vopt-2244) Variable 'f' is implicitly static. You must either explicitly declare it as static or automatic
# or remove the initialization in the declaration of variable.
# Loading sv_std.std
# Loading work.associate_array_methods(fast)
# {"apple":2} {"banana":1} {"orange":4} {"pineapple":3} {"strawberry":5} 
# fruits.size method = 5
# fruits.size method = 5
# ** Warning: (vsim-3829) Non-existent associative array entry. Returning default value.
#    Time: 0 ns  Iteration: 0  Instance: /associate_array_methods File: 06associative_array.sv Line: 36
# found 
# fruits_l0.first [apple] = 2
# fruits_l0.last [strawberry] = 5
# fruits_l0.prev [banana] = 1
# fruits_l0.next [pineapple] = 3
07queues_01.do
# couldn't execute ".\07queues_01.do": no such file or directory
do 07queues_01.do
# ** Warning: (vlib-34) Library already exists at "work".
# QuestaSim-64 vlog 10.7c Compiler 2018.08 Aug 18 2018
# Start time: 19:11:36 on Feb 18,2023
# vlog -reportprogress 300 queues.sv 
# ** Error: (vlog-7) Failed to open design unit file "queues.sv" in read mode.
# No such file or directory. (errno = ENOENT)
# End time: 19:11:36 on Feb 18,2023, Elapsed time: 0:00:00
# Errors: 1, Warnings: 0
# ** Error: C:/questasim64_10.7c/win64/vlog failed.
# Error in macro ./07queues_01.do line 2
# C:/questasim64_10.7c/win64/vlog failed.
#     while executing
# "vlog queues.sv"
quit -sim
# End time: 19:11:46 on Feb 18,2023, Elapsed time: 0:13:49
# Errors: 5, Warnings: 3
cd {D:\Obsi\systemverilog_nitindinnu\00datatypes_sv\02\03arrays}
do 07queues_01.do
# ** Warning: (vlib-34) Library already exists at "work".
# QuestaSim-64 vlog 10.7c Compiler 2018.08 Aug 18 2018
# Start time: 19:12:05 on Feb 18,2023
# vlog -reportprogress 300 queues.sv 
# ** Error: (vlog-7) Failed to open design unit file "queues.sv" in read mode.
# No such file or directory. (errno = ENOENT)
# End time: 19:12:05 on Feb 18,2023, Elapsed time: 0:00:00
# Errors: 1, Warnings: 0
# ** Error: C:/questasim64_10.7c/win64/vlog failed.
# Error in macro ./07queues_01.do line 2
# C:/questasim64_10.7c/win64/vlog failed.
#     while executing
# "vlog queues.sv"
do 07queues_01.do
# ** Warning: (vlib-34) Library already exists at "work".
# QuestaSim-64 vlog 10.7c Compiler 2018.08 Aug 18 2018
# Start time: 19:12:21 on Feb 18,2023
# vlog -reportprogress 300 07queues.sv 
# -- Compiling module queues_01
# 
# Top level modules:
# 	queues_01
# End time: 19:12:21 on Feb 18,2023, Elapsed time: 0:00:00
# Errors: 0, Warnings: 0
# vsim work.queues_01 -l run.log 
# Start time: 19:12:21 on Feb 18,2023
# ** Note: (vsim-3812) Design is being optimized...
# Loading sv_std.std
# Loading work.queues_01(fast)
# fruits[0] = orange
# fruits[1] = apple
# fruits[2] = lemon
# fruits[3] = kiwi
# fruits = '{"orange", "apple", "lemon", "kiwi"}
# After deletion, fruits = '{}
do 07queues_01.do
# ** Warning: (vlib-34) Library already exists at "work".
# QuestaSim-64 vlog 10.7c Compiler 2018.08 Aug 18 2018
# Start time: 19:15:31 on Feb 18,2023
# vlog -reportprogress 300 07queues.sv 
# -- Compiling module queues_01
# 
# Top level modules:
# 	queues_01
# End time: 19:15:31 on Feb 18,2023, Elapsed time: 0:00:00
# Errors: 0, Warnings: 0
# End time: 19:15:32 on Feb 18,2023, Elapsed time: 0:03:11
# Errors: 0, Warnings: 0
# vsim work.queues_01 -l run.log 
# Start time: 19:15:32 on Feb 18,2023
# ** Note: (vsim-3813) Design is being optimized due to module recompilation...
# Loading sv_std.std
# Loading work.queues_01(fast)
# fruits[0] = orange
# fruits[1] = apple
# fruits[2] = lemon
# fruits[3] = kiwi
# fruits = '{"orange", "apple", "lemon", "kiwi"}
# citrus fruits = '{"apple", "lemon"}
# fruits = '{"apple", "lemon", "kiwi"}
# fruits = '{"orange", "apple", "lemon", "kiwi", "pineapple"}
# Remove orange, fruits = '{"apple", "lemon", "kiwi", "pineapple"}
# After deletion, fruits = '{}
do 07queues_01.do
# ** Warning: (vlib-34) Library already exists at "work".
# QuestaSim-64 vlog 10.7c Compiler 2018.08 Aug 18 2018
# Start time: 19:16:52 on Feb 18,2023
# vlog -reportprogress 300 07queues.sv 
# -- Compiling module queues_01
# 
# Top level modules:
# 	queues_01
# End time: 19:16:52 on Feb 18,2023, Elapsed time: 0:00:00
# Errors: 0, Warnings: 0
# End time: 19:16:52 on Feb 18,2023, Elapsed time: 0:01:20
# Errors: 0, Warnings: 0
# vsim work.queues_01 -l run.log 
# Start time: 19:16:52 on Feb 18,2023
# ** Note: (vsim-3813) Design is being optimized due to module recompilation...
# Loading sv_std.std
# Loading work.queues_01(fast)
# fruits[0] = orange
# fruits[1] = apple
# fruits[2] = lemon
# fruits[3] = kiwi
# fruits = '{"orange", "apple", "lemon", "kiwi"}
# subset citrus fruits = '{"apple", "lemon"}
# index 1 to end fruits = '{"apple", "lemon", "kiwi"}
# adding pineapple to fruits = '{"orange", "apple", "lemon", "kiwi", "pineapple"}
# Remove orange, fruits = '{"apple", "lemon", "kiwi", "pineapple"}
# After deletion, fruits = '{}
do 07queues_02.do
# ** Warning: (vlib-34) Library already exists at "work".
# QuestaSim-64 vlog 10.7c Compiler 2018.08 Aug 18 2018
# Start time: 19:33:30 on Feb 18,2023
# vlog -reportprogress 300 07queues.sv 
# -- Compiling module queues_01
# -- Compiling module queues_methods
# ** Error: 07queues.sv(51): Component name 'nums' does not refer to a scope.
# ** Error: 07queues.sv(51): Component name 'nums' does not refer to a scope.
# ** Error: 07queues.sv(53): Component name 'nums' does not refer to a scope.
# ** Error: 07queues.sv(53): Component name 'nums' does not refer to a scope.
# ** Error: 07queues.sv(53): Component name 'nums' does not refer to a scope.
# ** Error: 07queues.sv(54): Component name 'nums' does not refer to a scope.
# ** Error: 07queues.sv(54): Component name 'nums' does not refer to a scope.
# ** Error: 07queues.sv(56): Component name 'nums' does not refer to a scope.
# ** Error: 07queues.sv(56): Component name 'nums' does not refer to a scope.
# ** Error: 07queues.sv(57): Component name 'nums' does not refer to a scope.
# ** Error: 07queues.sv(57): Component name 'nums' does not refer to a scope.
# ** Error: 07queues.sv(59): Component name 'nums' does not refer to a scope.
# ** Error: 07queues.sv(59): Component name 'nums' does not refer to a scope.
# ** Error: 07queues.sv(61): Component name 'nums' does not refer to a scope.
# ** Error: 07queues.sv(61): Component name 'nums' does not refer to a scope.
# ** Error: 07queues.sv(62): Component name 'nums' does not refer to a scope.
# ** Error: 07queues.sv(62): Component name 'nums' does not refer to a scope.
# ** Error: 07queues.sv(64): Component name 'nums' does not refer to a scope.
# ** Error: 07queues.sv(64): Component name 'nums' does not refer to a scope.
# ** Error: 07queues.sv(66): Component name 'nums' does not refer to a scope.
# ** Error: 07queues.sv(66): Component name 'nums' does not refer to a scope.
# ** Error: 07queues.sv(67): Component name 'nums' does not refer to a scope.
# ** Error: 07queues.sv(67): Component name 'nums' does not refer to a scope.
# ** Warning: 07queues.sv(47): (vlog-2121) Illegal concatenation of an unsized constant. Will treat it as a 32-bit value.
# ** Warning: 07queues.sv(47): (vlog-2121) Illegal concatenation of an unsized constant. Will treat it as a 32-bit value.
# ** Warning: 07queues.sv(47): (vlog-2121) Illegal concatenation of an unsized constant. Will treat it as a 32-bit value.
# ** Warning: 07queues.sv(47): (vlog-2121) Illegal concatenation of an unsized constant. Will treat it as a 32-bit value.
# ** Warning: 07queues.sv(47): (vlog-2121) Illegal concatenation of an unsized constant. Will treat it as a 32-bit value.
# End time: 19:33:30 on Feb 18,2023, Elapsed time: 0:00:00
# Errors: 23, Warnings: 5
# ** Error: C:/questasim64_10.7c/win64/vlog failed.
# Error in macro ./07queues_02.do line 2
# C:/questasim64_10.7c/win64/vlog failed.
#     while executing
# "vlog 07queues.sv"
do 07queues_02.do
# ** Warning: (vlib-34) Library already exists at "work".
# QuestaSim-64 vlog 10.7c Compiler 2018.08 Aug 18 2018
# Start time: 19:34:29 on Feb 18,2023
# vlog -reportprogress 300 07queues.sv 
# -- Compiling module queues_01
# -- Compiling module queues_methods
# 
# Top level modules:
# 	queues_01
# 	queues_methods
# End time: 19:34:29 on Feb 18,2023, Elapsed time: 0:00:00
# Errors: 0, Warnings: 0
# End time: 19:34:30 on Feb 18,2023, Elapsed time: 0:17:38
# Errors: 26, Warnings: 5
# vsim work.queues_methods -l run.log 
# Start time: 19:34:30 on Feb 18,2023
# ** Note: (vsim-3812) Design is being optimized...
# ** Error (suppressible): 07queues.sv(59): (vopt-7063) Failed to find 'num' in hierarchical name 'num.pop_front'.
#         Region: queues_methods
# ** Error (suppressible): 07queues.sv(59): (vopt-7063) Failed to find 'pop_front' in hierarchical name 'num.pop_front'.
#         Region: queues_methods
# ** Error (suppressible): 07queues.sv(64): (vopt-7063) Failed to find 'num' in hierarchical name 'num.pop_back'.
#         Region: queues_methods
# ** Error (suppressible): 07queues.sv(64): (vopt-7063) Failed to find 'pop_back' in hierarchical name 'num.pop_back'.
#         Region: queues_methods
# Optimization failed
# Error loading design
# Error: Error loading design
#        Pausing macro execution
# MACRO ./07queues_02.do PAUSED at line 3
do 07queues_02.do
# ** Warning: (vlib-34) Library already exists at "work".
# QuestaSim-64 vlog 10.7c Compiler 2018.08 Aug 18 2018
# Start time: 19:34:53 on Feb 18,2023
# vlog -reportprogress 300 07queues.sv 
# -- Compiling module queues_01
# -- Compiling module queues_methods
# 
# Top level modules:
# 	queues_01
# 	queues_methods
# End time: 19:34:53 on Feb 18,2023, Elapsed time: 0:00:00
# Errors: 0, Warnings: 0
# vsim work.queues_methods -l run.log 
# Start time: 19:34:30 on Feb 18,2023
# ** Note: (vsim-3812) Design is being optimized...
# Loading sv_std.std
# Loading work.queues_methods(fast)
# Number of nums 5 nums =2 3 5 7 9
# Number of nums 6 nums =2 1 3 5 7 9
# Number of nums 5 nums =2 1 3 7 9
# pop           2 ,size 4 nums =1 3 7 9
# Number of nums 5 nums =1 1 3 7 9
# pop           9 ,size 4 nums =1 1 3 7
# Number of nums 5 nums =1 1 3 7 9
do 07queues_02.do
# ** Warning: (vlib-34) Library already exists at "work".
# QuestaSim-64 vlog 10.7c Compiler 2018.08 Aug 18 2018
# Start time: 19:37:26 on Feb 18,2023
# vlog -reportprogress 300 07queues.sv 
# -- Compiling module queues_01
# -- Compiling module queues_methods
# 
# Top level modules:
# 	queues_01
# 	queues_methods
# End time: 19:37:26 on Feb 18,2023, Elapsed time: 0:00:00
# Errors: 0, Warnings: 0
# End time: 19:37:27 on Feb 18,2023, Elapsed time: 0:02:57
# Errors: 4, Warnings: 0
# vsim work.queues_methods -l run.log 
# Start time: 19:37:27 on Feb 18,2023
# ** Note: (vsim-3813) Design is being optimized due to module recompilation...
# Loading sv_std.std
# Loading work.queues_methods(fast)
# Number of nums 5 nums =2 3 5 7 9
# inserting 1 at 1st index, Number of nums 6 nums =2 1 3 5 7 9
# deleting 3rd index value Number of nums 5 nums =2 1 3 7 9
# poping from 0th index ,pop           2 ,size 4 nums =1 3 7 9
# pushing 0 element from 0th index,Number of nums 5 nums =0 1 3 7 9
# poping from last index ,pop           9 ,size 4 nums =0 1 3 7
# pushing 9 element at last index,Number of nums 5 nums =0 1 3 7 9
