# vsim work.packed_array_3D -l run.log 
# Start time: 22:26:22 on Feb 16,2023
# ** Note: (vsim-3812) Design is being optimized...
# ** Error (suppressible): 02packed_array.sv(46): (vopt-7063) Failed to find 'j' in hierarchical name 'j'.
#         Region: packed_array_3D
# Optimization failed
# Error loading design
# Error: Error loading design
#        Pausing macro execution
# MACRO ./02packed_array_3d.do PAUSED at line 3
do 02packed_array_3d.do
# ** Warning: (vlib-34) Library already exists at "work".
# QuestaSim-64 vlog 10.7c Compiler 2018.08 Aug 18 2018
# Start time: 22:28:21 on Feb 16,2023
# vlog -reportprogress 300 02packed_array.sv 
# -- Compiling module packed_array_1D
# -- Compiling module packed_array_2D
# -- Compiling module packed_array_3D
# ** Warning: 02packed_array.sv(47): (vlog-2897) Using non-standard foreach loop variable list syntax.
# 
# Top level modules:
# 	packed_array_1D
# 	packed_array_2D
# 	packed_array_3D
# End time: 22:28:21 on Feb 16,2023, Elapsed time: 0:00:00
# Errors: 0, Warnings: 1
# vsim work.packed_array_3D -l run.log 
# Start time: 22:26:22 on Feb 16,2023
# ** Note: (vsim-3812) Design is being optimized...
# ** Warning: 02packed_array.sv(47): (vopt-2897) Using non-standard foreach loop variable list syntax.
# Loading sv_std.std
# Loading work.packed_array_3D(fast)
# data in array is 0xc0defade12345678facecafe
# dd[2] = 0xc0defade
# dd[2][3] = 0xc0
# dd[2][2] = 0xde
# dd[2][1] = 0xfa
# dd[2][0] = 0xde
# dd[1] = 0x12345678
# dd[1][3] = 0x12
# dd[1][2] = 0x34
# dd[1][1] = 0x56
# dd[1][0] = 0x78
# dd[0] = 0xfacecafe
# dd[0][3] = 0xfa
# dd[0][2] = 0xce
# dd[0][1] = 0xca
# dd[0][0] = 0xfe
do 03unpackd_array_1d.do
# ** Warning: (vlib-34) Library already exists at "work".
# QuestaSim-64 vlog 10.7c Compiler 2018.08 Aug 18 2018
# Start time: 22:36:45 on Feb 16,2023
# vlog -reportprogress 300 03unpacked_array.sv 
# -- Compiling module unpacked_array_1D
# ** Error: 03unpacked_array.sv(4): (vlog-13161) unexpected '$display', expecting elaboration system task $fatal/$error/$warning/$info.
# End time: 22:36:45 on Feb 16,2023, Elapsed time: 0:00:00
# Errors: 1, Warnings: 0
# ** Error: C:/questasim64_10.7c/win64/vlog failed.
# Error in macro ./03unpackd_array_1d.do line 2
# C:/questasim64_10.7c/win64/vlog failed.
#     while executing
# "vlog 03unpacked_array.sv"
do 03unpackd_array_1d.do
# ** Warning: (vlib-34) Library already exists at "work".
# QuestaSim-64 vlog 10.7c Compiler 2018.08 Aug 18 2018
# Start time: 22:37:05 on Feb 16,2023
# vlog -reportprogress 300 03unpacked_array.sv 
# -- Compiling module unpacked_array_1D
# 
# Top level modules:
# 	unpacked_array_1D
# End time: 22:37:05 on Feb 16,2023, Elapsed time: 0:00:00
# Errors: 0, Warnings: 0
# End time: 22:37:07 on Feb 16,2023, Elapsed time: 0:10:45
# Errors: 5, Warnings: 1
# vsim work.unpacked_array_1D -l run.log 
# Start time: 22:37:07 on Feb 16,2023
# ** Note: (vsim-3812) Design is being optimized...
# Loading sv_std.std
# Loading work.unpacked_array_1D(fast)
# stack = '{0, 0, 0, 0, 0, 0, 0, 0}
do 03unpackd_array_1d.do
# ** Warning: (vlib-34) Library already exists at "work".
# QuestaSim-64 vlog 10.7c Compiler 2018.08 Aug 18 2018
# Start time: 22:39:15 on Feb 16,2023
# vlog -reportprogress 300 03unpacked_array.sv 
# -- Compiling module unpacked_array_1D
# ** Warning: 03unpacked_array.sv(7): (vlog-2638) Bad name or identifier in Verilog compiler directive.  The following text was found where a compiler directive name or macro name was expected.: {.
# ** Error: (vlog-13069) 03unpacked_array.sv(7): near ",": syntax error, unexpected ',', expecting ';'.
# End time: 22:39:15 on Feb 16,2023, Elapsed time: 0:00:00
# Errors: 1, Warnings: 1
# ** Error: C:/questasim64_10.7c/win64/vlog failed.
# Error in macro ./03unpackd_array_1d.do line 2
# C:/questasim64_10.7c/win64/vlog failed.
#     while executing
# "vlog 03unpacked_array.sv"
do 03unpackd_array_1d.do
# ** Warning: (vlib-34) Library already exists at "work".
# QuestaSim-64 vlog 10.7c Compiler 2018.08 Aug 18 2018
# Start time: 22:40:12 on Feb 16,2023
# vlog -reportprogress 300 03unpacked_array.sv 
# -- Compiling module unpacked_array_1D
# ** Warning: 03unpacked_array.sv(7): (vlog-2638) Bad name or identifier in Verilog compiler directive.  The following text was found where a compiler directive name or macro name was expected.: {.
# ** Error: (vlog-13069) 03unpacked_array.sv(7): near "8": syntax error, unexpected INTEGER NUMBER.
# End time: 22:40:12 on Feb 16,2023, Elapsed time: 0:00:00
# Errors: 1, Warnings: 1
# ** Error: C:/questasim64_10.7c/win64/vlog failed.
# Error in macro ./03unpackd_array_1d.do line 2
# C:/questasim64_10.7c/win64/vlog failed.
#     while executing
# "vlog 03unpacked_array.sv"
do 03unpackd_array_1d.do
# ** Warning: (vlib-34) Library already exists at "work".
# QuestaSim-64 vlog 10.7c Compiler 2018.08 Aug 18 2018
# Start time: 22:41:05 on Feb 16,2023
# vlog -reportprogress 300 03unpacked_array.sv 
# -- Compiling module unpacked_array_1D
# ** Warning: 03unpacked_array.sv(7): (vlog-2638) Bad name or identifier in Verilog compiler directive.  The following text was found where a compiler directive name or macro name was expected.: {.
# ** Error: (vlog-13069) 03unpacked_array.sv(7): near "7": syntax error, unexpected INTEGER NUMBER.
# End time: 22:41:05 on Feb 16,2023, Elapsed time: 0:00:00
# Errors: 1, Warnings: 1
# ** Error: C:/questasim64_10.7c/win64/vlog failed.
# Error in macro ./03unpackd_array_1d.do line 2
# C:/questasim64_10.7c/win64/vlog failed.
#     while executing
# "vlog 03unpacked_array.sv"
do 03unpackd_array_1d.do
# ** Warning: (vlib-34) Library already exists at "work".
# QuestaSim-64 vlog 10.7c Compiler 2018.08 Aug 18 2018
# Start time: 22:42:17 on Feb 16,2023
# vlog -reportprogress 300 03unpacked_array.sv 
# -- Compiling module unpacked_array_1D
# 
# Top level modules:
# 	unpacked_array_1D
# End time: 22:42:17 on Feb 16,2023, Elapsed time: 0:00:00
# Errors: 0, Warnings: 0
# End time: 22:42:19 on Feb 16,2023, Elapsed time: 0:05:12
# Errors: 12, Warnings: 3
# vsim work.unpacked_array_1D -l run.log 
# Start time: 22:42:19 on Feb 16,2023
# ** Note: (vsim-3813) Design is being optimized due to module recompilation...
# ** Error (suppressible): 03unpacked_array.sv(5): (vopt-7063) Failed to find 'stack' in hierarchical name 'stack'.
#         Region: unpacked_array_1D
# Optimization failed
# Error loading design
# Error: Error loading design
#        Pausing macro execution
# MACRO ./03unpackd_array_1d.do PAUSED at line 3
do 02packed_array_3d.do
# ** Warning: (vlib-34) Library already exists at "work".
# QuestaSim-64 vlog 10.7c Compiler 2018.08 Aug 18 2018
# Start time: 22:42:37 on Feb 16,2023
# vlog -reportprogress 300 02packed_array.sv 
# -- Compiling module packed_array_1D
# -- Compiling module packed_array_2D
# -- Compiling module packed_array_3D
# ** Warning: 02packed_array.sv(47): (vlog-2897) Using non-standard foreach loop variable list syntax.
# 
# Top level modules:
# 	packed_array_1D
# 	packed_array_2D
# 	packed_array_3D
# End time: 22:42:37 on Feb 16,2023, Elapsed time: 0:00:00
# Errors: 0, Warnings: 1
# vsim work.packed_array_3D -l run.log 
# Start time: 22:42:19 on Feb 16,2023
# ** Note: (vsim-3813) Design is being optimized due to module recompilation...
# ** Warning: 02packed_array.sv(47): (vopt-2897) Using non-standard foreach loop variable list syntax.
# Loading sv_std.std
# Loading work.packed_array_3D(fast)
# data in array is 0xc0defade12345678facecafe
# dd[2] = 0xc0defade
# dd[2][3] = 0xc0
# dd[2][2] = 0xde
# dd[2][1] = 0xfa
# dd[2][0] = 0xde
# dd[1] = 0x12345678
# dd[1][3] = 0x12
# dd[1][2] = 0x34
# dd[1][1] = 0x56
# dd[1][0] = 0x78
# dd[0] = 0xfacecafe
# dd[0][3] = 0xfa
# dd[0][2] = 0xce
# dd[0][1] = 0xca
# dd[0][0] = 0xfe
do 03unpackd_array_1d.do
# ** Warning: (vlib-34) Library already exists at "work".
# QuestaSim-64 vlog 10.7c Compiler 2018.08 Aug 18 2018
# Start time: 22:42:53 on Feb 16,2023
# vlog -reportprogress 300 03unpacked_array.sv 
# -- Compiling module unpacked_array_1D
# 
# Top level modules:
# 	unpacked_array_1D
# End time: 22:42:53 on Feb 16,2023, Elapsed time: 0:00:00
# Errors: 0, Warnings: 0
# End time: 22:42:54 on Feb 16,2023, Elapsed time: 0:00:35
# Errors: 1, Warnings: 1
# vsim work.unpacked_array_1D -l run.log 
# Start time: 22:42:55 on Feb 16,2023
# ** Note: (vsim-3812) Design is being optimized...
# Loading sv_std.std
# Loading work.unpacked_array_1D(fast)
# stack = '{0, 0, 0, 0, 0, 0, 0, 0}
# stack = '{36, -127, 9, 99, 13, -115, 101, 18}
do 03unpackd_array_1d.do
# ** Warning: (vlib-34) Library already exists at "work".
# QuestaSim-64 vlog 10.7c Compiler 2018.08 Aug 18 2018
# Start time: 22:44:26 on Feb 16,2023
# vlog -reportprogress 300 03unpacked_array.sv 
# -- Compiling module unpacked_array_1D
# 
# Top level modules:
# 	unpacked_array_1D
# End time: 22:44:26 on Feb 16,2023, Elapsed time: 0:00:00
# Errors: 0, Warnings: 0
# End time: 22:44:27 on Feb 16,2023, Elapsed time: 0:01:32
# Errors: 0, Warnings: 0
# vsim work.unpacked_array_1D -l run.log 
# Start time: 22:44:27 on Feb 16,2023
# ** Note: (vsim-3813) Design is being optimized due to module recompilation...
# Loading sv_std.std
# Loading work.unpacked_array_1D(fast)
# stack = '{0, 0, 0, 0, 0, 0, 0, 0}
# Assign 0x24 to index 0
# Assign 0x81 to index 1
# Assign 0x9 to index 2
# Assign 0x63 to index 3
# Assign 0xd to index 4
# Assign 0x8d to index 5
# Assign 0x65 to index 6
# Assign 0x12 to index 7
# stack = '{36, -127, 9, 99, 13, -115, 101, 18}
do 03unpackd_array_1d.do
# ** Warning: (vlib-34) Library already exists at "work".
# QuestaSim-64 vlog 10.7c Compiler 2018.08 Aug 18 2018
# Start time: 22:48:32 on Feb 16,2023
# vlog -reportprogress 300 03unpacked_array.sv 
# -- Compiling module unpacked_array_1D
# 
# Top level modules:
# 	unpacked_array_1D
# End time: 22:48:32 on Feb 16,2023, Elapsed time: 0:00:00
# Errors: 0, Warnings: 0
# End time: 22:48:34 on Feb 16,2023, Elapsed time: 0:04:07
# Errors: 0, Warnings: 0
# vsim work.unpacked_array_1D -l run.log 
# Start time: 22:48:34 on Feb 16,2023
# ** Note: (vsim-3813) Design is being optimized due to module recompilation...
# Loading sv_std.std
# Loading work.unpacked_array_1D(fast)
# stack = '{0, 0, 0, 0, 0, 0, 0, 0}
# Assign 0x36 to index 0
# Assign 0x-127 to index 1
# Assign 0x9 to index 2
# Assign 0x99 to index 3
# Assign 0x13 to index 4
# Assign 0x-115 to index 5
# Assign 0x101 to index 6
# Assign 0x18 to index 7
# stack = '{36, -127, 9, 99, 13, -115, 101, 18}
do 03unpackd_array_2d.do
# Cannot open macro file: 03unpackd_array_2d.do
quit -sim
# End time: 22:51:49 on Feb 16,2023, Elapsed time: 0:03:15
# Errors: 1, Warnings: 0
cd {D:\Obsi\systemverilog_nitindinnu\00datatypes_sv\03\03arrays}
do 03unpacked_array_2d.do
# ** Warning: (vlib-34) Library already exists at "work".
# QuestaSim-64 vlog 10.7c Compiler 2018.08 Aug 18 2018
# Start time: 22:52:22 on Feb 16,2023
# vlog -reportprogress 300 03unpacked_array.sv 
# -- Compiling module unpacked_array_1D
# -- Compiling module unpacked_array_2D
# 
# Top level modules:
# 	unpacked_array_1D
# 	unpacked_array_2D
# End time: 22:52:22 on Feb 16,2023, Elapsed time: 0:00:00
# Errors: 0, Warnings: 0
# vsim work.unpacked_array_2D -l run.log 
# Start time: 22:52:22 on Feb 16,2023
# ** Note: (vsim-3812) Design is being optimized...
# Loading sv_std.std
# Loading work.unpacked_array_2D(fast)
# ** Warning: (vsim-PLI-3003) [TOFD] - System task or function '$$display' is not defined.
#    Time: 0 ns  Iteration: 0  Instance: /unpacked_array_2D File: 03unpacked_array.sv Line: 22
# ** Error (suppressible): (vsim-12023) Cannot execute undefined system task/function '$$display'
#    Time: 0 ns  Iteration: 0  Process: /unpacked_array_2D/#INITIAL#21 File: 03unpacked_array.sv Line: 22
do 03unpacked_array_2d.do
# ** Warning: (vlib-34) Library already exists at "work".
# QuestaSim-64 vlog 10.7c Compiler 2018.08 Aug 18 2018
# Start time: 22:52:35 on Feb 16,2023
# vlog -reportprogress 300 03unpacked_array.sv 
# -- Compiling module unpacked_array_1D
# -- Compiling module unpacked_array_2D
# 
# Top level modules:
# 	unpacked_array_1D
# 	unpacked_array_2D
# End time: 22:52:35 on Feb 16,2023, Elapsed time: 0:00:00
# Errors: 0, Warnings: 0
# End time: 22:52:36 on Feb 16,2023, Elapsed time: 0:00:14
# Errors: 1, Warnings: 1
# vsim work.unpacked_array_2D -l run.log 
# Start time: 22:52:36 on Feb 16,2023
# ** Note: (vsim-3813) Design is being optimized due to module recompilation...
# Loading sv_std.std
# Loading work.unpacked_array_2D(fast)
# '{'{0, 0, 0, 0}, '{0, 0, 0, 0}}
do 03unpacked_array_2d.do
# ** Warning: (vlib-34) Library already exists at "work".
# QuestaSim-64 vlog 10.7c Compiler 2018.08 Aug 18 2018
# Start time: 22:55:18 on Feb 16,2023
# vlog -reportprogress 300 03unpacked_array.sv 
# -- Compiling module unpacked_array_1D
# -- Compiling module unpacked_array_2D
# ** Warning: 03unpacked_array.sv(26): (vlog-2897) Using non-standard foreach loop variable list syntax.
# 
# Top level modules:
# 	unpacked_array_1D
# 	unpacked_array_2D
# End time: 22:55:18 on Feb 16,2023, Elapsed time: 0:00:00
# Errors: 0, Warnings: 1
# End time: 22:55:20 on Feb 16,2023, Elapsed time: 0:02:44
# Errors: 0, Warnings: 1
# vsim work.unpacked_array_2D -l run.log 
# Start time: 22:55:20 on Feb 16,2023
# ** Note: (vsim-3813) Design is being optimized due to module recompilation...
# ** Warning: 03unpacked_array.sv(26): (vopt-2897) Using non-standard foreach loop variable list syntax.
# Loading sv_std.std
# Loading work.unpacked_array_2D(fast)
# '{'{0, 0, 0, 0}, '{0, 0, 0, 0}}
# stack[0][0] = 36
# stack[0][1] = -127
# stack[0][2] = 9
# stack[0][3] = 99
# stack[1][0] = 13
# stack[1][1] = -115
# stack[1][2] = 101
# stack[1][3] = 18
# stt = '{'{36, -127, 9, 99}, '{13, -115, 101, 18}}
do 04packed_plus_unpacked.do
# ** Warning: (vlib-34) Library already exists at "work".
# QuestaSim-64 vlog 10.7c Compiler 2018.08 Aug 18 2018
# Start time: 23:02:43 on Feb 16,2023
# vlog -reportprogress 300 04packed_plus_unpacked.sv 
# -- Compiling module packed_plus_unpacked
# ** Warning: 04packed_plus_unpacked.sv(8): (vlog-2897) Using non-standard foreach loop variable list syntax.
# 
# Top level modules:
# 	packed_plus_unpacked
# End time: 23:02:43 on Feb 16,2023, Elapsed time: 0:00:00
# Errors: 0, Warnings: 1
# End time: 23:02:44 on Feb 16,2023, Elapsed time: 0:07:24
# Errors: 0, Warnings: 2
# vsim work.packed_plus_unpacked -l run.log 
# Start time: 23:02:44 on Feb 16,2023
# ** Note: (vsim-3812) Design is being optimized...
# ** Warning: 04packed_plus_unpacked.sv(8): (vopt-2897) Using non-standard foreach loop variable list syntax.
# Loading sv_std.std
# Loading work.packed_plus_unpacked(fast)
# dd[0][0] = 0x12153524
# dd[0][1] = 0xc0895e81
# dd[0][2] = 0x8484d609
# dd[0][3] = 0xb1f05663
# dd[1][0] = 0x6b97b0d
# dd[1][1] = 0x46df998d
# dd[1][2] = 0xb2c28465
# dd[1][3] = 0x89375212
# dd = '{'{'{18, 21, 53, 36}, '{192, 137, 94, 129}, '{132, 132, 214, 9}, '{177, 240, 86, 99}}, '{'{6, 185, 123, 13}, '{70, 223, 153, 141}, '{178, 194, 132, 101}, '{137, 55, 82, 18}}}
# dd[0][0][2] = 0x15
do 04packed_plus_unpacked.do
# ** Warning: (vlib-34) Library already exists at "work".
# QuestaSim-64 vlog 10.7c Compiler 2018.08 Aug 18 2018
# Start time: 23:04:55 on Feb 16,2023
# vlog -reportprogress 300 04packed_plus_unpacked.sv 
# -- Compiling module packed_plus_unpacked
# ** Warning: 04packed_plus_unpacked.sv(8): (vlog-2897) Using non-standard foreach loop variable list syntax.
# 
# Top level modules:
# 	packed_plus_unpacked
# End time: 23:04:55 on Feb 16,2023, Elapsed time: 0:00:00
# Errors: 0, Warnings: 1
# End time: 23:04:56 on Feb 16,2023, Elapsed time: 0:02:12
# Errors: 0, Warnings: 2
# vsim work.packed_plus_unpacked -l run.log 
# Start time: 23:04:56 on Feb 16,2023
# ** Note: (vsim-3813) Design is being optimized due to module recompilation...
# ** Warning: 04packed_plus_unpacked.sv(8): (vopt-2897) Using non-standard foreach loop variable list syntax.
# Loading sv_std.std
# Loading work.packed_plus_unpacked(fast)
# dd[0][0] = 303379748
# dd[0][1] = 3230228097
# dd[0][2] = 2223298057
# dd[0][3] = 2985317987
# dd[1][0] = 112818957
# dd[1][1] = 1189058957
# dd[1][2] = 2999092325
# dd[1][3] = 2302104082
# dd = '{'{'{18, 21, 53, 36}, '{192, 137, 94, 129}, '{132, 132, 214, 9}, '{177, 240, 86, 99}}, '{'{6, 185, 123, 13}, '{70, 223, 153, 141}, '{178, 194, 132, 101}, '{137, 55, 82, 18}}}
# dd[0][0][2] = 21
do 05dynamic_array1.do
# ** Warning: (vlib-34) Library already exists at "work".
# QuestaSim-64 vlog 10.7c Compiler 2018.08 Aug 18 2018
# Start time: 23:15:50 on Feb 16,2023
# vlog -reportprogress 300 05dynamic_arrays.sv 
# -- Compiling module dyanamic_array1
# ** Error: (vlog-13069) 05dynamic_arrays.sv(5): near "]": syntax error, unexpected ']'.
# End time: 23:15:51 on Feb 16,2023, Elapsed time: 0:00:01
# Errors: 1, Warnings: 0
# ** Error: C:/questasim64_10.7c/win64/vlog failed.
# Error in macro ./05dynamic_array1.do line 2
# C:/questasim64_10.7c/win64/vlog failed.
#     while executing
# "vlog 05dynamic_arrays.sv"
do 05dynamic_array1.do
# ** Warning: (vlib-34) Library already exists at "work".
# QuestaSim-64 vlog 10.7c Compiler 2018.08 Aug 18 2018
# Start time: 23:16:30 on Feb 16,2023
# vlog -reportprogress 300 05dynamic_arrays.sv 
# -- Compiling module dyanamic_array1
# 
# Top level modules:
# 	dyanamic_array1
# End time: 23:16:30 on Feb 16,2023, Elapsed time: 0:00:00
# Errors: 0, Warnings: 0
# End time: 23:16:31 on Feb 16,2023, Elapsed time: 0:11:35
# Errors: 4, Warnings: 1
# vsim work.dyanamic_array1 -l run.log 
# Start time: 23:16:31 on Feb 16,2023
# ** Note: (vsim-3812) Design is being optimized...
# Loading sv_std.std
# Loading work.dyanamic_array1(fast)
# '{0, 0, 0, 0, 0}
# '{420, 421, 423, 424, 440}
do 05dynamicarray_methods.do
# ** Warning: (vlib-34) Library already exists at "work".
# QuestaSim-64 vlog 10.7c Compiler 2018.08 Aug 18 2018
# Start time: 23:20:57 on Feb 16,2023
# vlog -reportprogress 300 05dynamic_arrays.sv 
# -- Compiling module dyanamic_array1
# -- Compiling module dynamicarray_methods
# 
# Top level modules:
# 	dyanamic_array1
# 	dynamicarray_methods
# End time: 23:20:57 on Feb 16,2023, Elapsed time: 0:00:00
# Errors: 0, Warnings: 0
# End time: 23:20:58 on Feb 16,2023, Elapsed time: 0:04:27
# Errors: 0, Warnings: 0
# vsim work.dynamicarray_methods -l run.log 
# Start time: 23:20:58 on Feb 16,2023
# ** Note: (vsim-3812) Design is being optimized...
# Loading sv_std.std
# Loading work.dynamicarray_methods(fast)
# '{"", "", "", "", ""}
# '{"sr", "nv", "sha", "nit", "pha"}
do 05dynamicarray_methods.do
# ** Warning: (vlib-34) Library already exists at "work".
# QuestaSim-64 vlog 10.7c Compiler 2018.08 Aug 18 2018
# Start time: 23:21:47 on Feb 16,2023
# vlog -reportprogress 300 05dynamic_arrays.sv 
# -- Compiling module dyanamic_array1
# -- Compiling module dynamicarray_methods
# 
# Top level modules:
# 	dyanamic_array1
# 	dynamicarray_methods
# End time: 23:21:47 on Feb 16,2023, Elapsed time: 0:00:00
# Errors: 0, Warnings: 0
# End time: 23:21:48 on Feb 16,2023, Elapsed time: 0:00:50
# Errors: 0, Warnings: 0
# vsim work.dynamicarray_methods -l run.log 
# Start time: 23:21:48 on Feb 16,2023
# ** Note: (vsim-3813) Design is being optimized due to module recompilation...
# Loading sv_std.std
# Loading work.dynamicarray_methods(fast)
# '{"", "", "", "", ""}
# '{"sr", "nv", "sha", "nit", "pha"}
# '{"sr", "nv", "sha", "nit", "pha", "hk"}
do 05dynamicarray_methods.do
# ** Warning: (vlib-34) Library already exists at "work".
# QuestaSim-64 vlog 10.7c Compiler 2018.08 Aug 18 2018
# Start time: 23:23:57 on Feb 16,2023
# vlog -reportprogress 300 05dynamic_arrays.sv 
# -- Compiling module dyanamic_array1
# -- Compiling module dynamicarray_methods
# 
# Top level modules:
# 	dyanamic_array1
# 	dynamicarray_methods
# End time: 23:23:57 on Feb 16,2023, Elapsed time: 0:00:00
# Errors: 0, Warnings: 0
# End time: 23:23:58 on Feb 16,2023, Elapsed time: 0:02:10
# Errors: 0, Warnings: 0
# vsim work.dynamicarray_methods -l run.log 
# Start time: 23:23:58 on Feb 16,2023
# ** Note: (vsim-3813) Design is being optimized due to module recompilation...
# Loading sv_std.std
# Loading work.dynamicarray_methods(fast)
# '{"", "", "", "", ""}
# '{"sr", "nv", "sha", "nit", "pha"}
# '{"sr", "nv", "sha", "nit", "pha"}
# '{"sr", "nv", "sha", "nit", "pha", "hk", "bal"}
do 05dynamicarray_methods.do
# ** Warning: (vlib-34) Library already exists at "work".
# QuestaSim-64 vlog 10.7c Compiler 2018.08 Aug 18 2018
# Start time: 23:26:30 on Feb 16,2023
# vlog -reportprogress 300 05dynamic_arrays.sv 
# -- Compiling module dyanamic_array1
# -- Compiling module dynamicarray_methods
# 
# Top level modules:
# 	dyanamic_array1
# 	dynamicarray_methods
# End time: 23:26:30 on Feb 16,2023, Elapsed time: 0:00:00
# Errors: 0, Warnings: 0
# End time: 23:26:31 on Feb 16,2023, Elapsed time: 0:02:33
# Errors: 0, Warnings: 0
# vsim work.dynamicarray_methods -l run.log 
# Start time: 23:26:31 on Feb 16,2023
# ** Note: (vsim-3813) Design is being optimized due to module recompilation...
# Loading sv_std.std
# Loading work.dynamicarray_methods(fast)
# '{"", "", "", "", ""}
# '{"sr", "nv", "sha", "nit", "pha"}
# names.size=5
# '{"sr", "nv", "sha", "nit", "pha"}
# names.size=5
# '{"sr", "nv", "sha", "nit", "pha", "hk", "bal"}
# names.size=7
# names.size=0
do 05dynamicarray_methods.do
# ** Warning: (vlib-34) Library already exists at "work".
# QuestaSim-64 vlog 10.7c Compiler 2018.08 Aug 18 2018
# Start time: 23:27:13 on Feb 16,2023
# vlog -reportprogress 300 05dynamic_arrays.sv 
# -- Compiling module dyanamic_array1
# -- Compiling module dynamicarray_methods
# 
# Top level modules:
# 	dyanamic_array1
# 	dynamicarray_methods
# End time: 23:27:13 on Feb 16,2023, Elapsed time: 0:00:00
# Errors: 0, Warnings: 0
# End time: 23:27:14 on Feb 16,2023, Elapsed time: 0:00:43
# Errors: 0, Warnings: 0
# vsim work.dynamicarray_methods -l run.log 
# Start time: 23:27:14 on Feb 16,2023
# ** Note: (vsim-3813) Design is being optimized due to module recompilation...
# Loading sv_std.std
# Loading work.dynamicarray_methods(fast)
# '{"", "", "", "", ""}
# '{"sr", "nv", "sha", "nit", "pha"}
# names.size=5
# '{"sr", "nv", "sha", "nit", "pha"}
# names.size=5
# '{"sr", "nv", "sha", "nit", "pha", "hk", "bal"}
# names.size=7
# '{}
# names.size=0
do 05dynamic_array_copymethod.do
# ** Warning: (vlib-34) Library already exists at "work".
# QuestaSim-64 vlog 10.7c Compiler 2018.08 Aug 18 2018
# Start time: 23:38:17 on Feb 16,2023
# vlog -reportprogress 300 05dynamic_arrays.sv 
# -- Compiling module dyanamic_array1
# -- Compiling module dynamicarray_methods
# -- Compiling module dynamic_array_copymethod
# ** Error: 05dynamic_arrays.sv(58): (vlog-2730) Undefined variable: 'id'.
# End time: 23:38:17 on Feb 16,2023, Elapsed time: 0:00:00
# Errors: 1, Warnings: 0
# ** Error: C:/questasim64_10.7c/win64/vlog failed.
# Error in macro ./05dynamic_array_copymethod.do line 2
# C:/questasim64_10.7c/win64/vlog failed.
#     while executing
# "vlog 05dynamic_arrays.sv"
do 05dynamic_array_copymethod.do
# ** Warning: (vlib-34) Library already exists at "work".
# QuestaSim-64 vlog 10.7c Compiler 2018.08 Aug 18 2018
# Start time: 23:38:50 on Feb 16,2023
# vlog -reportprogress 300 05dynamic_arrays.sv 
# -- Compiling module dyanamic_array1
# -- Compiling module dynamicarray_methods
# -- Compiling module dynamic_array_copymethod
# 
# Top level modules:
# 	dyanamic_array1
# 	dynamicarray_methods
# 	dynamic_array_copymethod
# End time: 23:38:50 on Feb 16,2023, Elapsed time: 0:00:00
# Errors: 0, Warnings: 0
# End time: 23:38:51 on Feb 16,2023, Elapsed time: 0:11:37
# Errors: 4, Warnings: 0
# vsim work.dynamic_array_copymethod -l run.log 
# Start time: 23:38:51 on Feb 16,2023
# ** Note: (vsim-3812) Design is being optimized...
# ** Error (suppressible): 05dynamic_arrays.sv(59): (vopt-7063) Failed to find 'id' in hierarchical name 'id.size'.
#         Region: dynamic_array_copymethod
# ** Error (suppressible): 05dynamic_arrays.sv(59): (vopt-7063) Failed to find 'size' in hierarchical name 'id.size'.
#         Region: dynamic_array_copymethod
# Optimization failed
# Error loading design
# Error: Error loading design
#        Pausing macro execution
# MACRO ./05dynamic_array_copymethod.do PAUSED at line 3
do 05dynamicarray_methods.do
# ** Warning: (vlib-34) Library already exists at "work".
# QuestaSim-64 vlog 10.7c Compiler 2018.08 Aug 18 2018
# Start time: 23:39:16 on Feb 16,2023
# vlog -reportprogress 300 05dynamic_arrays.sv 
# -- Compiling module dyanamic_array1
# -- Compiling module dynamicarray_methods
# -- Compiling module dynamic_array_copymethod
# 
# Top level modules:
# 	dyanamic_array1
# 	dynamicarray_methods
# 	dynamic_array_copymethod
# End time: 23:39:16 on Feb 16,2023, Elapsed time: 0:00:00
# Errors: 0, Warnings: 0
# vsim work.dynamicarray_methods -l run.log 
# Start time: 23:38:51 on Feb 16,2023
# ** Note: (vsim-3813) Design is being optimized due to module recompilation...
# Loading sv_std.std
# Loading work.dynamicarray_methods(fast)
# '{"", "", "", "", ""}
# '{"sr", "nv", "sha", "nit", "pha"}
# names.size=5
# '{"sr", "nv", "sha", "nit", "pha"}
# names.size=5
# '{"sr", "nv", "sha", "nit", "pha", "hk", "bal"}
# names.size=7
# '{}
# names.size=0
do 05dynamic_array_copymethod.do
# ** Warning: (vlib-34) Library already exists at "work".
# QuestaSim-64 vlog 10.7c Compiler 2018.08 Aug 18 2018
# Start time: 23:39:26 on Feb 16,2023
# vlog -reportprogress 300 05dynamic_arrays.sv 
# -- Compiling module dyanamic_array1
# -- Compiling module dynamicarray_methods
# -- Compiling module dynamic_array_copymethod
# 
# Top level modules:
# 	dyanamic_array1
# 	dynamicarray_methods
# 	dynamic_array_copymethod
# End time: 23:39:26 on Feb 16,2023, Elapsed time: 0:00:00
# Errors: 0, Warnings: 0
# End time: 23:39:28 on Feb 16,2023, Elapsed time: 0:00:37
# Errors: 2, Warnings: 0
# vsim work.dynamic_array_copymethod -l run.log 
# Start time: 23:39:28 on Feb 16,2023
# ** Note: (vsim-3812) Design is being optimized...
# Loading sv_std.std
# Loading work.dynamic_array_copymethod(fast)
# contents of d are = 1 2 3 4 5
# contents of copyy copied from d are 1 2 3 4 5
# updTED copy contents are =1 2 3 4 7 0
# d.size = 5 , copyy.size() = 6
do 05dynamic_array_copymethod.do
# ** Warning: (vlib-34) Library already exists at "work".
# QuestaSim-64 vlog 10.7c Compiler 2018.08 Aug 18 2018
# Start time: 23:41:01 on Feb 16,2023
# vlog -reportprogress 300 05dynamic_arrays.sv 
# -- Compiling module dyanamic_array1
# -- Compiling module dynamicarray_methods
# -- Compiling module dynamic_array_copymethod
# 
# Top level modules:
# 	dyanamic_array1
# 	dynamicarray_methods
# 	dynamic_array_copymethod
# End time: 23:41:01 on Feb 16,2023, Elapsed time: 0:00:00
# Errors: 0, Warnings: 0
# End time: 23:41:02 on Feb 16,2023, Elapsed time: 0:01:34
# Errors: 0, Warnings: 0
# vsim work.dynamic_array_copymethod -l run.log 
# Start time: 23:41:02 on Feb 16,2023
# ** Note: (vsim-3813) Design is being optimized due to module recompilation...
# Loading sv_std.std
# Loading work.dynamic_array_copymethod(fast)
# contents of d are = 1 2 3 4 5
# contents of copyy copied from d are 1 2 3 4 5
# new copyy contents are =1 2 3 4 5 7
# d.size = 5 , copyy.size() = 6
