# vsim work.array_sort_no_builtin_func -l 05_arr_sort.log 
# Start time: 22:45:17 on Feb 24,2023
# ** Note: (vsim-3812) Design is being optimized...
# ** Error (suppressible): 05_arr_sort.sv(23): (vopt-7063) Failed to find 'size' in hierarchical name 'size'.
#         Region: array_sort_no_builtin_func
# Optimization failed
# Error loading design
# Error: Error loading design
#        Pausing macro execution
# MACRO ./05_arr_sort.do PAUSED at line 3
cd {D:\Obsi\systemverilog_nitindinnu\03assignment_questions}
do 05_arr_sort.do
# ** Warning: (vlib-34) Library already exists at "work".
# QuestaSim-64 vlog 10.7c Compiler 2018.08 Aug 18 2018
# Start time: 22:45:33 on Feb 24,2023
# vlog -reportprogress 300 05_arr_sort.sv 
# -- Compiling module array_sort_no_builtin_func
# ** Error: 05_arr_sort.sv(23): Incorrect number of arguments in array querying function.
# 05_arr_sort.sv(23): Verilog Compiler exiting
# End time: 22:45:33 on Feb 24,2023, Elapsed time: 0:00:00
# Errors: 1, Warnings: 0
# ** Error: C:/questasim64_10.7c/win64/vlog failed.
# Error in macro ./05_arr_sort.do line 2
# C:/questasim64_10.7c/win64/vlog failed.
#     while executing
# "vlog 05_arr_sort.sv"
do 05_arr_sort.do
# ** Warning: (vlib-34) Library already exists at "work".
# QuestaSim-64 vlog 10.7c Compiler 2018.08 Aug 18 2018
# Start time: 22:46:01 on Feb 24,2023
# vlog -reportprogress 300 05_arr_sort.sv 
# -- Compiling module array_sort_no_builtin_func
# 
# Top level modules:
# 	array_sort_no_builtin_func
# End time: 22:46:01 on Feb 24,2023, Elapsed time: 0:00:00
# Errors: 0, Warnings: 0
# vsim work.array_sort_no_builtin_func -l 05_arr_sort.log 
# Start time: 22:45:17 on Feb 24,2023
# ** Note: (vsim-3812) Design is being optimized...
# Loading sv_std.std
# Loading work.array_sort_no_builtin_func(fast)
# arr elem are 13604 24193 -10743 22115 31501 -26227 -31643 21010 -7423 -13043
# arr elem are 13604 -10743 22115 24193 -26227 -31643 21010 -7423 -13043 0
do 05_arr_sort.do
# ** Warning: (vlib-34) Library already exists at "work".
# QuestaSim-64 vlog 10.7c Compiler 2018.08 Aug 18 2018
# Start time: 22:47:41 on Feb 24,2023
# vlog -reportprogress 300 05_arr_sort.sv 
# -- Compiling module array_sort_no_builtin_func
# ** Error: 05_arr_sort.sv(16): Component name 'i' does not refer to a scope.
# End time: 22:47:41 on Feb 24,2023, Elapsed time: 0:00:00
# Errors: 1, Warnings: 0
# ** Error: C:/questasim64_10.7c/win64/vlog failed.
# Error in macro ./05_arr_sort.do line 2
# C:/questasim64_10.7c/win64/vlog failed.
#     while executing
# "vlog 05_arr_sort.sv"
do 05_arr_sort.do
# ** Warning: (vlib-34) Library already exists at "work".
# QuestaSim-64 vlog 10.7c Compiler 2018.08 Aug 18 2018
# Start time: 22:48:10 on Feb 24,2023
# vlog -reportprogress 300 05_arr_sort.sv 
# -- Compiling module array_sort_no_builtin_func
# ** Error: 05_arr_sort.sv(16): Component name 'i' does not refer to a scope.
# End time: 22:48:10 on Feb 24,2023, Elapsed time: 0:00:00
# Errors: 1, Warnings: 0
# ** Error: C:/questasim64_10.7c/win64/vlog failed.
# Error in macro ./05_arr_sort.do line 2
# C:/questasim64_10.7c/win64/vlog failed.
#     while executing
# "vlog 05_arr_sort.sv"
do 05_arr_sort.do
# ** Warning: (vlib-34) Library already exists at "work".
# QuestaSim-64 vlog 10.7c Compiler 2018.08 Aug 18 2018
# Start time: 22:48:19 on Feb 24,2023
# vlog -reportprogress 300 05_arr_sort.sv 
# -- Compiling module array_sort_no_builtin_func
# 
# Top level modules:
# 	array_sort_no_builtin_func
# End time: 22:48:19 on Feb 24,2023, Elapsed time: 0:00:00
# Errors: 0, Warnings: 0
# End time: 22:48:21 on Feb 24,2023, Elapsed time: 0:03:04
# Errors: 9, Warnings: 0
# vsim work.array_sort_no_builtin_func -l 05_arr_sort.log 
# Start time: 22:48:21 on Feb 24,2023
# ** Note: (vsim-3813) Design is being optimized due to module recompilation...
# Loading sv_std.std
# Loading work.array_sort_no_builtin_func(fast)
# arr elem are 13604 24193 -10743 22115 31501 -26227 -31643 21010 -7423 -13043
# 1 2
# 2 3
# 4 5
# 5 6
# 6 7
# 7 8
# 8 9
# 9 10
# arr elem are 13604 -10743 22115 24193 -26227 -31643 21010 -7423 -13043 0
do 05_arr_sort.do
# ** Warning: (vlib-34) Library already exists at "work".
# QuestaSim-64 vlog 10.7c Compiler 2018.08 Aug 18 2018
# Start time: 22:49:18 on Feb 24,2023
# vlog -reportprogress 300 05_arr_sort.sv 
# -- Compiling module array_sort_no_builtin_func
# 
# Top level modules:
# 	array_sort_no_builtin_func
# End time: 22:49:18 on Feb 24,2023, Elapsed time: 0:00:00
# Errors: 0, Warnings: 0
# End time: 22:49:20 on Feb 24,2023, Elapsed time: 0:00:59
# Errors: 0, Warnings: 0
# vsim work.array_sort_no_builtin_func -l 05_arr_sort.log 
# Start time: 22:49:20 on Feb 24,2023
# ** Note: (vsim-3813) Design is being optimized due to module recompilation...
# Loading sv_std.std
# Loading work.array_sort_no_builtin_func(fast)
# arr elem are 13604 24193 -10743 22115 31501 -26227 -31643 21010 -7423 -13043
# arr elem are 13604 24193 -10743 22115 31501 -26227 -31643 21010 -7423 -13043
do 05_arr_sort.do
# ** Warning: (vlib-34) Library already exists at "work".
# QuestaSim-64 vlog 10.7c Compiler 2018.08 Aug 18 2018
# Start time: 22:49:50 on Feb 24,2023
# vlog -reportprogress 300 05_arr_sort.sv 
# -- Compiling module array_sort_no_builtin_func
# 
# Top level modules:
# 	array_sort_no_builtin_func
# End time: 22:49:51 on Feb 24,2023, Elapsed time: 0:00:01
# Errors: 0, Warnings: 0
# End time: 22:49:52 on Feb 24,2023, Elapsed time: 0:00:32
# Errors: 0, Warnings: 0
# vsim work.array_sort_no_builtin_func -l 05_arr_sort.log 
# Start time: 22:49:52 on Feb 24,2023
# ** Note: (vsim-3813) Design is being optimized due to module recompilation...
# Loading sv_std.std
# Loading work.array_sort_no_builtin_func(fast)
# arr elem are 13604 24193 -10743 22115 31501 -26227 -31643 21010 -7423 -13043
# 1 2
# 2 3
# 4 5
# 5 6
# 6 7
# 7 8
# 8 9
# 9 10
# arr elem are 13604 -10743 22115 24193 -26227 -31643 21010 -7423 -13043 0
do 05_arr_sort.do
# ** Warning: (vlib-34) Library already exists at "work".
# QuestaSim-64 vlog 10.7c Compiler 2018.08 Aug 18 2018
# Start time: 22:52:21 on Feb 24,2023
# vlog -reportprogress 300 05_arr_sort.sv 
# -- Compiling module array_sort_no_builtin_func
# 
# Top level modules:
# 	array_sort_no_builtin_func
# End time: 22:52:21 on Feb 24,2023, Elapsed time: 0:00:00
# Errors: 0, Warnings: 0
# End time: 22:52:23 on Feb 24,2023, Elapsed time: 0:02:31
# Errors: 0, Warnings: 0
# vsim work.array_sort_no_builtin_func -l 05_arr_sort.log 
# Start time: 22:52:23 on Feb 24,2023
# ** Note: (vsim-3813) Design is being optimized due to module recompilation...
# Loading sv_std.std
# Loading work.array_sort_no_builtin_func(fast)
# arr elem are 13604 24193 -10743 22115 31501 -26227 -31643 21010 -7423 -13043
# 4 1
# arr elem are 13604 31501 -10743 22115 24193 -26227 -31643 21010 -7423 -13043
do 05_arr_sort.do
# ** Warning: (vlib-34) Library already exists at "work".
# QuestaSim-64 vlog 10.7c Compiler 2018.08 Aug 18 2018
# Start time: 22:52:46 on Feb 24,2023
# vlog -reportprogress 300 05_arr_sort.sv 
# -- Compiling module array_sort_no_builtin_func
# 
# Top level modules:
# 	array_sort_no_builtin_func
# End time: 22:52:46 on Feb 24,2023, Elapsed time: 0:00:00
# Errors: 0, Warnings: 0
# End time: 22:52:48 on Feb 24,2023, Elapsed time: 0:00:25
# Errors: 0, Warnings: 0
# vsim work.array_sort_no_builtin_func -l 05_arr_sort.log 
# Start time: 22:52:48 on Feb 24,2023
# ** Note: (vsim-3813) Design is being optimized due to module recompilation...
# Loading sv_std.std
# Loading work.array_sort_no_builtin_func(fast)
# arr elem are 13604 24193 -10743 22115 31501 -26227 -31643 21010 -7423 -13043
# 1 2
# 2 3
# 4 5
# 5 6
# 6 7
# 7 8
# 8 9
# 9 10
# arr elem are 13604 -10743 22115 24193 -26227 -31643 21010 -7423 -13043 0
do 05_arr_sort.do
# ** Warning: (vlib-34) Library already exists at "work".
# QuestaSim-64 vlog 10.7c Compiler 2018.08 Aug 18 2018
# Start time: 22:53:04 on Feb 24,2023
# vlog -reportprogress 300 05_arr_sort.sv 
# -- Compiling module array_sort_no_builtin_func
# 
# Top level modules:
# 	array_sort_no_builtin_func
# End time: 22:53:04 on Feb 24,2023, Elapsed time: 0:00:00
# Errors: 0, Warnings: 0
# End time: 22:53:06 on Feb 24,2023, Elapsed time: 0:00:18
# Errors: 0, Warnings: 0
# vsim work.array_sort_no_builtin_func -l 05_arr_sort.log 
# Start time: 22:53:06 on Feb 24,2023
# ** Note: (vsim-3813) Design is being optimized due to module recompilation...
# Loading sv_std.std
# Loading work.array_sort_no_builtin_func(fast)
# arr elem are 13604 24193 -10743 22115 31501 -26227 -31643 21010 -7423 -13043
# 1 2
# 2 3
# 4 5
# 5 6
# 6 7
# 7 8
# 8 9
# 9 10
# arr elem are 13604 -10743 22115 24193 -26227 -31643 21010 -7423 -13043 0
do 05_arr_sort.do
# ** Warning: (vlib-34) Library already exists at "work".
# QuestaSim-64 vlog 10.7c Compiler 2018.08 Aug 18 2018
# Start time: 22:57:14 on Feb 24,2023
# vlog -reportprogress 300 05_arr_sort.sv 
# -- Compiling module array_sort_no_builtin_func
# ** Error: 05_arr_sort.sv(11): (vlog-2730) Undefined variable: 'i'.
# ** Error: 05_arr_sort.sv(12): (vlog-2730) Undefined variable: 'j'.
# End time: 22:57:14 on Feb 24,2023, Elapsed time: 0:00:00
# Errors: 2, Warnings: 0
# ** Error: C:/questasim64_10.7c/win64/vlog failed.
# Error in macro ./05_arr_sort.do line 2
# C:/questasim64_10.7c/win64/vlog failed.
#     while executing
# "vlog 05_arr_sort.sv"
do 05_arr_sort.do
# ** Warning: (vlib-34) Library already exists at "work".
# QuestaSim-64 vlog 10.7c Compiler 2018.08 Aug 18 2018
# Start time: 22:57:37 on Feb 24,2023
# vlog -reportprogress 300 05_arr_sort.sv 
# -- Compiling module array_sort_no_builtin_func
# 
# Top level modules:
# 	array_sort_no_builtin_func
# End time: 22:57:37 on Feb 24,2023, Elapsed time: 0:00:00
# Errors: 0, Warnings: 0
# End time: 22:57:38 on Feb 24,2023, Elapsed time: 0:04:32
# Errors: 5, Warnings: 0
# vsim work.array_sort_no_builtin_func -l 05_arr_sort.log 
# Start time: 22:57:38 on Feb 24,2023
# ** Note: (vsim-3813) Design is being optimized due to module recompilation...
# ** Error: 05_arr_sort.sv(24): Module 'priint' is not defined.
# Optimization failed
# Error loading design
# Error: Error loading design
#        Pausing macro execution
# MACRO ./05_arr_sort.do PAUSED at line 3
cd {D:\Obsi\systemverilog_nitindinnu\03assignment_questions}
do 05_arr_sort.do
# ** Warning: (vlib-34) Library already exists at "work".
# QuestaSim-64 vlog 10.7c Compiler 2018.08 Aug 18 2018
# Start time: 22:57:59 on Feb 24,2023
# vlog -reportprogress 300 05_arr_sort.sv 
# -- Compiling module array_sort_no_builtin_func
# 
# Top level modules:
# 	array_sort_no_builtin_func
# End time: 22:57:59 on Feb 24,2023, Elapsed time: 0:00:00
# Errors: 0, Warnings: 0
# vsim work.array_sort_no_builtin_func -l 05_arr_sort.log 
# Start time: 22:57:38 on Feb 24,2023
# ** Note: (vsim-3812) Design is being optimized...
# Loading sv_std.std
# Loading work.array_sort_no_builtin_func(fast)
# arr elem are 13604 24193 -10743 22115 31501 -26227 -31643 21010 -7423 -13043
#      0     0
#      0     1
#      0     2
#      0     3
#      0     4
#      0     5
#      0     6
#      0     7
#      0     8
#      0     9
#      1     0
#      1     1
#      1     2
#      1     3
#      1     4
#      1     5
#      1     6
#      1     7
#      1     8
#      1     9
#      2     0
#      2     1
#      2     2
#      2     3
#      2     4
#      2     5
#      2     6
#      2     7
#      2     8
#      2     9
#      3     0
#      3     1
#      3     2
#      3     3
#      3     4
#      3     5
#      3     6
#      3     7
#      3     8
#      3     9
#      4     0
#      4     1
#      4     2
#      4     3
#      4     4
#      4     5
#      4     6
#      4     7
#      4     8
#      4     9
#      5     0
#      5     1
#      5     2
#      5     3
#      5     4
#      5     5
#      5     6
#      5     7
#      5     8
#      5     9
#      6     0
#      6     1
#      6     2
#      6     3
#      6     4
#      6     5
#      6     6
#      6     7
#      6     8
#      6     9
#      7     0
#      7     1
#      7     2
#      7     3
#      7     4
#      7     5
#      7     6
#      7     7
#      7     8
#      7     9
#      8     0
#      8     1
#      8     2
#      8     3
#      8     4
#      8     5
#      8     6
#      8     7
#      8     8
#      8     9
#      9     0
#      9     1
#      9     2
#      9     3
#      9     4
#      9     5
#      9     6
#      9     7
#      9     8
#      9     9
# arr elem are -31643 -26227 -13043 -10743 -7423 13604 21010 22115 24193 31501
do 05_arr_sort.do
# ** Warning: (vlib-34) Library already exists at "work".
# QuestaSim-64 vlog 10.7c Compiler 2018.08 Aug 18 2018
# Start time: 22:58:45 on Feb 24,2023
# vlog -reportprogress 300 05_arr_sort.sv 
# -- Compiling module array_sort_no_builtin_func
# 
# Top level modules:
# 	array_sort_no_builtin_func
# End time: 22:58:45 on Feb 24,2023, Elapsed time: 0:00:00
# Errors: 0, Warnings: 0
# End time: 22:58:46 on Feb 24,2023, Elapsed time: 0:01:08
# Errors: 1, Warnings: 0
# vsim work.array_sort_no_builtin_func -l 05_arr_sort.log 
# Start time: 22:58:46 on Feb 24,2023
# ** Note: (vsim-3813) Design is being optimized due to module recompilation...
# Loading sv_std.std
# Loading work.array_sort_no_builtin_func(fast)
# arr elem are 13604 24193 -10743 22115 31501 -26227 -31643 21010 -7423 -13043
# 0     0
# 0     1
# 0     2
# 0     3
# 0     4
# 0     5
# 0     6
# 0     7
# 0     8
# 0     9
# 1     0
# 1     1
# 1     2
# 1     3
# 1     4
# 1     5
# 1     6
# 1     7
# 1     8
# 1     9
# 2     0
# 2     1
# 2     2
# 2     3
# 2     4
# 2     5
# 2     6
# 2     7
# 2     8
# 2     9
# 3     0
# 3     1
# 3     2
# 3     3
# 3     4
# 3     5
# 3     6
# 3     7
# 3     8
# 3     9
# 4     0
# 4     1
# 4     2
# 4     3
# 4     4
# 4     5
# 4     6
# 4     7
# 4     8
# 4     9
# 5     0
# 5     1
# 5     2
# 5     3
# 5     4
# 5     5
# 5     6
# 5     7
# 5     8
# 5     9
# 6     0
# 6     1
# 6     2
# 6     3
# 6     4
# 6     5
# 6     6
# 6     7
# 6     8
# 6     9
# 7     0
# 7     1
# 7     2
# 7     3
# 7     4
# 7     5
# 7     6
# 7     7
# 7     8
# 7     9
# 8     0
# 8     1
# 8     2
# 8     3
# 8     4
# 8     5
# 8     6
# 8     7
# 8     8
# 8     9
# 9     0
# 9     1
# 9     2
# 9     3
# 9     4
# 9     5
# 9     6
# 9     7
# 9     8
# 9     9
# arr elem are -31643 -26227 -13043 -10743 -7423 13604 21010 22115 24193 31501
do 05_arr_sort.do
# ** Warning: (vlib-34) Library already exists at "work".
# QuestaSim-64 vlog 10.7c Compiler 2018.08 Aug 18 2018
# Start time: 23:01:52 on Feb 24,2023
# vlog -reportprogress 300 05_arr_sort.sv 
# -- Compiling module array_sort_no_builtin_func
# 
# Top level modules:
# 	array_sort_no_builtin_func
# End time: 23:01:52 on Feb 24,2023, Elapsed time: 0:00:00
# Errors: 0, Warnings: 0
# End time: 23:01:54 on Feb 24,2023, Elapsed time: 0:03:08
# Errors: 0, Warnings: 0
# vsim work.array_sort_no_builtin_func -l 05_arr_sort.log 
# Start time: 23:01:54 on Feb 24,2023
# ** Note: (vsim-3813) Design is being optimized due to module recompilation...
# Loading sv_std.std
# Loading work.array_sort_no_builtin_func(fast)
# arr elem are 13604 24193 -10743 22115 31501 -26227 -31643 21010 -7423 -13043
# arr elem are 31501 24193 22115 21010 13604 -7423 -10743 -13043 -26227 -31643
do 05_arr_sort.do
# ** Warning: (vlib-34) Library already exists at "work".
# QuestaSim-64 vlog 10.7c Compiler 2018.08 Aug 18 2018
# Start time: 23:06:09 on Feb 24,2023
# vlog -reportprogress 300 05_arr_sort.sv 
# -- Compiling module array_sort_no_builtin_func
# ** Error: 05_arr_sort.sv(22): (vlog-2730) Undefined variable: 'i'.
# ** Error (suppressible): 05_arr_sort.sv(22): (vlog-2388) 'arr' already declared in this scope (swap).
# ** Error: 05_arr_sort.sv(22): (vlog-2730) Undefined variable: 'j'.
# ** Error (suppressible): 05_arr_sort.sv(22): (vlog-2388) 'arr' already declared in this scope (swap).
# ** Error (suppressible): 05_arr_sort.sv(22): (vlog-2388) 'arr' already declared in this scope (swap).
# End time: 23:06:09 on Feb 24,2023, Elapsed time: 0:00:00
# Errors: 5, Warnings: 0
# ** Error: C:/questasim64_10.7c/win64/vlog failed.
# Error in macro ./05_arr_sort.do line 2
# C:/questasim64_10.7c/win64/vlog failed.
#     while executing
# "vlog 05_arr_sort.sv"
do 05_arr_sort.do
# ** Warning: (vlib-34) Library already exists at "work".
# QuestaSim-64 vlog 10.7c Compiler 2018.08 Aug 18 2018
# Start time: 23:07:02 on Feb 24,2023
# vlog -reportprogress 300 05_arr_sort.sv 
# -- Compiling module array_sort_no_builtin_func
# 
# Top level modules:
# 	array_sort_no_builtin_func
# End time: 23:07:02 on Feb 24,2023, Elapsed time: 0:00:00
# Errors: 0, Warnings: 0
# End time: 23:07:03 on Feb 24,2023, Elapsed time: 0:05:09
# Errors: 5, Warnings: 0
# vsim work.array_sort_no_builtin_func -l 05_arr_sort.log 
# Start time: 23:07:04 on Feb 24,2023
# ** Note: (vsim-3813) Design is being optimized due to module recompilation...
# Loading sv_std.std
# Loading work.array_sort_no_builtin_func(fast)
# arr elem are 13604 24193 -10743 22115 31501 -26227 -31643 21010 -7423 -13043
# arr elem are 13604 24193 -10743 22115 31501 -26227 -31643 21010 -7423 -13043
do 05_arr_sort.do
# ** Warning: (vlib-34) Library already exists at "work".
# QuestaSim-64 vlog 10.7c Compiler 2018.08 Aug 18 2018
# Start time: 23:08:14 on Feb 24,2023
# vlog -reportprogress 300 05_arr_sort.sv 
# -- Compiling module array_sort_no_builtin_func
# ** Warning: 05_arr_sort.sv(15): (vlog-2240) Treating stand-alone use of function 'swap' as an implicit VOID cast.
# 
# Top level modules:
# 	array_sort_no_builtin_func
# End time: 23:08:14 on Feb 24,2023, Elapsed time: 0:00:00
# Errors: 0, Warnings: 1
# End time: 23:08:16 on Feb 24,2023, Elapsed time: 0:01:12
# Errors: 0, Warnings: 1
# vsim work.array_sort_no_builtin_func -l 05_arr_sort.log 
# Start time: 23:08:16 on Feb 24,2023
# ** Note: (vsim-3813) Design is being optimized due to module recompilation...
# ** Warning: 05_arr_sort.sv(15): (vopt-2240) Treating stand-alone use of function 'swap' as an implicit VOID cast.
# ** Warning: 05_arr_sort.sv(22): (vopt-2250) Function "swap" has no return value assignment.
# Loading sv_std.std
# Loading work.array_sort_no_builtin_func(fast)
# arr elem are 13604 24193 -10743 22115 31501 -26227 -31643 21010 -7423 -13043
# arr elem are 13604 24193 -10743 22115 31501 -26227 -31643 21010 -7423 -13043
do 05_arr_sort.do
# ** Warning: (vlib-34) Library already exists at "work".
# QuestaSim-64 vlog 10.7c Compiler 2018.08 Aug 18 2018
# Start time: 23:09:16 on Feb 24,2023
# vlog -reportprogress 300 05_arr_sort.sv 
# -- Compiling module array_sort_no_builtin_func
# ** Error: (vlog-13069) 05_arr_sort.sv(26): near ",": syntax error, unexpected ','.
# End time: 23:09:16 on Feb 24,2023, Elapsed time: 0:00:00
# Errors: 1, Warnings: 0
# ** Error: C:/questasim64_10.7c/win64/vlog failed.
# Error in macro ./05_arr_sort.do line 2
# C:/questasim64_10.7c/win64/vlog failed.
#     while executing
# "vlog 05_arr_sort.sv"
do 05_arr_sort.do
# ** Warning: (vlib-34) Library already exists at "work".
# QuestaSim-64 vlog 10.7c Compiler 2018.08 Aug 18 2018
# Start time: 23:10:54 on Feb 24,2023
# vlog -reportprogress 300 05_arr_sort.sv 
# -- Compiling module array_sort_no_builtin_func
# ** Error: (vlog-13069) 05_arr_sort.sv(26): near ",": syntax error, unexpected ','.
# End time: 23:10:54 on Feb 24,2023, Elapsed time: 0:00:00
# Errors: 1, Warnings: 0
# ** Error: C:/questasim64_10.7c/win64/vlog failed.
# Error in macro ./05_arr_sort.do line 2
# C:/questasim64_10.7c/win64/vlog failed.
#     while executing
# "vlog 05_arr_sort.sv"
do 05_arr_sort.do
# ** Warning: (vlib-34) Library already exists at "work".
# QuestaSim-64 vlog 10.7c Compiler 2018.08 Aug 18 2018
# Start time: 23:11:12 on Feb 24,2023
# vlog -reportprogress 300 05_arr_sort.sv 
# -- Compiling module array_sort_no_builtin_func
# ** Warning: 05_arr_sort.sv(15): (vlog-2240) Treating stand-alone use of function 'swap' as an implicit VOID cast.
# 
# Top level modules:
# 	array_sort_no_builtin_func
# End time: 23:11:12 on Feb 24,2023, Elapsed time: 0:00:00
# Errors: 0, Warnings: 1
# End time: 23:11:14 on Feb 24,2023, Elapsed time: 0:02:58
# Errors: 8, Warnings: 3
# vsim work.array_sort_no_builtin_func -l 05_arr_sort.log 
# Start time: 23:11:14 on Feb 24,2023
# ** Note: (vsim-3813) Design is being optimized due to module recompilation...
# ** Warning: 05_arr_sort.sv(15): (vopt-2240) Treating stand-alone use of function 'swap' as an implicit VOID cast.
# ** Warning: 05_arr_sort.sv(22): (vopt-2250) Function "swap" has no return value assignment.
# Loading sv_std.std
# Loading work.array_sort_no_builtin_func(fast)
# arr elem are 13604 24193 -10743 22115 31501 -26227 -31643 21010 -7423 -13043
# arr elem are 13604 24193 -10743 22115 31501 -26227 -31643 21010 -7423 -13043
do 05_arr_sort.do
# ** Warning: (vlib-34) Library already exists at "work".
# QuestaSim-64 vlog 10.7c Compiler 2018.08 Aug 18 2018
# Start time: 23:12:56 on Feb 24,2023
# vlog -reportprogress 300 05_arr_sort.sv 
# -- Compiling module array_sort_no_builtin_func
# 
# Top level modules:
# 	array_sort_no_builtin_func
# End time: 23:12:56 on Feb 24,2023, Elapsed time: 0:00:00
# Errors: 0, Warnings: 0
# End time: 23:12:58 on Feb 24,2023, Elapsed time: 0:01:44
# Errors: 0, Warnings: 2
# vsim work.array_sort_no_builtin_func -l 05_arr_sort.log 
# Start time: 23:12:58 on Feb 24,2023
# ** Note: (vsim-3813) Design is being optimized due to module recompilation...
# Loading sv_std.std
# Loading work.array_sort_no_builtin_func(fast)
# arr elem are 13604 24193 -10743 22115 31501 -26227 -31643 21010 -7423 -13043
# arr elem are 31501 24193 22115 21010 13604 -7423 -10743 -13043 -26227 -31643
do 05_arr_sort.do
# ** Warning: (vlib-34) Library already exists at "work".
# QuestaSim-64 vlog 10.7c Compiler 2018.08 Aug 18 2018
# Start time: 23:16:18 on Feb 24,2023
# vlog -reportprogress 300 05_arr_sort.sv 
# -- Compiling module array_sort_no_builtin_func
# 
# Top level modules:
# 	array_sort_no_builtin_func
# End time: 23:16:18 on Feb 24,2023, Elapsed time: 0:00:00
# Errors: 0, Warnings: 0
# End time: 23:16:20 on Feb 24,2023, Elapsed time: 0:03:22
# Errors: 0, Warnings: 0
# vsim work.array_sort_no_builtin_func -l 05_arr_sort.log 
# Start time: 23:16:20 on Feb 24,2023
# ** Note: (vsim-8009) Loading existing optimized design _opt1
# Loading sv_std.std
# Loading work.array_sort_no_builtin_func(fast)
# arr elem are 13604 24193 -10743 22115 31501 -26227 -31643 21010 -7423 -13043
# arr elem are 31501 24193 22115 21010 13604 -7423 -10743 -13043 -26227 -31643
do 05_arr_sort.do
# ** Warning: (vlib-34) Library already exists at "work".
# QuestaSim-64 vlog 10.7c Compiler 2018.08 Aug 18 2018
# Start time: 23:20:11 on Feb 24,2023
# vlog -reportprogress 300 05_arr_sort.sv 
# -- Compiling module array_sort_no_builtin_func
# ** Error: 05_arr_sort.sv(17): 'arr' already exists; must not be redefined as a function.
# ** Error: (vlog-13069) 05_arr_sort.sv(17): near "[": syntax error, unexpected '[', expecting ';' or '('.
# ** Error: 05_arr_sort.sv(31): 'arr' already exists; must not be redefined as a function.
# ** Error: (vlog-13069) 05_arr_sort.sv(31): near "[": syntax error, unexpected '[', expecting ';' or '('.
# End time: 23:20:11 on Feb 24,2023, Elapsed time: 0:00:00
# Errors: 4, Warnings: 0
# ** Error: C:/questasim64_10.7c/win64/vlog failed.
# Error in macro ./05_arr_sort.do line 2
# C:/questasim64_10.7c/win64/vlog failed.
#     while executing
# "vlog 05_arr_sort.sv"
do 05_arr_sort.do
# ** Warning: (vlib-34) Library already exists at "work".
# QuestaSim-64 vlog 10.7c Compiler 2018.08 Aug 18 2018
# Start time: 23:21:04 on Feb 24,2023
# vlog -reportprogress 300 05_arr_sort.sv 
# -- Compiling module array_sort_no_builtin_func
# 
# Top level modules:
# 	array_sort_no_builtin_func
# End time: 23:21:04 on Feb 24,2023, Elapsed time: 0:00:00
# Errors: 0, Warnings: 0
# End time: 23:21:06 on Feb 24,2023, Elapsed time: 0:04:46
# Errors: 7, Warnings: 0
# vsim work.array_sort_no_builtin_func -l 05_arr_sort.log 
# Start time: 23:21:06 on Feb 24,2023
# ** Note: (vsim-3813) Design is being optimized due to module recompilation...
# Loading sv_std.std
# Loading work.array_sort_no_builtin_func(fast)
# arr elem are 13604 24193 -10743 22115 31501 -26227 -31643 21010 -7423 -13043
# arr elem are 13604 24193 -10743 22115 31501 -26227 -31643 21010 -7423 -13043
# arr elem are 13604 24193 -10743 22115 31501 -26227 -31643 21010 -7423 -13043
# arr elem are -10743 24193 13604 22115 31501 -26227 -31643 21010 -7423 -13043
# arr elem are -10743 24193 13604 22115 31501 -26227 -31643 21010 -7423 -13043
# arr elem are -10743 24193 13604 22115 31501 -26227 -31643 21010 -7423 -13043
# arr elem are -26227 24193 13604 22115 31501 -10743 -31643 21010 -7423 -13043
# arr elem are -31643 24193 13604 22115 31501 -10743 -26227 21010 -7423 -13043
# arr elem are -31643 24193 13604 22115 31501 -10743 -26227 21010 -7423 -13043
# arr elem are -31643 24193 13604 22115 31501 -10743 -26227 21010 -7423 -13043
# arr elem are -31643 24193 13604 22115 31501 -10743 -26227 21010 -7423 -13043
# arr elem are 24193 -31643 13604 22115 31501 -10743 -26227 21010 -7423 -13043
# arr elem are 24193 -31643 13604 22115 31501 -10743 -26227 21010 -7423 -13043
# arr elem are 24193 -31643 13604 22115 31501 -10743 -26227 21010 -7423 -13043
# arr elem are 24193 -31643 13604 22115 31501 -10743 -26227 21010 -7423 -13043
# arr elem are 24193 -31643 13604 22115 31501 -10743 -26227 21010 -7423 -13043
# arr elem are 24193 -31643 13604 22115 31501 -10743 -26227 21010 -7423 -13043
# arr elem are 24193 -31643 13604 22115 31501 -10743 -26227 21010 -7423 -13043
# arr elem are 24193 -31643 13604 22115 31501 -10743 -26227 21010 -7423 -13043
# arr elem are 24193 -31643 13604 22115 31501 -10743 -26227 21010 -7423 -13043
# arr elem are 24193 -31643 13604 22115 31501 -10743 -26227 21010 -7423 -13043
# arr elem are 24193 -31643 13604 22115 31501 -10743 -26227 21010 -7423 -13043
# arr elem are 24193 13604 -31643 22115 31501 -10743 -26227 21010 -7423 -13043
# arr elem are 24193 13604 -31643 22115 31501 -10743 -26227 21010 -7423 -13043
# arr elem are 24193 13604 -31643 22115 31501 -10743 -26227 21010 -7423 -13043
# arr elem are 24193 13604 -31643 22115 31501 -10743 -26227 21010 -7423 -13043
# arr elem are 24193 13604 -31643 22115 31501 -10743 -26227 21010 -7423 -13043
# arr elem are 24193 13604 -31643 22115 31501 -10743 -26227 21010 -7423 -13043
# arr elem are 24193 13604 -31643 22115 31501 -10743 -26227 21010 -7423 -13043
# arr elem are 24193 13604 -31643 22115 31501 -10743 -26227 21010 -7423 -13043
# arr elem are 24193 13604 -31643 22115 31501 -10743 -26227 21010 -7423 -13043
# arr elem are 24193 13604 -31643 22115 31501 -10743 -26227 21010 -7423 -13043
# arr elem are 24193 22115 -31643 13604 31501 -10743 -26227 21010 -7423 -13043
# arr elem are 24193 22115 13604 -31643 31501 -10743 -26227 21010 -7423 -13043
# arr elem are 24193 22115 13604 -31643 31501 -10743 -26227 21010 -7423 -13043
# arr elem are 24193 22115 13604 -31643 31501 -10743 -26227 21010 -7423 -13043
# arr elem are 24193 22115 13604 -31643 31501 -10743 -26227 21010 -7423 -13043
# arr elem are 24193 22115 13604 -31643 31501 -10743 -26227 21010 -7423 -13043
# arr elem are 24193 22115 13604 -31643 31501 -10743 -26227 21010 -7423 -13043
# arr elem are 24193 22115 13604 -31643 31501 -10743 -26227 21010 -7423 -13043
# arr elem are 24193 22115 13604 -31643 31501 -10743 -26227 21010 -7423 -13043
# arr elem are 31501 22115 13604 -31643 24193 -10743 -26227 21010 -7423 -13043
# arr elem are 31501 24193 13604 -31643 22115 -10743 -26227 21010 -7423 -13043
# arr elem are 31501 24193 22115 -31643 13604 -10743 -26227 21010 -7423 -13043
# arr elem are 31501 24193 22115 13604 -31643 -10743 -26227 21010 -7423 -13043
# arr elem are 31501 24193 22115 13604 -31643 -10743 -26227 21010 -7423 -13043
# arr elem are 31501 24193 22115 13604 -31643 -10743 -26227 21010 -7423 -13043
# arr elem are 31501 24193 22115 13604 -31643 -10743 -26227 21010 -7423 -13043
# arr elem are 31501 24193 22115 13604 -31643 -10743 -26227 21010 -7423 -13043
# arr elem are 31501 24193 22115 13604 -31643 -10743 -26227 21010 -7423 -13043
# arr elem are 31501 24193 22115 13604 -31643 -10743 -26227 21010 -7423 -13043
# arr elem are 31501 24193 22115 13604 -31643 -10743 -26227 21010 -7423 -13043
# arr elem are 31501 24193 22115 13604 -31643 -10743 -26227 21010 -7423 -13043
# arr elem are 31501 24193 22115 13604 -31643 -10743 -26227 21010 -7423 -13043
# arr elem are 31501 24193 22115 13604 -31643 -10743 -26227 21010 -7423 -13043
# arr elem are 31501 24193 22115 13604 -10743 -31643 -26227 21010 -7423 -13043
# arr elem are 31501 24193 22115 13604 -10743 -31643 -26227 21010 -7423 -13043
# arr elem are 31501 24193 22115 13604 -10743 -31643 -26227 21010 -7423 -13043
# arr elem are 31501 24193 22115 13604 -10743 -31643 -26227 21010 -7423 -13043
# arr elem are 31501 24193 22115 13604 -10743 -31643 -26227 21010 -7423 -13043
# arr elem are 31501 24193 22115 13604 -10743 -31643 -26227 21010 -7423 -13043
# arr elem are 31501 24193 22115 13604 -10743 -31643 -26227 21010 -7423 -13043
# arr elem are 31501 24193 22115 13604 -10743 -31643 -26227 21010 -7423 -13043
# arr elem are 31501 24193 22115 13604 -10743 -31643 -26227 21010 -7423 -13043
# arr elem are 31501 24193 22115 13604 -10743 -31643 -26227 21010 -7423 -13043
# arr elem are 31501 24193 22115 13604 -10743 -31643 -26227 21010 -7423 -13043
# arr elem are 31501 24193 22115 13604 -10743 -26227 -31643 21010 -7423 -13043
# arr elem are 31501 24193 22115 13604 -10743 -26227 -31643 21010 -7423 -13043
# arr elem are 31501 24193 22115 13604 -10743 -26227 -31643 21010 -7423 -13043
# arr elem are 31501 24193 22115 13604 -10743 -26227 -31643 21010 -7423 -13043
# arr elem are 31501 24193 22115 13604 -10743 -26227 -31643 21010 -7423 -13043
# arr elem are 31501 24193 22115 13604 -10743 -26227 -31643 21010 -7423 -13043
# arr elem are 31501 24193 22115 13604 -10743 -26227 -31643 21010 -7423 -13043
# arr elem are 31501 24193 22115 13604 -10743 -26227 -31643 21010 -7423 -13043
# arr elem are 31501 24193 22115 21010 -10743 -26227 -31643 13604 -7423 -13043
# arr elem are 31501 24193 22115 21010 13604 -26227 -31643 -10743 -7423 -13043
# arr elem are 31501 24193 22115 21010 13604 -10743 -31643 -26227 -7423 -13043
# arr elem are 31501 24193 22115 21010 13604 -10743 -26227 -31643 -7423 -13043
# arr elem are 31501 24193 22115 21010 13604 -10743 -26227 -31643 -7423 -13043
# arr elem are 31501 24193 22115 21010 13604 -10743 -26227 -31643 -7423 -13043
# arr elem are 31501 24193 22115 21010 13604 -10743 -26227 -31643 -7423 -13043
# arr elem are 31501 24193 22115 21010 13604 -10743 -26227 -31643 -7423 -13043
# arr elem are 31501 24193 22115 21010 13604 -10743 -26227 -31643 -7423 -13043
# arr elem are 31501 24193 22115 21010 13604 -10743 -26227 -31643 -7423 -13043
# arr elem are 31501 24193 22115 21010 13604 -10743 -26227 -31643 -7423 -13043
# arr elem are 31501 24193 22115 21010 13604 -10743 -26227 -31643 -7423 -13043
# arr elem are 31501 24193 22115 21010 13604 -7423 -26227 -31643 -10743 -13043
# arr elem are 31501 24193 22115 21010 13604 -7423 -10743 -31643 -26227 -13043
# arr elem are 31501 24193 22115 21010 13604 -7423 -10743 -26227 -31643 -13043
# arr elem are 31501 24193 22115 21010 13604 -7423 -10743 -26227 -31643 -13043
# arr elem are 31501 24193 22115 21010 13604 -7423 -10743 -26227 -31643 -13043
# arr elem are 31501 24193 22115 21010 13604 -7423 -10743 -26227 -31643 -13043
# arr elem are 31501 24193 22115 21010 13604 -7423 -10743 -26227 -31643 -13043
# arr elem are 31501 24193 22115 21010 13604 -7423 -10743 -26227 -31643 -13043
# arr elem are 31501 24193 22115 21010 13604 -7423 -10743 -26227 -31643 -13043
# arr elem are 31501 24193 22115 21010 13604 -7423 -10743 -26227 -31643 -13043
# arr elem are 31501 24193 22115 21010 13604 -7423 -10743 -26227 -31643 -13043
# arr elem are 31501 24193 22115 21010 13604 -7423 -10743 -26227 -31643 -13043
# arr elem are 31501 24193 22115 21010 13604 -7423 -10743 -13043 -31643 -26227
# arr elem are 31501 24193 22115 21010 13604 -7423 -10743 -13043 -26227 -31643
# arr elem are 31501 24193 22115 21010 13604 -7423 -10743 -13043 -26227 -31643
# arr elem are 13604 24193 -10743 22115 31501 -26227 -31643 21010 -7423 -13043
# arr elem are 24193 13604 -10743 22115 31501 -26227 -31643 21010 -7423 -13043
# arr elem are 24193 13604 -10743 22115 31501 -26227 -31643 21010 -7423 -13043
# arr elem are 24193 13604 -10743 22115 31501 -26227 -31643 21010 -7423 -13043
# arr elem are 31501 13604 -10743 22115 24193 -26227 -31643 21010 -7423 -13043
# arr elem are 31501 13604 -10743 22115 24193 -26227 -31643 21010 -7423 -13043
# arr elem are 31501 13604 -10743 22115 24193 -26227 -31643 21010 -7423 -13043
# arr elem are 31501 13604 -10743 22115 24193 -26227 -31643 21010 -7423 -13043
# arr elem are 31501 13604 -10743 22115 24193 -26227 -31643 21010 -7423 -13043
# arr elem are 31501 13604 -10743 22115 24193 -26227 -31643 21010 -7423 -13043
# arr elem are 13604 31501 -10743 22115 24193 -26227 -31643 21010 -7423 -13043
# arr elem are 13604 31501 -10743 22115 24193 -26227 -31643 21010 -7423 -13043
# arr elem are 13604 31501 -10743 22115 24193 -26227 -31643 21010 -7423 -13043
# arr elem are 13604 31501 -10743 22115 24193 -26227 -31643 21010 -7423 -13043
# arr elem are 13604 31501 -10743 22115 24193 -26227 -31643 21010 -7423 -13043
# arr elem are 13604 31501 -10743 22115 24193 -26227 -31643 21010 -7423 -13043
# arr elem are 13604 31501 -10743 22115 24193 -26227 -31643 21010 -7423 -13043
# arr elem are 13604 31501 -10743 22115 24193 -26227 -31643 21010 -7423 -13043
# arr elem are 13604 31501 -10743 22115 24193 -26227 -31643 21010 -7423 -13043
# arr elem are 13604 31501 -10743 22115 24193 -26227 -31643 21010 -7423 -13043
# arr elem are -10743 31501 13604 22115 24193 -26227 -31643 21010 -7423 -13043
# arr elem are -10743 13604 31501 22115 24193 -26227 -31643 21010 -7423 -13043
# arr elem are -10743 13604 31501 22115 24193 -26227 -31643 21010 -7423 -13043
# arr elem are -10743 13604 31501 22115 24193 -26227 -31643 21010 -7423 -13043
# arr elem are -10743 13604 31501 22115 24193 -26227 -31643 21010 -7423 -13043
# arr elem are -10743 13604 31501 22115 24193 -26227 -31643 21010 -7423 -13043
# arr elem are -10743 13604 31501 22115 24193 -26227 -31643 21010 -7423 -13043
# arr elem are -10743 13604 31501 22115 24193 -26227 -31643 21010 -7423 -13043
# arr elem are -10743 13604 31501 22115 24193 -26227 -31643 21010 -7423 -13043
# arr elem are -10743 13604 31501 22115 24193 -26227 -31643 21010 -7423 -13043
# arr elem are -10743 13604 31501 22115 24193 -26227 -31643 21010 -7423 -13043
# arr elem are -10743 13604 31501 22115 24193 -26227 -31643 21010 -7423 -13043
# arr elem are -10743 13604 22115 31501 24193 -26227 -31643 21010 -7423 -13043
# arr elem are -10743 13604 22115 31501 24193 -26227 -31643 21010 -7423 -13043
# arr elem are -10743 13604 22115 31501 24193 -26227 -31643 21010 -7423 -13043
# arr elem are -10743 13604 22115 31501 24193 -26227 -31643 21010 -7423 -13043
# arr elem are -10743 13604 22115 31501 24193 -26227 -31643 21010 -7423 -13043
# arr elem are -10743 13604 22115 31501 24193 -26227 -31643 21010 -7423 -13043
# arr elem are -10743 13604 22115 31501 24193 -26227 -31643 21010 -7423 -13043
# arr elem are -10743 13604 22115 31501 24193 -26227 -31643 21010 -7423 -13043
# arr elem are -10743 13604 22115 31501 24193 -26227 -31643 21010 -7423 -13043
# arr elem are -10743 13604 22115 31501 24193 -26227 -31643 21010 -7423 -13043
# arr elem are -10743 13604 22115 31501 24193 -26227 -31643 21010 -7423 -13043
# arr elem are -10743 13604 22115 24193 31501 -26227 -31643 21010 -7423 -13043
# arr elem are -10743 13604 22115 24193 31501 -26227 -31643 21010 -7423 -13043
# arr elem are -10743 13604 22115 24193 31501 -26227 -31643 21010 -7423 -13043
# arr elem are -10743 13604 22115 24193 31501 -26227 -31643 21010 -7423 -13043
# arr elem are -10743 13604 22115 24193 31501 -26227 -31643 21010 -7423 -13043
# arr elem are -10743 13604 22115 24193 31501 -26227 -31643 21010 -7423 -13043
# arr elem are -10743 13604 22115 24193 31501 -26227 -31643 21010 -7423 -13043
# arr elem are -26227 13604 22115 24193 31501 -10743 -31643 21010 -7423 -13043
# arr elem are -26227 -10743 22115 24193 31501 13604 -31643 21010 -7423 -13043
# arr elem are -26227 -10743 13604 24193 31501 22115 -31643 21010 -7423 -13043
# arr elem are -26227 -10743 13604 22115 31501 24193 -31643 21010 -7423 -13043
# arr elem are -26227 -10743 13604 22115 24193 31501 -31643 21010 -7423 -13043
# arr elem are -26227 -10743 13604 22115 24193 31501 -31643 21010 -7423 -13043
# arr elem are -26227 -10743 13604 22115 24193 31501 -31643 21010 -7423 -13043
# arr elem are -26227 -10743 13604 22115 24193 31501 -31643 21010 -7423 -13043
# arr elem are -26227 -10743 13604 22115 24193 31501 -31643 21010 -7423 -13043
# arr elem are -26227 -10743 13604 22115 24193 31501 -31643 21010 -7423 -13043
# arr elem are -31643 -10743 13604 22115 24193 31501 -26227 21010 -7423 -13043
# arr elem are -31643 -26227 13604 22115 24193 31501 -10743 21010 -7423 -13043
# arr elem are -31643 -26227 -10743 22115 24193 31501 13604 21010 -7423 -13043
# arr elem are -31643 -26227 -10743 13604 24193 31501 22115 21010 -7423 -13043
# arr elem are -31643 -26227 -10743 13604 22115 31501 24193 21010 -7423 -13043
# arr elem are -31643 -26227 -10743 13604 22115 24193 31501 21010 -7423 -13043
# arr elem are -31643 -26227 -10743 13604 22115 24193 31501 21010 -7423 -13043
# arr elem are -31643 -26227 -10743 13604 22115 24193 31501 21010 -7423 -13043
# arr elem are -31643 -26227 -10743 13604 22115 24193 31501 21010 -7423 -13043
# arr elem are -31643 -26227 -10743 13604 22115 24193 31501 21010 -7423 -13043
# arr elem are -31643 -26227 -10743 13604 22115 24193 31501 21010 -7423 -13043
# arr elem are -31643 -26227 -10743 13604 22115 24193 31501 21010 -7423 -13043
# arr elem are -31643 -26227 -10743 13604 22115 24193 31501 21010 -7423 -13043
# arr elem are -31643 -26227 -10743 13604 22115 24193 31501 21010 -7423 -13043
# arr elem are -31643 -26227 -10743 13604 21010 24193 31501 22115 -7423 -13043
# arr elem are -31643 -26227 -10743 13604 21010 22115 31501 24193 -7423 -13043
# arr elem are -31643 -26227 -10743 13604 21010 22115 24193 31501 -7423 -13043
# arr elem are -31643 -26227 -10743 13604 21010 22115 24193 31501 -7423 -13043
# arr elem are -31643 -26227 -10743 13604 21010 22115 24193 31501 -7423 -13043
# arr elem are -31643 -26227 -10743 13604 21010 22115 24193 31501 -7423 -13043
# arr elem are -31643 -26227 -10743 13604 21010 22115 24193 31501 -7423 -13043
# arr elem are -31643 -26227 -10743 13604 21010 22115 24193 31501 -7423 -13043
# arr elem are -31643 -26227 -10743 13604 21010 22115 24193 31501 -7423 -13043
# arr elem are -31643 -26227 -10743 -7423 21010 22115 24193 31501 13604 -13043
# arr elem are -31643 -26227 -10743 -7423 13604 22115 24193 31501 21010 -13043
# arr elem are -31643 -26227 -10743 -7423 13604 21010 24193 31501 22115 -13043
# arr elem are -31643 -26227 -10743 -7423 13604 21010 22115 31501 24193 -13043
# arr elem are -31643 -26227 -10743 -7423 13604 21010 22115 24193 31501 -13043
# arr elem are -31643 -26227 -10743 -7423 13604 21010 22115 24193 31501 -13043
# arr elem are -31643 -26227 -10743 -7423 13604 21010 22115 24193 31501 -13043
# arr elem are -31643 -26227 -10743 -7423 13604 21010 22115 24193 31501 -13043
# arr elem are -31643 -26227 -10743 -7423 13604 21010 22115 24193 31501 -13043
# arr elem are -31643 -26227 -13043 -7423 13604 21010 22115 24193 31501 -10743
# arr elem are -31643 -26227 -13043 -10743 13604 21010 22115 24193 31501 -7423
# arr elem are -31643 -26227 -13043 -10743 -7423 21010 22115 24193 31501 13604
# arr elem are -31643 -26227 -13043 -10743 -7423 13604 22115 24193 31501 21010
# arr elem are -31643 -26227 -13043 -10743 -7423 13604 21010 24193 31501 22115
# arr elem are -31643 -26227 -13043 -10743 -7423 13604 21010 22115 31501 24193
# arr elem are -31643 -26227 -13043 -10743 -7423 13604 21010 22115 24193 31501
# arr elem are -31643 -26227 -13043 -10743 -7423 13604 21010 22115 24193 31501
do 05_arr_sort.do
# ** Warning: (vlib-34) Library already exists at "work".
# QuestaSim-64 vlog 10.7c Compiler 2018.08 Aug 18 2018
# Start time: 23:21:40 on Feb 24,2023
# vlog -reportprogress 300 05_arr_sort.sv 
# -- Compiling module array_sort_no_builtin_func
# 
# Top level modules:
# 	array_sort_no_builtin_func
# End time: 23:21:40 on Feb 24,2023, Elapsed time: 0:00:00
# Errors: 0, Warnings: 0
# End time: 23:21:42 on Feb 24,2023, Elapsed time: 0:00:36
# Errors: 0, Warnings: 0
# vsim work.array_sort_no_builtin_func -l 05_arr_sort.log 
# Start time: 23:21:42 on Feb 24,2023
# ** Note: (vsim-3813) Design is being optimized due to module recompilation...
# Loading sv_std.std
# Loading work.array_sort_no_builtin_func(fast)
# arr elem are 13604 24193 -10743 22115 31501 -26227 -31643 21010 -7423 -13043
# arr elem are 31501 24193 22115 21010 13604 -7423 -10743 -13043 -26227 -31643
# arr elem are -31643 -26227 -13043 -10743 -7423 13604 21010 22115 24193 31501
do 05_arr_sort.do
# ** Warning: (vlib-34) Library already exists at "work".
# QuestaSim-64 vlog 10.7c Compiler 2018.08 Aug 18 2018
# Start time: 23:22:25 on Feb 24,2023
# vlog -reportprogress 300 05_arr_sort.sv 
# -- Compiling module array_sort_no_builtin_func
# 
# Top level modules:
# 	array_sort_no_builtin_func
# End time: 23:22:25 on Feb 24,2023, Elapsed time: 0:00:00
# Errors: 0, Warnings: 0
# End time: 23:22:27 on Feb 24,2023, Elapsed time: 0:00:45
# Errors: 0, Warnings: 0
# vsim work.array_sort_no_builtin_func -l 05_arr_sort.log 
# Start time: 23:22:27 on Feb 24,2023
# ** Note: (vsim-3813) Design is being optimized due to module recompilation...
# Loading sv_std.std
# Loading work.array_sort_no_builtin_func(fast)
# arr elem are 13604 24193 -10743 22115 31501 -26227 -31643 21010 -7423 -13043
# printing descending order
# arr elem are 31501 24193 22115 21010 13604 -7423 -10743 -13043 -26227 -31643
# printing asccending order
# arr elem are -31643 -26227 -13043 -10743 -7423 13604 21010 22115 24193 31501
do 05_arr_sort.do
# ** Warning: (vlib-34) Library already exists at "work".
# QuestaSim-64 vlog 10.7c Compiler 2018.08 Aug 18 2018
# Start time: 23:27:17 on Feb 24,2023
# vlog -reportprogress 300 05_arr_sort.sv 
# -- Compiling module array_sort_no_builtin_func
# 
# Top level modules:
# 	array_sort_no_builtin_func
# End time: 23:27:17 on Feb 24,2023, Elapsed time: 0:00:00
# Errors: 0, Warnings: 0
# End time: 23:27:19 on Feb 24,2023, Elapsed time: 0:04:52
# Errors: 0, Warnings: 0
# vsim work.array_sort_no_builtin_func -l 05_arr_sort.log 
# Start time: 23:27:19 on Feb 24,2023
# ** Note: (vsim-3813) Design is being optimized due to module recompilation...
# ** Error (suppressible): 05_arr_sort.sv(20): (vopt-7063) Failed to find 'sort' in hierarchical name 'sort'.
#         Region: array_sort_no_builtin_func
# Optimization failed
# Error loading design
# Error: Error loading design
#        Pausing macro execution
# MACRO ./05_arr_sort.do PAUSED at line 3
do 05_arr_sort.do
# ** Warning: (vlib-34) Library already exists at "work".
# QuestaSim-64 vlog 10.7c Compiler 2018.08 Aug 18 2018
# Start time: 23:27:51 on Feb 24,2023
# vlog -reportprogress 300 05_arr_sort.sv 
# -- Compiling module array_sort_no_builtin_func
# ** Error: 05_arr_sort.sv(20): Function with return type of void cannot be used in/as an expression.
# ** Error: 05_arr_sort.sv(22): Function with return type of void cannot be used in/as an expression.
# End time: 23:27:51 on Feb 24,2023, Elapsed time: 0:00:00
# Errors: 2, Warnings: 0
# ** Error: C:/questasim64_10.7c/win64/vlog failed.
# Error in macro ./05_arr_sort.do line 2
# C:/questasim64_10.7c/win64/vlog failed.
#     while executing
# "vlog 05_arr_sort.sv"
do 05_arr_sort.do
# ** Warning: (vlib-34) Library already exists at "work".
# QuestaSim-64 vlog 10.7c Compiler 2018.08 Aug 18 2018
# Start time: 23:28:34 on Feb 24,2023
# vlog -reportprogress 300 05_arr_sort.sv 
# -- Compiling module array_sort_no_builtin_func
# ** Error: (vlog-13069) 05_arr_sort.sv(24): near "priint": syntax error, unexpected IDENTIFIER, expecting ';'.
# End time: 23:28:34 on Feb 24,2023, Elapsed time: 0:00:00
# Errors: 1, Warnings: 0
# ** Error: C:/questasim64_10.7c/win64/vlog failed.
# Error in macro ./05_arr_sort.do line 2
# C:/questasim64_10.7c/win64/vlog failed.
#     while executing
# "vlog 05_arr_sort.sv"
do 05_arr_sort.do
# ** Warning: (vlib-34) Library already exists at "work".
# QuestaSim-64 vlog 10.7c Compiler 2018.08 Aug 18 2018
# Start time: 23:28:42 on Feb 24,2023
# vlog -reportprogress 300 05_arr_sort.sv 
# -- Compiling module array_sort_no_builtin_func
# 
# Top level modules:
# 	array_sort_no_builtin_func
# End time: 23:28:42 on Feb 24,2023, Elapsed time: 0:00:00
# Errors: 0, Warnings: 0
# vsim work.array_sort_no_builtin_func -l 05_arr_sort.log 
# Start time: 23:27:19 on Feb 24,2023
# ** Note: (vsim-3812) Design is being optimized...
# ** Error (suppressible): 05_arr_sort.sv(20): (vopt-7063) Failed to find 'sort' in hierarchical name 'sort'.
#         Region: array_sort_no_builtin_func
# ** Error (suppressible): 05_arr_sort.sv(23): (vopt-7063) Failed to find 'rsort' in hierarchical name 'rsort'.
#         Region: array_sort_no_builtin_func
# Optimization failed
# Error loading design
# Error: Error loading design
#        Pausing macro execution
# MACRO ./05_arr_sort.do PAUSED at line 3
do 05_arr_sort.do
# ** Warning: (vlib-34) Library already exists at "work".
# QuestaSim-64 vlog 10.7c Compiler 2018.08 Aug 18 2018
# Start time: 23:29:52 on Feb 24,2023
# vlog -reportprogress 300 05_arr_sort.sv 
# -- Compiling module array_sort_no_builtin_func
# 
# Top level modules:
# 	array_sort_no_builtin_func
# End time: 23:29:52 on Feb 24,2023, Elapsed time: 0:00:00
# Errors: 0, Warnings: 0
# vsim work.array_sort_no_builtin_func -l 05_arr_sort.log 
# Start time: 23:27:19 on Feb 24,2023
# ** Note: (vsim-3812) Design is being optimized...
# Loading sv_std.std
# Loading work.array_sort_no_builtin_func(fast)
# arr elem are 13604 24193 -10743 22115 31501 -26227 -31643 21010 -7423 -13043
# printing descending order without inbuilt
# arr elem are 31501 24193 22115 21010 13604 -7423 -10743 -13043 -26227 -31643
# printing asccending order without inbuilt
# arr elem are -31643 -26227 -13043 -10743 -7423 13604 21010 22115 24193 31501
# printing asccending order with inbuilt
# arr elem are -31547 -12995 -11606 -5639 -3722 -2164 -2075 9414 22509 29303
# printing adesccending order with inbuilt
# arr elem are 29303 22509 9414 -2075 -2164 -3722 -5639 -11606 -12995 -31547
