# vsim work.associate_array -l run.log 
# Start time: 12:21:35 on Feb 20,2023
# ** Note: (vsim-3812) Design is being optimized...
# ** Error (suppressible): associative_array.sv(15): (vopt-7063) Failed to find 'c' in hierarchical name 'c'.
#         Region: associate_array
# Optimization failed
# Error loading design
# Error: Error loading design
#        Pausing macro execution
# MACRO ./associative_array.do PAUSED at line 3
do associative_array.do
# ** Warning: (vlib-34) Library already exists at "work".
# QuestaSim-64 vlog 10.7c Compiler 2018.08 Aug 18 2018
# Start time: 12:25:59 on Feb 20,2023
# vlog -reportprogress 300 associative_array.sv 
# -- Compiling module associate_array
# 
# Top level modules:
# 	associate_array
# End time: 12:25:59 on Feb 20,2023, Elapsed time: 0:00:00
# Errors: 0, Warnings: 0
# vsim work.associate_array -l run.log 
# Start time: 12:21:35 on Feb 20,2023
# ** Note: (vsim-3812) Design is being optimized...
# Loading sv_std.std
# Loading work.associate_array(fast)
# '{"a":0, "b":1, "c":2, "d":3, "e":4, "f":5, "g":6, "h":7, "i":0 }
# third elemnt of 2
do associative_array.do
# ** Warning: (vlib-34) Library already exists at "work".
# QuestaSim-64 vlog 10.7c Compiler 2018.08 Aug 18 2018
# Start time: 12:29:55 on Feb 20,2023
# vlog -reportprogress 300 associative_array.sv 
# -- Compiling module associate_array
# ** Error (suppressible): (vlog-13276) associative_array.sv(15): Could not find field/method name (index) in 'source' of 'source.index'.
# ** Error (suppressible): (vlog-13276) associative_array.sv(15): Could not find field/method name (index) in 'source' of 'source.index.$0'.
# ** Error (suppressible): (vlog-13276) associative_array.sv(15): Could not find field/method name (index) in 'source' of 'source.index.$$'.
# End time: 12:29:56 on Feb 20,2023, Elapsed time: 0:00:01
# Errors: 3, Warnings: 0
# ** Error: C:/questasim64_10.7c/win64/vlog failed.
# Error in macro ./associative_array.do line 2
# C:/questasim64_10.7c/win64/vlog failed.
#     while executing
# "vlog associative_array.sv"
do associative_array.do
# ** Warning: (vlib-34) Library already exists at "work".
# QuestaSim-64 vlog 10.7c Compiler 2018.08 Aug 18 2018
# Start time: 12:30:25 on Feb 20,2023
# vlog -reportprogress 300 associative_array.sv 
# -- Compiling module associate_array
# 
# Top level modules:
# 	associate_array
# End time: 12:30:25 on Feb 20,2023, Elapsed time: 0:00:00
# Errors: 0, Warnings: 0
# End time: 12:30:26 on Feb 20,2023, Elapsed time: 0:08:51
# Errors: 4, Warnings: 0
# vsim work.associate_array -l run.log 
# Start time: 12:30:26 on Feb 20,2023
# ** Note: (vsim-3813) Design is being optimized due to module recompilation...
# Loading sv_std.std
# Loading work.associate_array(fast)
# '{"a":0, "b":1, "c":2, "d":3, "e":4, "f":5, "g":6, "h":7, "i":0 }
# third elemnt of 2
do associative_array.do
# ** Warning: (vlib-34) Library already exists at "work".
# QuestaSim-64 vlog 10.7c Compiler 2018.08 Aug 18 2018
# Start time: 12:30:49 on Feb 20,2023
# vlog -reportprogress 300 associative_array.sv 
# -- Compiling module associate_array
# 
# Top level modules:
# 	associate_array
# End time: 12:30:49 on Feb 20,2023, Elapsed time: 0:00:00
# Errors: 0, Warnings: 0
# End time: 12:30:50 on Feb 20,2023, Elapsed time: 0:00:24
# Errors: 0, Warnings: 0
# vsim work.associate_array -l run.log 
# Start time: 12:30:50 on Feb 20,2023
# ** Note: (vsim-3813) Design is being optimized due to module recompilation...
# Loading sv_std.std
# Loading work.associate_array(fast)
# ** Error (suppressible): (vsim-8323) $display : Argument number 2 is an unpacked type, and may only be printed with the '%p' format.
#    Time: 0 ns  Iteration: 0  Instance: /associate_array File: associative_array.sv Line: 15
# Error loading design
# Error: Error loading design
#        Pausing macro execution
# MACRO ./associative_array.do PAUSED at line 3
do associative_array.do
# ** Warning: (vlib-34) Library already exists at "work".
# QuestaSim-64 vlog 10.7c Compiler 2018.08 Aug 18 2018
# Start time: 12:34:31 on Feb 20,2023
# vlog -reportprogress 300 associative_array.sv 
# -- Compiling module associate_array
# 
# Top level modules:
# 	associate_array
# End time: 12:34:31 on Feb 20,2023, Elapsed time: 0:00:00
# Errors: 0, Warnings: 0
# vsim work.associate_array -l run.log 
# Start time: 12:30:50 on Feb 20,2023
# ** Note: (vsim-3813) Design is being optimized due to module recompilation...
# Loading sv_std.std
# Loading work.associate_array(fast)
# '{"a":0, "b":1, "c":2, "d":3, "e":4, "f":5, "g":6, "h":7, "i":0 }
# ** Warning: (vsim-3829) Non-existent associative array entry. Returning default value.
#    Time: 0 ns  Iteration: 0  Instance: /associate_array File: associative_array.sv Line: 18
# x
do associative_array.do
# ** Warning: (vlib-34) Library already exists at "work".
# QuestaSim-64 vlog 10.7c Compiler 2018.08 Aug 18 2018
# Start time: 12:35:04 on Feb 20,2023
# vlog -reportprogress 300 associative_array.sv 
# -- Compiling module associate_array
# 
# Top level modules:
# 	associate_array
# End time: 12:35:04 on Feb 20,2023, Elapsed time: 0:00:00
# Errors: 0, Warnings: 0
# End time: 12:35:04 on Feb 20,2023, Elapsed time: 0:04:14
# Errors: 1, Warnings: 1
# vsim work.associate_array -l run.log 
# Start time: 12:35:05 on Feb 20,2023
# ** Note: (vsim-3813) Design is being optimized due to module recompilation...
# Loading sv_std.std
# Loading work.associate_array(fast)
# ** Error (suppressible): (vsim-8323) $display : Argument number 2 is an unpacked type, and may only be printed with the '%p' format.
#    Time: 0 ns  Iteration: 0  Instance: /associate_array File: associative_array.sv Line: 18
# Error loading design
# Error: Error loading design
#        Pausing macro execution
# MACRO ./associative_array.do PAUSED at line 3
do associative_array.do
# ** Warning: (vlib-34) Library already exists at "work".
# QuestaSim-64 vlog 10.7c Compiler 2018.08 Aug 18 2018
# Start time: 12:35:16 on Feb 20,2023
# vlog -reportprogress 300 associative_array.sv 
# -- Compiling module associate_array
# 
# Top level modules:
# 	associate_array
# End time: 12:35:16 on Feb 20,2023, Elapsed time: 0:00:00
# Errors: 0, Warnings: 0
# vsim work.associate_array -l run.log 
# Start time: 12:35:05 on Feb 20,2023
# ** Note: (vsim-3813) Design is being optimized due to module recompilation...
# Loading sv_std.std
# Loading work.associate_array(fast)
# '{"a":0, "b":1, "c":2, "d":3, "e":4, "f":5, "g":6, "h":7, "i":0 }
# {"a":0} {"b":1} {"c":2} {"d":3} {"e":4} {"f":5} {"g":6} {"h":7} {"i":0} 
do associative_array.do
# ** Warning: (vlib-34) Library already exists at "work".
# QuestaSim-64 vlog 10.7c Compiler 2018.08 Aug 18 2018
# Start time: 12:35:28 on Feb 20,2023
# vlog -reportprogress 300 associative_array.sv 
# -- Compiling module associate_array
# 
# Top level modules:
# 	associate_array
# End time: 12:35:28 on Feb 20,2023, Elapsed time: 0:00:00
# Errors: 0, Warnings: 0
# End time: 12:35:29 on Feb 20,2023, Elapsed time: 0:00:24
# Errors: 1, Warnings: 0
# vsim work.associate_array -l run.log 
# Start time: 12:35:29 on Feb 20,2023
# ** Note: (vsim-3813) Design is being optimized due to module recompilation...
# Loading sv_std.std
# Loading work.associate_array(fast)
# '{"a":0, "b":1, "c":2, "d":3, "e":4, "f":5, "g":6, "h":7, "i":0 }
# 3
do associative_array.do
# ** Warning: (vlib-34) Library already exists at "work".
# QuestaSim-64 vlog 10.7c Compiler 2018.08 Aug 18 2018
# Start time: 12:39:41 on Feb 20,2023
# vlog -reportprogress 300 associative_array.sv 
# -- Compiling module associate_array
# ** Error: associative_array.sv(18): Illegal declaration after the statement near line '16'.  Declarations must precede statements.  Look for stray semicolons.
# ** Error: (vlog-13069) associative_array.sv(20): near ")": syntax error, unexpected ')'.
# End time: 12:39:41 on Feb 20,2023, Elapsed time: 0:00:00
# Errors: 2, Warnings: 0
# ** Error: C:/questasim64_10.7c/win64/vlog failed.
# Error in macro ./associative_array.do line 2
# C:/questasim64_10.7c/win64/vlog failed.
#     while executing
# "vlog associative_array.sv"
do associative_array.do
# ** Warning: (vlib-34) Library already exists at "work".
# QuestaSim-64 vlog 10.7c Compiler 2018.08 Aug 18 2018
# Start time: 12:40:02 on Feb 20,2023
# vlog -reportprogress 300 associative_array.sv 
# -- Compiling module associate_array
# ** Error: (vlog-13069) associative_array.sv(21): near ")": syntax error, unexpected ')'.
# End time: 12:40:02 on Feb 20,2023, Elapsed time: 0:00:00
# Errors: 1, Warnings: 0
# ** Error: C:/questasim64_10.7c/win64/vlog failed.
# Error in macro ./associative_array.do line 2
# C:/questasim64_10.7c/win64/vlog failed.
#     while executing
# "vlog associative_array.sv"
do associative_array.do
# ** Warning: (vlib-34) Library already exists at "work".
# QuestaSim-64 vlog 10.7c Compiler 2018.08 Aug 18 2018
# Start time: 12:40:10 on Feb 20,2023
# vlog -reportprogress 300 associative_array.sv 
# -- Compiling module associate_array
# 
# Top level modules:
# 	associate_array
# End time: 12:40:10 on Feb 20,2023, Elapsed time: 0:00:00
# Errors: 0, Warnings: 0
# End time: 12:40:11 on Feb 20,2023, Elapsed time: 0:04:42
# Errors: 9, Warnings: 0
# vsim work.associate_array -l run.log 
# Start time: 12:40:11 on Feb 20,2023
# ** Note: (vsim-3813) Design is being optimized due to module recompilation...
# Loading sv_std.std
# Loading work.associate_array(fast)
# '{"a":0, "b":1, "c":2, "d":3, "e":4, "f":5, "g":6, "h":7, "i":0 }
# 03
do associative_array.do
# ** Warning: (vlib-34) Library already exists at "work".
# QuestaSim-64 vlog 10.7c Compiler 2018.08 Aug 18 2018
# Start time: 12:40:41 on Feb 20,2023
# vlog -reportprogress 300 associative_array.sv 
# -- Compiling module associate_array
# 
# Top level modules:
# 	associate_array
# End time: 12:40:41 on Feb 20,2023, Elapsed time: 0:00:00
# Errors: 0, Warnings: 0
# End time: 12:40:41 on Feb 20,2023, Elapsed time: 0:00:30
# Errors: 0, Warnings: 0
# vsim work.associate_array -l run.log 
# Start time: 12:40:41 on Feb 20,2023
# ** Note: (vsim-3813) Design is being optimized due to module recompilation...
# Loading sv_std.std
# Loading work.associate_array(fast)
# '{"a":0, "b":1, "c":2, "d":3, "e":4, "f":5, "g":6, "h":7, "i":0 }
# d3
do associative_array.do
# ** Warning: (vlib-34) Library already exists at "work".
# QuestaSim-64 vlog 10.7c Compiler 2018.08 Aug 18 2018
# Start time: 12:43:57 on Feb 20,2023
# vlog -reportprogress 300 associative_array.sv 
# -- Compiling module associate_array
# ** Error: associative_array.sv(20): (vlog-2730) Undefined variable: 'i'.
# End time: 12:43:57 on Feb 20,2023, Elapsed time: 0:00:00
# Errors: 1, Warnings: 0
# ** Error: C:/questasim64_10.7c/win64/vlog failed.
# Error in macro ./associative_array.do line 2
# C:/questasim64_10.7c/win64/vlog failed.
#     while executing
# "vlog associative_array.sv"
do associative_array.do
# ** Warning: (vlib-34) Library already exists at "work".
# QuestaSim-64 vlog 10.7c Compiler 2018.08 Aug 18 2018
# Start time: 12:44:11 on Feb 20,2023
# vlog -reportprogress 300 associative_array.sv 
# -- Compiling module associate_array
# 
# Top level modules:
# 	associate_array
# End time: 12:44:11 on Feb 20,2023, Elapsed time: 0:00:00
# Errors: 0, Warnings: 0
# End time: 12:44:12 on Feb 20,2023, Elapsed time: 0:03:31
# Errors: 4, Warnings: 0
# vsim work.associate_array -l run.log 
# Start time: 12:44:12 on Feb 20,2023
# ** Note: (vsim-3813) Design is being optimized due to module recompilation...
# Loading sv_std.std
# Loading work.associate_array(fast)
# '{"a":0, "b":1, "c":2, "d":3, "e":4, "f":5, "g":6, "h":7, "i":0 }
# d3
# i0
do associative_array.do
# ** Warning: (vlib-34) Library already exists at "work".
# QuestaSim-64 vlog 10.7c Compiler 2018.08 Aug 18 2018
# Start time: 12:44:53 on Feb 20,2023
# vlog -reportprogress 300 associative_array.sv 
# -- Compiling module associate_array
# 
# Top level modules:
# 	associate_array
# End time: 12:44:53 on Feb 20,2023, Elapsed time: 0:00:00
# Errors: 0, Warnings: 0
# End time: 12:44:54 on Feb 20,2023, Elapsed time: 0:00:42
# Errors: 0, Warnings: 0
# vsim work.associate_array -l run.log 
# Start time: 12:44:55 on Feb 20,2023
# ** Note: (vsim-3813) Design is being optimized due to module recompilation...
# Loading sv_std.std
# Loading work.associate_array(fast)
# '{"a":0, "b":1, "c":2, "d":3, "e":4, "f":5, "g":6, "h":7, "i":0 }
# d3
# i0
# h7
do associative_array.do
# ** Warning: (vlib-34) Library already exists at "work".
# QuestaSim-64 vlog 10.7c Compiler 2018.08 Aug 18 2018
# Start time: 12:45:28 on Feb 20,2023
# vlog -reportprogress 300 associative_array.sv 
# -- Compiling module associate_array
# 
# Top level modules:
# 	associate_array
# End time: 12:45:29 on Feb 20,2023, Elapsed time: 0:00:01
# Errors: 0, Warnings: 0
# End time: 12:45:30 on Feb 20,2023, Elapsed time: 0:00:35
# Errors: 0, Warnings: 0
# vsim work.associate_array -l run.log 
# Start time: 12:45:30 on Feb 20,2023
# ** Note: (vsim-3813) Design is being optimized due to module recompilation...
# Loading sv_std.std
# Loading work.associate_array(fast)
# '{"a":0, "b":1, "c":2, "d":3, "e":4, "f":5, "g":6, "h":7, "i":0 }
# d3
# i0
# h7
# c2
do associative_array.do
# ** Warning: (vlib-34) Library already exists at "work".
# QuestaSim-64 vlog 10.7c Compiler 2018.08 Aug 18 2018
# Start time: 12:46:35 on Feb 20,2023
# vlog -reportprogress 300 associative_array.sv 
# -- Compiling module associate_array
# ** Error: (vlog-13069) associative_array.sv(37): near "$display": syntax error, unexpected SYSTEM_IDENTIFIER, expecting ';'.
# End time: 12:46:35 on Feb 20,2023, Elapsed time: 0:00:00
# Errors: 1, Warnings: 0
# ** Error: C:/questasim64_10.7c/win64/vlog failed.
# Error in macro ./associative_array.do line 2
# C:/questasim64_10.7c/win64/vlog failed.
#     while executing
# "vlog associative_array.sv"
do associative_array.do
# ** Warning: (vlib-34) Library already exists at "work".
# QuestaSim-64 vlog 10.7c Compiler 2018.08 Aug 18 2018
# Start time: 12:46:53 on Feb 20,2023
# vlog -reportprogress 300 associative_array.sv 
# -- Compiling module associate_array
# ** Error: (vlog-13069) associative_array.sv(37): near "$display": syntax error, unexpected SYSTEM_IDENTIFIER, expecting ';'.
# End time: 12:46:53 on Feb 20,2023, Elapsed time: 0:00:00
# Errors: 1, Warnings: 0
# ** Error: C:/questasim64_10.7c/win64/vlog failed.
# Error in macro ./associative_array.do line 2
# C:/questasim64_10.7c/win64/vlog failed.
#     while executing
# "vlog associative_array.sv"
do associative_array.do
# ** Warning: (vlib-34) Library already exists at "work".
# QuestaSim-64 vlog 10.7c Compiler 2018.08 Aug 18 2018
# Start time: 12:47:08 on Feb 20,2023
# vlog -reportprogress 300 associative_array.sv 
# -- Compiling module associate_array
# ** Error: (vlog-13069) associative_array.sv(37): near "initial": syntax error, unexpected initial, expecting ';'.
# End time: 12:47:08 on Feb 20,2023, Elapsed time: 0:00:00
# Errors: 1, Warnings: 0
# ** Error: C:/questasim64_10.7c/win64/vlog failed.
# Error in macro ./associative_array.do line 2
# C:/questasim64_10.7c/win64/vlog failed.
#     while executing
# "vlog associative_array.sv"
do associative_array.do
# ** Warning: (vlib-34) Library already exists at "work".
# QuestaSim-64 vlog 10.7c Compiler 2018.08 Aug 18 2018
# Start time: 12:47:15 on Feb 20,2023
# vlog -reportprogress 300 associative_array.sv 
# -- Compiling module associate_array
# ** Error: (vlog-13069) associative_array.sv(37): near "initial": syntax error, unexpected initial.
# End time: 12:47:15 on Feb 20,2023, Elapsed time: 0:00:00
# Errors: 1, Warnings: 0
# ** Error: C:/questasim64_10.7c/win64/vlog failed.
# Error in macro ./associative_array.do line 2
# C:/questasim64_10.7c/win64/vlog failed.
#     while executing
# "vlog associative_array.sv"
do associative_array.do
# ** Warning: (vlib-34) Library already exists at "work".
# QuestaSim-64 vlog 10.7c Compiler 2018.08 Aug 18 2018
# Start time: 12:47:33 on Feb 20,2023
# vlog -reportprogress 300 associative_array.sv 
# -- Compiling module associate_array
# 
# Top level modules:
# 	associate_array
# End time: 12:47:33 on Feb 20,2023, Elapsed time: 0:00:00
# Errors: 0, Warnings: 0
# End time: 12:47:34 on Feb 20,2023, Elapsed time: 0:02:04
# Errors: 16, Warnings: 0
# vsim work.associate_array -l run.log 
# Start time: 12:47:34 on Feb 20,2023
# ** Note: (vsim-3813) Design is being optimized due to module recompilation...
# Loading sv_std.std
# Loading work.associate_array(fast)
# '{"a":0, "b":1, "c":2, "d":3, "e":4, "f":5, "g":6, "h":7, "i":0 }
# d3
# i0
# h7
# c2
# {"a":0} {"c":2} {"d":3} {"e":4} {"f":5} {"g":6} {"h":7} {"i":0} 
do associative_array.do
# ** Warning: (vlib-34) Library already exists at "work".
# QuestaSim-64 vlog 10.7c Compiler 2018.08 Aug 18 2018
# Start time: 12:48:04 on Feb 20,2023
# vlog -reportprogress 300 associative_array.sv 
# -- Compiling module associate_array
# 
# Top level modules:
# 	associate_array
# End time: 12:48:04 on Feb 20,2023, Elapsed time: 0:00:00
# Errors: 0, Warnings: 0
# End time: 12:48:06 on Feb 20,2023, Elapsed time: 0:00:32
# Errors: 0, Warnings: 0
# vsim work.associate_array -l run.log 
# Start time: 12:48:06 on Feb 20,2023
# ** Note: (vsim-3813) Design is being optimized due to module recompilation...
# Loading sv_std.std
# Loading work.associate_array(fast)
# '{"a":0, "b":1, "c":2, "d":3, "e":4, "f":5, "g":6, "h":7, "i":0 }
# d3
# i0
# h7
# c2
# {"a":0} {"c":2} {"d":3} {"e":4} {"f":5} {"g":6} {"h":7} {"i":0} 
# ** Warning: (vsim-3829) Non-existent associative array entry. Returning default value.
#    Time: 0 ns  Iteration: 0  Instance: /associate_array File: associative_array.sv Line: 38
# bx
do associative_array.do
# ** Warning: (vlib-34) Library already exists at "work".
# QuestaSim-64 vlog 10.7c Compiler 2018.08 Aug 18 2018
# Start time: 12:48:22 on Feb 20,2023
# vlog -reportprogress 300 associative_array.sv 
# -- Compiling module associate_array
# 
# Top level modules:
# 	associate_array
# End time: 12:48:22 on Feb 20,2023, Elapsed time: 0:00:00
# Errors: 0, Warnings: 0
# End time: 12:48:24 on Feb 20,2023, Elapsed time: 0:00:18
# Errors: 0, Warnings: 1
# vsim work.associate_array -l run.log 
# Start time: 12:48:24 on Feb 20,2023
# ** Note: (vsim-3813) Design is being optimized due to module recompilation...
# Loading sv_std.std
# Loading work.associate_array(fast)
# '{"a":0, "b":1, "c":2, "d":3, "e":4, "f":5, "g":6, "h":7, "i":0 }
# d3
# i0
# h7
# c2
# {"a":0} {"c":2} {"d":3} {"e":4} {"f":5} {"g":6} {"h":7} {"i":0} 
# End time: 12:59:33 on Feb 20,2023, Elapsed time: 0:11:09
# Errors: 0, Warnings: 0
