# vsim work.signed_unsigned_datatypes -l run.log 
# Start time: 10:00:51 on Feb 16,2023
# ** Note: (vsim-3812) Design is being optimized...
# Loading sv_std.std
# Loading work.signed_unsigned_datatypes(fast)
# Sizes var1=16 var2=32 var3=64
# var1=0 var2=0 var3=0
# var1=32767 var2=2147483647 var3=9223372036854775807
# var1=-32768 var2=-2147483648 var3=-9223372036854775808
do signedunsigneddatatypes.do
# ** Warning: (vlib-34) Library already exists at "work".
# QuestaSim-64 vlog 10.7c Compiler 2018.08 Aug 18 2018
# Start time: 10:01:38 on Feb 16,2023
# vlog -reportprogress 300 signedunsigneddatatypes.sv 
# -- Compiling module signed_unsigned_datatypes
# 
# Top level modules:
# 	signed_unsigned_datatypes
# End time: 10:01:38 on Feb 16,2023, Elapsed time: 0:00:00
# Errors: 0, Warnings: 0
# End time: 10:01:41 on Feb 16,2023, Elapsed time: 0:00:50
# Errors: 0, Warnings: 0
# vsim work.signed_unsigned_datatypes -l run.log 
# Start time: 10:01:41 on Feb 16,2023
# ** Note: (vsim-8009) Loading existing optimized design _opt
# Loading sv_std.std
# Loading work.signed_unsigned_datatypes(fast)
# Sizes var1=16 var2=32 var3=64
# var1=0 var2=0 var3=0
# var1=32767 var2=2147483647 var3=9223372036854775807
# var1=-32768 var2=-2147483648 var3=-9223372036854775808
do signedunsigneddatatypes.do
# ** Warning: (vlib-34) Library already exists at "work".
# QuestaSim-64 vlog 10.7c Compiler 2018.08 Aug 18 2018
# Start time: 10:09:48 on Feb 16,2023
# vlog -reportprogress 300 signedunsigneddatatypes.sv 
# -- Compiling module signed_datatypes
# -- Compiling module unsigned_datatypes
# 
# Top level modules:
# 	signed_datatypes
# 	unsigned_datatypes
# End time: 10:09:48 on Feb 16,2023, Elapsed time: 0:00:00
# Errors: 0, Warnings: 0
# ** Error: invalid command name "//"
# Error in macro ./signedunsigneddatatypes.do line 3
# invalid command name "//"
#     while executing
# "// vsim work.signed_datatypes -l run.log"
do signedunsigneddatatypes.do
# ** Warning: (vlib-34) Library already exists at "work".
# QuestaSim-64 vlog 10.7c Compiler 2018.08 Aug 18 2018
# Start time: 10:10:30 on Feb 16,2023
# vlog -reportprogress 300 signedunsigneddatatypes.sv 
# -- Compiling module signed_datatypes
# -- Compiling module unsigned_datatypes
# 
# Top level modules:
# 	signed_datatypes
# 	unsigned_datatypes
# End time: 10:10:30 on Feb 16,2023, Elapsed time: 0:00:00
# Errors: 0, Warnings: 0
# ** Error: invalid command name "/*"
# Error in macro ./signedunsigneddatatypes.do line 3
# invalid command name "/*"
#     while executing
# "/* vsim work.signed_datatypes -l run.log */"
do signedunsigneddatatypes.do
# ** Warning: (vlib-34) Library already exists at "work".
# QuestaSim-64 vlog 10.7c Compiler 2018.08 Aug 18 2018
# Start time: 10:11:43 on Feb 16,2023
# vlog -reportprogress 300 signedunsigneddatatypes.sv 
# -- Compiling module signed_datatypes
# -- Compiling module unsigned_datatypes
# 
# Top level modules:
# 	signed_datatypes
# 	unsigned_datatypes
# End time: 10:11:43 on Feb 16,2023, Elapsed time: 0:00:00
# Errors: 0, Warnings: 0
# ** Error: invalid command name "*"
# Error in macro ./signedunsigneddatatypes.do line 3
# invalid command name "*"
#     while executing
# "* vsim work.signed_datatypes -l run.log"
do signedunsigneddatatypes.do
# ** Warning: (vlib-34) Library already exists at "work".
# QuestaSim-64 vlog 10.7c Compiler 2018.08 Aug 18 2018
# Start time: 10:11:53 on Feb 16,2023
# vlog -reportprogress 300 signedunsigneddatatypes.sv 
# -- Compiling module signed_datatypes
# -- Compiling module unsigned_datatypes
# 
# Top level modules:
# 	signed_datatypes
# 	unsigned_datatypes
# End time: 10:11:53 on Feb 16,2023, Elapsed time: 0:00:00
# Errors: 0, Warnings: 0
# ** Error: invalid command name "//"
# Error in macro ./signedunsigneddatatypes.do line 3
# invalid command name "//"
#     while executing
# "// vsim work.signed_datatypes -l run.log"
do signedunsigneddatatypes.do
# ** Warning: (vlib-34) Library already exists at "work".
# QuestaSim-64 vlog 10.7c Compiler 2018.08 Aug 18 2018
# Start time: 10:12:35 on Feb 16,2023
# vlog -reportprogress 300 signedunsigneddatatypes.sv 
# -- Compiling module signed_datatypes
# -- Compiling module unsigned_datatypes
# 
# Top level modules:
# 	signed_datatypes
# 	unsigned_datatypes
# End time: 10:12:35 on Feb 16,2023, Elapsed time: 0:00:00
# Errors: 0, Warnings: 0
# End time: 10:12:37 on Feb 16,2023, Elapsed time: 0:10:56
# Errors: 12, Warnings: 0
# vsim work.unsigned_datatypes -l run.log 
# Start time: 10:12:37 on Feb 16,2023
# ** Note: (vsim-3812) Design is being optimized...
# Loading sv_std.std
# Loading work.unsigned_datatypes(fast)
# Sizes var1=16 var2=32 var3=64
# var1=0 var2=0 var3=0
# var1=32767 var2=2147483647 var3=9223372036854775807
# var1=32768 var2=2147483648 var3=9223372036854775808
# ** Error: invalid command name "//"
# Error in macro ./signedunsigneddatatypes.do line 5
# invalid command name "//"
#     while executing
# "// vsim work.signed_datatypes -l run.log"
do signedunsigneddatatypes.do
# ** Warning: (vlib-34) Library already exists at "work".
# QuestaSim-64 vlog 10.7c Compiler 2018.08 Aug 18 2018
# Start time: 10:13:00 on Feb 16,2023
# vlog -reportprogress 300 signedunsigneddatatypes.sv 
# -- Compiling module signed_datatypes
# -- Compiling module unsigned_datatypes
# 
# Top level modules:
# 	signed_datatypes
# 	unsigned_datatypes
# End time: 10:13:00 on Feb 16,2023, Elapsed time: 0:00:00
# Errors: 0, Warnings: 0
# End time: 10:13:02 on Feb 16,2023, Elapsed time: 0:00:25
# Errors: 3, Warnings: 0
# vsim work.unsigned_datatypes -l run.log 
# Start time: 10:13:02 on Feb 16,2023
# ** Note: (vsim-8009) Loading existing optimized design _opt1
# Loading sv_std.std
# Loading work.unsigned_datatypes(fast)
# Sizes var1=16 var2=32 var3=64
# var1=0 var2=0 var3=0
# var1=32767 var2=2147483647 var3=9223372036854775807
# var1=32768 var2=2147483648 var3=9223372036854775808
# ** Error: invalid command name "/*"
# Error in macro ./signedunsigneddatatypes.do line 5
# invalid command name "/*"
#     while executing
# "/* vsim work.signed_datatypes -l run.log */"
do signedunsigneddatatypes.do
# ** Warning: (vlib-34) Library already exists at "work".
# QuestaSim-64 vlog 10.7c Compiler 2018.08 Aug 18 2018
# Start time: 10:13:18 on Feb 16,2023
# vlog -reportprogress 300 signedunsigneddatatypes.sv 
# -- Compiling module signed_datatypes
# -- Compiling module unsigned_datatypes
# 
# Top level modules:
# 	signed_datatypes
# 	unsigned_datatypes
# End time: 10:13:18 on Feb 16,2023, Elapsed time: 0:00:00
# Errors: 0, Warnings: 0
# End time: 10:13:20 on Feb 16,2023, Elapsed time: 0:00:18
# Errors: 3, Warnings: 0
# vsim work.unsigned_datatypes -l run.log 
# Start time: 10:13:20 on Feb 16,2023
# ** Note: (vsim-8009) Loading existing optimized design _opt1
# Loading sv_std.std
# Loading work.unsigned_datatypes(fast)
# Sizes var1=16 var2=32 var3=64
# var1=0 var2=0 var3=0
# var1=32767 var2=2147483647 var3=9223372036854775807
# var1=32768 var2=2147483648 var3=9223372036854775808
do signedunsigneddatatypes.do
# ** Warning: (vlib-34) Library already exists at "work".
# QuestaSim-64 vlog 10.7c Compiler 2018.08 Aug 18 2018
# Start time: 10:15:31 on Feb 16,2023
# vlog -reportprogress 300 signedunsigneddatatypes.sv 
# -- Compiling module signed_datatypes
# -- Compiling module unsigned_datatypes
# 
# Top level modules:
# 	signed_datatypes
# 	unsigned_datatypes
# End time: 10:15:31 on Feb 16,2023, Elapsed time: 0:00:00
# Errors: 0, Warnings: 0
# End time: 10:15:33 on Feb 16,2023, Elapsed time: 0:02:13
# Errors: 0, Warnings: 0
# vsim work.unsigned_datatypes -l run.log 
# Start time: 10:15:33 on Feb 16,2023
# ** Note: (vsim-3813) Design is being optimized due to module recompilation...
# Loading sv_std.std
# Loading work.unsigned_datatypes(fast)
# Sizes var_a=16 var_b=32 var_c=64
# var_a=0 var_b=0 var_c=0
# var_a=65535 var_b=4294967295 var_c=18446744073709551615
# var_a=0 var_b=0 var_c=0
do signeddatatype.do
# ** Warning: (vlib-34) Library already exists at "work".
# QuestaSim-64 vlog 10.7c Compiler 2018.08 Aug 18 2018
# Start time: 10:17:44 on Feb 16,2023
# vlog -reportprogress 300 signedunsigneddatatypes.sv 
# -- Compiling module signed_datatypes
# -- Compiling module unsigned_datatypes
# 
# Top level modules:
# 	signed_datatypes
# 	unsigned_datatypes
# End time: 10:17:44 on Feb 16,2023, Elapsed time: 0:00:00
# Errors: 0, Warnings: 0
# End time: 10:17:46 on Feb 16,2023, Elapsed time: 0:02:13
# Errors: 0, Warnings: 0
# vsim work.signed_datatypes -l run.log 
# Start time: 10:17:46 on Feb 16,2023
# ** Note: (vsim-3812) Design is being optimized...
# Loading sv_std.std
# Loading work.signed_datatypes(fast)
# Sizes var1=16 var2=32 var3=64
# var1=0 var2=0 var3=0
# var1=32767 var2=2147483647 var3=9223372036854775807
# var1=-32768 var2=-2147483648 var3=-9223372036854775808
do byteunsignedsigned.do
# ** Warning: (vlib-34) Library already exists at "work".
# QuestaSim-64 vlog 10.7c Compiler 2018.08 Aug 18 2018
# Start time: 10:20:25 on Feb 16,2023
# vlog -reportprogress 300 signedunsigneddatatypes.sv 
# -- Compiling module signed_datatypes
# -- Compiling module unsigned_datatypes
# -- Compiling module byte_check
# 
# Top level modules:
# 	signed_datatypes
# 	unsigned_datatypes
# 	byte_check
# End time: 10:20:25 on Feb 16,2023, Elapsed time: 0:00:00
# Errors: 0, Warnings: 0
# End time: 10:20:27 on Feb 16,2023, Elapsed time: 0:02:41
# Errors: 0, Warnings: 0
# vsim work.byte_check -l run.log 
# Start time: 10:20:27 on Feb 16,2023
# ** Note: (vsim-3812) Design is being optimized...
# Loading sv_std.std
# Loading work.byte_check(fast)
# Size s_byte=8, u_byte=8
# [0 ns] s_byte=0 u_byte=0
# [1 ns] s_byte=127 u_byte=127
# [2 ns] s_byte=-128 u_byte=128
# [3 ns] s_byte=-128 u_byte=255
# [4 ns] s_byte=-128 u_byte=0
quit -sim
# End time: 10:33:04 on Feb 16,2023, Elapsed time: 0:12:37
# Errors: 0, Warnings: 0
cd {D:\Obsi\systemverilog_nitindinnu\00datatypes_sv\03\01strings}
do string.do
# QuestaSim-64 vlog 10.7c Compiler 2018.08 Aug 18 2018
# Start time: 10:33:24 on Feb 16,2023
# vlog -reportprogress 300 strings_in_sv.sv 
# -- Compiling module string_methods
# 
# Top level modules:
# 	string_methods
# End time: 10:33:24 on Feb 16,2023, Elapsed time: 0:00:00
# Errors: 0, Warnings: 0
# vsim workk.string_methods -l run.log 
# Start time: 10:33:24 on Feb 16,2023
# ** Note: (vsim-3812) Design is being optimized...
# ** Error: (vopt-13130) Failed to find design unit string_methods.
#         Searched libraries:
#             work
#             workk
# Optimization failed
# Error loading design
# Error: Error loading design
#        Pausing macro execution
# MACRO ./string.do PAUSED at line 3
do string.do
# QuestaSim-64 vlog 10.7c Compiler 2018.08 Aug 18 2018
# Start time: 10:35:14 on Feb 16,2023
# vlog -reportprogress 300 strings_in_sv.sv 
# -- Compiling module string_methods
# 
# Top level modules:
# 	string_methods
# End time: 10:35:14 on Feb 16,2023, Elapsed time: 0:00:00
# Errors: 0, Warnings: 0
# vsim work.string_methods -l run.log 
# Start time: 10:33:24 on Feb 16,2023
# ** Note: (vsim-3812) Design is being optimized...
# Loading sv_std.std
# Loading work.string_methods(fast)
# str.len() = 12
# str.putc(3, d) = Heldo World!
# str.getc(2) = l (108)
# str.tolower() = hello world!
# [tmp,str are same] str.compare(tmp) = 0
# [tmp,str are diff] str.compare(tmp) = -10
# [tmp is in lowercase] str.compare(tmp) = -32
# [tmp,str are same] str.compare(tmp) = 0
# str.substr(4,8) = o Wor
# coreesponding ascii value is =           0
do string.do
# ** Warning: (vlib-34) Library already exists at "work".
# QuestaSim-64 vlog 10.7c Compiler 2018.08 Aug 18 2018
# Start time: 10:37:34 on Feb 16,2023
# vlog -reportprogress 300 strings_in_sv.sv 
# -- Compiling module string_methods
# ** Error: strings_in_sv.sv(38): Invalid number of actuals in call to atoi.
# End time: 10:37:34 on Feb 16,2023, Elapsed time: 0:00:00
# Errors: 1, Warnings: 0
# ** Error: C:/questasim64_10.7c/win64/vlog failed.
# Error in macro ./string.do line 2
# C:/questasim64_10.7c/win64/vlog failed.
#     while executing
# "vlog strings_in_sv.sv"
do string.do
# ** Warning: (vlib-34) Library already exists at "work".
# QuestaSim-64 vlog 10.7c Compiler 2018.08 Aug 18 2018
# Start time: 10:37:56 on Feb 16,2023
# vlog -reportprogress 300 strings_in_sv.sv 
# -- Compiling module string_methods
# ** Error: strings_in_sv.sv(38): Invalid number of actuals in call to atoi.
# End time: 10:37:56 on Feb 16,2023, Elapsed time: 0:00:00
# Errors: 1, Warnings: 0
# ** Error: C:/questasim64_10.7c/win64/vlog failed.
# Error in macro ./string.do line 2
# C:/questasim64_10.7c/win64/vlog failed.
#     while executing
# "vlog strings_in_sv.sv"
do string.do
# ** Warning: (vlib-34) Library already exists at "work".
# QuestaSim-64 vlog 10.7c Compiler 2018.08 Aug 18 2018
# Start time: 10:39:36 on Feb 16,2023
# vlog -reportprogress 300 strings_in_sv.sv 
# -- Compiling module string_methods
# ** Error: strings_in_sv.sv(38): Invalid number of actuals in call to atoi.
# End time: 10:39:36 on Feb 16,2023, Elapsed time: 0:00:00
# Errors: 1, Warnings: 0
# ** Error: C:/questasim64_10.7c/win64/vlog failed.
# Error in macro ./string.do line 2
# C:/questasim64_10.7c/win64/vlog failed.
#     while executing
# "vlog strings_in_sv.sv"
do string.do
# ** Warning: (vlib-34) Library already exists at "work".
# QuestaSim-64 vlog 10.7c Compiler 2018.08 Aug 18 2018
# Start time: 10:39:47 on Feb 16,2023
# vlog -reportprogress 300 strings_in_sv.sv 
# -- Compiling module string_methods
# 
# Top level modules:
# 	string_methods
# End time: 10:39:47 on Feb 16,2023, Elapsed time: 0:00:00
# Errors: 0, Warnings: 0
# End time: 10:39:49 on Feb 16,2023, Elapsed time: 0:06:25
# Errors: 13, Warnings: 0
# vsim work.string_methods -l run.log 
# Start time: 10:39:49 on Feb 16,2023
# ** Note: (vsim-3813) Design is being optimized due to module recompilation...
# Loading sv_std.std
# Loading work.string_methods(fast)
# str.len() = 12
# str.putc(3, d) = Heado World!
# str.getc(2) = a (97)
# str.tolower() = heabo world!
# [tmp,str are same] str.compare(tmp) = -11
# [tmp,str are diff] str.compare(tmp) = -10
# [tmp is in lowercase] str.compare(tmp) = -32
# [tmp,str are same] str.compare(tmp) = -11
# str.substr(4,8) = o Wor
# coreesponding ascii value is =           0
do string.do
# ** Warning: (vlib-34) Library already exists at "work".
# QuestaSim-64 vlog 10.7c Compiler 2018.08 Aug 18 2018
# Start time: 10:40:40 on Feb 16,2023
# vlog -reportprogress 300 strings_in_sv.sv 
# -- Compiling module string_methods
# 
# Top level modules:
# 	string_methods
# End time: 10:40:40 on Feb 16,2023, Elapsed time: 0:00:00
# Errors: 0, Warnings: 0
# End time: 10:40:41 on Feb 16,2023, Elapsed time: 0:00:52
# Errors: 0, Warnings: 0
# vsim work.string_methods -l run.log 
# Start time: 10:40:41 on Feb 16,2023
# ** Note: (vsim-3813) Design is being optimized due to module recompilation...
# Loading sv_std.std
# Loading work.string_methods(fast)
# str.len() = 12
# str.putc(3, d) = Heado World!
# str.getc(2) = a (97)
# str.tolower() = heabo world!
# [tmp,str are same] str.compare(tmp) = -11
# [tmp,str are diff] str.compare(tmp) = -10
# [tmp is in lowercase] str.compare(tmp) = -32
# [tmp,str are same] str.compare(tmp) = -11
# str.substr(4,8) = o Wor
# coreesponding ascii value is =           0
quit -sim
# End time: 10:45:27 on Feb 16,2023, Elapsed time: 0:04:46
# Errors: 0, Warnings: 0
