# End time: 17:34:54 on Mar 01,2023, Elapsed time: 0:11:01
# Errors: 0, Warnings: 0
# vsim work.static_prop01 -l 01static_methods.log 
# Start time: 17:34:55 on Mar 01,2023
# ** Note: (vsim-8009) Loading existing optimized design _opt
# Loading sv_std.std
# Loading work._00static_properties_sv_unit(fast)
# Loading work.static_prop01(fast)
# value of static var a is [1] and non-static var b is [1] 
# value of static var a is [2] and non-static var b is [1] 
# value of static var a is [3] and non-static var b is [1] 
# value of static var a is [4] and non-static var b is [1] 
# value of static var a is [5] and non-static var b is [1] 
do 01static_methods.do
# ** Warning: (vlib-34) Library already exists at "work".
# QuestaSim-64 vlog 10.7c Compiler 2018.08 Aug 18 2018
# Start time: 17:35:52 on Mar 01,2023
# vlog -reportprogress 300 01static_methods.sv 
# -- Compiling package _01static_methods_sv_unit
# -- Compiling module static_methods01
# 
# Top level modules:
# 	static_methods01
# End time: 17:35:52 on Mar 01,2023, Elapsed time: 0:00:00
# Errors: 0, Warnings: 0
# End time: 17:35:53 on Mar 01,2023, Elapsed time: 0:00:58
# Errors: 0, Warnings: 0
# vsim work.static_methods01 -l 01static_methods.log 
# Start time: 17:35:53 on Mar 01,2023
# ** Note: (vsim-3812) Design is being optimized...
# Loading sv_std.std
# Loading work._01static_methods_sv_unit(fast)
# Loading work.static_methods01(fast)
# on calling incr a : static method :value of a=1,id=0
# on calling incr a : static method :value of a=2,id=0
# on calling incr a : static method :value of a=3,id=0
# on calling incr a : static method :value of a=4,id=0
# on calling incr a : static method :value of a=5,id=0
# on calling incr b:non-static method :value of a=1,id=1
# on calling incr b:non-static method :value of a=2,id=1
# on calling incr b:non-static method :value of a=3,id=1
# on calling incr b:non-static method :value of a=4,id=1
# on calling incr b:non-static method :value of a=5,id=1
do 01static_methods.do
# ** Warning: (vlib-34) Library already exists at "work".
# QuestaSim-64 vlog 10.7c Compiler 2018.08 Aug 18 2018
# Start time: 19:09:47 on Mar 01,2023
# vlog -reportprogress 300 01static_methods.sv 
# -- Compiling package _01static_methods_sv_unit
# ** Error: 01static_methods.sv(7): (vlog-2888) Illegal to access non-static property 'b' from a static method.
# ** Error: 01static_methods.sv(7): Unresolved reference to 'this' for non-static field 'b'.
# -- Compiling module static_methods01
# ** Error: 01static_methods.sv(7): (vlog-2888) Illegal to access non-static property 'b' from a static method.
# ** Error: 01static_methods.sv(7): Unresolved reference to 'this' for non-static field 'b'.
# End time: 19:09:47 on Mar 01,2023, Elapsed time: 0:00:00
# Errors: 4, Warnings: 0
# ** Error: C:/questasim64_10.7c/win64/vlog failed.
# Error in macro ./01static_methods.do line 2
# C:/questasim64_10.7c/win64/vlog failed.
#     while executing
# "vlog 01static_methods.sv"
do 01static_methods.do
# ** Warning: (vlib-34) Library already exists at "work".
# QuestaSim-64 vlog 10.7c Compiler 2018.08 Aug 18 2018
# Start time: 19:52:24 on Mar 01,2023
# vlog -reportprogress 300 01static_methods.sv 
# -- Compiling package _01static_methods_sv_unit
# ** Error: (vlog-13245) 01static_methods.sv(9): Unresolved reference to 'this'.
# ** Error: 01static_methods.sv(9): (vlog-2888) Illegal to access non-static property 'b' from a static method.
# ** Error: 01static_methods.sv(9): Unresolved reference to 'this' for non-static field 'b'.
# -- Compiling module static_methods01
# ** Error: (vlog-13245) 01static_methods.sv(9): Unresolved reference to 'this'.
# ** Error: 01static_methods.sv(9): (vlog-2888) Illegal to access non-static property 'b' from a static method.
# ** Error: 01static_methods.sv(9): Unresolved reference to 'this' for non-static field 'b'.
# End time: 19:52:24 on Mar 01,2023, Elapsed time: 0:00:00
# Errors: 6, Warnings: 0
# ** Error: C:/questasim64_10.7c/win64/vlog failed.
# Error in macro ./01static_methods.do line 2
# C:/questasim64_10.7c/win64/vlog failed.
#     while executing
# "vlog 01static_methods.sv"
do 01static_methods.do
# ** Warning: (vlib-34) Library already exists at "work".
# QuestaSim-64 vlog 10.7c Compiler 2018.08 Aug 18 2018
# Start time: 19:52:34 on Mar 01,2023
# vlog -reportprogress 300 01static_methods.sv 
# -- Compiling package _01static_methods_sv_unit
# -- Compiling module static_methods01
# 
# Top level modules:
# 	static_methods01
# End time: 19:52:34 on Mar 01,2023, Elapsed time: 0:00:00
# Errors: 0, Warnings: 0
# End time: 19:52:39 on Mar 01,2023, Elapsed time: 2:16:46
# Errors: 16, Warnings: 0
# vsim work.static_methods01 -l 01static_methods.log 
# Start time: 19:52:39 on Mar 01,2023
# ** Note: (vsim-3813) Design is being optimized due to module recompilation...
# Loading sv_std.std
# Loading work._01static_methods_sv_unit(fast)
# Loading work.static_methods01(fast)
# on calling incr a : static method :value of a=1,id=0
# on calling incr a : static method :value of a=2,id=0
# on calling incr a : static method :value of a=3,id=0
# on calling incr a : static method :value of a=4,id=0
# on calling incr a : static method :value of a=5,id=0
# on calling incr b:non-static method :value of a=1,id=1
# on calling incr b:non-static method :value of a=2,id=1
# on calling incr b:non-static method :value of a=3,id=1
# on calling incr b:non-static method :value of a=4,id=1
# on calling incr b:non-static method :value of a=5,id=1
02static_methods_without_objcreation.do
# couldn't execute ".\02static_methods_without_objcreation.do": no such file or directory
do 02static_methods_without_objcreation.do
# ** Warning: (vlib-34) Library already exists at "work".
# QuestaSim-64 vlog 10.7c Compiler 2018.08 Aug 18 2018
# Start time: 20:30:41 on Mar 01,2023
# vlog -reportprogress 300 02static_methods_without_objcreation.sv.sv 
# ** Error: (vlog-7) Failed to open design unit file "02static_methods_without_objcreation.sv.sv" in read mode.
# No such file or directory. (errno = ENOENT)
# End time: 20:30:41 on Mar 01,2023, Elapsed time: 0:00:00
# Errors: 1, Warnings: 0
# ** Error: C:/questasim64_10.7c/win64/vlog failed.
# Error in macro ./02static_methods_without_objcreation.do line 2
# C:/questasim64_10.7c/win64/vlog failed.
#     while executing
# "vlog 02static_methods_without_objcreation.sv.sv"
do 02static_methods_without_objcreation.do
# ** Warning: (vlib-34) Library already exists at "work".
# QuestaSim-64 vlog 10.7c Compiler 2018.08 Aug 18 2018
# Start time: 20:30:55 on Mar 01,2023
# vlog -reportprogress 300 02static_methods_without_objcreation.sv 
# -- Compiling package _02static_methods_without_objcreation_sv_unit
# -- Compiling module static_methods02
# ** Error: 02static_methods_without_objcreation.sv(23): Function with return type of void cannot be used in/as an expression.
# 02static_methods_without_objcreation.sv(26): Verilog Compiler exiting
# End time: 20:30:55 on Mar 01,2023, Elapsed time: 0:00:00
# Errors: 1, Warnings: 0
# ** Error: C:/questasim64_10.7c/win64/vlog failed.
# Error in macro ./02static_methods_without_objcreation.do line 2
# C:/questasim64_10.7c/win64/vlog failed.
#     while executing
# "vlog 02static_methods_without_objcreation.sv"
do 02static_methods_without_objcreation.do
# ** Warning: (vlib-34) Library already exists at "work".
# QuestaSim-64 vlog 10.7c Compiler 2018.08 Aug 18 2018
# Start time: 20:31:15 on Mar 01,2023
# vlog -reportprogress 300 02static_methods_without_objcreation.sv 
# -- Compiling package _02static_methods_without_objcreation_sv_unit
# -- Compiling module static_methods02
# ** Error: 02static_methods_without_objcreation.sv(23): Function with return type of void cannot be used in/as an expression.
# 02static_methods_without_objcreation.sv(26): Verilog Compiler exiting
# End time: 20:31:15 on Mar 01,2023, Elapsed time: 0:00:00
# Errors: 1, Warnings: 0
# ** Error: C:/questasim64_10.7c/win64/vlog failed.
# Error in macro ./02static_methods_without_objcreation.do line 2
# C:/questasim64_10.7c/win64/vlog failed.
#     while executing
# "vlog 02static_methods_without_objcreation.sv"
do 02static_methods_without_objcreation.do
# ** Warning: (vlib-34) Library already exists at "work".
# QuestaSim-64 vlog 10.7c Compiler 2018.08 Aug 18 2018
# Start time: 20:31:46 on Mar 01,2023
# vlog -reportprogress 300 02static_methods_without_objcreation.sv 
# -- Compiling package _02static_methods_without_objcreation_sv_unit
# -- Compiling module static_methods02
# ** Error: 02static_methods_without_objcreation.sv(23): Function with return type of void cannot be used in/as an expression.
# 02static_methods_without_objcreation.sv(26): Verilog Compiler exiting
# End time: 20:31:46 on Mar 01,2023, Elapsed time: 0:00:00
# Errors: 1, Warnings: 0
# ** Error: C:/questasim64_10.7c/win64/vlog failed.
# Error in macro ./02static_methods_without_objcreation.do line 2
# C:/questasim64_10.7c/win64/vlog failed.
#     while executing
# "vlog 02static_methods_without_objcreation.sv"
do 02static_methods_without_objcreation.do
# ** Warning: (vlib-34) Library already exists at "work".
# QuestaSim-64 vlog 10.7c Compiler 2018.08 Aug 18 2018
# Start time: 20:31:59 on Mar 01,2023
# vlog -reportprogress 300 02static_methods_without_objcreation.sv 
# -- Compiling package _02static_methods_without_objcreation_sv_unit
# -- Compiling module static_methods02
# ** Error: 02static_methods_without_objcreation.sv(23): Function with return type of void cannot be used in/as an expression.
# 02static_methods_without_objcreation.sv(26): Verilog Compiler exiting
# End time: 20:31:59 on Mar 01,2023, Elapsed time: 0:00:00
# Errors: 1, Warnings: 0
# ** Error: C:/questasim64_10.7c/win64/vlog failed.
# Error in macro ./02static_methods_without_objcreation.do line 2
# C:/questasim64_10.7c/win64/vlog failed.
#     while executing
# "vlog 02static_methods_without_objcreation.sv"
do 02static_methods_without_objcreation.do
# ** Warning: (vlib-34) Library already exists at "work".
# QuestaSim-64 vlog 10.7c Compiler 2018.08 Aug 18 2018
# Start time: 20:33:42 on Mar 01,2023
# vlog -reportprogress 300 02static_methods_without_objcreation.sv 
# ** Error: 02static_methods_without_objcreation.sv(29):  Failed to find the name 'increase_b' in scope 'tranx' at 02static_methods_without_objcreation.sv(1).
# End time: 20:33:42 on Mar 01,2023, Elapsed time: 0:00:00
# Errors: 1, Warnings: 0
# ** Error: C:/questasim64_10.7c/win64/vlog failed.
# Error in macro ./02static_methods_without_objcreation.do line 2
# C:/questasim64_10.7c/win64/vlog failed.
#     while executing
# "vlog 02static_methods_without_objcreation.sv"
do 02static_methods_without_objcreation.do
# ** Warning: (vlib-34) Library already exists at "work".
# QuestaSim-64 vlog 10.7c Compiler 2018.08 Aug 18 2018
# Start time: 20:33:51 on Mar 01,2023
# vlog -reportprogress 300 02static_methods_without_objcreation.sv 
# -- Compiling package _02static_methods_without_objcreation_sv_unit
# -- Compiling module static_methods02
# ** Error: 02static_methods_without_objcreation.sv(28): Function with return type of void cannot be used in/as an expression.
# 02static_methods_without_objcreation.sv(31): Verilog Compiler exiting
# End time: 20:33:51 on Mar 01,2023, Elapsed time: 0:00:00
# Errors: 1, Warnings: 0
# ** Error: C:/questasim64_10.7c/win64/vlog failed.
# Error in macro ./02static_methods_without_objcreation.do line 2
# C:/questasim64_10.7c/win64/vlog failed.
#     while executing
# "vlog 02static_methods_without_objcreation.sv"
do 02static_methods_without_objcreation.do
# ** Warning: (vlib-34) Library already exists at "work".
# QuestaSim-64 vlog 10.7c Compiler 2018.08 Aug 18 2018
# Start time: 20:34:53 on Mar 01,2023
# vlog -reportprogress 300 02static_methods_without_objcreation.sv 
# -- Compiling package _02static_methods_without_objcreation_sv_unit
# -- Compiling module static_methods02
# ** Error: 02static_methods_without_objcreation.sv(28): Function with return type of void cannot be used in/as an expression.
# 02static_methods_without_objcreation.sv(31): Verilog Compiler exiting
# End time: 20:34:54 on Mar 01,2023, Elapsed time: 0:00:01
# Errors: 1, Warnings: 0
# ** Error: C:/questasim64_10.7c/win64/vlog failed.
# Error in macro ./02static_methods_without_objcreation.do line 2
# C:/questasim64_10.7c/win64/vlog failed.
#     while executing
# "vlog 02static_methods_without_objcreation.sv"
do 02static_methods_without_objcreation.do
# ** Warning: (vlib-34) Library already exists at "work".
# QuestaSim-64 vlog 10.7c Compiler 2018.08 Aug 18 2018
# Start time: 20:38:44 on Mar 01,2023
# vlog -reportprogress 300 02static_methods_without_objcreation.sv 
# -- Compiling package _02static_methods_without_objcreation_sv_unit
# -- Compiling module static_methods02
# ** Error: 02static_methods_without_objcreation.sv(24): Function with return type of void cannot be used in/as an expression.
# 02static_methods_without_objcreation.sv(27): Verilog Compiler exiting
# End time: 20:38:44 on Mar 01,2023, Elapsed time: 0:00:00
# Errors: 1, Warnings: 0
# ** Error: C:/questasim64_10.7c/win64/vlog failed.
# Error in macro ./02static_methods_without_objcreation.do line 2
# C:/questasim64_10.7c/win64/vlog failed.
#     while executing
# "vlog 02static_methods_without_objcreation.sv"
do 02static_methods_without_objcreation.do
# ** Warning: (vlib-34) Library already exists at "work".
# QuestaSim-64 vlog 10.7c Compiler 2018.08 Aug 18 2018
# Start time: 20:42:58 on Mar 01,2023
# vlog -reportprogress 300 02static_methods_without_objcreation.sv 
# -- Compiling package _02static_methods_without_objcreation_sv_unit
# -- Compiling module static_methods02
# 
# Top level modules:
# 	static_methods02
# End time: 20:42:58 on Mar 01,2023, Elapsed time: 0:00:00
# Errors: 0, Warnings: 0
