# End time: 20:43:01 on Mar 01,2023, Elapsed time: 0:50:22
# Errors: 37, Warnings: 0
# vsim work.static_methods02 -l 02static_methods_without_objcreation.log 
# Start time: 20:43:01 on Mar 01,2023
# ** Note: (vsim-3812) Design is being optimized...
# Loading sv_std.std
# Loading work._02static_methods_without_objcreation_sv_unit(fast)
# Loading work.static_methods02(fast)
# after increase_a function call
# value of static var a is 2 using tr handle 
# value of static var a is 2 using scope resolution operator 
do 02static_methods_without_objcreation.do
# ** Warning: (vlib-34) Library already exists at "work".
# QuestaSim-64 vlog 10.7c Compiler 2018.08 Aug 18 2018
# Start time: 20:43:20 on Mar 01,2023
# vlog -reportprogress 300 02static_methods_without_objcreation.sv 
# -- Compiling package _02static_methods_without_objcreation_sv_unit
# -- Compiling module static_methods02
# 
# Top level modules:
# 	static_methods02
# End time: 20:43:20 on Mar 01,2023, Elapsed time: 0:00:00
# Errors: 0, Warnings: 0
# End time: 20:43:22 on Mar 01,2023, Elapsed time: 0:00:21
# Errors: 0, Warnings: 0
# vsim work.static_methods02 -l 02static_methods_without_objcreation.log 
# Start time: 20:43:22 on Mar 01,2023
# ** Note: (vsim-3813) Design is being optimized due to module recompilation...
# ** Error (suppressible): 02static_methods_without_objcreation.sv(26): (vopt-7063) Failed to find 'tr' in hierarchical name 'tr.a'.
#         Region: static_methods02
# Optimization failed
# Error loading design
# Error: Error loading design
#        Pausing macro execution
# MACRO ./02static_methods_without_objcreation.do PAUSED at line 3
02static_methods_without_objcreation.do
# couldn't execute ".\02static_methods_without_objcreation.do": no such file or directory
do 02static_methods_without_objcreation.do
# ** Warning: (vlib-34) Library already exists at "work".
# QuestaSim-64 vlog 10.7c Compiler 2018.08 Aug 18 2018
# Start time: 20:43:57 on Mar 01,2023
# vlog -reportprogress 300 02static_methods_without_objcreation.sv 
# -- Compiling package _02static_methods_without_objcreation_sv_unit
# -- Compiling module static_methods02
# 
# Top level modules:
# 	static_methods02
# End time: 20:43:57 on Mar 01,2023, Elapsed time: 0:00:00
# Errors: 0, Warnings: 0
# vsim work.static_methods02 -l 02static_methods_without_objcreation.log 
# Start time: 20:43:22 on Mar 01,2023
# ** Note: (vsim-3812) Design is being optimized...
# Loading sv_std.std
# Loading work._02static_methods_without_objcreation_sv_unit(fast)
# Loading work.static_methods02(fast)
# after increase_a function call
# value of static var a is 1 using scope resolution operator 
do 02static_methods_without_objcreation.do
# ** Warning: (vlib-34) Library already exists at "work".
# QuestaSim-64 vlog 10.7c Compiler 2018.08 Aug 18 2018
# Start time: 20:48:22 on Mar 01,2023
# vlog -reportprogress 300 02static_methods_without_objcreation.sv 
# -- Compiling package _02static_methods_without_objcreation_sv_unit
# -- Compiling module static_methods02
# ** Error: 02static_methods_without_objcreation.sv(26): (vlog-13266) No actual value has been specified for a formal argument 'port_list' that does not have a default value.
# ** Error: 02static_methods_without_objcreation.sv(26): Number of actuals and formals does not match in task call.
# End time: 20:48:22 on Mar 01,2023, Elapsed time: 0:00:00
# Errors: 2, Warnings: 0
# ** Error: C:/questasim64_10.7c/win64/vlog failed.
# Error in macro ./02static_methods_without_objcreation.do line 2
# C:/questasim64_10.7c/win64/vlog failed.
#     while executing
# "vlog 02static_methods_without_objcreation.sv"
do 02static_methods_without_objcreation.do
# ** Warning: (vlib-34) Library already exists at "work".
# QuestaSim-64 vlog 10.7c Compiler 2018.08 Aug 18 2018
# Start time: 20:48:58 on Mar 01,2023
# vlog -reportprogress 300 02static_methods_without_objcreation.sv 
# -- Compiling package _02static_methods_without_objcreation_sv_unit
# -- Compiling module static_methods02
# ** Error: 02static_methods_without_objcreation.sv(26): (vlog-13266) No actual value has been specified for a formal argument 'port_list' that does not have a default value.
# ** Error: 02static_methods_without_objcreation.sv(26): Number of actuals and formals does not match in task call.
# End time: 20:48:58 on Mar 01,2023, Elapsed time: 0:00:00
# Errors: 2, Warnings: 0
# ** Error: C:/questasim64_10.7c/win64/vlog failed.
# Error in macro ./02static_methods_without_objcreation.do line 2
# C:/questasim64_10.7c/win64/vlog failed.
#     while executing
# "vlog 02static_methods_without_objcreation.sv"
do 02static_methods_without_objcreation.do
# ** Warning: (vlib-34) Library already exists at "work".
# QuestaSim-64 vlog 10.7c Compiler 2018.08 Aug 18 2018
# Start time: 20:49:26 on Mar 01,2023
# vlog -reportprogress 300 02static_methods_without_objcreation.sv 
# -- Compiling package _02static_methods_without_objcreation_sv_unit
# -- Compiling module static_methods02
# ** Error: 02static_methods_without_objcreation.sv(26): (vlog-13266) No actual value has been specified for a formal argument 'port_list' that does not have a default value.
# ** Error: 02static_methods_without_objcreation.sv(26): Number of actuals and formals does not match in task call.
# End time: 20:49:27 on Mar 01,2023, Elapsed time: 0:00:01
# Errors: 2, Warnings: 0
# ** Error: C:/questasim64_10.7c/win64/vlog failed.
# Error in macro ./02static_methods_without_objcreation.do line 2
# C:/questasim64_10.7c/win64/vlog failed.
#     while executing
# "vlog 02static_methods_without_objcreation.sv"
do 02static_methods_without_objcreation.do
# ** Warning: (vlib-34) Library already exists at "work".
# QuestaSim-64 vlog 10.7c Compiler 2018.08 Aug 18 2018
# Start time: 20:49:37 on Mar 01,2023
# vlog -reportprogress 300 02static_methods_without_objcreation.sv 
# -- Compiling package _02static_methods_without_objcreation_sv_unit
# -- Compiling module static_methods02
# 
# Top level modules:
# 	static_methods02
# End time: 20:49:37 on Mar 01,2023, Elapsed time: 0:00:00
# Errors: 0, Warnings: 0
# End time: 20:49:39 on Mar 01,2023, Elapsed time: 0:06:17
# Errors: 16, Warnings: 0
# vsim work.static_methods02 -l 02static_methods_without_objcreation.log 
# Start time: 20:49:39 on Mar 01,2023
# ** Note: (vsim-3813) Design is being optimized due to module recompilation...
# Loading sv_std.std
# Loading work._02static_methods_without_objcreation_sv_unit(fast)
# Loading work.static_methods02(fast)
# after increase_a function call - acess static function with class handle 
# value of static var a is 1 using tr handle 
# after increase_a function call - acess static function without class handle using scope resolution operator  
# value of static var a is 2 using scope resolution operator 
do 02static_methods_without_objcreation.do
# ** Warning: (vlib-34) Library already exists at "work".
# QuestaSim-64 vlog 10.7c Compiler 2018.08 Aug 18 2018
# Start time: 20:56:59 on Mar 01,2023
# vlog -reportprogress 300 02static_methods_without_objcreation.sv 
# ** Error: 02static_methods_without_objcreation.sv(43): (vlog-2164) Class or package 'tran2' not found.
# ** Error: 02static_methods_without_objcreation.sv(43): (vlog-2730) Undefined variable: 'tran2'.
# ** Error: (vlog-13069) 02static_methods_without_objcreation.sv(43): near "::": syntax error, unexpected ::.
# ** Error: 02static_methods_without_objcreation.sv(44): (vlog-2164) Class or package 'tranx2' not found.
# ** Error: (vlog-13069) 02static_methods_without_objcreation.sv(44): near "::": syntax error, unexpected ::, expecting ')' or ','.
# ** Error: 02static_methods_without_objcreation.sv(45): (vlog-2164) Class or package 'tranx2' not found.
# ** Error: (vlog-13069) 02static_methods_without_objcreation.sv(45): near "::": syntax error, unexpected ::, expecting ')' or ','.
# End time: 20:56:59 on Mar 01,2023, Elapsed time: 0:00:00
# Errors: 7, Warnings: 0
# ** Error: C:/questasim64_10.7c/win64/vlog failed.
# Error in macro ./02static_methods_without_objcreation.do line 2
# C:/questasim64_10.7c/win64/vlog failed.
#     while executing
# "vlog 02static_methods_without_objcreation.sv"
do 02static_methods_without_objcreation.do
# ** Warning: (vlib-34) Library already exists at "work".
# QuestaSim-64 vlog 10.7c Compiler 2018.08 Aug 18 2018
# Start time: 20:57:23 on Mar 01,2023
# vlog -reportprogress 300 02static_methods_without_objcreation.sv 
# -- Compiling package _02static_methods_without_objcreation_sv_unit
# -- Compiling module static_methods02
# ** Error: 02static_methods_without_objcreation.sv(43): (vlog-2889) Illegal to access non-static method 'increase_b' outside its class scope.
# ** Error: 02static_methods_without_objcreation.sv(43): Class instance variable required to call non-static method 'increase_b'.
# ** Error: 02static_methods_without_objcreation.sv(43): (vlog-13266) No actual value has been specified for a formal argument 'this' that does not have a default value.
# ** Error: 02static_methods_without_objcreation.sv(43): Number of actuals and formals does not match in task call.
# ** Error: 02static_methods_without_objcreation.sv(45): (vlog-2889) Illegal to access non-static property 'b' outside its class scope.
# End time: 20:57:23 on Mar 01,2023, Elapsed time: 0:00:00
# Errors: 5, Warnings: 0
# ** Error: C:/questasim64_10.7c/win64/vlog failed.
# Error in macro ./02static_methods_without_objcreation.do line 2
# C:/questasim64_10.7c/win64/vlog failed.
#     while executing
# "vlog 02static_methods_without_objcreation.sv"
do 02static_methods_without_objcreation.do
# ** Warning: (vlib-34) Library already exists at "work".
# QuestaSim-64 vlog 10.7c Compiler 2018.08 Aug 18 2018
# Start time: 20:57:58 on Mar 01,2023
# vlog -reportprogress 300 02static_methods_without_objcreation.sv 
# -- Compiling package _02static_methods_without_objcreation_sv_unit
# -- Compiling module static_methods02
# ** Error: 02static_methods_without_objcreation.sv(43): (vlog-2889) Illegal to access non-static method 'increase_b' outside its class scope.
# ** Error: 02static_methods_without_objcreation.sv(43): Class instance variable required to call non-static method 'increase_b'.
# ** Error: 02static_methods_without_objcreation.sv(43): (vlog-13266) No actual value has been specified for a formal argument 'this' that does not have a default value.
# ** Error: 02static_methods_without_objcreation.sv(43): Number of actuals and formals does not match in task call.
# ** Error: 02static_methods_without_objcreation.sv(45): (vlog-2889) Illegal to access non-static property 'b' outside its class scope.
# End time: 20:57:58 on Mar 01,2023, Elapsed time: 0:00:00
# Errors: 5, Warnings: 0
# ** Error: C:/questasim64_10.7c/win64/vlog failed.
# Error in macro ./02static_methods_without_objcreation.do line 2
# C:/questasim64_10.7c/win64/vlog failed.
#     while executing
# "vlog 02static_methods_without_objcreation.sv"
do 02static_methods_without_objcreation.do
# ** Warning: (vlib-34) Library already exists at "work".
# QuestaSim-64 vlog 10.7c Compiler 2018.08 Aug 18 2018
# Start time: 20:58:41 on Mar 01,2023
# vlog -reportprogress 300 02static_methods_without_objcreation.sv 
# -- Compiling package _02static_methods_without_objcreation_sv_unit
# -- Compiling module static_methods02
# ** Error: 02static_methods_without_objcreation.sv(43): (vlog-2889) Illegal to access non-static method 'increase_b' outside its class scope.
# ** Error: 02static_methods_without_objcreation.sv(43): Class instance variable required to call non-static method 'increase_b'.
# ** Error: 02static_methods_without_objcreation.sv(43): (vlog-13266) No actual value has been specified for a formal argument 'this' that does not have a default value.
# ** Error: 02static_methods_without_objcreation.sv(43): Number of actuals and formals does not match in task call.
# ** Error: 02static_methods_without_objcreation.sv(45): (vlog-2889) Illegal to access non-static property 'b' outside its class scope.
# End time: 20:58:41 on Mar 01,2023, Elapsed time: 0:00:00
# Errors: 5, Warnings: 0
# ** Error: C:/questasim64_10.7c/win64/vlog failed.
# Error in macro ./02static_methods_without_objcreation.do line 2
# C:/questasim64_10.7c/win64/vlog failed.
#     while executing
# "vlog 02static_methods_without_objcreation.sv"
cd {D:\Obsi\systemverilog_nitindinnu\05_classes_in_sv\05randomization_nd_constraints\00randomization}
# Cannot change directory while a simulation is in progress.
# Use the "quit -sim" command to unload the design first.
quit -sim
# End time: 21:07:25 on Mar 01,2023, Elapsed time: 0:17:46
# Errors: 35, Warnings: 0
cd {D:\Obsi\systemverilog_nitindinnu\05_classes_in_sv\05randomization_nd_constraints\00randomization}
do 00rand_keyword.do
# QuestaSim-64 vlog 10.7c Compiler 2018.08 Aug 18 2018
# Start time: 21:09:12 on Mar 01,2023
# vlog -reportprogress 300 00rand_keyword.sv 
# ** Error: (vlog-13069) 00rand_keyword.sv(2): near "rand": syntax error, unexpected rand, expecting implements or ';'.
# End time: 21:09:12 on Mar 01,2023, Elapsed time: 0:00:00
# Errors: 1, Warnings: 0
# ** Error: C:/questasim64_10.7c/win64/vlog failed.
# Error in macro ./00rand_keyword.do line 2
# C:/questasim64_10.7c/win64/vlog failed.
#     while executing
# "vlog 00rand_keyword.sv"
do 00rand_keyword.do
# ** Warning: (vlib-34) Library already exists at "work".
# QuestaSim-64 vlog 10.7c Compiler 2018.08 Aug 18 2018
# Start time: 21:09:39 on Mar 01,2023
# vlog -reportprogress 300 00rand_keyword.sv 
# ** Warning: 00rand_keyword.sv(8): (vlog-2244) Variable 'kk' is implicitly static. You must either explicitly declare it as static or automatic
# or remove the initialization in the declaration of variable.
# -- Compiling package _00rand_keyword_sv_unit
# -- Compiling module rand_method
# ** Warning: 00rand_keyword.sv(8): (vlog-2244) Variable 'kk' is implicitly static. You must either explicitly declare it as static or automatic
# or remove the initialization in the declaration of variable.
# ** Warning: 00rand_keyword.sv(13): (vlog-2240) Treating stand-alone use of function 'randomize' as an implicit VOID cast.
# 
# Top level modules:
# 	rand_method
# End time: 21:09:39 on Mar 01,2023, Elapsed time: 0:00:00
# Errors: 0, Warnings: 3
