# End time: 14:52:52 on Mar 01,2023, Elapsed time: 0:01:10
# Errors: 1, Warnings: 0
# vsim work.module constructor_with_args -l 02constructor_with_args.log 
# Start time: 14:52:52 on Mar 01,2023
# ** Note: (vsim-3812) Design is being optimized...
# ** Error: (vopt-13130) Failed to find design unit module.
#         Searched libraries:
#             work
# Optimization failed
# Error loading design
# Error: Error loading design
#        Pausing macro execution
# MACRO ./02constructor_with_args.do PAUSED at line 3
do 02constructor_with_args.do
# ** Warning: (vlib-34) Library already exists at "work".
# QuestaSim-64 vlog 10.7c Compiler 2018.08 Aug 18 2018
# Start time: 14:53:19 on Mar 01,2023
# vlog -reportprogress 300 02constructor_with_args.sv 
# -- Compiling package _02constructor_with_args_sv_unit
# -- Compiling module constructor_with_args
# 
# Top level modules:
# 	constructor_with_args
# End time: 14:53:19 on Mar 01,2023, Elapsed time: 0:00:00
# Errors: 0, Warnings: 0
# vsim work.constructor_with_args -l 02constructor_with_args.log 
# Start time: 14:52:52 on Mar 01,2023
# ** Note: (vsim-3812) Design is being optimized...
# Loading sv_std.std
# Loading work._02constructor_with_args_sv_unit(fast)
# Loading work.constructor_with_args(fast)
# addr - 0,mem =0
# addr - 0,mem =0
do 02constructor_with_args.do
# ** Warning: (vlib-34) Library already exists at "work".
# QuestaSim-64 vlog 10.7c Compiler 2018.08 Aug 18 2018
# Start time: 14:53:39 on Mar 01,2023
# vlog -reportprogress 300 02constructor_with_args.sv 
# -- Compiling package _02constructor_with_args_sv_unit
# -- Compiling module constructor_with_args
# 
# Top level modules:
# 	constructor_with_args
# End time: 14:53:40 on Mar 01,2023, Elapsed time: 0:00:01
# Errors: 0, Warnings: 0
# End time: 14:53:41 on Mar 01,2023, Elapsed time: 0:00:49
# Errors: 1, Warnings: 0
# vsim work.constructor_with_args -l 02constructor_with_args.log 
# Start time: 14:53:41 on Mar 01,2023
# ** Note: (vsim-3813) Design is being optimized due to module recompilation...
# Loading sv_std.std
# Loading work._02constructor_with_args_sv_unit(fast)
# Loading work.constructor_with_args(fast)
# addr - 0,mem =0
do 02constructor_with_args.do
# ** Warning: (vlib-34) Library already exists at "work".
# QuestaSim-64 vlog 10.7c Compiler 2018.08 Aug 18 2018
# Start time: 14:54:45 on Mar 01,2023
# vlog -reportprogress 300 02constructor_with_args.sv 
# -- Compiling package _02constructor_with_args_sv_unit
# -- Compiling module constructor_with_args
# 
# Top level modules:
# 	constructor_with_args
# End time: 14:54:46 on Mar 01,2023, Elapsed time: 0:00:01
# Errors: 0, Warnings: 0
# End time: 14:54:47 on Mar 01,2023, Elapsed time: 0:01:06
# Errors: 0, Warnings: 0
# vsim work.constructor_with_args -l 02constructor_with_args.log 
# Start time: 14:54:47 on Mar 01,2023
# ** Note: (vsim-3813) Design is being optimized due to module recompilation...
# Loading sv_std.std
# Loading work._02constructor_with_args_sv_unit(fast)
# Loading work.constructor_with_args(fast)
# addr - 5,mem =10
do 02constructor_with_args.do
# ** Warning: (vlib-34) Library already exists at "work".
# QuestaSim-64 vlog 10.7c Compiler 2018.08 Aug 18 2018
# Start time: 14:55:00 on Mar 01,2023
# vlog -reportprogress 300 02constructor_with_args.sv 
# -- Compiling package _02constructor_with_args_sv_unit
# -- Compiling module constructor_with_args
# 
# Top level modules:
# 	constructor_with_args
# End time: 14:55:00 on Mar 01,2023, Elapsed time: 0:00:00
# Errors: 0, Warnings: 0
# End time: 14:55:01 on Mar 01,2023, Elapsed time: 0:00:14
# Errors: 0, Warnings: 0
# vsim work.constructor_with_args -l 02constructor_with_args.log 
# Start time: 14:55:02 on Mar 01,2023
# ** Note: (vsim-3813) Design is being optimized due to module recompilation...
# Loading sv_std.std
# Loading work._02constructor_with_args_sv_unit(fast)
# Loading work.constructor_with_args(fast)
# addr - 5,mem =10
# addr - 6,mem =3
do 02constructor_with_args.do
# ** Warning: (vlib-34) Library already exists at "work".
# QuestaSim-64 vlog 10.7c Compiler 2018.08 Aug 18 2018
# Start time: 14:56:00 on Mar 01,2023
# vlog -reportprogress 300 02constructor_with_args.sv 
# -- Compiling package _02constructor_with_args_sv_unit
# -- Compiling module constructor_with_args
# 
# Top level modules:
# 	constructor_with_args
# End time: 14:56:00 on Mar 01,2023, Elapsed time: 0:00:00
# Errors: 0, Warnings: 0
# End time: 14:56:02 on Mar 01,2023, Elapsed time: 0:01:00
# Errors: 0, Warnings: 0
# vsim work.constructor_with_args -l 02constructor_with_args.log 
# Start time: 14:56:02 on Mar 01,2023
# ** Note: (vsim-8009) Loading existing optimized design _opt2
# Loading sv_std.std
# Loading work._02constructor_with_args_sv_unit(fast)
# Loading work.constructor_with_args(fast)
# addr - 5,mem =10
# addr - 6,mem =3
cd {D:\Obsi\systemverilog_nitindinnu\05_classes_in_sv\02this_keyword}
# Cannot change directory while a simulation is in progress.
# Use the "quit -sim" command to unload the design first.
q -sim
# End time: 15:05:59 on Mar 01,2023, Elapsed time: 0:09:57
# Errors: 1, Warnings: 0
cd {D:\Obsi\systemverilog_nitindinnu\05_classes_in_sv\02this_keyword}
do 00this_function.do
# QuestaSim-64 vlog 10.7c Compiler 2018.08 Aug 18 2018
# Start time: 15:06:06 on Mar 01,2023
# vlog -reportprogress 300 00this_function.sv 
# ** Error: (vlog-13069) 00this_function.sv(11): near "=": syntax error, unexpected '=', expecting ';'.
# ** Error: (vlog-13069) 00this_function.sv(12): near "(": syntax error, unexpected '(', expecting IDENTIFIER or TYPE_IDENTIFIER or NETTYPE_IDENTIFIER.
# ** Error: 00this_function.sv(13): (vlog-13161) unexpected '$display', expecting elaboration system task $fatal/$error/$warning/$info.
# End time: 15:06:06 on Mar 01,2023, Elapsed time: 0:00:00
# Errors: 3, Warnings: 0
# ** Error: C:/questasim64_10.7c/win64/vlog failed.
# Error in macro ./00this_function.do line 2
# C:/questasim64_10.7c/win64/vlog failed.
#     while executing
# "vlog 00this_function.sv"
do 00this_function.do
# ** Warning: (vlib-34) Library already exists at "work".
# QuestaSim-64 vlog 10.7c Compiler 2018.08 Aug 18 2018
# Start time: 15:06:56 on Mar 01,2023
# vlog -reportprogress 300 00this_function.sv 
# ** Error: (vlog-13069) 00this_function.sv(11): near "=": syntax error, unexpected '=', expecting ';'.
# ** Error: (vlog-13069) 00this_function.sv(12): near "(": syntax error, unexpected '(', expecting IDENTIFIER or TYPE_IDENTIFIER or NETTYPE_IDENTIFIER.
# End time: 15:06:56 on Mar 01,2023, Elapsed time: 0:00:00
# Errors: 2, Warnings: 0
# ** Error: C:/questasim64_10.7c/win64/vlog failed.
# Error in macro ./00this_function.do line 2
# C:/questasim64_10.7c/win64/vlog failed.
#     while executing
# "vlog 00this_function.sv"
do 00this_function.do
# ** Warning: (vlib-34) Library already exists at "work".
# QuestaSim-64 vlog 10.7c Compiler 2018.08 Aug 18 2018
# Start time: 15:07:38 on Mar 01,2023
# vlog -reportprogress 300 00this_function.sv 
# ** Error: (vlog-13069) 00this_function.sv(11): near "=": syntax error, unexpected '=', expecting ';'.
# ** Error: (vlog-13069) 00this_function.sv(12): near "(": syntax error, unexpected '(', expecting IDENTIFIER or TYPE_IDENTIFIER or NETTYPE_IDENTIFIER.
# End time: 15:07:38 on Mar 01,2023, Elapsed time: 0:00:00
# Errors: 2, Warnings: 0
# ** Error: C:/questasim64_10.7c/win64/vlog failed.
# Error in macro ./00this_function.do line 2
# C:/questasim64_10.7c/win64/vlog failed.
#     while executing
# "vlog 00this_function.sv"
do 00this_function.do
# ** Warning: (vlib-34) Library already exists at "work".
# QuestaSim-64 vlog 10.7c Compiler 2018.08 Aug 18 2018
# Start time: 15:07:55 on Mar 01,2023
# vlog -reportprogress 300 00this_function.sv 
# ** Error: (vlog-13069) 00this_function.sv(11): near "=": syntax error, unexpected '=', expecting ';'.
# ** Error: (vlog-13069) 00this_function.sv(12): near "(": syntax error, unexpected '(', expecting IDENTIFIER or TYPE_IDENTIFIER or NETTYPE_IDENTIFIER.
# End time: 15:07:55 on Mar 01,2023, Elapsed time: 0:00:00
# Errors: 2, Warnings: 0
# ** Error: C:/questasim64_10.7c/win64/vlog failed.
# Error in macro ./00this_function.do line 2
# C:/questasim64_10.7c/win64/vlog failed.
#     while executing
# "vlog 00this_function.sv"
do 00this_function.do
# ** Warning: (vlib-34) Library already exists at "work".
# QuestaSim-64 vlog 10.7c Compiler 2018.08 Aug 18 2018
# Start time: 15:08:07 on Mar 01,2023
# vlog -reportprogress 300 00this_function.sv 
# ** Error: (vlog-13069) 00this_function.sv(11): near "=": syntax error, unexpected '=', expecting ';'.
# ** Error: (vlog-13069) 00this_function.sv(12): near "(": syntax error, unexpected '(', expecting IDENTIFIER or TYPE_IDENTIFIER or NETTYPE_IDENTIFIER.
# End time: 15:08:07 on Mar 01,2023, Elapsed time: 0:00:00
# Errors: 2, Warnings: 0
# ** Error: C:/questasim64_10.7c/win64/vlog failed.
# Error in macro ./00this_function.do line 2
# C:/questasim64_10.7c/win64/vlog failed.
#     while executing
# "vlog 00this_function.sv"
do 00this_function.do
# ** Warning: (vlib-34) Library already exists at "work".
# QuestaSim-64 vlog 10.7c Compiler 2018.08 Aug 18 2018
# Start time: 15:10:35 on Mar 01,2023
# vlog -reportprogress 300 00this_function.sv 
# ** Error: (vlog-13069) 00this_function.sv(13): near "=": syntax error, unexpected '=', expecting ';'.
# ** Error: (vlog-13069) 00this_function.sv(14): near "(": syntax error, unexpected '(', expecting IDENTIFIER or TYPE_IDENTIFIER or NETTYPE_IDENTIFIER.
# End time: 15:10:35 on Mar 01,2023, Elapsed time: 0:00:00
# Errors: 2, Warnings: 0
# ** Error: C:/questasim64_10.7c/win64/vlog failed.
# Error in macro ./00this_function.do line 2
# C:/questasim64_10.7c/win64/vlog failed.
#     while executing
# "vlog 00this_function.sv"
do 00this_function.do
# ** Warning: (vlib-34) Library already exists at "work".
# QuestaSim-64 vlog 10.7c Compiler 2018.08 Aug 18 2018
# Start time: 15:10:50 on Mar 01,2023
# vlog -reportprogress 300 00this_function.sv 
# ** Error: (vlog-13069) 00this_function.sv(14): near "(": syntax error, unexpected '(', expecting IDENTIFIER or TYPE_IDENTIFIER or NETTYPE_IDENTIFIER.
# End time: 15:10:50 on Mar 01,2023, Elapsed time: 0:00:00
# Errors: 1, Warnings: 0
# ** Error: C:/questasim64_10.7c/win64/vlog failed.
# Error in macro ./00this_function.do line 2
# C:/questasim64_10.7c/win64/vlog failed.
#     while executing
# "vlog 00this_function.sv"
do 00this_function.do
# ** Warning: (vlib-34) Library already exists at "work".
# QuestaSim-64 vlog 10.7c Compiler 2018.08 Aug 18 2018
# Start time: 15:11:19 on Mar 01,2023
# vlog -reportprogress 300 00this_function.sv 
# ** Error: (vlog-13069) 00this_function.sv(14): near "(": syntax error, unexpected '(', expecting IDENTIFIER or TYPE_IDENTIFIER or NETTYPE_IDENTIFIER.
# End time: 15:11:19 on Mar 01,2023, Elapsed time: 0:00:00
# Errors: 1, Warnings: 0
# ** Error: C:/questasim64_10.7c/win64/vlog failed.
# Error in macro ./00this_function.do line 2
# C:/questasim64_10.7c/win64/vlog failed.
#     while executing
# "vlog 00this_function.sv"
do 00this_function.do
# QuestaSim-64 vlog 10.7c Compiler 2018.08 Aug 18 2018
# Start time: 15:12:30 on Mar 01,2023
# vlog -reportprogress 300 00this_function.sv 
# ** Error: (vlog-13069) 00this_function.sv(14): near "(": syntax error, unexpected '(', expecting IDENTIFIER or TYPE_IDENTIFIER or NETTYPE_IDENTIFIER.
# End time: 15:12:30 on Mar 01,2023, Elapsed time: 0:00:00
# Errors: 1, Warnings: 0
# ** Error: C:/questasim64_10.7c/win64/vlog failed.
# Error in macro ./00this_function.do line 2
# C:/questasim64_10.7c/win64/vlog failed.
#     while executing
# "vlog 00this_function.sv"
do 00this_function.do
# ** Warning: (vlib-34) Library already exists at "work".
# QuestaSim-64 vlog 10.7c Compiler 2018.08 Aug 18 2018
# Start time: 15:13:10 on Mar 01,2023
# vlog -reportprogress 300 00this_function.sv 
# ** Error: (vlog-13069) 00this_function.sv(14): near "(": syntax error, unexpected '(', expecting IDENTIFIER or TYPE_IDENTIFIER or NETTYPE_IDENTIFIER.
# End time: 15:13:10 on Mar 01,2023, Elapsed time: 0:00:00
# Errors: 1, Warnings: 0
# ** Error: C:/questasim64_10.7c/win64/vlog failed.
# Error in macro ./00this_function.do line 2
# C:/questasim64_10.7c/win64/vlog failed.
#     while executing
# "vlog 00this_function.sv"
do 00this_function.do
# ** Warning: (vlib-34) Library already exists at "work".
# QuestaSim-64 vlog 10.7c Compiler 2018.08 Aug 18 2018
# Start time: 15:14:19 on Mar 01,2023
# vlog -reportprogress 300 00this_function.sv 
# ** Error: (vlog-13069) 00this_function.sv(14): near "(": syntax error, unexpected '(', expecting IDENTIFIER or TYPE_IDENTIFIER or NETTYPE_IDENTIFIER.
# End time: 15:14:19 on Mar 01,2023, Elapsed time: 0:00:00
# Errors: 1, Warnings: 0
# ** Error: C:/questasim64_10.7c/win64/vlog failed.
# Error in macro ./00this_function.do line 2
# C:/questasim64_10.7c/win64/vlog failed.
#     while executing
# "vlog 00this_function.sv"
do 00this_function.do
# ** Warning: (vlib-34) Library already exists at "work".
# QuestaSim-64 vlog 10.7c Compiler 2018.08 Aug 18 2018
# Start time: 15:14:56 on Mar 01,2023
# vlog -reportprogress 300 00this_function.sv 
# -- Compiling package _00this_function_sv_unit
# -- Compiling module this_func00
# 
# Top level modules:
# 	this_func00
# End time: 15:14:56 on Mar 01,2023, Elapsed time: 0:00:00
# Errors: 0, Warnings: 0
