# End time: 20:08:34 on Mar 07,2023, Elapsed time: 0:08:02
# Errors: 73, Warnings: 0
# vsim work.top -l 01polymorphism.log 
# Start time: 20:08:34 on Mar 07,2023
# ** Note: (vsim-3812) Design is being optimized...
# Loading sv_std.std
# Loading work._01polymorphism_sv_unit(fast)
# Loading work.top(fast)
# This is base_class
# 
#  Applying polymorphism : Overriding base-class method by extended class 
# 
# This is extended class
q -sim
# End time: 20:54:55 on Mar 07,2023, Elapsed time: 0:46:21
# Errors: 0, Warnings: 0
cd {D:\Obsi\systemverilog_nitindinnu\05_classes_in_sv\11_typedef_class}
do 00typedef.do
# QuestaSim-64 vlog 10.7c Compiler 2018.08 Aug 18 2018
# Start time: 20:55:05 on Mar 07,2023
# vlog -reportprogress 300 00casting_static.sv 
# ** Error: (vlog-7) Failed to open design unit file "00casting_static.sv" in read mode.
# No such file or directory. (errno = ENOENT)
# End time: 20:55:05 on Mar 07,2023, Elapsed time: 0:00:00
# Errors: 1, Warnings: 0
# ** Error: C:/questasim64_10.7c/win64/vlog failed.
# Error in macro ./00typedef.do line 2
# C:/questasim64_10.7c/win64/vlog failed.
#     while executing
# "vlog 00casting_static.sv"
do 00typedef.do
# ** Warning: (vlib-34) Library already exists at "work".
# QuestaSim-64 vlog 10.7c Compiler 2018.08 Aug 18 2018
# Start time: 20:55:26 on Mar 07,2023
# vlog -reportprogress 300 00typedef.sv 
# ** Error: 00typedef.sv(5): Invalid type 'c2'. Please check the type of the variable 'c'.
# End time: 20:55:26 on Mar 07,2023, Elapsed time: 0:00:00
# Errors: 1, Warnings: 0
# ** Error: C:/questasim64_10.7c/win64/vlog failed.
# Error in macro ./00typedef.do line 2
# C:/questasim64_10.7c/win64/vlog failed.
#     while executing
# "vlog 00typedef.sv"
do 00typedef.do
# ** Warning: (vlib-34) Library already exists at "work".
# QuestaSim-64 vlog 10.7c Compiler 2018.08 Aug 18 2018
# Start time: 20:55:47 on Mar 07,2023
# vlog -reportprogress 300 00typedef.sv 
# -- Compiling package _00typedef_sv_unit
# -- Compiling module typedef_class
# 
# Top level modules:
# 	typedef_class
# End time: 20:55:47 on Mar 07,2023, Elapsed time: 0:00:00
# Errors: 0, Warnings: 0
