# vsim work.wait_fork_joinn_01 -l run.log 
# Start time: 16:04:57 on Feb 21,2023
# ** Note: (vsim-3812) Design is being optimized...
# Loading sv_std.std
# Loading work.wait_fork_joinn_01(fast)
# stmnt 1 starts at 0 th unit time
# stmnt 2 starts at 2 th unit time
# -----entering fork join in next line--------
# p2 stmnt 5 starts at 2 th unit time
# p1 stmnt 3 starts at 4 th unit time
# p1 stmnt 4 starts at 8 th unit time
# -----exiting fork join from previous line--------
# stmnt 6 starts at 13 th unit time
do 01_wait_fork_joinany.do
# ** Warning: (vlib-34) Library already exists at "work".
# QuestaSim-64 vlog 10.7c Compiler 2018.08 Aug 18 2018
# Start time: 16:20:25 on Feb 21,2023
# vlog -reportprogress 300 01_wait_fork_joinany.sv 
# -- Compiling module wait_fork_joinn_any_01
# 
# Top level modules:
# 	wait_fork_joinn_any_01
# End time: 16:20:25 on Feb 21,2023, Elapsed time: 0:00:00
# Errors: 0, Warnings: 0
# End time: 16:20:27 on Feb 21,2023, Elapsed time: 0:15:30
# Errors: 0, Warnings: 0
# vsim work.wait_fork_joinn_any_01 -l run.log 
# Start time: 16:20:27 on Feb 21,2023
# ** Note: (vsim-3812) Design is being optimized...
# Loading sv_std.std
# Loading work.wait_fork_joinn_any_01(fast)
# stmnt 1 starts at 0 th unit time
# stmnt 2 starts at 2 th unit time
# -----entering fork join in next line--------
# p2 stmnt 5 starts at 2 th unit time
# -----exiting fork join from previous line--------
# p1 stmnt 3 starts at 4 th unit time
# stmnt 6 starts at 7 th unit time
# p1 stmnt 4 starts at 8 th unit time
do 02_wait_fork_joinnone.do
# ** Warning: (vlib-34) Library already exists at "work".
# QuestaSim-64 vlog 10.7c Compiler 2018.08 Aug 18 2018
# Start time: 16:23:52 on Feb 21,2023
# vlog -reportprogress 300 02_wait_fork_joinnone.sv 
# -- Compiling module wait_fork_joinnone01
# 
# Top level modules:
# 	wait_fork_joinnone01
# End time: 16:23:52 on Feb 21,2023, Elapsed time: 0:00:00
# Errors: 0, Warnings: 0
# End time: 16:23:53 on Feb 21,2023, Elapsed time: 0:03:26
# Errors: 0, Warnings: 0
# vsim work.wait_fork_joinnone01 -l run.log 
# Start time: 16:23:53 on Feb 21,2023
# ** Note: (vsim-3812) Design is being optimized...
# Loading sv_std.std
# Loading work.wait_fork_joinnone01(fast)
# stmnt 1 starts at 0 th unit time
# stmnt 2 starts at 2 th unit time
# -----entering fork join in next line--------
# -----exiting fork join from previous line--------
# p2 stmnt 5 starts at 2 th unit time
# p1 stmnt 3 starts at 4 th unit time
# stmnt 6 starts at 7 th unit time
# p1 stmnt 4 starts at 8 th unit time
do 03_disable_fork.do
# ** Warning: (vlib-34) Library already exists at "work".
# QuestaSim-64 vlog 10.7c Compiler 2018.08 Aug 18 2018
# Start time: 16:28:08 on Feb 21,2023
# vlog -reportprogress 300 03_disable_fork.sv 
# -- Compiling module disable_fork_01
# 
# Top level modules:
# 	disable_fork_01
# End time: 16:28:08 on Feb 21,2023, Elapsed time: 0:00:00
# Errors: 0, Warnings: 0
# End time: 16:28:08 on Feb 21,2023, Elapsed time: 0:04:15
# Errors: 0, Warnings: 0
# vsim work.disable_fork_01 -l run.log 
# Start time: 16:28:08 on Feb 21,2023
# ** Note: (vsim-3812) Design is being optimized...
# Loading sv_std.std
# Loading work.disable_fork_01(fast)
# stmnt 1 starts at 0 th unit time
# stmnt 2 starts at 2 th unit time
# -----entering fork join in next line--------
# p2 stmnt 5 starts at 2 th unit time
# p1 stmnt 3 starts at 4 th unit time
# p1 stmnt 4 starts at 8 th unit time
# -----exiting fork join from previous line--------
# stmnt 6 starts at 13 th unit time
do 03_disable_fork.do
# ** Warning: (vlib-34) Library already exists at "work".
# QuestaSim-64 vlog 10.7c Compiler 2018.08 Aug 18 2018
# Start time: 16:28:49 on Feb 21,2023
# vlog -reportprogress 300 03_disable_fork.sv 
# -- Compiling module disable_fork_01
# 
# Top level modules:
# 	disable_fork_01
# End time: 16:28:49 on Feb 21,2023, Elapsed time: 0:00:00
# Errors: 0, Warnings: 0
# End time: 16:28:50 on Feb 21,2023, Elapsed time: 0:00:42
# Errors: 0, Warnings: 0
# vsim work.disable_fork_01 -l run.log 
# Start time: 16:28:50 on Feb 21,2023
# ** Note: (vsim-3813) Design is being optimized due to module recompilation...
# Loading sv_std.std
# Loading work.disable_fork_01(fast)
# stmnt 1 starts at 0 th unit time
# stmnt 2 starts at 2 th unit time
# -----entering fork join in next line--------
# p2 stmnt 5 starts at 2 th unit time
# -----exiting fork join from previous line--------
# p1 stmnt 3 starts at 4 th unit time
# stmnt 6 starts at 7 th unit time
do 03_disable_fork.do
# ** Warning: (vlib-34) Library already exists at "work".
# QuestaSim-64 vlog 10.7c Compiler 2018.08 Aug 18 2018
# Start time: 16:29:20 on Feb 21,2023
# vlog -reportprogress 300 03_disable_fork.sv 
# -- Compiling module disable_fork_01
# 
# Top level modules:
# 	disable_fork_01
# End time: 16:29:20 on Feb 21,2023, Elapsed time: 0:00:00
# Errors: 0, Warnings: 0
# End time: 16:29:21 on Feb 21,2023, Elapsed time: 0:00:31
# Errors: 0, Warnings: 0
# vsim work.disable_fork_01 -l run.log 
# Start time: 16:29:21 on Feb 21,2023
# ** Note: (vsim-3813) Design is being optimized due to module recompilation...
# Loading sv_std.std
# Loading work.disable_fork_01(fast)
# stmnt 1 starts at 0 th unit time
# stmnt 2 starts at 2 th unit time
# -----entering fork join in next line--------
# -----exiting fork join from previous line--------
# p2 stmnt 5 starts at 2 th unit time
# p1 stmnt 3 starts at 4 th unit time
# stmnt 6 starts at 7 th unit time
do 03_disable_fork.do
# ** Warning: (vlib-34) Library already exists at "work".
# QuestaSim-64 vlog 10.7c Compiler 2018.08 Aug 18 2018
# Start time: 16:31:27 on Feb 21,2023
# vlog -reportprogress 300 03_disable_fork.sv 
# -- Compiling module disable_fork_01
# 
# Top level modules:
# 	disable_fork_01
# End time: 16:31:27 on Feb 21,2023, Elapsed time: 0:00:00
# Errors: 0, Warnings: 0
# End time: 16:31:28 on Feb 21,2023, Elapsed time: 0:02:07
# Errors: 0, Warnings: 0
# vsim work.disable_fork_01 -l run.log 
# Start time: 16:31:28 on Feb 21,2023
# ** Note: (vsim-3813) Design is being optimized due to module recompilation...
# Loading sv_std.std
# Loading work.disable_fork_01(fast)
# stmnt 1 starts at 0 th unit time
# stmnt 2 starts at 2 th unit time
# -----entering fork join in next line--------
# p2 stmnt 5 starts at 2 th unit time
# p1 stmnt 3 starts at 4 th unit time
# p1 stmnt 4 starts at 8 th unit time
# -----exiting fork join from previous line--------
# stmnt 6 starts at 13 th unit time
do 03_disable_fork.do
# ** Warning: (vlib-34) Library already exists at "work".
# QuestaSim-64 vlog 10.7c Compiler 2018.08 Aug 18 2018
# Start time: 16:32:27 on Feb 21,2023
# vlog -reportprogress 300 03_disable_fork.sv 
# -- Compiling module disable_fork_01
# 
# Top level modules:
# 	disable_fork_01
# End time: 16:32:27 on Feb 21,2023, Elapsed time: 0:00:00
# Errors: 0, Warnings: 0
# End time: 16:32:28 on Feb 21,2023, Elapsed time: 0:01:00
# Errors: 0, Warnings: 0
# vsim work.disable_fork_01 -l run.log 
# Start time: 16:32:28 on Feb 21,2023
# ** Note: (vsim-3813) Design is being optimized due to module recompilation...
# Loading sv_std.std
# Loading work.disable_fork_01(fast)
# stmnt 1 starts at 0 th unit time
# stmnt 2 starts at 2 th unit time
# -----entering fork join in next line--------
# p2 stmnt 5 starts at 2 th unit time
# -----exiting fork join from previous line--------
# stmnt 6 starts at 7 th unit time
# End time: 17:15:35 on Feb 21,2023, Elapsed time: 0:43:07
# Errors: 0, Warnings: 0
