# vsim work.coverages_00 -l 00coverage.log 
# Start time: 17:47:27 on Mar 09,2023
# ** Note: (vsim-3812) Design is being optimized...
# ** Warning: 00coverage.sv(31): (vopt-2244) Variable 'po' is implicitly static. You must either explicitly declare it as static or automatic
# or remove the initialization in the declaration of variable.
# ** Warning: 00coverage.sv(35): (vopt-2240) Treating stand-alone use of function 'randomize' as an implicit VOID cast.
# Loading sv_std.std
# Loading work._00coverage_sv_unit(fast)
# Loading work.coverages_00(fast)
# time[0],dd[30],ee[20],ff[30]
# time[0],dd[21],ee[27],ff[5]
# time[0],dd[8],ee[22],ff[20]
# time[0],dd[2],ee[16],ff[23]
# time[0],dd[3],ee[11],ff[15]
# time[0],dd[11],ee[30],ff[22]
# time[0],dd[24],ee[8],ff[5]
# time[0],dd[31],ee[15],ff[2]
# time[0],dd[17],ee[14],ff[4]
# time[0],dd[14],ee[15],ff[3]
# time[0],dd[9],ee[0],ff[6]
# time[0],dd[21],ee[0],ff[25]
# time[0],dd[11],ee[7],ff[15]
# time[0],dd[12],ee[10],ff[1]
# time[0],dd[31],ee[5],ff[18]
# time[0],dd[3],ee[25],ff[27]
# time[0],dd[13],ee[16],ff[16]
# time[0],dd[15],ee[1],ff[25]
# time[0],dd[7],ee[1],ff[22]
# time[0],dd[17],ee[18],ff[6]
# time[0],dd[15],ee[21],ff[4]
# time[0],dd[29],ee[0],ff[14]
# time[0],dd[4],ee[24],ff[0]
# time[0],dd[16],ee[6],ff[4]
# time[0],dd[16],ee[15],ff[31]
# time[0],dd[5],ee[7],ff[27]
# time[0],dd[26],ee[17],ff[12]
# time[0],dd[30],ee[20],ff[30]
# time[0],dd[22],ee[12],ff[0]
# time[0],dd[25],ee[7],ff[20]
# time[0],dd[28],ee[5],ff[17]
# time[0],dd[25],ee[25],ff[10]
# time[0],dd[4],ee[14],ff[18]
# time[0],dd[10],ee[27],ff[10]
# time[0],dd[6],ee[7],ff[31]
# time[0],dd[1],ee[7],ff[18]
# time[0],dd[21],ee[27],ff[11]
# time[0],dd[15],ee[17],ff[25]
# time[0],dd[24],ee[29],ff[11]
# time[0],dd[0],ee[18],ff[7]
# time[0],dd[17],ee[28],ff[10]
# time[0],dd[11],ee[13],ff[10]
# time[0],dd[13],ee[3],ff[14]
# time[0],dd[30],ee[0],ff[12]
# time[0],dd[7],ee[16],ff[7]
# time[0],dd[28],ee[24],ff[11]
# time[0],dd[1],ee[4],ff[1]
# time[0],dd[1],ee[25],ff[14]
# time[0],dd[10],ee[28],ff[0]
# time[0],dd[24],ee[8],ff[25]
# time[0],dd[4],ee[28],ff[28]
# time[0],dd[3],ee[11],ff[19]
# time[0],dd[11],ee[14],ff[24]
# time[0],dd[1],ee[27],ff[5]
# time[0],dd[28],ee[9],ff[9]
# time[0],dd[24],ee[13],ff[9]
# time[0],dd[0],ee[22],ff[4]
# time[0],dd[18],ee[19],ff[30]
# time[0],dd[24],ee[17],ff[18]
# time[0],dd[9],ee[15],ff[1]
# time[0],dd[2],ee[18],ff[11]
# time[0],dd[6],ee[20],ff[6]
# time[0],dd[28],ee[14],ff[3]
# time[0],dd[27],ee[21],ff[3]
# ** Note: $stop    : 00coverage.sv(39)
#    Time: 0 ns  Iteration: 0  Instance: /coverages_00
# Break in Module coverages_00 at 00coverage.sv line 39
q -sim
# End time: 22:56:27 on Mar 09,2023, Elapsed time: 5:09:00
# Errors: 0, Warnings: 2
cd {D:\Obsi\systemverilog_nitindinnu\08_creating_TB_environments\01_2x1mux}
do 2x1mux.do
# QuestaSim-64 vlog 10.7c Compiler 2018.08 Aug 18 2018
# Start time: 22:56:47 on Mar 09,2023
# vlog -reportprogress 300 41top_module.sv 
# -- Compiling interface mux2x1_intf
# -- Compiling module mux2x1_dut
# ** Error: ** while parsing file included at 41top_module.sv(3)
# ** while parsing file included at 40program_block.sv(1)
# ** while parsing file included at 11test.sv(1)
# ** while parsing file included at 10environment.sv(2)
# ** at 01generator.sv(2): Invalid type 'transaction'. Please check the type of the variable 'trnx'.
# ** Error: ** while parsing file included at 41top_module.sv(3)
# ** while parsing file included at 40program_block.sv(1)
# ** while parsing file included at 11test.sv(1)
# ** while parsing file included at 10environment.sv(2)
# ** at 01generator.sv(11): (vlog-2730) Undefined variable: 'trnx'.
# ** Error: (vlog-13069) ** while parsing file included at 41top_module.sv(3)
# ** while parsing file included at 40program_block.sv(1)
# ** while parsing file included at 11test.sv(1)
# ** while parsing file included at 10environment.sv(2)
# ** at 01generator.sv(12): near "repeat": syntax error, unexpected repeat, expecting ';'.
# ** Error: (vlog-13069) ** while parsing file included at 41top_module.sv(3)
# ** while parsing file included at 40program_block.sv(1)
# ** while parsing file included at 11test.sv(1)
# ** while parsing file included at 10environment.sv(2)
# ** at 01generator.sv(20): near "end": syntax error, unexpected end.
# ** Error: (vlog-13069) ** while parsing file included at 41top_module.sv(3)
# ** while parsing file included at 40program_block.sv(1)
# ** while parsing file included at 11test.sv(1)
# ** while parsing file included at 10environment.sv(3)
# ** at 02driver.sv(2): near ";": syntax error, unexpected ';', expecting '('.
# ** Error: ** while parsing file included at 41top_module.sv(3)
# ** while parsing file included at 40program_block.sv(1)
# ** while parsing file included at 11test.sv(1)
# ** while parsing file included at 10environment.sv(3)
# ** at 02driver.sv(7): Illegal declaration after the statement near line '2'.  Declarations must precede statements.  Look for stray semicolons.
# ** Error: (vlog-13069) ** while parsing file included at 41top_module.sv(3)
# ** while parsing file included at 40program_block.sv(1)
# ** while parsing file included at 11test.sv(1)
# ** while parsing file included at 10environment.sv(3)
# ** at 02driver.sv(10): near "endfunction": syntax error, unexpected endfunction, expecting endtask.
# ** Error: ** while parsing file included at 41top_module.sv(3)
# ** while parsing file included at 40program_block.sv(1)
# ** while parsing file included at 11test.sv(1)
# ** while parsing file included at 10environment.sv(4)
# ** at 03ipmonitor.sv(2): Invalid type 'transaction'. Please check the type of the variable 'trnx'.
# ** Error: (vlog-13069) ** while parsing file included at 41top_module.sv(3)
# ** while parsing file included at 40program_block.sv(1)
# ** while parsing file included at 11test.sv(1)
# ** while parsing file included at 10environment.sv(4)
# ** at 03ipmonitor.sv(2): near "=": syntax error, unexpected '=', expecting function or task or "SystemVerilog keyword 'pure'".
# End time: 22:56:47 on Mar 09,2023, Elapsed time: 0:00:00
# Errors: 9, Warnings: 0
# ** Error: C:/questasim64_10.7c/win64/vlog failed.
# Error in macro ./2x1mux.do line 2
# C:/questasim64_10.7c/win64/vlog failed.
#     while executing
# "vlog 41top_module.sv "
do 2x1mux.do
# ** Warning: (vlib-34) Library already exists at "work".
# QuestaSim-64 vlog 10.7c Compiler 2018.08 Aug 18 2018
# Start time: 11:52:17 on Mar 10,2023
# vlog -reportprogress 300 41top_module.sv 
# -- Compiling interface mux2x1_intf
# -- Compiling module mux2x1_dut
# ** Error: ** while parsing file included at 41top_module.sv(3)
# ** while parsing file included at 40program_block.sv(1)
# ** while parsing file included at 11test.sv(1)
# ** while parsing file included at 10environment.sv(2)
# ** at 01generator.sv(2): Invalid type 'transaction'. Please check the type of the variable 'trnx'.
# ** Error: ** while parsing file included at 41top_module.sv(3)
# ** while parsing file included at 40program_block.sv(1)
# ** while parsing file included at 11test.sv(1)
# ** while parsing file included at 10environment.sv(2)
# ** at 01generator.sv(11): (vlog-2730) Undefined variable: 'trnx'.
# ** Error: (vlog-13069) ** while parsing file included at 41top_module.sv(3)
# ** while parsing file included at 40program_block.sv(1)
# ** while parsing file included at 11test.sv(1)
# ** while parsing file included at 10environment.sv(2)
# ** at 01generator.sv(12): near "repeat": syntax error, unexpected repeat, expecting ';'.
# ** Error: (vlog-13069) ** while parsing file included at 41top_module.sv(3)
# ** while parsing file included at 40program_block.sv(1)
# ** while parsing file included at 11test.sv(1)
# ** while parsing file included at 10environment.sv(2)
# ** at 01generator.sv(20): near "end": syntax error, unexpected end.
# ** Error: (vlog-13069) ** while parsing file included at 41top_module.sv(3)
# ** while parsing file included at 40program_block.sv(1)
# ** while parsing file included at 11test.sv(1)
# ** while parsing file included at 10environment.sv(3)
# ** at 02driver.sv(2): near ";": syntax error, unexpected ';', expecting '('.
# ** Error: ** while parsing file included at 41top_module.sv(3)
# ** while parsing file included at 40program_block.sv(1)
# ** while parsing file included at 11test.sv(1)
# ** while parsing file included at 10environment.sv(3)
# ** at 02driver.sv(7): Illegal declaration after the statement near line '2'.  Declarations must precede statements.  Look for stray semicolons.
# ** Error: (vlog-13069) ** while parsing file included at 41top_module.sv(3)
# ** while parsing file included at 40program_block.sv(1)
# ** while parsing file included at 11test.sv(1)
# ** while parsing file included at 10environment.sv(3)
# ** at 02driver.sv(10): near "endfunction": syntax error, unexpected endfunction, expecting endtask.
# ** Error: ** while parsing file included at 41top_module.sv(3)
# ** while parsing file included at 40program_block.sv(1)
# ** while parsing file included at 11test.sv(1)
# ** while parsing file included at 10environment.sv(4)
# ** at 03ipmonitor.sv(2): Invalid type 'transaction'. Please check the type of the variable 'trnx'.
# ** Error: (vlog-13069) ** while parsing file included at 41top_module.sv(3)
# ** while parsing file included at 40program_block.sv(1)
# ** while parsing file included at 11test.sv(1)
# ** while parsing file included at 10environment.sv(4)
# ** at 03ipmonitor.sv(2): near "=": syntax error, unexpected '=', expecting function or task or "SystemVerilog keyword 'pure'".
# End time: 11:52:18 on Mar 10,2023, Elapsed time: 0:00:01
# Errors: 9, Warnings: 0
# ** Error: C:/questasim64_10.7c/win64/vlog failed.
# Error in macro ./2x1mux.do line 2
# C:/questasim64_10.7c/win64/vlog failed.
#     while executing
# "vlog 41top_module.sv "
do 2x1mux.do
# ** Warning: (vlib-34) Library already exists at "work".
# QuestaSim-64 vlog 10.7c Compiler 2018.08 Aug 18 2018
# Start time: 11:52:49 on Mar 10,2023
# vlog -reportprogress 300 41top_module.sv 
# -- Compiling interface mux2x1_intf
# -- Compiling module mux2x1_dut
# ** Error: ** while parsing file included at 41top_module.sv(3)
# ** while parsing file included at 40program_block.sv(1)
# ** while parsing file included at 11test.sv(1)
# ** while parsing file included at 10environment.sv(2)
# ** at 01generator.sv(2): Invalid type 'transaction'. Please check the type of the variable 'trnx'.
# ** Error: (vlog-13069) ** while parsing file included at 41top_module.sv(3)
# ** while parsing file included at 40program_block.sv(1)
# ** while parsing file included at 11test.sv(1)
# ** while parsing file included at 10environment.sv(2)
# ** at 01generator.sv(2): near "=": syntax error, unexpected '=', expecting function or task or "SystemVerilog keyword 'pure'".
# End time: 11:52:49 on Mar 10,2023, Elapsed time: 0:00:00
# Errors: 2, Warnings: 0
# ** Error: C:/questasim64_10.7c/win64/vlog failed.
# Error in macro ./2x1mux.do line 2
# C:/questasim64_10.7c/win64/vlog failed.
#     while executing
# "vlog 41top_module.sv "
do 2x1mux.do
# ** Warning: (vlib-34) Library already exists at "work".
# QuestaSim-64 vlog 10.7c Compiler 2018.08 Aug 18 2018
# Start time: 11:53:57 on Mar 10,2023
# vlog -reportprogress 300 41top_module.sv 
# -- Compiling interface mux2x1_intf
# -- Compiling module mux2x1_dut
# ** Error: (vlog-13069) ** while parsing file included at 41top_module.sv(3)
# ** while parsing file included at 40program_block.sv(1)
# ** while parsing file included at 11test.sv(1)
# ** while parsing file included at 10environment.sv(4)
# ** at 03ipmonitor.sv(5): near "endinterface": syntax error, unexpected "SystemVerilog keyword 'endinterface'", expecting function or task or "SystemVerilog keyword 'pure'".
# End time: 11:53:57 on Mar 10,2023, Elapsed time: 0:00:00
# Errors: 1, Warnings: 0
# ** Error: C:/questasim64_10.7c/win64/vlog failed.
# Error in macro ./2x1mux.do line 2
# C:/questasim64_10.7c/win64/vlog failed.
#     while executing
# "vlog 41top_module.sv "
do 2x1mux.do
# ** Warning: (vlib-34) Library already exists at "work".
# QuestaSim-64 vlog 10.7c Compiler 2018.08 Aug 18 2018
# Start time: 11:55:19 on Mar 10,2023
# vlog -reportprogress 300 41top_module.sv 
# -- Compiling interface mux2x1_intf
# -- Compiling module mux2x1_dut
# ** Error: (vlog-13069) ** while parsing file included at 41top_module.sv(3)
# ** while parsing file included at 40program_block.sv(1)
# ** while parsing file included at 11test.sv(1)
# ** while parsing file included at 10environment.sv(4)
# ** at 03ipmonitor.sv(6): near "interface": syntax error, unexpected "SystemVerilog keyword 'interface'".
# End time: 11:55:19 on Mar 10,2023, Elapsed time: 0:00:00
# Errors: 1, Warnings: 0
# ** Error: C:/questasim64_10.7c/win64/vlog failed.
# Error in macro ./2x1mux.do line 2
# C:/questasim64_10.7c/win64/vlog failed.
#     while executing
# "vlog 41top_module.sv "
do 2x1mux.do
# ** Warning: (vlib-34) Library already exists at "work".
# QuestaSim-64 vlog 10.7c Compiler 2018.08 Aug 18 2018
# Start time: 11:56:32 on Mar 10,2023
# vlog -reportprogress 300 41top_module.sv 
# -- Compiling interface mux2x1_intf
# -- Compiling module mux2x1_dut
# ** Error: (vlog-13069) ** while parsing file included at 41top_module.sv(3)
# ** while parsing file included at 40program_block.sv(1)
# ** while parsing file included at 11test.sv(1)
# ** while parsing file included at 10environment.sv(4)
# ** at 03ipmonitor.sv(23): near "case": syntax error, unexpected case, expecting function or task or "SystemVerilog keyword 'pure'".
# End time: 11:56:32 on Mar 10,2023, Elapsed time: 0:00:00
# Errors: 1, Warnings: 0
# ** Error: C:/questasim64_10.7c/win64/vlog failed.
# Error in macro ./2x1mux.do line 2
# C:/questasim64_10.7c/win64/vlog failed.
#     while executing
# "vlog 41top_module.sv "
do 2x1mux.do
# ** Warning: (vlib-34) Library already exists at "work".
# QuestaSim-64 vlog 10.7c Compiler 2018.08 Aug 18 2018
# Start time: 11:57:49 on Mar 10,2023
# vlog -reportprogress 300 41top_module.sv 
# -- Compiling interface mux2x1_intf
# -- Compiling module mux2x1_dut
# ** Error: (vlog-13069) ** while parsing file included at 41top_module.sv(3)
# ** while parsing file included at 40program_block.sv(1)
# ** while parsing file included at 11test.sv(1)
# ** while parsing file included at 10environment.sv(5)
# ** at 04opmonitor.sv(5): near "endinterface": syntax error, unexpected "SystemVerilog keyword 'endinterface'", expecting function or task or "SystemVerilog keyword 'pure'".
# End time: 11:57:49 on Mar 10,2023, Elapsed time: 0:00:00
# Errors: 1, Warnings: 0
# ** Error: C:/questasim64_10.7c/win64/vlog failed.
# Error in macro ./2x1mux.do line 2
# C:/questasim64_10.7c/win64/vlog failed.
#     while executing
# "vlog 41top_module.sv "
do 2x1mux.do
# ** Warning: (vlib-34) Library already exists at "work".
# QuestaSim-64 vlog 10.7c Compiler 2018.08 Aug 18 2018
# Start time: 11:58:12 on Mar 10,2023
# vlog -reportprogress 300 41top_module.sv 
# -- Compiling interface mux2x1_intf
# -- Compiling module mux2x1_dut
# ** Error: (vlog-13069) ** while parsing file included at 41top_module.sv(3)
# ** while parsing file included at 40program_block.sv(1)
# ** while parsing file included at 11test.sv(1)
# ** while parsing file included at 10environment.sv(5)
# ** at 04opmonitor.sv(24): near "case": syntax error, unexpected case, expecting function or task or "SystemVerilog keyword 'pure'".
# End time: 11:58:12 on Mar 10,2023, Elapsed time: 0:00:00
# Errors: 1, Warnings: 0
# ** Error: C:/questasim64_10.7c/win64/vlog failed.
# Error in macro ./2x1mux.do line 2
# C:/questasim64_10.7c/win64/vlog failed.
#     while executing
# "vlog 41top_module.sv "
do 2x1mux.do
# ** Warning: (vlib-34) Library already exists at "work".
# QuestaSim-64 vlog 10.7c Compiler 2018.08 Aug 18 2018
# Start time: 11:59:53 on Mar 10,2023
# vlog -reportprogress 300 41top_module.sv 
# -- Compiling interface mux2x1_intf
# -- Compiling module mux2x1_dut
# ** Error: (vlog-13069) ** while parsing file included at 41top_module.sv(3)
# ** while parsing file included at 40program_block.sv(1)
# ** at 11test.sv(7): near ";": syntax error, unexpected ';', expecting ')'.
# End time: 11:59:53 on Mar 10,2023, Elapsed time: 0:00:00
# Errors: 1, Warnings: 0
# ** Error: C:/questasim64_10.7c/win64/vlog failed.
# Error in macro ./2x1mux.do line 2
# C:/questasim64_10.7c/win64/vlog failed.
#     while executing
# "vlog 41top_module.sv "
do 2x1mux.do
# ** Warning: (vlib-34) Library already exists at "work".
# QuestaSim-64 vlog 10.7c Compiler 2018.08 Aug 18 2018
# Start time: 12:00:19 on Mar 10,2023
# vlog -reportprogress 300 41top_module.sv 
# -- Compiling interface mux2x1_intf
# -- Compiling module mux2x1_dut
# -- Compiling package _41top_module_sv_unit
# ** Warning: 01generator.sv(12): (vlog-2240) Treating stand-alone use of function 'randomize' as an implicit VOID cast.
# ** Warning: 01generator.sv(13): (vlog-2240) Treating stand-alone use of function 'display' as an implicit VOID cast.
# ** Error: 10environment.sv(16): (vlog-13216) Arg. 'inter' of 'new':  Illegal assignment to type 'virtual interface mux2x1_intf.tb' from type 'virtual interface mux_2x1_intf.tb': Virtual interface type 'mux2x1_intf' cannot be assigned type 'mux_2x1_intf'.
# ** Error: 10environment.sv(16): (vlog-13217) Arg. 'inter' of 'new':  Illegal operation on types 'virtual interface mux2x1_intf.tb' and 'virtual interface mux_2x1_intf.tb': Virtual interfaces 'mux2x1_intf' and 'mux_2x1_intf' are not the same.
# ** Error: 10environment.sv(17): (vlog-13216) Arg. 'inter' of 'new':  Illegal assignment to type 'virtual interface mux2x1_intf.tb' from type 'virtual interface mux_2x1_intf.tb': Virtual interface type 'mux2x1_intf' cannot be assigned type 'mux_2x1_intf'.
# ** Error: 10environment.sv(17): (vlog-13217) Arg. 'inter' of 'new':  Illegal operation on types 'virtual interface mux2x1_intf.tb' and 'virtual interface mux_2x1_intf.tb': Virtual interfaces 'mux2x1_intf' and 'mux_2x1_intf' are not the same.
# ** Error: 10environment.sv(18): (vlog-13216) Arg. 'inter' of 'new':  Illegal assignment to type 'virtual interface mux2x1_intf.tb' from type 'virtual interface mux_2x1_intf.tb': Virtual interface type 'mux2x1_intf' cannot be assigned type 'mux_2x1_intf'.
# ** Error: 10environment.sv(18): (vlog-13217) Arg. 'inter' of 'new':  Illegal operation on types 'virtual interface mux2x1_intf.tb' and 'virtual interface mux_2x1_intf.tb': Virtual interfaces 'mux2x1_intf' and 'mux_2x1_intf' are not the same.
# ** Error: 11test.sv(5): (vlog-13216) Arg. 'inter' of 'new':  Illegal assignment to type 'virtual interface mux_2x1_intf.tb' from type 'virtual interface mux2x1_intf.tb': Virtual interface type 'mux_2x1_intf' cannot be assigned type 'mux2x1_intf'.
# ** Error: 11test.sv(5): (vlog-13217) Arg. 'inter' of 'new':  Illegal operation on types 'virtual interface mux_2x1_intf.tb' and 'virtual interface mux2x1_intf.tb': Virtual interfaces 'mux_2x1_intf' and 'mux2x1_intf' are not the same.
# -- Compiling program mux_tb
# ** Error: 10environment.sv(16): (vlog-13216) Arg. 'inter' of 'new':  Illegal assignment to type 'virtual interface mux2x1_intf.tb' from type 'virtual interface mux_2x1_intf.tb': Virtual interface type 'mux2x1_intf' cannot be assigned type 'mux_2x1_intf'.
# ** Error: 10environment.sv(16): (vlog-13217) Arg. 'inter' of 'new':  Illegal operation on types 'virtual interface mux2x1_intf.tb' and 'virtual interface mux_2x1_intf.tb': Virtual interfaces 'mux2x1_intf' and 'mux_2x1_intf' are not the same.
# ** Error: 10environment.sv(17): (vlog-13216) Arg. 'inter' of 'new':  Illegal assignment to type 'virtual interface mux2x1_intf.tb' from type 'virtual interface mux_2x1_intf.tb': Virtual interface type 'mux2x1_intf' cannot be assigned type 'mux_2x1_intf'.
# ** Error: 10environment.sv(17): (vlog-13217) Arg. 'inter' of 'new':  Illegal operation on types 'virtual interface mux2x1_intf.tb' and 'virtual interface mux_2x1_intf.tb': Virtual interfaces 'mux2x1_intf' and 'mux_2x1_intf' are not the same.
# ** Error: 10environment.sv(18): (vlog-13216) Arg. 'inter' of 'new':  Illegal assignment to type 'virtual interface mux2x1_intf.tb' from type 'virtual interface mux_2x1_intf.tb': Virtual interface type 'mux2x1_intf' cannot be assigned type 'mux_2x1_intf'.
# ** Error: 10environment.sv(18): (vlog-13217) Arg. 'inter' of 'new':  Illegal operation on types 'virtual interface mux2x1_intf.tb' and 'virtual interface mux_2x1_intf.tb': Virtual interfaces 'mux2x1_intf' and 'mux_2x1_intf' are not the same.
# ** Error: 11test.sv(5): (vlog-13216) Arg. 'inter' of 'new':  Illegal assignment to type 'virtual interface mux_2x1_intf.tb' from type 'virtual interface mux2x1_intf.tb': Virtual interface type 'mux_2x1_intf' cannot be assigned type 'mux2x1_intf'.
# ** Error: 11test.sv(5): (vlog-13217) Arg. 'inter' of 'new':  Illegal operation on types 'virtual interface mux_2x1_intf.tb' and 'virtual interface mux2x1_intf.tb': Virtual interfaces 'mux_2x1_intf' and 'mux2x1_intf' are not the same.
# -- Compiling module top
# End time: 12:00:19 on Mar 10,2023, Elapsed time: 0:00:00
# Errors: 16, Warnings: 2
# ** Error: C:/questasim64_10.7c/win64/vlog failed.
# Error in macro ./2x1mux.do line 2
# C:/questasim64_10.7c/win64/vlog failed.
#     while executing
# "vlog 41top_module.sv "
do 2x1mux.do
# ** Warning: (vlib-34) Library already exists at "work".
# QuestaSim-64 vlog 10.7c Compiler 2018.08 Aug 18 2018
# Start time: 12:06:31 on Mar 10,2023
# vlog -reportprogress 300 41top_module.sv 
# -- Compiling interface mux2x1_intf
# -- Compiling module mux2x1_dut
# ** Error: ** while parsing file included at 41top_module.sv(3)
# ** while parsing file included at 40program_block.sv(1)
# ** while parsing file included at 11test.sv(1)
# ** at 10environment.sv(37): Illegal declaration after the statement near line '31'.  Declarations must precede statements.  Look for stray semicolons.
# ** Error: (vlog-13069) ** while parsing file included at 41top_module.sv(3)
# ** while parsing file included at 40program_block.sv(1)
# ** while parsing file included at 11test.sv(1)
# ** at 10environment.sv(49): near "endtask": syntax error, unexpected endtask, expecting endfunction.
# ** Error: ** while parsing file included at 41top_module.sv(3)
# ** while parsing file included at 40program_block.sv(1)
# ** at 11test.sv(7): Illegal declaration after the statement near line '3'.  Declarations must precede statements.  Look for stray semicolons.
# ** Error: ** while parsing file included at 41top_module.sv(3)
# ** while parsing file included at 40program_block.sv(1)
# ** at 11test.sv(13): (vlog-2730) Undefined variable: 'env'.
# ** Error: (vlog-13069) ** while parsing file included at 41top_module.sv(3)
# ** at 40program_block.sv(4): near "=": syntax error, unexpected '=', expecting ';'.
# End time: 12:06:31 on Mar 10,2023, Elapsed time: 0:00:00
# Errors: 5, Warnings: 0
# ** Error: C:/questasim64_10.7c/win64/vlog failed.
# Error in macro ./2x1mux.do line 2
# C:/questasim64_10.7c/win64/vlog failed.
#     while executing
# "vlog 41top_module.sv "
do 2x1mux.do
# ** Warning: (vlib-34) Library already exists at "work".
# QuestaSim-64 vlog 10.7c Compiler 2018.08 Aug 18 2018
# Start time: 12:10:01 on Mar 10,2023
# vlog -reportprogress 300 41top_module.sv 
# -- Compiling interface mux2x1_intf
# -- Compiling module mux2x1_dut
# ** Error: ** while parsing file included at 41top_module.sv(3)
# ** while parsing file included at 40program_block.sv(1)
# ** while parsing file included at 11test.sv(1)
# ** at 10environment.sv(38): Illegal declaration after the statement near line '31'.  Declarations must precede statements.  Look for stray semicolons.
# ** Error: (vlog-13069) ** while parsing file included at 41top_module.sv(3)
# ** while parsing file included at 40program_block.sv(1)
# ** while parsing file included at 11test.sv(1)
# ** at 10environment.sv(50): near "endtask": syntax error, unexpected endtask, expecting endfunction.
# ** Error: ** while parsing file included at 41top_module.sv(3)
# ** while parsing file included at 40program_block.sv(1)
# ** at 11test.sv(7): Illegal declaration after the statement near line '3'.  Declarations must precede statements.  Look for stray semicolons.
# ** Error: ** while parsing file included at 41top_module.sv(3)
# ** while parsing file included at 40program_block.sv(1)
# ** at 11test.sv(13): (vlog-2730) Undefined variable: 'env'.
# ** Error: (vlog-13069) ** while parsing file included at 41top_module.sv(3)
# ** at 40program_block.sv(7): near "tb": syntax error, unexpected IDENTIFIER, expecting ';'.
# End time: 12:10:01 on Mar 10,2023, Elapsed time: 0:00:00
# Errors: 5, Warnings: 0
# ** Error: C:/questasim64_10.7c/win64/vlog failed.
# Error in macro ./2x1mux.do line 2
# C:/questasim64_10.7c/win64/vlog failed.
#     while executing
# "vlog 41top_module.sv "
do 2x1mux.do
# ** Warning: (vlib-34) Library already exists at "work".
# QuestaSim-64 vlog 10.7c Compiler 2018.08 Aug 18 2018
# Start time: 12:12:02 on Mar 10,2023
# vlog -reportprogress 300 41top_module.sv 
# -- Compiling interface mux2x1_intf
# -- Compiling module mux2x1_dut
# ** Error: ** while parsing file included at 41top_module.sv(3)
# ** while parsing file included at 40program_block.sv(1)
# ** while parsing file included at 11test.sv(1)
# ** at 10environment.sv(38): Illegal declaration after the statement near line '31'.  Declarations must precede statements.  Look for stray semicolons.
# ** Error: (vlog-13069) ** while parsing file included at 41top_module.sv(3)
# ** while parsing file included at 40program_block.sv(1)
# ** while parsing file included at 11test.sv(1)
# ** at 10environment.sv(50): near "endtask": syntax error, unexpected endtask, expecting endfunction.
# ** Error: ** while parsing file included at 41top_module.sv(3)
# ** while parsing file included at 40program_block.sv(1)
# ** at 11test.sv(7): Illegal declaration after the statement near line '3'.  Declarations must precede statements.  Look for stray semicolons.
# ** Error: ** while parsing file included at 41top_module.sv(3)
# ** while parsing file included at 40program_block.sv(1)
# ** at 11test.sv(13): (vlog-2730) Undefined variable: 'env'.
# ** Error: (vlog-13069) ** while parsing file included at 41top_module.sv(3)
# ** at 40program_block.sv(7): near "tb": syntax error, unexpected IDENTIFIER, expecting ';'.
# End time: 12:12:02 on Mar 10,2023, Elapsed time: 0:00:00
# Errors: 5, Warnings: 0
# ** Error: C:/questasim64_10.7c/win64/vlog failed.
# Error in macro ./2x1mux.do line 2
# C:/questasim64_10.7c/win64/vlog failed.
#     while executing
# "vlog 41top_module.sv "
q -sim
cd {"D:\Obsi\systemverilog_nitindinnu\pdfs\System Verilog Codes nagaraju anna\System Verilog Codes\SV Codes\7)sv_environment\Environment\Combinational circuits\5)multiplexer\2x1mux}
# couldn't change working directory to ""D:\Obsi\systemverilog_nitindinnu\pdfs\System Verilog Codes nagaraju anna\System Verilog Codes\SV Codes\7)sv_environment\Environment\Combinational circuits\5)multiplexer\2x1mux": no such file or directory
cd {D:\Obsi\systemverilog_nitindinnu\pdfs\System Verilog Codes nagaraju anna\System Verilog Codes\SV Codes\7)sv_environment\Environment\Combinational circuits\5)multiplexer\2x1mux}
do run.do
# ** Warning: (vlib-34) Library already exists at "work".
# QuestaSim-64 vlog 10.7c Compiler 2018.08 Aug 18 2018
# Start time: 12:13:59 on Mar 10,2023
# vlog -reportprogress 300 mux_2x1_top_module.sv 
# -- Compiling interface mux_2x1_intf
# -- Compiling package mux_2x1_top_module_sv_unit
# ** Warning: mux_2x1_generator.sv(14): (vlog-2240) Treating stand-alone use of function 'randomize' as an implicit VOID cast.
# -- Compiling program mux_tb
# -- Compiling module mux_2x1_dut
# -- Compiling module top
# 
# Top level modules:
# 	top
# End time: 12:13:59 on Mar 10,2023, Elapsed time: 0:00:00
# Errors: 0, Warnings: 1
