# End time: 16:06:45 on Mar 09,2023, Elapsed time: 0:14:39
# Errors: 20, Warnings: 11
# vsim work.coverages_01 -l 01coverage.log 
# Start time: 16:06:45 on Mar 09,2023
# ** Note: (vsim-3812) Design is being optimized...
# ** Warning: 01coverage.sv(28): (vopt-2244) Variable 'po' is implicitly static. You must either explicitly declare it as static or automatic
# or remove the initialization in the declaration of variable.
# ** Warning: 01coverage.sv(31): (vopt-2240) Treating stand-alone use of function 'randomize' as an implicit VOID cast.
# Loading sv_std.std
# Loading work._01coverage_sv_unit(fast)
# Loading work.coverages_01(fast)
# ** Warning: (vsim-3881) 01coverage.sv(17): Sign-and-Width conversion applied in bin 'b2' for Coverpoint 'cp_01'. Value '20' changed to '15 (maximum)' value.
#    Time: 0 ns  Iteration: 0  Instance: /coverages_01
# ** Warning: (vsim-3882) 01coverage.sv(17): Out of bounds value range in bin 'b2' for Coverpoint 'cp_01' converted to nearest valid bounded range of [12:15].
#    Time: 0 ns  Iteration: 0  Instance: /coverages_01
# time[0],dd[9],ee[2],ff[4]
# time[0],dd[12],ee[12],ff[11]
# time[0],dd[3],ee[14],ff[2]
# time[0],dd[6],ee[8],ff[5]
# time[0],dd[5],ee[10],ff[8]
# time[0],dd[11],ee[5],ff[3]
# time[0],dd[14],ee[7],ff[9]
# time[0],dd[13],ee[1],ff[0]
# time[0],dd[0],ee[3],ff[14]
# time[0],dd[7],ee[13],ff[1]
# time[0],dd[8],ee[15],ff[15]
# time[0],dd[15],ee[9],ff[6]
# time[0],dd[2],ee[11],ff[12]
# time[0],dd[1],ee[4],ff[7]
# time[0],dd[4],ee[6],ff[10]
# time[0],dd[10],ee[0],ff[13]
# ** Note: $stop    : 01coverage.sv(35)
#    Time: 0 ns  Iteration: 0  Instance: /coverages_01
# Break in Module coverages_01 at 01coverage.sv line 35
do 00coverage.do
# ** Warning: (vlib-34) Library already exists at "work".
# ** Warning: (vdel-134) Unable to remove locked optimized design "_opt1".  Locker is nitin@LAPTOP-JPCFC0PU.
# Error 31: Unable to unlink file "D:/Obsi/systemverilog_nitindinnu/09_coverages/work/@_opt/_lib3_0.qpg".
# Error 31: Unable to unlink file "D:/Obsi/systemverilog_nitindinnu/09_coverages/work/@_opt/_lib3_0.qtl".
# Error 133: Unable to remove directory "D:/Obsi/systemverilog_nitindinnu/09_coverages/work/@_opt".
# ** Warning: (vlib-34) Library already exists at "work".
# COMPILING SV FILE
# QuestaSim-64 vlog 10.7c Compiler 2018.08 Aug 18 2018
# Start time: 16:08:24 on Mar 09,2023
# vlog -reportprogress 300 "+acc" "+cover" -coveropt 3 -sv 00coverage.sv 
# ** Warning: 00coverage.sv(31): (vlog-2244) Variable 'po' is implicitly static. You must either explicitly declare it as static or automatic
# or remove the initialization in the declaration of variable.
# -- Compiling package _00coverage_sv_unit
# -- Compiling module coverages_00
# ** Warning: 00coverage.sv(31): (vlog-2244) Variable 'po' is implicitly static. You must either explicitly declare it as static or automatic
# or remove the initialization in the declaration of variable.
# ** Warning: 00coverage.sv(34): (vlog-2240) Treating stand-alone use of function 'randomize' as an implicit VOID cast.
# 
# Top level modules:
# 	coverages_00
# End time: 16:08:24 on Mar 09,2023, Elapsed time: 0:00:00
# Errors: 0, Warnings: 3
