# End time: 16:26:06 on Mar 10,2023, Elapsed time: 0:09:01
# Errors: 11, Warnings: 13
# vsim work.coverages_04 -l 04coverage_cross.log 
# Start time: 16:26:06 on Mar 10,2023
# ** Note: (vsim-3812) Design is being optimized...
# ** Warning: 04coverage_cross.sv(35): (vopt-2244) Variable 'po' is implicitly static. You must either explicitly declare it as static or automatic
# or remove the initialization in the declaration of variable.
# ** Warning: 04coverage_cross.sv(39): (vopt-2240) Treating stand-alone use of function 'randomize' as an implicit VOID cast.
# Loading sv_std.std
# Loading work._04coverage_cross_sv_unit(fast)
# Loading work.coverages_04(fast)
# time[0],dd[20],ee[20],ff[20]
# time[0],dd[22],ee[22],ff[22]
# time[0],dd[20],ee[20],ff[20]
# time[0],dd[20],ee[20],ff[22]
# time[0],dd[22],ee[22],ff[22]
# time[0],dd[22],ee[20],ff[20]
# time[0],dd[20],ee[20],ff[22]
# time[0],dd[22],ee[22],ff[20]
# time[0],dd[22],ee[20],ff[20]
# time[0],dd[20],ee[22],ff[22]
# time[0],dd[22],ee[20],ff[20]
# time[0],dd[22],ee[20],ff[22]
# time[0],dd[22],ee[22],ff[22]
# time[0],dd[20],ee[20],ff[22]
# time[0],dd[22],ee[22],ff[20]
# time[0],dd[22],ee[22],ff[22]
# ** Note: $stop    : 04coverage_cross.sv(43)
#    Time: 0 ns  Iteration: 0  Instance: /coverages_04
# Break in Module coverages_04 at 04coverage_cross.sv line 43
do 04_coerage_cross.do
# ** Warning: (vlib-34) Library already exists at "work".
# ** Warning: (vdel-134) Unable to remove locked optimized design "_opt1".  Locker is nitin@LAPTOP-JPCFC0PU.
# ** Warning: (vlib-34) Library already exists at "work".
# COMPILING SV FILE
# QuestaSim-64 vlog 10.7c Compiler 2018.08 Aug 18 2018
# Start time: 16:26:31 on Mar 10,2023
# vlog -reportprogress 300 "+acc" "+cover" -coveropt 3 -sv 04coverage_cross.sv 
# ** Warning: 04coverage_cross.sv(35): (vlog-2244) Variable 'po' is implicitly static. You must either explicitly declare it as static or automatic
# or remove the initialization in the declaration of variable.
# -- Compiling package _04coverage_cross_sv_unit
# -- Compiling module coverages_04
# ** Warning: 04coverage_cross.sv(35): (vlog-2244) Variable 'po' is implicitly static. You must either explicitly declare it as static or automatic
# or remove the initialization in the declaration of variable.
# ** Warning: 04coverage_cross.sv(39): (vlog-2240) Treating stand-alone use of function 'randomize' as an implicit VOID cast.
# 
# Top level modules:
# 	coverages_04
# End time: 16:26:31 on Mar 10,2023, Elapsed time: 0:00:00
# Errors: 0, Warnings: 3
# End time: 16:26:33 on Mar 10,2023, Elapsed time: 0:00:27
# Errors: 0, Warnings: 6
# vsim work.coverages_04 -l 04coverage_cross.log 
# Start time: 16:26:33 on Mar 10,2023
# ** Note: (vsim-3813) Design is being optimized due to module recompilation...
# ** Warning: 04coverage_cross.sv(35): (vopt-2244) Variable 'po' is implicitly static. You must either explicitly declare it as static or automatic
# or remove the initialization in the declaration of variable.
# ** Warning: 04coverage_cross.sv(39): (vopt-2240) Treating stand-alone use of function 'randomize' as an implicit VOID cast.
# Loading sv_std.std
# Loading work._04coverage_cross_sv_unit(fast)
# Loading work.coverages_04(fast)
# time[0],dd[20],ee[20],ff[30]
# time[0],dd[22],ee[27],ff[5]
# time[0],dd[20],ee[22],ff[20]
# time[0],dd[20],ee[16],ff[23]
# time[0],dd[22],ee[11],ff[15]
# time[0],dd[22],ee[30],ff[22]
# time[0],dd[20],ee[8],ff[5]
# time[0],dd[22],ee[15],ff[2]
# time[0],dd[22],ee[14],ff[4]
# time[0],dd[20],ee[15],ff[3]
# time[0],dd[22],ee[0],ff[6]
# time[0],dd[22],ee[0],ff[25]
# time[0],dd[22],ee[7],ff[15]
# time[0],dd[20],ee[10],ff[1]
# time[0],dd[22],ee[5],ff[18]
# time[0],dd[22],ee[25],ff[27]
# ** Note: $stop    : 04coverage_cross.sv(43)
#    Time: 0 ns  Iteration: 0  Instance: /coverages_04
# Break in Module coverages_04 at 04coverage_cross.sv line 43
do 04_coerage_cross.do
# ** Warning: (vlib-34) Library already exists at "work".
# ** Warning: (vdel-134) Unable to remove locked optimized design "_opt1".  Locker is nitin@LAPTOP-JPCFC0PU.
# ** Warning: (vlib-34) Library already exists at "work".
# COMPILING SV FILE
# QuestaSim-64 vlog 10.7c Compiler 2018.08 Aug 18 2018
# Start time: 16:29:04 on Mar 10,2023
# vlog -reportprogress 300 "+acc" "+cover" -coveropt 3 -sv 04coverage_cross.sv 
# ** Warning: 04coverage_cross.sv(40): (vlog-2244) Variable 'po' is implicitly static. You must either explicitly declare it as static or automatic
# or remove the initialization in the declaration of variable.
# -- Compiling package _04coverage_cross_sv_unit
# -- Compiling module coverages_04
# ** Warning: 04coverage_cross.sv(40): (vlog-2244) Variable 'po' is implicitly static. You must either explicitly declare it as static or automatic
# or remove the initialization in the declaration of variable.
# ** Warning: 04coverage_cross.sv(44): (vlog-2240) Treating stand-alone use of function 'randomize' as an implicit VOID cast.
# 
# Top level modules:
# 	coverages_04
# End time: 16:29:04 on Mar 10,2023, Elapsed time: 0:00:00
# Errors: 0, Warnings: 3
# End time: 16:29:06 on Mar 10,2023, Elapsed time: 0:02:33
# Errors: 0, Warnings: 6
# vsim work.coverages_04 -l 04coverage_cross.log 
# Start time: 16:29:06 on Mar 10,2023
# ** Note: (vsim-3813) Design is being optimized due to module recompilation...
# ** Warning: 04coverage_cross.sv(40): (vopt-2244) Variable 'po' is implicitly static. You must either explicitly declare it as static or automatic
# or remove the initialization in the declaration of variable.
# ** Warning: 04coverage_cross.sv(44): (vopt-2240) Treating stand-alone use of function 'randomize' as an implicit VOID cast.
# Loading sv_std.std
# Loading work._04coverage_cross_sv_unit(fast)
# Loading work.coverages_04(fast)
# time[0],dd[20],ee[20],ff[30]
# time[0],dd[22],ee[27],ff[5]
# time[0],dd[20],ee[22],ff[20]
# time[0],dd[20],ee[16],ff[23]
# time[0],dd[22],ee[11],ff[15]
# time[0],dd[22],ee[30],ff[22]
# time[0],dd[20],ee[8],ff[5]
# time[0],dd[22],ee[15],ff[2]
# time[0],dd[22],ee[14],ff[4]
# time[0],dd[20],ee[15],ff[3]
# time[0],dd[22],ee[0],ff[6]
# time[0],dd[22],ee[0],ff[25]
# time[0],dd[22],ee[7],ff[15]
# time[0],dd[20],ee[10],ff[1]
# time[0],dd[22],ee[5],ff[18]
# time[0],dd[22],ee[25],ff[27]
# ** Note: $stop    : 04coverage_cross.sv(48)
#    Time: 0 ns  Iteration: 0  Instance: /coverages_04
# Break in Module coverages_04 at 04coverage_cross.sv line 48
do 04_coerage_cross.do
# ** Warning: (vlib-34) Library already exists at "work".
# ** Warning: (vdel-134) Unable to remove locked optimized design "_opt1".  Locker is nitin@LAPTOP-JPCFC0PU.
# ** Warning: (vlib-34) Library already exists at "work".
# COMPILING SV FILE
# QuestaSim-64 vlog 10.7c Compiler 2018.08 Aug 18 2018
# Start time: 16:32:14 on Mar 10,2023
# vlog -reportprogress 300 "+acc" "+cover" -coveropt 3 -sv 04coverage_cross.sv 
# ** Warning: 04coverage_cross.sv(49): (vlog-2244) Variable 'po' is implicitly static. You must either explicitly declare it as static or automatic
# or remove the initialization in the declaration of variable.
# -- Compiling package _04coverage_cross_sv_unit
# -- Compiling module coverages_04
# ** Warning: 04coverage_cross.sv(49): (vlog-2244) Variable 'po' is implicitly static. You must either explicitly declare it as static or automatic
# or remove the initialization in the declaration of variable.
# ** Warning: 04coverage_cross.sv(53): (vlog-2240) Treating stand-alone use of function 'randomize' as an implicit VOID cast.
# 
# Top level modules:
# 	coverages_04
# End time: 16:32:14 on Mar 10,2023, Elapsed time: 0:00:00
# Errors: 0, Warnings: 3
# End time: 16:32:16 on Mar 10,2023, Elapsed time: 0:03:10
# Errors: 0, Warnings: 6
# vsim work.coverages_04 -l 04coverage_cross.log 
# Start time: 16:32:16 on Mar 10,2023
# ** Note: (vsim-3813) Design is being optimized due to module recompilation...
# ** Warning: 04coverage_cross.sv(49): (vopt-2244) Variable 'po' is implicitly static. You must either explicitly declare it as static or automatic
# or remove the initialization in the declaration of variable.
# ** Warning: 04coverage_cross.sv(53): (vopt-2240) Treating stand-alone use of function 'randomize' as an implicit VOID cast.
# Loading sv_std.std
# Loading work._04coverage_cross_sv_unit(fast)
# Loading work.coverages_04(fast)
# time[0],dd[20],ee[20],ff[30]
# time[0],dd[22],ee[27],ff[5]
# time[0],dd[20],ee[22],ff[20]
# time[0],dd[20],ee[16],ff[23]
# time[0],dd[22],ee[11],ff[15]
# time[0],dd[22],ee[30],ff[22]
# time[0],dd[20],ee[8],ff[5]
# time[0],dd[22],ee[15],ff[2]
# time[0],dd[22],ee[14],ff[4]
# time[0],dd[20],ee[15],ff[3]
# time[0],dd[22],ee[0],ff[6]
# time[0],dd[22],ee[0],ff[25]
# time[0],dd[22],ee[7],ff[15]
# time[0],dd[20],ee[10],ff[1]
# time[0],dd[22],ee[5],ff[18]
# time[0],dd[22],ee[25],ff[27]
# ** Note: $stop    : 04coverage_cross.sv(57)
#    Time: 0 ns  Iteration: 0  Instance: /coverages_04
# Break in Module coverages_04 at 04coverage_cross.sv line 57
do 05_coverage_implicit_explicit.do
# ** Warning: (vlib-34) Library already exists at "work".
# ** Warning: (vdel-134) Unable to remove locked optimized design "_opt1".  Locker is nitin@LAPTOP-JPCFC0PU.
# ** Warning: (vlib-34) Library already exists at "work".
# COMPILING SV FILE
# QuestaSim-64 vlog 10.7c Compiler 2018.08 Aug 18 2018
# Start time: 16:38:59 on Mar 10,2023
# vlog -reportprogress 300 "+acc" "+cover" -coveropt 3 -sv 05_coverage_implicit_explicit.sv 
# ** Error: 05_coverage_implicit_explicit.sv(29):  Failed to find the name 'post_const' in scope 'packet' at 05_coverage_implicit_explicit.sv(1).
# ** Error: 05_coverage_implicit_explicit.sv(29): (vlog-2948) No prototype specified for constraint block 'post_const'.
# ** Error: 05_coverage_implicit_explicit.sv(29): (vlog-2730) Undefined variable: 'Data_in'.
# ** Error: 05_coverage_implicit_explicit.sv(29): (vlog-2730) Undefined variable: 'p_data_in'.
# ** Error: 05_coverage_implicit_explicit.sv(61): (vlog-2140) The coverpoint or cross identifier 'c4' has already been declared.
# ** Error: (vlog-13024) 05_coverage_implicit_explicit.sv(61): near ";": syntax error, unexpected 'bins' declaration.
# ** Warning: 05_coverage_implicit_explicit.sv(71): (vlog-2244) Variable 'c' is implicitly static. You must either explicitly declare it as static or automatic
# or remove the initialization in the declaration of variable.
# ** Error: 05_coverage_implicit_explicit.sv(72): Illegal declaration after the statement near line '70'.  Declarations must precede statements.  Look for stray semicolons.
# ** Error: (vlog-13069) 05_coverage_implicit_explicit.sv(76): near "end": syntax error, unexpected end.
# ** Warning: (vlog-2051) coverage is still off at the end of file '05_coverage_implicit_explicit.sv'.
# End time: 16:38:59 on Mar 10,2023, Elapsed time: 0:00:00
# Errors: 8, Warnings: 2
# ** Error: C:/questasim64_10.7c/win64/vlog failed.
# Error in macro ./05_coverage_implicit_explicit.do line 6
# C:/questasim64_10.7c/win64/vlog failed.
#     while executing
# "vlog +acc +cover -coveropt 3 -sv 05_coverage_implicit_explicit.sv"
do 05_coverage_implicit_explicit.do
# ** Warning: (vlib-34) Library already exists at "work".
# ** Warning: (vdel-134) Unable to remove locked optimized design "_opt1".  Locker is nitin@LAPTOP-JPCFC0PU.
# ** Warning: (vlib-34) Library already exists at "work".
# COMPILING SV FILE
# QuestaSim-64 vlog 10.7c Compiler 2018.08 Aug 18 2018
# Start time: 16:39:46 on Mar 10,2023
# vlog -reportprogress 300 "+acc" "+cover" -coveropt 3 -sv 05_coverage_implicit_explicit.sv 
# ** Error: 05_coverage_implicit_explicit.sv(29):  Failed to find the name 'post_const' in scope 'packet' at 05_coverage_implicit_explicit.sv(1).
# ** Error: 05_coverage_implicit_explicit.sv(29): (vlog-2948) No prototype specified for constraint block 'post_const'.
# ** Error: 05_coverage_implicit_explicit.sv(29): (vlog-2730) Undefined variable: 'Data_in'.
# ** Error: 05_coverage_implicit_explicit.sv(29): (vlog-2730) Undefined variable: 'p_data_in'.
# ** Warning: 05_coverage_implicit_explicit.sv(71): (vlog-2244) Variable 'c' is implicitly static. You must either explicitly declare it as static or automatic
# or remove the initialization in the declaration of variable.
# ** Error: 05_coverage_implicit_explicit.sv(72): Illegal declaration after the statement near line '70'.  Declarations must precede statements.  Look for stray semicolons.
# ** Error: (vlog-13069) 05_coverage_implicit_explicit.sv(76): near "end": syntax error, unexpected end.
# End time: 16:39:46 on Mar 10,2023, Elapsed time: 0:00:00
# Errors: 6, Warnings: 1
# ** Error: C:/questasim64_10.7c/win64/vlog failed.
# Error in macro ./05_coverage_implicit_explicit.do line 6
# C:/questasim64_10.7c/win64/vlog failed.
#     while executing
# "vlog +acc +cover -coveropt 3 -sv 05_coverage_implicit_explicit.sv"
do 05_coverage_implicit_explicit.do
# ** Warning: (vlib-34) Library already exists at "work".
# ** Warning: (vdel-134) Unable to remove locked optimized design "_opt1".  Locker is nitin@LAPTOP-JPCFC0PU.
# ** Warning: (vlib-34) Library already exists at "work".
# COMPILING SV FILE
# QuestaSim-64 vlog 10.7c Compiler 2018.08 Aug 18 2018
# Start time: 16:39:57 on Mar 10,2023
# vlog -reportprogress 300 "+acc" "+cover" -coveropt 3 -sv 05_coverage_implicit_explicit.sv 
# ** Warning: 05_coverage_implicit_explicit.sv(71): (vlog-2244) Variable 'c' is implicitly static. You must either explicitly declare it as static or automatic
# or remove the initialization in the declaration of variable.
# ** Error: 05_coverage_implicit_explicit.sv(72): Illegal declaration after the statement near line '70'.  Declarations must precede statements.  Look for stray semicolons.
# ** Error: (vlog-13069) 05_coverage_implicit_explicit.sv(76): near "end": syntax error, unexpected end.
# End time: 16:39:57 on Mar 10,2023, Elapsed time: 0:00:00
# Errors: 2, Warnings: 1
# ** Error: C:/questasim64_10.7c/win64/vlog failed.
# Error in macro ./05_coverage_implicit_explicit.do line 6
# C:/questasim64_10.7c/win64/vlog failed.
#     while executing
# "vlog +acc +cover -coveropt 3 -sv 05_coverage_implicit_explicit.sv"
do 04_coerage_cross.do
# ** Warning: (vlib-34) Library already exists at "work".
# ** Warning: (vdel-134) Unable to remove locked optimized design "_opt1".  Locker is nitin@LAPTOP-JPCFC0PU.
# ** Warning: (vlib-34) Library already exists at "work".
# COMPILING SV FILE
# QuestaSim-64 vlog 10.7c Compiler 2018.08 Aug 18 2018
# Start time: 16:40:58 on Mar 10,2023
# vlog -reportprogress 300 "+acc" "+cover" -coveropt 3 -sv 04coverage_cross.sv 
# ** Warning: 04coverage_cross.sv(49): (vlog-2244) Variable 'po' is implicitly static. You must either explicitly declare it as static or automatic
# or remove the initialization in the declaration of variable.
# -- Compiling package _04coverage_cross_sv_unit
# -- Compiling module coverages_04
# ** Warning: 04coverage_cross.sv(49): (vlog-2244) Variable 'po' is implicitly static. You must either explicitly declare it as static or automatic
# or remove the initialization in the declaration of variable.
# ** Warning: 04coverage_cross.sv(53): (vlog-2240) Treating stand-alone use of function 'randomize' as an implicit VOID cast.
# 
# Top level modules:
# 	coverages_04
# End time: 16:40:58 on Mar 10,2023, Elapsed time: 0:00:00
# Errors: 0, Warnings: 3
# End time: 16:40:59 on Mar 10,2023, Elapsed time: 0:08:43
# Errors: 25, Warnings: 13
# vsim work.coverages_04 -l 04coverage_cross.log 
# Start time: 16:40:59 on Mar 10,2023
# ** Note: (vsim-3813) Design is being optimized due to module recompilation...
# ** Warning: 04coverage_cross.sv(49): (vopt-2244) Variable 'po' is implicitly static. You must either explicitly declare it as static or automatic
# or remove the initialization in the declaration of variable.
# ** Warning: 04coverage_cross.sv(53): (vopt-2240) Treating stand-alone use of function 'randomize' as an implicit VOID cast.
# Loading sv_std.std
# Loading work._04coverage_cross_sv_unit(fast)
# Loading work.coverages_04(fast)
# time[0],dd[20],ee[20],ff[30],gg=[31]
# time[0],dd[22],ee[27],ff[5],gg=[24]
# time[0],dd[20],ee[22],ff[20],gg=[5]
# time[0],dd[20],ee[16],ff[23],gg=[21]
# time[0],dd[22],ee[11],ff[15],gg=[30]
# time[0],dd[22],ee[30],ff[22],gg=[28]
# time[0],dd[20],ee[8],ff[5],gg=[6]
# time[0],dd[22],ee[15],ff[2],gg=[19]
# time[0],dd[22],ee[14],ff[4],gg=[20]
# time[0],dd[20],ee[15],ff[3],gg=[5]
# time[0],dd[22],ee[0],ff[6],gg=[9]
# time[0],dd[22],ee[0],ff[25],gg=[8]
# time[0],dd[22],ee[7],ff[15],gg=[27]
# time[0],dd[20],ee[10],ff[1],gg=[13]
# time[0],dd[22],ee[5],ff[18],gg=[23]
# time[0],dd[22],ee[25],ff[27],gg=[16]
# ** Note: $stop    : 04coverage_cross.sv(57)
#    Time: 0 ns  Iteration: 0  Instance: /coverages_04
# Break in Module coverages_04 at 04coverage_cross.sv line 57
do 05_coverage_implicit_explicit.do
# ** Warning: (vlib-34) Library already exists at "work".
# ** Warning: (vdel-134) Unable to remove locked optimized design "_opt1".  Locker is nitin@LAPTOP-JPCFC0PU.
# ** Warning: (vlib-34) Library already exists at "work".
# COMPILING SV FILE
# QuestaSim-64 vlog 10.7c Compiler 2018.08 Aug 18 2018
# Start time: 16:41:04 on Mar 10,2023
# vlog -reportprogress 300 "+acc" "+cover" -coveropt 3 -sv 05_coverage_implicit_explicit.sv 
# ** Warning: 05_coverage_implicit_explicit.sv(72): (vlog-2244) Variable 'c' is implicitly static. You must either explicitly declare it as static or automatic
# or remove the initialization in the declaration of variable.
# ** Error: 05_coverage_implicit_explicit.sv(73): Illegal declaration after the statement near line '71'.  Declarations must precede statements.  Look for stray semicolons.
# ** Error: (vlog-13069) 05_coverage_implicit_explicit.sv(77): near "end": syntax error, unexpected end.
# End time: 16:41:04 on Mar 10,2023, Elapsed time: 0:00:00
# Errors: 2, Warnings: 1
# ** Error: C:/questasim64_10.7c/win64/vlog failed.
# Error in macro ./05_coverage_implicit_explicit.do line 6
# C:/questasim64_10.7c/win64/vlog failed.
#     while executing
# "vlog +acc +cover -coveropt 3 -sv 05_coverage_implicit_explicit.sv"
do 05_coverage_implicit_explicit.do
# ** Warning: (vlib-34) Library already exists at "work".
# ** Warning: (vdel-134) Unable to remove locked optimized design "_opt1".  Locker is nitin@LAPTOP-JPCFC0PU.
# ** Warning: (vlib-34) Library already exists at "work".
# COMPILING SV FILE
# QuestaSim-64 vlog 10.7c Compiler 2018.08 Aug 18 2018
# Start time: 16:41:57 on Mar 10,2023
# vlog -reportprogress 300 "+acc" "+cover" -coveropt 3 -sv 05_coverage_implicit_explicit.sv 
# ** Error: 05_coverage_implicit_explicit.sv(61): (vlog-2140) The coverpoint or cross identifier 'c4' has already been declared.
# ** Error: (vlog-13024) 05_coverage_implicit_explicit.sv(61): near ";": syntax error, unexpected 'bins' declaration.
# ** Warning: 05_coverage_implicit_explicit.sv(72): (vlog-2244) Variable 'c' is implicitly static. You must either explicitly declare it as static or automatic
# or remove the initialization in the declaration of variable.
# ** Error: 05_coverage_implicit_explicit.sv(73): Illegal declaration after the statement near line '71'.  Declarations must precede statements.  Look for stray semicolons.
# ** Error: (vlog-13069) 05_coverage_implicit_explicit.sv(77): near "end": syntax error, unexpected end.
# ** Warning: (vlog-2051) coverage is still off at the end of file '05_coverage_implicit_explicit.sv'.
# End time: 16:41:57 on Mar 10,2023, Elapsed time: 0:00:00
# Errors: 4, Warnings: 2
# ** Error: C:/questasim64_10.7c/win64/vlog failed.
# Error in macro ./05_coverage_implicit_explicit.do line 6
# C:/questasim64_10.7c/win64/vlog failed.
#     while executing
# "vlog +acc +cover -coveropt 3 -sv 05_coverage_implicit_explicit.sv"
do 05_coverage_implicit_explicit.do
# ** Warning: (vlib-34) Library already exists at "work".
# ** Warning: (vdel-134) Unable to remove locked optimized design "_opt1".  Locker is nitin@LAPTOP-JPCFC0PU.
# ** Warning: (vlib-34) Library already exists at "work".
# COMPILING SV FILE
# QuestaSim-64 vlog 10.7c Compiler 2018.08 Aug 18 2018
# Start time: 16:42:09 on Mar 10,2023
# vlog -reportprogress 300 "+acc" "+cover" -coveropt 3 -sv 05_coverage_implicit_explicit.sv 
# ** Error: (vlog-13069) 05_coverage_implicit_explicit.sv(68): near "always": syntax error, unexpected always, expecting "SystemVerilog keyword 'coverpoint'".
# ** Warning: 05_coverage_implicit_explicit.sv(72): (vlog-2244) Variable 'c' is implicitly static. You must either explicitly declare it as static or automatic
# or remove the initialization in the declaration of variable.
# ** Error: 05_coverage_implicit_explicit.sv(73): Illegal declaration after the statement near line '71'.  Declarations must precede statements.  Look for stray semicolons.
# ** Error: (vlog-13069) 05_coverage_implicit_explicit.sv(77): near "end": syntax error, unexpected end.
# ** Warning: (vlog-2051) coverage is still off at the end of file '05_coverage_implicit_explicit.sv'.
# End time: 16:42:09 on Mar 10,2023, Elapsed time: 0:00:00
# Errors: 3, Warnings: 2
# ** Error: C:/questasim64_10.7c/win64/vlog failed.
# Error in macro ./05_coverage_implicit_explicit.do line 6
# C:/questasim64_10.7c/win64/vlog failed.
#     while executing
# "vlog +acc +cover -coveropt 3 -sv 05_coverage_implicit_explicit.sv"
.main clear
do 05_coverage_implicit_explicit.do
# ** Warning: (vlib-34) Library already exists at "work".
# ** Warning: (vdel-134) Unable to remove locked optimized design "_opt1".  Locker is nitin@LAPTOP-JPCFC0PU.
# ** Warning: (vlib-34) Library already exists at "work".
# COMPILING SV FILE
# QuestaSim-64 vlog 10.7c Compiler 2018.08 Aug 18 2018
# Start time: 16:52:14 on Mar 10,2023
# vlog -reportprogress 300 "+acc" "+cover" -coveropt 3 -sv 05_coverage_implicit_explicit.sv 
# End time: 16:52:14 on Mar 10,2023, Elapsed time: 0:00:00
# Errors: 0, Warnings: 0
