# vsim work.nitin -l run.log 
# Start time: 16:36:15 on Feb 27,2023
# ** Note: (vsim-3813) Design is being optimized due to module recompilation...
# Loading sv_std.std
# Loading work._03module_sv_unit(fast)
# Loading work.nitin(fast)
# values of queue are [10 20 30 40]
# values of queue are [40 50 60 70]
04module.do
# couldn't execute ".\04module.do": no such file or directory
do 04module.do
# ** Warning: (vlib-34) Library already exists at "work".
# QuestaSim-64 vlog 10.7c Compiler 2018.08 Aug 18 2018
# Start time: 16:41:55 on Feb 27,2023
# vlog -reportprogress 300 04module.sv 
# -- Compiling package _04module_sv_unit
# -- Compiling module nitin
# 
# Top level modules:
# 	nitin
# End time: 16:41:55 on Feb 27,2023, Elapsed time: 0:00:00
# Errors: 0, Warnings: 0
# End time: 16:41:56 on Feb 27,2023, Elapsed time: 0:05:41
# Errors: 1, Warnings: 0
# vsim work.nitin -l run.log 
# Start time: 16:41:56 on Feb 27,2023
# ** Note: (vsim-3813) Design is being optimized due to module recompilation...
# Loading sv_std.std
# Loading work._04module_sv_unit(fast)
# Loading work.nitin(fast)
# values of array = [0 0 0]
do 04module.do
# ** Warning: (vlib-34) Library already exists at "work".
# QuestaSim-64 vlog 10.7c Compiler 2018.08 Aug 18 2018
# Start time: 16:43:21 on Feb 27,2023
# vlog -reportprogress 300 04module.sv 
# ** Error: 04module.sv(12): (vlog-2730) Undefined variable: 'arr1'.
# End time: 16:43:21 on Feb 27,2023, Elapsed time: 0:00:00
# Errors: 1, Warnings: 0
# ** Error: C:/questasim64_10.7c/win64/vlog failed.
# Error in macro ./04module.do line 2
# C:/questasim64_10.7c/win64/vlog failed.
#     while executing
# "vlog 04module.sv"
do 04module.do
# ** Warning: (vlib-34) Library already exists at "work".
# QuestaSim-64 vlog 10.7c Compiler 2018.08 Aug 18 2018
# Start time: 16:43:33 on Feb 27,2023
# vlog -reportprogress 300 04module.sv 
# -- Compiling package _04module_sv_unit
# -- Compiling module nitin
# ** Error (suppressible): (vlog-13276) 04module.sv(24): Could not find field/method name (arr) in 'wee1' of 'wee1.arr'.
# End time: 16:43:33 on Feb 27,2023, Elapsed time: 0:00:00
# Errors: 1, Warnings: 0
# ** Error: C:/questasim64_10.7c/win64/vlog failed.
# Error in macro ./04module.do line 2
# C:/questasim64_10.7c/win64/vlog failed.
#     while executing
# "vlog 04module.sv"
do 04module.do
# ** Warning: (vlib-34) Library already exists at "work".
# QuestaSim-64 vlog 10.7c Compiler 2018.08 Aug 18 2018
# Start time: 16:44:25 on Feb 27,2023
# vlog -reportprogress 300 04module.sv 
# ** Error: (vlog-13069) 04module.sv(13): near "(": syntax error, unexpected '('.
# End time: 16:44:25 on Feb 27,2023, Elapsed time: 0:00:00
# Errors: 1, Warnings: 0
# ** Error: C:/questasim64_10.7c/win64/vlog failed.
# Error in macro ./04module.do line 2
# C:/questasim64_10.7c/win64/vlog failed.
#     while executing
# "vlog 04module.sv"
do 04module.do
# ** Warning: (vlib-34) Library already exists at "work".
# QuestaSim-64 vlog 10.7c Compiler 2018.08 Aug 18 2018
# Start time: 16:44:40 on Feb 27,2023
# vlog -reportprogress 300 04module.sv 
# ** Error: 04module.sv(13): (vlog-2730) Undefined variable: 'arr'.
# End time: 16:44:40 on Feb 27,2023, Elapsed time: 0:00:00
# Errors: 1, Warnings: 0
# ** Error: C:/questasim64_10.7c/win64/vlog failed.
# Error in macro ./04module.do line 2
# C:/questasim64_10.7c/win64/vlog failed.
#     while executing
# "vlog 04module.sv"
do 04module.do
# ** Warning: (vlib-34) Library already exists at "work".
# QuestaSim-64 vlog 10.7c Compiler 2018.08 Aug 18 2018
# Start time: 16:45:09 on Feb 27,2023
# vlog -reportprogress 300 04module.sv 
# ** Error: (vlog-13069) 04module.sv(13): near ".": syntax error, unexpected '.', expecting '\''.
# End time: 16:45:09 on Feb 27,2023, Elapsed time: 0:00:00
# Errors: 1, Warnings: 0
# ** Error: C:/questasim64_10.7c/win64/vlog failed.
# Error in macro ./04module.do line 2
# C:/questasim64_10.7c/win64/vlog failed.
#     while executing
# "vlog 04module.sv"
do 04module.do
# ** Warning: (vlib-34) Library already exists at "work".
# QuestaSim-64 vlog 10.7c Compiler 2018.08 Aug 18 2018
# Start time: 16:45:16 on Feb 27,2023
# vlog -reportprogress 300 04module.sv 
# ** Error: (vlog-13069) 04module.sv(13): near ".": syntax error, unexpected '.', expecting '\''.
# End time: 16:45:16 on Feb 27,2023, Elapsed time: 0:00:00
# Errors: 1, Warnings: 0
# ** Error: C:/questasim64_10.7c/win64/vlog failed.
# Error in macro ./04module.do line 2
# C:/questasim64_10.7c/win64/vlog failed.
#     while executing
# "vlog 04module.sv"
do 04module.do
# ** Warning: (vlib-34) Library already exists at "work".
# QuestaSim-64 vlog 10.7c Compiler 2018.08 Aug 18 2018
# Start time: 16:45:24 on Feb 27,2023
# vlog -reportprogress 300 04module.sv 
# ** Error: (vlog-13005) 04module.sv(13.39): near ")": syntax error, unexpected type name found where an identifier was expected. The type 'transaction_05_01' is defined at 04module.sv(1).
# End time: 16:45:24 on Feb 27,2023, Elapsed time: 0:00:00
# Errors: 1, Warnings: 0
# ** Error: C:/questasim64_10.7c/win64/vlog failed.
# Error in macro ./04module.do line 2
# C:/questasim64_10.7c/win64/vlog failed.
#     while executing
# "vlog 04module.sv"
do 04module.do
# ** Warning: (vlib-34) Library already exists at "work".
# QuestaSim-64 vlog 10.7c Compiler 2018.08 Aug 18 2018
# Start time: 16:45:42 on Feb 27,2023
# vlog -reportprogress 300 04module.sv 
# -- Compiling package _04module_sv_unit
# -- Compiling module nitin
# ** Error (suppressible): (vlog-13276) 04module.sv(24): Could not find field/method name (arr) in 'wee1' of 'wee1.arr'.
# End time: 16:45:42 on Feb 27,2023, Elapsed time: 0:00:00
# Errors: 1, Warnings: 0
# ** Error: C:/questasim64_10.7c/win64/vlog failed.
# Error in macro ./04module.do line 2
# C:/questasim64_10.7c/win64/vlog failed.
#     while executing
# "vlog 04module.sv"
do 04module.do
# ** Warning: (vlib-34) Library already exists at "work".
# QuestaSim-64 vlog 10.7c Compiler 2018.08 Aug 18 2018
# Start time: 16:45:59 on Feb 27,2023
# vlog -reportprogress 300 04module.sv 
# -- Compiling package _04module_sv_unit
# -- Compiling module nitin
# 
# Top level modules:
# 	nitin
# End time: 16:45:59 on Feb 27,2023, Elapsed time: 0:00:00
# Errors: 0, Warnings: 0
# End time: 16:46:00 on Feb 27,2023, Elapsed time: 0:04:04
# Errors: 30, Warnings: 0
# vsim work.nitin -l run.log 
# Start time: 16:46:00 on Feb 27,2023
# ** Note: (vsim-3813) Design is being optimized due to module recompilation...
# ** Error (suppressible): 04module.sv(14): (vopt-7063) Failed to find 'arr' in hierarchical name '$root.arr'.
#         Region: _04module_sv_unit
# Optimization failed
# Error loading design
# Error: Error loading design
#        Pausing macro execution
# MACRO ./04module.do PAUSED at line 3
04module.do
# couldn't execute ".\04module.do": no such file or directory
do 04module.do
# ** Warning: (vlib-34) Library already exists at "work".
# QuestaSim-64 vlog 10.7c Compiler 2018.08 Aug 18 2018
# Start time: 16:46:20 on Feb 27,2023
# vlog -reportprogress 300 04module.sv 
# -- Compiling package _04module_sv_unit
# -- Compiling module nitin
# 
# Top level modules:
# 	nitin
# End time: 16:46:20 on Feb 27,2023, Elapsed time: 0:00:00
# Errors: 0, Warnings: 0
# vsim work.nitin -l run.log 
# Start time: 16:46:00 on Feb 27,2023
# ** Note: (vsim-3812) Design is being optimized...
# Loading sv_std.std
# Loading work._04module_sv_unit(fast)
# Loading work.nitin(fast)
# values of array = [0 0 0]
# values of array = [7 5 4]
do 04module.do
# ** Warning: (vlib-34) Library already exists at "work".
# QuestaSim-64 vlog 10.7c Compiler 2018.08 Aug 18 2018
# Start time: 16:47:03 on Feb 27,2023
# vlog -reportprogress 300 04module.sv 
# -- Compiling package _04module_sv_unit
# -- Compiling module nitin
# 
# Top level modules:
# 	nitin
# End time: 16:47:03 on Feb 27,2023, Elapsed time: 0:00:00
# Errors: 0, Warnings: 0
# End time: 16:47:03 on Feb 27,2023, Elapsed time: 0:01:03
# Errors: 1, Warnings: 0
# vsim work.nitin -l run.log 
# Start time: 16:47:03 on Feb 27,2023
# ** Note: (vsim-3813) Design is being optimized due to module recompilation...
# Loading sv_std.std
# Loading work._04module_sv_unit(fast)
# Loading work.nitin(fast)
# values of array = [0 0 0]
# values of array = [7 5 4]
do 04module.do
# ** Warning: (vlib-34) Library already exists at "work".
# QuestaSim-64 vlog 10.7c Compiler 2018.08 Aug 18 2018
# Start time: 16:48:30 on Feb 27,2023
# vlog -reportprogress 300 04module.sv 
# -- Compiling package _04module_sv_unit
# ** Error (suppressible): 04module.sv(13): (vlog-7034) Array assignment or comparison to type 'shortint $[]' from type 'int $[]':  Element widths (16, 32) don't match
# -- Compiling module nitin
# ** Error (suppressible): 04module.sv(13): (vlog-7034) Array assignment or comparison to type 'shortint $[]' from type 'int $[]':  Element widths (16, 32) don't match
# End time: 16:48:30 on Feb 27,2023, Elapsed time: 0:00:00
# Errors: 2, Warnings: 0
# ** Error: C:/questasim64_10.7c/win64/vlog failed.
# Error in macro ./04module.do line 2
# C:/questasim64_10.7c/win64/vlog failed.
#     while executing
# "vlog 04module.sv"
do 04module.do
# ** Warning: (vlib-34) Library already exists at "work".
# QuestaSim-64 vlog 10.7c Compiler 2018.08 Aug 18 2018
# Start time: 16:50:04 on Feb 27,2023
# vlog -reportprogress 300 04module.sv 
# ** Error: 04module.sv(4): (vlog-2730) Undefined variable: 'arr2'.
# End time: 16:50:04 on Feb 27,2023, Elapsed time: 0:00:00
# Errors: 1, Warnings: 0
# ** Error: C:/questasim64_10.7c/win64/vlog failed.
# Error in macro ./04module.do line 2
# C:/questasim64_10.7c/win64/vlog failed.
#     while executing
# "vlog 04module.sv"
do 04module.do
# ** Warning: (vlib-34) Library already exists at "work".
# QuestaSim-64 vlog 10.7c Compiler 2018.08 Aug 18 2018
# Start time: 16:50:29 on Feb 27,2023
# vlog -reportprogress 300 04module.sv 
# -- Compiling package _04module_sv_unit
# -- Compiling module nitin
# 
# Top level modules:
# 	nitin
# End time: 16:50:29 on Feb 27,2023, Elapsed time: 0:00:00
# Errors: 0, Warnings: 0
# End time: 16:50:30 on Feb 27,2023, Elapsed time: 0:03:27
# Errors: 7, Warnings: 0
# vsim work.nitin -l run.log 
# Start time: 16:50:30 on Feb 27,2023
# ** Note: (vsim-3813) Design is being optimized due to module recompilation...
# Loading sv_std.std
# Loading work._04module_sv_unit(fast)
# Loading work.nitin(fast)
# values of array = [0 0 0]
# values of array2 = [7 5 4]
05module.do
# couldn't execute ".\05module.do": no such file or directory
do 05module.do
# ** Warning: (vlib-34) Library already exists at "work".
# QuestaSim-64 vlog 10.7c Compiler 2018.08 Aug 18 2018
# Start time: 16:56:29 on Feb 27,2023
# vlog -reportprogress 300 05module.sv 
# -- Compiling module nitin
# ** Error: (vlog-13069) 05module.sv(3): near "=": syntax error, unexpected '=', expecting ';'.
# ** Error: (vlog-13069) 05module.sv(4): near "=": syntax error, unexpected '=', expecting IDENTIFIER or TYPE_IDENTIFIER or NETTYPE_IDENTIFIER.
# ** Error: (vlog-13069) 05module.sv(5): near "=": syntax error, unexpected '=', expecting IDENTIFIER or TYPE_IDENTIFIER or NETTYPE_IDENTIFIER.
# ** Error: (vlog-13069) 05module.sv(6): near ";": syntax error, unexpected ';', expecting IDENTIFIER or TYPE_IDENTIFIER or NETTYPE_IDENTIFIER.
# ** Error: (vlog-13069) 05module.sv(7): near ".": syntax error, unexpected '.', expecting IDENTIFIER or TYPE_IDENTIFIER or NETTYPE_IDENTIFIER.
# ** Error: (vlog-13069) 05module.sv(8): near ";": syntax error, unexpected ';', expecting IDENTIFIER or TYPE_IDENTIFIER or NETTYPE_IDENTIFIER.
# End time: 16:56:29 on Feb 27,2023, Elapsed time: 0:00:00
# Errors: 6, Warnings: 0
# ** Error: C:/questasim64_10.7c/win64/vlog failed.
# Error in macro ./05module.do line 2
# C:/questasim64_10.7c/win64/vlog failed.
#     while executing
# "vlog 05module.sv"
do 05module.do
# ** Warning: (vlib-34) Library already exists at "work".
# QuestaSim-64 vlog 10.7c Compiler 2018.08 Aug 18 2018
# Start time: 16:57:06 on Feb 27,2023
# vlog -reportprogress 300 05module.sv 
# -- Compiling module nitin
# ** Error: (vlog-13069) 05module.sv(3): near "=": syntax error, unexpected '=', expecting ';'.
# End time: 16:57:06 on Feb 27,2023, Elapsed time: 0:00:00
# Errors: 1, Warnings: 0
# ** Error: C:/questasim64_10.7c/win64/vlog failed.
# Error in macro ./05module.do line 2
# C:/questasim64_10.7c/win64/vlog failed.
#     while executing
# "vlog 05module.sv"
do 05module.do
# ** Warning: (vlib-34) Library already exists at "work".
# QuestaSim-64 vlog 10.7c Compiler 2018.08 Aug 18 2018
# Start time: 16:57:46 on Feb 27,2023
# vlog -reportprogress 300 05module.sv 
# -- Compiling module nitin
# ** Error: (vlog-13069) 05module.sv(2): near "=": syntax error, unexpected '=', expecting ';'.
# End time: 16:57:47 on Feb 27,2023, Elapsed time: 0:00:01
# Errors: 1, Warnings: 0
# ** Error: C:/questasim64_10.7c/win64/vlog failed.
# Error in macro ./05module.do line 2
# C:/questasim64_10.7c/win64/vlog failed.
#     while executing
# "vlog 05module.sv"
do 05module.do
# ** Warning: (vlib-34) Library already exists at "work".
# QuestaSim-64 vlog 10.7c Compiler 2018.08 Aug 18 2018
# Start time: 17:02:11 on Feb 27,2023
# vlog -reportprogress 300 05module.sv 
# -- Compiling module nitin
# ** Error: 05module.sv(2): 'transaction_06' is an unknown type.
# Or did you omit the '()' for an instantiation?
# ** Error: 05module.sv(4): 'arraymanipulation' is not a variable
# ** Error: 05module.sv(4): Illegal LHS of assignment.
# ** Error: 05module.sv(4): 'new' must be used to assign to a class or covergroup handle.
# End time: 17:02:11 on Feb 27,2023, Elapsed time: 0:00:00
# Errors: 4, Warnings: 0
# ** Error: C:/questasim64_10.7c/win64/vlog failed.
# Error in macro ./05module.do line 2
# C:/questasim64_10.7c/win64/vlog failed.
#     while executing
# "vlog 05module.sv"
do 05module.do
# ** Warning: (vlib-34) Library already exists at "work".
# QuestaSim-64 vlog 10.7c Compiler 2018.08 Aug 18 2018
# Start time: 17:02:41 on Feb 27,2023
# vlog -reportprogress 300 05module.sv 
# -- Compiling module nitin
# ** Error: (vlog-13069) 05module.sv(2): near "=": syntax error, unexpected '=', expecting ';'.
# End time: 17:02:41 on Feb 27,2023, Elapsed time: 0:00:00
# Errors: 1, Warnings: 0
# ** Error: C:/questasim64_10.7c/win64/vlog failed.
# Error in macro ./05module.do line 2
# C:/questasim64_10.7c/win64/vlog failed.
#     while executing
# "vlog 05module.sv"
do 05module.do
# ** Warning: (vlib-34) Library already exists at "work".
# QuestaSim-64 vlog 10.7c Compiler 2018.08 Aug 18 2018
# Start time: 17:05:10 on Feb 27,2023
# vlog -reportprogress 300 05module.sv 
# -- Compiling package _05module_sv_unit
# -- Compiling module nitin
# 
# Top level modules:
# 	nitin
# End time: 17:05:10 on Feb 27,2023, Elapsed time: 0:00:00
# Errors: 0, Warnings: 0
# End time: 17:05:11 on Feb 27,2023, Elapsed time: 0:14:41
# Errors: 29, Warnings: 0
# vsim work.nitin -l run.log 
# Start time: 17:05:11 on Feb 27,2023
# ** Note: (vsim-3813) Design is being optimized due to module recompilation...
# Loading sv_std.std
# Loading work._05module_sv_unit(fast)
# Loading work.nitin(fast)
# values of array1 are = [4 3 5 7 6]
# values of array1 are = [6 7 5 3 4]
do 05module.do
# ** Warning: (vlib-34) Library already exists at "work".
# QuestaSim-64 vlog 10.7c Compiler 2018.08 Aug 18 2018
# Start time: 17:05:38 on Feb 27,2023
# vlog -reportprogress 300 05module.sv 
# -- Compiling module nitin
# ** Error: (vlog-13069) 05module.sv(2): near "=": syntax error, unexpected '=', expecting ';'.
# End time: 17:05:38 on Feb 27,2023, Elapsed time: 0:00:00
# Errors: 1, Warnings: 0
# ** Error: C:/questasim64_10.7c/win64/vlog failed.
# Error in macro ./05module.do line 2
# C:/questasim64_10.7c/win64/vlog failed.
#     while executing
# "vlog 05module.sv"
do 05module.do
# ** Warning: (vlib-34) Library already exists at "work".
# QuestaSim-64 vlog 10.7c Compiler 2018.08 Aug 18 2018
# Start time: 17:06:47 on Feb 27,2023
# vlog -reportprogress 300 05module.sv 
# -- Compiling package _05module_sv_unit
# -- Compiling module nitin
# 
# Top level modules:
# 	nitin
# End time: 17:06:47 on Feb 27,2023, Elapsed time: 0:00:00
# Errors: 0, Warnings: 0
# End time: 17:06:48 on Feb 27,2023, Elapsed time: 0:01:37
# Errors: 4, Warnings: 0
# vsim work.nitin -l run.log 
# Start time: 17:06:48 on Feb 27,2023
# ** Note: (vsim-3813) Design is being optimized due to module recompilation...
# Loading sv_std.std
# Loading work._05module_sv_unit(fast)
# Loading work.nitin(fast)
# values of array1 are = [4 3 5 7 6]
# values of array1 are = [6 7 5 3 4]
do 05module.do
# ** Warning: (vlib-34) Library already exists at "work".
# QuestaSim-64 vlog 10.7c Compiler 2018.08 Aug 18 2018
# Start time: 17:09:49 on Feb 27,2023
# vlog -reportprogress 300 05module.sv 
# -- Compiling module nitin
# ** Error: (vlog-13069) 05module.sv(2): near "=": syntax error, unexpected '=', expecting ';'.
# End time: 17:09:49 on Feb 27,2023, Elapsed time: 0:00:00
# Errors: 1, Warnings: 0
# ** Error: C:/questasim64_10.7c/win64/vlog failed.
# Error in macro ./05module.do line 2
# C:/questasim64_10.7c/win64/vlog failed.
#     while executing
# "vlog 05module.sv"
do 05module.do
# ** Warning: (vlib-34) Library already exists at "work".
# QuestaSim-64 vlog 10.7c Compiler 2018.08 Aug 18 2018
# Start time: 17:10:27 on Feb 27,2023
# vlog -reportprogress 300 05module.sv 
# -- Compiling module nitin
# ** Error: (vlog-13069) 05module.sv(3): near "initial": syntax error, unexpected initial, expecting ';'.
# ** Error: (vlog-13069) 05module.sv(5): near "=": syntax error, unexpected '=', expecting IDENTIFIER or TYPE_IDENTIFIER or NETTYPE_IDENTIFIER.
# ** Error: (vlog-13069) 05module.sv(6): near "=": syntax error, unexpected '=', expecting IDENTIFIER or TYPE_IDENTIFIER or NETTYPE_IDENTIFIER.
# ** Error: (vlog-13069) 05module.sv(7): near ";": syntax error, unexpected ';', expecting IDENTIFIER or TYPE_IDENTIFIER or NETTYPE_IDENTIFIER.
# ** Error: (vlog-13069) 05module.sv(8): near ".": syntax error, unexpected '.', expecting IDENTIFIER or TYPE_IDENTIFIER or NETTYPE_IDENTIFIER.
# ** Error: (vlog-13069) 05module.sv(9): near ";": syntax error, unexpected ';', expecting IDENTIFIER or TYPE_IDENTIFIER or NETTYPE_IDENTIFIER.
# ** Error: (vlog-13069) 05module.sv(19): near "endclass": syntax error, unexpected endclass.
# End time: 17:10:27 on Feb 27,2023, Elapsed time: 0:00:00
# Errors: 7, Warnings: 0
# ** Error: C:/questasim64_10.7c/win64/vlog failed.
# Error in macro ./05module.do line 2
# C:/questasim64_10.7c/win64/vlog failed.
#     while executing
# "vlog 05module.sv"
do 05module.do
# ** Warning: (vlib-34) Library already exists at "work".
# QuestaSim-64 vlog 10.7c Compiler 2018.08 Aug 18 2018
# Start time: 17:10:56 on Feb 27,2023
# vlog -reportprogress 300 05module.sv 
# -- Compiling package _05module_sv_unit
# -- Compiling module nitin
# 
# Top level modules:
# 	nitin
# End time: 17:10:56 on Feb 27,2023, Elapsed time: 0:00:00
# Errors: 0, Warnings: 0
# End time: 17:10:57 on Feb 27,2023, Elapsed time: 0:04:09
# Errors: 14, Warnings: 0
# vsim work.nitin -l run.log 
# Start time: 17:10:57 on Feb 27,2023
# ** Note: (vsim-8009) Loading existing optimized design _opt
# Loading sv_std.std
# Loading work._05module_sv_unit(fast)
# Loading work.nitin(fast)
# values of array1 are = [4 3 5 7 6]
# values of array1 are = [6 7 5 3 4]
do 05module.do
# ** Warning: (vlib-34) Library already exists at "work".
# QuestaSim-64 vlog 10.7c Compiler 2018.08 Aug 18 2018
# Start time: 17:36:36 on Feb 27,2023
# vlog -reportprogress 300 05module.sv 
# -- Compiling package _05module_sv_unit
# -- Compiling module nitin
# 
# Top level modules:
# 	nitin
# End time: 17:36:36 on Feb 27,2023, Elapsed time: 0:00:00
# Errors: 0, Warnings: 0
# End time: 17:36:37 on Feb 27,2023, Elapsed time: 0:25:40
# Errors: 0, Warnings: 0
# vsim work.nitin -l run.log 
# Start time: 17:36:37 on Feb 27,2023
# ** Note: (vsim-3813) Design is being optimized due to module recompilation...
# Loading sv_std.std
# Loading work._05module_sv_unit(fast)
# Loading work.nitin(fast)
# values of array1 are = [4 3 5 7 6]
# values of array1 are = [6 7 5 3 4]
# values of array1 are = [3 4 5 6 7]
# values of array1 are = [7 6 5 4 3]
# values of array1 are = [7 4 3 5 6]
do 05module.do
# ** Warning: (vlib-34) Library already exists at "work".
# QuestaSim-64 vlog 10.7c Compiler 2018.08 Aug 18 2018
# Start time: 17:38:25 on Feb 27,2023
# vlog -reportprogress 300 05module.sv 
# -- Compiling package _05module_sv_unit
# -- Compiling module nitin
# ** Error: 05module.sv(15): (vlog-13266) No actual value has been specified for a formal argument 'ss' that does not have a default value.
# ** Error: 05module.sv(15): Number of actuals and formals does not match in task call.
# ** Error: 05module.sv(17): (vlog-13266) No actual value has been specified for a formal argument 'ss' that does not have a default value.
# ** Error: 05module.sv(17): Number of actuals and formals does not match in task call.
# ** Error: 05module.sv(19): (vlog-13266) No actual value has been specified for a formal argument 'ss' that does not have a default value.
# ** Error: 05module.sv(19): Number of actuals and formals does not match in task call.
# ** Error: 05module.sv(21): (vlog-13266) No actual value has been specified for a formal argument 'ss' that does not have a default value.
# ** Error: 05module.sv(21): Number of actuals and formals does not match in task call.
# ** Error: 05module.sv(23): (vlog-13266) No actual value has been specified for a formal argument 'ss' that does not have a default value.
# ** Error: 05module.sv(23): Number of actuals and formals does not match in task call.
# End time: 17:38:25 on Feb 27,2023, Elapsed time: 0:00:00
# Errors: 10, Warnings: 0
# ** Error: C:/questasim64_10.7c/win64/vlog failed.
# Error in macro ./05module.do line 2
# C:/questasim64_10.7c/win64/vlog failed.
#     while executing
# "vlog 05module.sv"
do 05module.do
# ** Warning: (vlib-34) Library already exists at "work".
# QuestaSim-64 vlog 10.7c Compiler 2018.08 Aug 18 2018
# Start time: 17:42:57 on Feb 27,2023
# vlog -reportprogress 300 05module.sv 
# -- Compiling package _05module_sv_unit
# -- Compiling module nitin
# ** Error: 05module.sv(15): (vlog-13266) No actual value has been specified for a formal argument 'ss' that does not have a default value.
# ** Error: 05module.sv(15): Number of actuals and formals does not match in task call.
# ** Error: 05module.sv(17): (vlog-13266) No actual value has been specified for a formal argument 'ss' that does not have a default value.
# ** Error: 05module.sv(17): Number of actuals and formals does not match in task call.
# ** Error: 05module.sv(19): (vlog-13266) No actual value has been specified for a formal argument 'ss' that does not have a default value.
# ** Error: 05module.sv(19): Number of actuals and formals does not match in task call.
# ** Error: 05module.sv(21): (vlog-13266) No actual value has been specified for a formal argument 'ss' that does not have a default value.
# ** Error: 05module.sv(21): Number of actuals and formals does not match in task call.
# ** Error: 05module.sv(23): (vlog-13266) No actual value has been specified for a formal argument 'ss' that does not have a default value.
# ** Error: 05module.sv(23): Number of actuals and formals does not match in task call.
# End time: 17:42:57 on Feb 27,2023, Elapsed time: 0:00:00
# Errors: 10, Warnings: 0
# ** Error: C:/questasim64_10.7c/win64/vlog failed.
# Error in macro ./05module.do line 2
# C:/questasim64_10.7c/win64/vlog failed.
#     while executing
# "vlog 05module.sv"
do 05module.do
# ** Warning: (vlib-34) Library already exists at "work".
# QuestaSim-64 vlog 10.7c Compiler 2018.08 Aug 18 2018
# Start time: 17:44:17 on Feb 27,2023
# vlog -reportprogress 300 05module.sv 
# -- Compiling package _05module_sv_unit
# -- Compiling module nitin
# ** Error: 05module.sv(15): (vlog-13266) No actual value has been specified for a formal argument 'ss' that does not have a default value.
# ** Error: 05module.sv(15): Number of actuals and formals does not match in task call.
# End time: 17:44:17 on Feb 27,2023, Elapsed time: 0:00:00
# Errors: 2, Warnings: 0
# ** Error: C:/questasim64_10.7c/win64/vlog failed.
# Error in macro ./05module.do line 2
# C:/questasim64_10.7c/win64/vlog failed.
#     while executing
# "vlog 05module.sv"
do 05module.do
# ** Warning: (vlib-34) Library already exists at "work".
# QuestaSim-64 vlog 10.7c Compiler 2018.08 Aug 18 2018
# Start time: 17:44:35 on Feb 27,2023
# vlog -reportprogress 300 05module.sv 
# -- Compiling package _05module_sv_unit
# -- Compiling module nitin
# 
# Top level modules:
# 	nitin
# End time: 17:44:35 on Feb 27,2023, Elapsed time: 0:00:00
# Errors: 0, Warnings: 0
# End time: 17:44:36 on Feb 27,2023, Elapsed time: 0:07:59
# Errors: 31, Warnings: 0
# vsim work.nitin -l run.log 
# Start time: 17:44:36 on Feb 27,2023
# ** Note: (vsim-3813) Design is being optimized due to module recompilation...
# Loading sv_std.std
# Loading work._05module_sv_unit(fast)
# Loading work.nitin(fast)
# values of array1 are = normal array: [4 3 5 7 6] 
# values of array1 are = reverse: [6 7 5 3 4] 
# values of array1 are = sort: [3 4 5 6 7] 
# values of array1 are = reverse_sort: [7 6 5 4 3] 
# values of array1 are = shuffle: [7 4 3 5 6] 
do 05module.do
# ** Warning: (vlib-34) Library already exists at "work".
# QuestaSim-64 vlog 10.7c Compiler 2018.08 Aug 18 2018
# Start time: 17:52:41 on Feb 27,2023
# vlog -reportprogress 300 05module.sv 
# ** Error: 05module.sv(32): (vlog-2730) Undefined variable: 'z'.
# ** Error: (vlog-13069) 05module.sv(33): near "arraymanipulation": syntax error, unexpected IDENTIFIER, expecting ';'.
# ** Error: (vlog-13069) 05module.sv(35): near "arraymanipulation": syntax error, unexpected IDENTIFIER, expecting ';'.
# ** Error: (vlog-13069) 05module.sv(37): near "arraymanipulation": syntax error, unexpected IDENTIFIER, expecting ';'.
# ** Error: (vlog-13069) 05module.sv(39): near "arraymanipulation": syntax error, unexpected IDENTIFIER, expecting ';'.
# ** Error: (vlog-13069) 05module.sv(41): near "arraymanipulation": syntax error, unexpected IDENTIFIER, expecting ';'.
# End time: 17:52:41 on Feb 27,2023, Elapsed time: 0:00:00
# Errors: 6, Warnings: 0
# ** Error: C:/questasim64_10.7c/win64/vlog failed.
# Error in macro ./05module.do line 2
# C:/questasim64_10.7c/win64/vlog failed.
#     while executing
# "vlog 05module.sv"
do 05module.do
# ** Warning: (vlib-34) Library already exists at "work".
# QuestaSim-64 vlog 10.7c Compiler 2018.08 Aug 18 2018
# Start time: 17:53:55 on Feb 27,2023
# vlog -reportprogress 300 05module.sv 
# ** Error: (vlog-13069) 05module.sv(34): near "arraymanipulation": syntax error, unexpected IDENTIFIER, expecting ';'.
# ** Error: (vlog-13069) 05module.sv(36): near "arraymanipulation": syntax error, unexpected IDENTIFIER, expecting ';'.
# ** Error: (vlog-13069) 05module.sv(38): near "arraymanipulation": syntax error, unexpected IDENTIFIER, expecting ';'.
# ** Error: (vlog-13069) 05module.sv(40): near "arraymanipulation": syntax error, unexpected IDENTIFIER, expecting ';'.
# ** Error: (vlog-13069) 05module.sv(42): near "arraymanipulation": syntax error, unexpected IDENTIFIER, expecting ';'.
# End time: 17:53:55 on Feb 27,2023, Elapsed time: 0:00:00
# Errors: 5, Warnings: 0
# ** Error: C:/questasim64_10.7c/win64/vlog failed.
# Error in macro ./05module.do line 2
# C:/questasim64_10.7c/win64/vlog failed.
#     while executing
# "vlog 05module.sv"
do 05module.do
# ** Warning: (vlib-34) Library already exists at "work".
# QuestaSim-64 vlog 10.7c Compiler 2018.08 Aug 18 2018
# Start time: 17:54:16 on Feb 27,2023
# vlog -reportprogress 300 05module.sv 
# -- Compiling package _05module_sv_unit
# -- Compiling module nitin
# ** Error (suppressible): (vlog-13276) 05module.sv(32): Could not find field/method name (disply_arr2) in 'array2' of 'arraymanipulation.array2.disply_arr2'.
# ** Error (suppressible): (vlog-13276) 05module.sv(32): Could not find field/method name (disply_arr2) in 'array2' of 'arraymanipulation.array2.disply_arr2.$0'.
# ** Error (suppressible): (vlog-13276) 05module.sv(34): Could not find field/method name (z) in 'array2' of 'arraymanipulation.array2.z'.
# End time: 17:54:16 on Feb 27,2023, Elapsed time: 0:00:00
# Errors: 3, Warnings: 0
# ** Error: C:/questasim64_10.7c/win64/vlog failed.
# Error in macro ./05module.do line 2
# C:/questasim64_10.7c/win64/vlog failed.
#     while executing
# "vlog 05module.sv"
do 05module.do
# ** Warning: (vlib-34) Library already exists at "work".
# QuestaSim-64 vlog 10.7c Compiler 2018.08 Aug 18 2018
# Start time: 17:55:05 on Feb 27,2023
# vlog -reportprogress 300 05module.sv 
# -- Compiling package _05module_sv_unit
# -- Compiling module nitin
# ** Error (suppressible): (vlog-13276) 05module.sv(34): Could not find field/method name (z) in 'array2' of 'arraymanipulation.array2.z'.
# End time: 17:55:05 on Feb 27,2023, Elapsed time: 0:00:00
# Errors: 1, Warnings: 0
# ** Error: C:/questasim64_10.7c/win64/vlog failed.
# Error in macro ./05module.do line 2
# C:/questasim64_10.7c/win64/vlog failed.
#     while executing
# "vlog 05module.sv"
do 05module.do
# ** Warning: (vlib-34) Library already exists at "work".
# QuestaSim-64 vlog 10.7c Compiler 2018.08 Aug 18 2018
# Start time: 17:55:11 on Feb 27,2023
# vlog -reportprogress 300 05module.sv 
# -- Compiling package _05module_sv_unit
# -- Compiling module nitin
# ** Error (suppressible): (vlog-13276) 05module.sv(34): Could not find field/method name (z) in 'array2' of 'arraymanipulation.array2.z'.
# End time: 17:55:11 on Feb 27,2023, Elapsed time: 0:00:00
# Errors: 1, Warnings: 0
# ** Error: C:/questasim64_10.7c/win64/vlog failed.
# Error in macro ./05module.do line 2
# C:/questasim64_10.7c/win64/vlog failed.
#     while executing
# "vlog 05module.sv"
do 05module.do
# ** Warning: (vlib-34) Library already exists at "work".
# QuestaSim-64 vlog 10.7c Compiler 2018.08 Aug 18 2018
# Start time: 17:55:30 on Feb 27,2023
# vlog -reportprogress 300 05module.sv 
# -- Compiling package _05module_sv_unit
# -- Compiling module nitin
# ** Error (suppressible): (vlog-13276) 05module.sv(36): Could not find field/method name (z) in 'array2' of 'arraymanipulation.array2.z'.
# End time: 17:55:30 on Feb 27,2023, Elapsed time: 0:00:00
# Errors: 1, Warnings: 0
# ** Error: C:/questasim64_10.7c/win64/vlog failed.
# Error in macro ./05module.do line 2
# C:/questasim64_10.7c/win64/vlog failed.
#     while executing
# "vlog 05module.sv"
do 05module.do
# ** Warning: (vlib-34) Library already exists at "work".
# QuestaSim-64 vlog 10.7c Compiler 2018.08 Aug 18 2018
# Start time: 17:55:52 on Feb 27,2023
# vlog -reportprogress 300 05module.sv 
# -- Compiling package _05module_sv_unit
# -- Compiling module nitin
# ** Error (suppressible): (vlog-13276) 05module.sv(34): Could not find field/method name (z) in 'array2' of 'arraymanipulation.array2.z'.
# End time: 17:55:52 on Feb 27,2023, Elapsed time: 0:00:00
# Errors: 1, Warnings: 0
# ** Error: C:/questasim64_10.7c/win64/vlog failed.
# Error in macro ./05module.do line 2
# C:/questasim64_10.7c/win64/vlog failed.
#     while executing
# "vlog 05module.sv"
do 05module.do
# ** Warning: (vlib-34) Library already exists at "work".
# QuestaSim-64 vlog 10.7c Compiler 2018.08 Aug 18 2018
# Start time: 17:57:12 on Feb 27,2023
# vlog -reportprogress 300 05module.sv 
# -- Compiling package _05module_sv_unit
# -- Compiling module nitin
# ** Error (suppressible): (vlog-13276) 05module.sv(34): Could not find field/method name (z) in 'array2' of 'arraymanipulation.array2.z'.
# End time: 17:57:12 on Feb 27,2023, Elapsed time: 0:00:00
# Errors: 1, Warnings: 0
# ** Error: C:/questasim64_10.7c/win64/vlog failed.
# Error in macro ./05module.do line 2
# C:/questasim64_10.7c/win64/vlog failed.
#     while executing
# "vlog 05module.sv"
do 05module.do
# ** Warning: (vlib-34) Library already exists at "work".
# QuestaSim-64 vlog 10.7c Compiler 2018.08 Aug 18 2018
# Start time: 17:58:47 on Feb 27,2023
# vlog -reportprogress 300 05module.sv 
# -- Compiling package _05module_sv_unit
# -- Compiling module nitin
# 
# Top level modules:
# 	nitin
# End time: 17:58:47 on Feb 27,2023, Elapsed time: 0:00:00
# Errors: 0, Warnings: 0
# End time: 17:58:48 on Feb 27,2023, Elapsed time: 0:14:12
# Errors: 35, Warnings: 0
# vsim work.nitin -l run.log 
# Start time: 17:58:48 on Feb 27,2023
# ** Note: (vsim-3813) Design is being optimized due to module recompilation...
# Loading sv_std.std
# Loading work._05module_sv_unit(fast)
# Loading work.nitin(fast)
# values of array1 are = normal array: [4 3 5 7 6] 
# values of array1 are = reverse: [6 7 5 3 4] 
# values of array1 are = sort: [3 4 5 6 7] 
# values of array1 are = reverse_sort: [7 6 5 4 3] 
# values of array1 are = shuffle: [7 4 3 5 6] 
#          10
do 05module.do
# ** Warning: (vlib-34) Library already exists at "work".
# QuestaSim-64 vlog 10.7c Compiler 2018.08 Aug 18 2018
# Start time: 18:01:21 on Feb 27,2023
# vlog -reportprogress 300 05module.sv 
# -- Compiling package _05module_sv_unit
# -- Compiling module nitin
# ** Error: 05module.sv(39): (vlog-13266) No actual value has been specified for a formal argument 'z' that does not have a default value.
# ** Error (suppressible): 05module.sv(39): (vlog-7070) Arg. 'ss' of 'disply_arr2':  Assigning a packed type 'int' to a string requires a cast.
# ** Error: 05module.sv(39): Number of actuals and formals does not match in task call.
# End time: 18:01:21 on Feb 27,2023, Elapsed time: 0:00:00
# Errors: 3, Warnings: 0
# ** Error: C:/questasim64_10.7c/win64/vlog failed.
# Error in macro ./05module.do line 2
# C:/questasim64_10.7c/win64/vlog failed.
#     while executing
# "vlog 05module.sv"
do 05module.do
# ** Warning: (vlib-34) Library already exists at "work".
# QuestaSim-64 vlog 10.7c Compiler 2018.08 Aug 18 2018
# Start time: 18:01:36 on Feb 27,2023
# vlog -reportprogress 300 05module.sv 
# -- Compiling package _05module_sv_unit
# -- Compiling module nitin
# 
# Top level modules:
# 	nitin
# End time: 18:01:36 on Feb 27,2023, Elapsed time: 0:00:00
# Errors: 0, Warnings: 0
# End time: 18:01:37 on Feb 27,2023, Elapsed time: 0:02:49
# Errors: 5, Warnings: 0
# vsim work.nitin -l run.log 
# Start time: 18:01:37 on Feb 27,2023
# ** Note: (vsim-3813) Design is being optimized due to module recompilation...
# Loading sv_std.std
# Loading work._05module_sv_unit(fast)
# Loading work.nitin(fast)
# values of array1 are = normal array: [4 3 5 7 6] 
# values of array1 are = reverse: [6 7 5 3 4] 
# values of array1 are = sort: [3 4 5 6 7] 
# values of array1 are = reverse_sort: [7 6 5 4 3] 
# values of array1 are = shuffle: [7 4 3 5 6] 
# 2 2 2 2 2
# values of array1 are = sum: [10] 
# values of array1 are = product: [32] 
# values of array1 are = or: [2] 
# values of array1 are = and: [2] 
# values of array1 are = xor: [2] 
# End time: 18:04:17 on Feb 27,2023, Elapsed time: 0:02:40
# Errors: 0, Warnings: 0
